2022-11-28 22:56:16 info: =================================
2022-11-28 22:56:16 info: ======= ENV: development =======
2022-11-28 22:56:16 info: 🚀 App listening on the port 5211
2022-11-28 22:56:16 info: =================================
2022-11-28 22:57:41 error: [GET] /api/organizations/getOrganizations >> StatusCode:: 401, Message:: Wrong authentication token
2022-11-28 22:57:41 info: [0mGET /api/organizations/getOrganizations [33m401[0m 7.801 ms - 40[0m
2022-11-28 22:57:41 error: [GET] /api/organizations/getOrganizations >> StatusCode:: 401, Message:: Wrong authentication token
2022-11-28 22:57:41 info: [0mGET /api/organizations/getOrganizations [33m401[0m 2.795 ms - 40[0m
2022-11-28 22:58:37 error: [GET] /api/organizations/getOrganizations >> StatusCode:: 401, Message:: Wrong authentication token
2022-11-28 22:58:37 info: [0mGET /api/organizations/getOrganizations [33m401[0m 2.343 ms - 40[0m
2022-11-28 22:58:38 error: [GET] /api/organizations/getOrganizations >> StatusCode:: 401, Message:: Wrong authentication token
2022-11-28 22:58:38 info: [0mGET /api/organizations/getOrganizations [33m401[0m 2.200 ms - 40[0m
2022-11-28 23:04:18 info: =================================
2022-11-28 23:04:18 info: ======= ENV: development =======
2022-11-28 23:04:18 info: 🚀 App listening on the port 5211
2022-11-28 23:04:18 info: =================================
2022-11-28 23:08:38 error: [GET] /api/organizations/getOrganizations >> StatusCode:: 401, Message:: Wrong authentication token
2022-11-28 23:08:38 info: [0mGET /api/organizations/getOrganizations [33m401[0m 9.870 ms - 40[0m
2022-11-28 23:08:38 error: [GET] /api/organizations/getOrganizations >> StatusCode:: 401, Message:: Wrong authentication token
2022-11-28 23:08:38 info: [0mGET /api/organizations/getOrganizations [33m401[0m 2.542 ms - 40[0m
2022-11-28 23:08:46 error: [GET] /api/users/getAllSystemUser >> StatusCode:: 401, Message:: Wrong authentication token
2022-11-28 23:08:46 info: [0mGET /api/users/getAllSystemUser [33m401[0m 4.429 ms - 40[0m
2022-11-28 23:08:46 error: [GET] /api/users/getAllSystemUser >> StatusCode:: 401, Message:: Wrong authentication token
2022-11-28 23:08:46 info: [0mGET /api/users/getAllSystemUser [33m401[0m 2.427 ms - 40[0m
2022-11-28 23:08:48 error: [GET] /api/users/getUsers >> StatusCode:: 401, Message:: Wrong authentication token
2022-11-28 23:08:48 info: [0mGET /api/users/getUsers [33m401[0m 2.292 ms - 40[0m
2022-11-28 23:08:49 error: [GET] /api/users/getAllSystemUser >> StatusCode:: 401, Message:: Wrong authentication token
2022-11-28 23:08:49 info: [0mGET /api/users/getAllSystemUser [33m401[0m 2.261 ms - 40[0m
2022-11-28 23:13:22 info: [0mPOST /api/login [32m200[0m 125.673 ms - -[0m
2022-11-28 23:13:22 info: [0mGET /api/organizations/getOrganizations [32m200[0m 51.569 ms - 41[0m
2022-11-28 23:13:22 info: [0mGET /api/organizations/getOrganizations [36m304[0m 9.015 ms - -[0m
2022-11-28 23:13:28 info: [0mGET /api/organizations/getOrganizations [36m304[0m 11.197 ms - -[0m
2022-11-28 23:13:28 info: [0mGET /api/organizations/getOrganizations [36m304[0m 9.172 ms - -[0m
2022-11-28 23:13:57 info: [0mPOST /api/organizations/createOrg [32m201[0m 55.942 ms - 338[0m
2022-11-28 23:14:08 info: [0mGET /api/organizations/getOrganizations [32m200[0m 7.127 ms - 350[0m
2022-11-28 23:14:08 info: [0mGET /api/organizations/getOrganizations [36m304[0m 12.635 ms - -[0m
2022-11-28 23:14:21 info: [0mGET /api/users/getAllSystemUser [32m200[0m 41.818 ms - 871[0m
2022-11-28 23:14:21 info: [0mGET /api/users/getAllSystemUser [36m304[0m 15.403 ms - -[0m
2022-11-28 23:14:26 info: [0mGET /api/users/getUsers [32m200[0m 49.103 ms - 31[0m
2022-11-28 23:14:27 info: [0mGET /api/users/getAllSystemUser [36m304[0m 15.739 ms - -[0m
2022-11-28 23:14:31 info: [0mGET /api/organizations/getOrganizations [36m304[0m 10.162 ms - -[0m
2022-11-28 23:14:32 info: [0mGET /api/organizations/getOrganizations [36m304[0m 11.771 ms - -[0m
2022-11-28 23:15:10 info: [0mPOST /api/organizations/createOrg [32m201[0m 35.118 ms - 346[0m
2022-11-28 23:15:17 info: [0mGET /api/organizations/getOrganizations [32m200[0m 15.405 ms - 668[0m
2022-11-28 23:15:17 info: [0mGET /api/organizations/getOrganizations [36m304[0m 11.228 ms - -[0m
2022-11-28 23:15:28 info: [0mGET /api/users/getAllSystemUser [36m304[0m 18.576 ms - -[0m
2022-11-28 23:15:29 info: [0mGET /api/users/getAllSystemUser [36m304[0m 18.881 ms - -[0m
2022-11-28 23:15:33 info: [0mGET /api/organizations/getOrganizations [36m304[0m 9.163 ms - -[0m
2022-11-28 23:15:34 info: [0mGET /api/organizations/getOrganizations [36m304[0m 12.207 ms - -[0m
2022-11-28 23:27:53 info: =================================
2022-11-28 23:27:53 info: ======= ENV: development =======
2022-11-28 23:27:53 info: 🚀 App listening on the port 5211
2022-11-28 23:27:53 info: =================================
2022-11-28 23:28:00 info: [0mGET /api/organizations/getOrganizations [32m200[0m 33.861 ms - 668[0m
2022-11-28 23:28:00 info: [0mGET /api/organizations/getOrganizations [36m304[0m 11.678 ms - -[0m
2022-11-28 23:28:01 info: [0mGET /api/organizations/getOrganizations [36m304[0m 12.283 ms - -[0m
2022-11-28 23:28:01 info: [0mGET /api/organizations/getOrganizations [36m304[0m 11.985 ms - -[0m
2022-11-28 23:28:05 info: [0mPOST /api/roles/getRolesById/organization/ [32m200[0m 56.268 ms - 712[0m
2022-11-28 23:28:05 info: [0mPOST /api/roles/getRolesById/organization/ [32m200[0m 28.898 ms - 712[0m
2022-11-28 23:28:25 error: [POST] /api/users/createUser >> StatusCode:: 500, Message:: E11000 duplicate key error collection: democracia-digital.users index: run_1 dup key: { run: "15.828.475-8" }
2022-11-28 23:28:25 info: [0mPOST /api/users/createUser [31m500[0m 144.577 ms - 125[0m
2022-11-28 23:28:39 info: [0mGET /api/organizations/getOrganizations [36m304[0m 14.777 ms - -[0m
2022-11-28 23:28:39 info: [0mGET /api/organizations/getOrganizations [36m304[0m 17.244 ms - -[0m
2022-11-28 23:28:41 info: [0mPOST /api/roles/getRolesById/organization/ [32m200[0m 17.386 ms - 712[0m
2022-11-28 23:28:41 info: [0mPOST /api/roles/getRolesById/organization/ [32m200[0m 8.006 ms - 712[0m
2022-11-28 23:28:58 info: [0mPOST /api/users/createUser [32m201[0m 92.498 ms - 501[0m
2022-11-28 23:29:00 info: [0mGET /api/organizations/getOrganizations [32m200[0m 10.044 ms - 694[0m
2022-11-28 23:29:06 info: [0mGET /api/users/getAllSystemUser [32m200[0m 24.592 ms - 871[0m
2022-11-28 23:29:06 info: [0mGET /api/users/getAllSystemUser [36m304[0m 13.650 ms - -[0m
2022-11-28 23:29:08 info: [0mGET /api/users/getUsers [32m200[0m 20.800 ms - -[0m
2022-11-28 23:29:12 info: [0mGET /api/users/getAllSystemUser [36m304[0m 14.297 ms - -[0m
2022-11-28 23:29:18 info: [0mPOST /api/users/getUserById [32m200[0m 59.843 ms - 795[0m
2022-11-28 23:29:18 info: [0mPOST /api/users/getUserById [32m200[0m 58.948 ms - 795[0m
2022-11-28 23:29:18 info: [0mGET /api/roles/getRolesAdmin [32m200[0m 51.783 ms - 892[0m
2022-11-28 23:29:19 info: [0mGET /api/roles/getRolesAdmin [36m304[0m 10.707 ms - -[0m
2022-11-28 23:29:26 info: [0mGET /api/users/getUsers [36m304[0m 15.947 ms - -[0m
2022-11-28 23:29:27 info: [0mPOST /api/users/getUserById [32m200[0m 34.230 ms - -[0m
2022-11-28 23:29:27 info: [0mPOST /api/users/getUserById [32m200[0m 32.697 ms - -[0m
2022-11-28 23:29:28 info: [0mPOST /api/roles/getRolesById/organization/ [32m200[0m 15.191 ms - 712[0m
2022-11-28 23:29:28 info: [0mPOST /api/roles/getRolesById/organization/ [32m200[0m 13.534 ms - 712[0m
2022-11-28 23:29:45 info: [0mPOST /api/roles/getRolesById/organization/ [32m200[0m 15.779 ms - 712[0m
2022-11-28 23:29:45 info: [0mPOST /api/roles/getRolesById/organization/ [32m200[0m 13.852 ms - 712[0m
2022-11-28 23:30:24 info: [0mPOST /api/users/createUser [32m201[0m 87.628 ms - 495[0m
2022-11-28 23:30:26 info: [0mGET /api/users/getAllSystemUser [36m304[0m 13.412 ms - -[0m
2022-11-28 23:30:26 info: [0mGET /api/users/getAllSystemUser [36m304[0m 14.957 ms - -[0m
2022-11-28 23:30:27 info: [0mGET /api/organizations/getOrganizations [32m200[0m 11.569 ms - 721[0m
2022-11-28 23:30:33 info: [0mGET /api/users/getAllSystemUser [36m304[0m 13.305 ms - -[0m
2022-11-28 23:30:34 info: [0mGET /api/users/getUsers [32m200[0m 17.331 ms - -[0m
2022-11-28 23:30:45 info: [0mGET /api/users/getAllSystemUser [36m304[0m 15.056 ms - -[0m
2022-11-28 23:36:15 info: =================================
2022-11-28 23:36:15 info: ======= ENV: development =======
2022-11-28 23:36:15 info: 🚀 App listening on the port 5211
2022-11-28 23:36:15 info: =================================
2022-11-28 23:41:49 info: =================================
2022-11-28 23:41:49 info: ======= ENV: development =======
2022-11-28 23:41:49 info: 🚀 App listening on the port 5211
2022-11-28 23:41:49 info: =================================
2022-11-28 23:44:10 info: =================================
2022-11-28 23:44:10 info: ======= ENV: development =======
2022-11-28 23:44:10 info: 🚀 App listening on the port 5211
2022-11-28 23:44:10 info: =================================
2022-11-28 23:45:15 info: =================================
2022-11-28 23:45:15 info: ======= ENV: development =======
2022-11-28 23:45:15 info: 🚀 App listening on the port 5211
2022-11-28 23:45:15 info: =================================
