2022-12-05 11:57:35 info: =================================
2022-12-05 11:57:35 info: ======= ENV: development =======
2022-12-05 11:57:35 info: 🚀 App listening on the port 5211
2022-12-05 11:57:35 info: =================================
2022-12-05 12:03:21 error: Se requieren credenciales SMTP
2022-12-05 12:03:21 info: [0mPOST /api/forgot-password [32m200[0m 113.501 ms - 501[0m
2022-12-05 12:37:24 info: =================================
2022-12-05 12:37:24 info: ======= ENV: development =======
2022-12-05 12:37:24 info: 🚀 App listening on the port 5211
2022-12-05 12:37:24 info: =================================
2022-12-05 12:40:29 info: =================================
2022-12-05 12:40:29 info: ======= ENV: development =======
2022-12-05 12:40:29 info: 🚀 App listening on the port 5211
2022-12-05 12:40:29 info: =================================
2022-12-05 12:40:41 error: ENOENT: no such file or directory, open 'C:\Users\gorel\Documents\Tesso\DemocraciaDigital\DemocraciaDigital\client\public\images\logo.png'
2022-12-05 12:40:41 info: [0mPOST /api/forgot-password [32m200[0m 383.402 ms - 501[0m
2022-12-05 12:40:45 info: =================================
2022-12-05 12:40:45 info: ======= ENV: development =======
2022-12-05 12:40:45 info: 🚀 App listening on the port 5211
2022-12-05 12:40:45 info: =================================
2022-12-05 12:40:49 error: ENOENT: no such file or directory, open 'C:\Users\gorel\Documents\Tesso\DemocraciaDigital\DemocraciaDigital\client\public\images\logo.png'
2022-12-05 12:40:49 info: [0mPOST /api/forgot-password [32m200[0m 257.526 ms - 501[0m
2022-12-05 12:43:53 info: =================================
2022-12-05 12:43:53 info: ======= ENV: development =======
2022-12-05 12:43:53 info: 🚀 App listening on the port 5211
2022-12-05 12:43:53 info: =================================
2022-12-05 12:44:01 error: ENOENT: no such file or directory, open 'C:\Users\gorel\Documents\Tesso\DemocraciaDigital\DemocraciaDigital\client\public\assets\images\logo.png'
2022-12-05 12:44:01 info: [0mPOST /api/forgot-password [32m200[0m 314.823 ms - 501[0m
2022-12-05 12:44:06 info: =================================
2022-12-05 12:44:06 info: ======= ENV: development =======
2022-12-05 12:44:06 info: 🚀 App listening on the port 5211
2022-12-05 12:44:06 info: =================================
2022-12-05 12:44:09 error: ENOENT: no such file or directory, open 'C:\Users\gorel\Documents\Tesso\DemocraciaDigital\DemocraciaDigital\client\public\assets\images\logo.png'
2022-12-05 12:44:09 info: [0mPOST /api/forgot-password [32m200[0m 251.321 ms - 501[0m
2022-12-05 12:45:45 info: =================================
2022-12-05 12:45:45 info: ======= ENV: development =======
2022-12-05 12:45:45 info: 🚀 App listening on the port 5211
2022-12-05 12:45:45 info: =================================
2022-12-05 12:45:48 error: ENOENT: no such file or directory, open 'C:\Users\gorel\Documents\Tesso\DemocraciaDigital\DemocraciaDigital\client\public\assets\images\logo\logo.webp'
2022-12-05 12:45:48 info: [0mPOST /api/forgot-password [32m200[0m 385.670 ms - 501[0m
2022-12-05 12:45:52 info: =================================
2022-12-05 12:45:52 info: ======= ENV: development =======
2022-12-05 12:45:52 info: 🚀 App listening on the port 5211
2022-12-05 12:45:52 info: =================================
2022-12-05 12:46:00 error: ENOENT: no such file or directory, open 'C:\Users\gorel\Documents\Tesso\DemocraciaDigital\DemocraciaDigital\client\public\assets\images\logo\logo.webp'
2022-12-05 12:46:00 info: [0mPOST /api/forgot-password [32m200[0m 256.907 ms - 501[0m
2022-12-05 12:46:37 info: =================================
2022-12-05 12:46:37 info: ======= ENV: development =======
2022-12-05 12:46:37 info: 🚀 App listening on the port 5211
2022-12-05 12:46:37 info: =================================
2022-12-05 12:46:49 info: [0mPOST /api/forgot-password [32m200[0m 6338.409 ms - 501[0m
2022-12-05 12:47:33 info: [0mGET /reset-password?token=eyJhbGciOiJIUzI1NiIsInR5cCI6IkpXVCJ9.eyJfaWQiOiI2Mzg5NjkyNGVlM2YzMjkxYjgxNWZkMTYiLCJpYXQiOjE2NzAyNTUyMDMsImV4cCI6MTY3MDI1ODgwM30.YbSh7R5aNTMnmg7dk4ydYIvCF5tmAfuRmUFjjvHB0tM [32m200[0m 14.602 ms - 879[0m
2022-12-05 12:47:33 info: [0mGET /static/css/main.fef67692.css [32m200[0m 10.976 ms - -[0m
2022-12-05 12:47:33 info: [0mGET /static/js/main.dde0b072.js [32m200[0m 15.100 ms - -[0m
2022-12-05 12:47:34 info: [0mGET /static/js/22.c8aa3080.chunk.js [32m200[0m 3.054 ms - 856[0m
2022-12-05 12:47:34 info: [0mGET /manifest.json [32m200[0m 5.459 ms - 459[0m
2022-12-05 12:47:34 info: [0mGET /assets/logo/logoK.png [32m200[0m 7.843 ms - 441[0m
2022-12-05 12:47:34 info: [0mGET /static/media/Epilogue-Regular.666614487352ae23e96b.ttf [32m200[0m 2.461 ms - -[0m
2022-12-05 12:47:34 info: [0mGET /static/js/272.d549375b.chunk.js [32m200[0m 1.442 ms - -[0m
2022-12-05 12:57:45 info: [0mPOST /api/forgot-password [32m200[0m 4943.500 ms - 502[0m
2022-12-05 15:49:48 info: [0mGET /reset-password?token=eyJhbGciOiJIUzI1NiIsInR5cCI6IkpXVCJ9.eyJfaWQiOiI2Mzg1NmU2YTFjYTdhYzA0ZTA5ZDQ3OTAiLCJpYXQiOjE2NzAyNTU4NjAsImV4cCI6MTY3MDI1OTQ2MH0.Zkd2AjNxuROPOCXoIaDGT8RcnAEOkvZM2WGaf7ag2sY [32m200[0m 3.665 ms - 879[0m
2022-12-05 15:49:48 info: [0mGET /static/js/main.dde0b072.js [36m304[0m 2.266 ms - -[0m
2022-12-05 15:49:48 info: [0mGET /static/css/main.fef67692.css [36m304[0m 2.052 ms - -[0m
2022-12-05 15:49:48 info: [0mGET /static/js/22.c8aa3080.chunk.js [36m304[0m 0.915 ms - -[0m
2022-12-05 15:49:48 info: [0mGET /static/media/Epilogue-Regular.666614487352ae23e96b.ttf [36m304[0m 1.206 ms - -[0m
2022-12-05 15:49:48 info: [0mGET /manifest.json [36m304[0m 1.668 ms - -[0m
2022-12-05 15:49:49 info: [0mGET /static/js/272.d549375b.chunk.js [36m304[0m 0.904 ms - -[0m
2022-12-05 16:21:17 info: =================================
2022-12-05 16:21:17 info: ======= ENV: development =======
2022-12-05 16:21:17 info: 🚀 App listening on the port 5211
2022-12-05 16:21:17 info: =================================
2022-12-05 16:23:14 info: =================================
2022-12-05 16:23:14 info: ======= ENV: development =======
2022-12-05 16:23:14 info: 🚀 App listening on the port 5211
2022-12-05 16:23:14 info: =================================
2022-12-05 16:23:32 info: [0mPOST /api/forgot-password [32m200[0m 5595.486 ms - 502[0m
2022-12-05 16:24:39 info: =================================
2022-12-05 16:24:39 info: ======= ENV: development =======
2022-12-05 16:24:39 info: 🚀 App listening on the port 5211
2022-12-05 16:24:39 info: =================================
2022-12-05 16:25:00 info: [0mPOST /api/forgot-password [32m200[0m 5047.337 ms - 502[0m
2022-12-05 17:09:51 info: =================================
2022-12-05 17:09:51 info: ======= ENV: development =======
2022-12-05 17:09:51 info: 🚀 App listening on the port 5211
2022-12-05 17:09:51 info: =================================
2022-12-05 17:10:45 info: =================================
2022-12-05 17:10:45 info: ======= ENV: development =======
2022-12-05 17:10:45 info: 🚀 App listening on the port 5211
2022-12-05 17:10:45 info: =================================
2022-12-05 17:11:09 info: [0mPOST /api/forgot-password [32m200[0m 6603.717 ms - 502[0m
2022-12-05 17:11:30 error: [POST] /api/reset-password >> StatusCode:: 500, Message:: invalid token
2022-12-05 17:11:30 info: [0mPOST /api/reset-password [31m500[0m 4.926 ms - 27[0m
2022-12-05 17:17:12 info: [0mPOST /api/login [32m200[0m 109.412 ms - -[0m
