2022-12-10 16:32:37 info: =================================
2022-12-10 16:32:37 info: ======= ENV: development =======
2022-12-10 16:32:37 info: 🚀 App listening on the port 5211
2022-12-10 16:32:37 info: =================================
2022-12-10 16:33:12 info: [0mPOST /api/login [32m200[0m 134.165 ms - -[0m
2022-12-10 16:33:18 info: [0mGET /api/survey/getSurveys [36m304[0m 166.657 ms - -[0m
2022-12-10 16:33:19 info: [0mGET /api/survey/getSurveys [36m304[0m 40.162 ms - -[0m
2022-12-10 16:33:24 info: [0mGET /api/users/getAllSystemUser [32m200[0m 25.022 ms - 871[0m
2022-12-10 16:33:25 info: [0mGET /api/users/getAllSystemUser [36m304[0m 9.298 ms - -[0m
2022-12-10 16:33:40 info: [0mGET /favicon.ico [32m200[0m 7.671 ms - 879[0m
2022-12-10 16:33:56 error: [POST] /api/login >> StatusCode:: 409, Message:: Contraseña incorrecta
2022-12-10 16:33:56 info: [0mPOST /api/login [33m409[0m 71.681 ms - 36[0m
2022-12-10 16:34:03 info: [0mPOST /api/login [32m200[0m 64.400 ms - -[0m
2022-12-10 16:34:06 info: [0mPOST /api/users/getUsersByOrg [32m200[0m 26.924 ms - -[0m
2022-12-10 16:34:06 info: [0mPOST /api/users/getUsersByOrg [32m200[0m 27.340 ms - -[0m
2022-12-10 16:34:31 info: [0mGET /api/organizations/getOrganizations [32m200[0m 5.379 ms - 775[0m
2022-12-10 16:34:32 info: [0mGET /api/organizations/getOrganizations [36m304[0m 3.959 ms - -[0m
2022-12-10 16:34:56 info: [0mPOST /api/roles/getRolesById/organization/ [32m200[0m 13.745 ms - 712[0m
2022-12-10 16:34:56 info: [0mPOST /api/roles/getRolesById/organization/ [32m200[0m 10.856 ms - 712[0m
2022-12-10 16:36:20 info: [0mPOST /api/users/createUser [32m201[0m 138.367 ms - 523[0m
2022-12-10 16:36:22 info: [0mGET /api/organizations/getOrganizations [32m200[0m 4.344 ms - 801[0m
2022-12-10 16:36:26 info: [0mGET /api/survey/getSurveys [32m200[0m 20.822 ms - -[0m
2022-12-10 16:36:27 info: [0mGET /api/survey/getSurveys [36m304[0m 22.760 ms - -[0m
2022-12-10 16:36:27 info: [0mGET /api/users/getAllSystemUser [36m304[0m 14.062 ms - -[0m
2022-12-10 16:36:28 info: [0mGET /api/users/getAllSystemUser [36m304[0m 9.498 ms - -[0m
2022-12-10 16:36:29 info: [0mGET /api/users/getUsers [32m200[0m 32.697 ms - -[0m
2022-12-10 16:36:35 info: [0mGET /api/survey/getSurveys [32m200[0m 23.705 ms - -[0m
2022-12-10 16:36:35 info: [0mGET /api/survey/getSurveys [36m304[0m 16.778 ms - -[0m
2022-12-10 16:36:36 info: [0mPOST /api/users/getUsersByOrg [32m200[0m 12.530 ms - -[0m
2022-12-10 16:36:36 info: [0mPOST /api/users/getUsersByOrg [32m200[0m 11.305 ms - -[0m
2022-12-10 16:36:41 info: [0mPOST /api/users/getUsersByOrg [32m200[0m 24.109 ms - -[0m
2022-12-10 16:36:41 info: [0mPOST /api/users/getUsersByOrg [32m200[0m 26.128 ms - -[0m
2022-12-10 16:36:51 info: [0mGET /api/survey/getSurveys [36m304[0m 15.475 ms - -[0m
2022-12-10 16:36:52 info: [0mGET /api/survey/getSurveys [36m304[0m 15.104 ms - -[0m
2022-12-10 16:48:12 info: [0mGET /api/organizations/getOrganizations [36m304[0m 3.573 ms - -[0m
2022-12-10 16:48:12 info: [0mGET /api/organizations/getOrganizations [36m304[0m 3.446 ms - -[0m
2022-12-10 16:48:16 info: [0mGET /api/users/getAllSystemUser [36m304[0m 8.274 ms - -[0m
2022-12-10 16:48:16 info: [0mGET /api/users/getAllSystemUser [36m304[0m 10.741 ms - -[0m
2022-12-10 16:48:30 info: [0mPOST /api/survey/getSurveyByOrganizationId [32m200[0m 14.144 ms - -[0m
2022-12-10 16:48:30 info: [0mPOST /api/survey/getSurveyByOrganizationId [32m200[0m 14.099 ms - -[0m
2022-12-10 16:48:31 info: [0mPOST /api/survey-response/getSurveyResponseBySurveyId [32m201[0m 25.301 ms - 45[0m
2022-12-10 16:48:32 info: [0mPOST /api/survey-response/getSurveyResponseBySurveyId [32m201[0m 6.408 ms - 45[0m
2022-12-10 16:48:32 info: [0mPOST /api/survey-response/getSurveyResponseBySurveyId [32m201[0m 5.306 ms - 45[0m
2022-12-10 16:48:32 info: [0mPOST /api/survey-response/getSurveyResponseBySurveyId [32m201[0m 7.217 ms - 45[0m
2022-12-10 16:49:46 info: [0mPOST /api/survey/getSurveyById [32m200[0m 25.655 ms - -[0m
2022-12-10 16:49:46 info: [0mPOST /api/survey/getSurveyById [32m200[0m 15.929 ms - -[0m
2022-12-10 16:50:12 info: [0mPOST /api/survey-response/saveSurveyResponse [32m201[0m 28.651 ms - 362[0m
2022-12-10 17:09:51 info: =================================
2022-12-10 17:09:51 info: ======= ENV: development =======
2022-12-10 17:09:51 info: 🚀 App listening on the port 5211
2022-12-10 17:09:51 info: =================================
2022-12-10 17:39:20 info: [0mGET /api/survey/getSurveys [36m304[0m 99.776 ms - -[0m
2022-12-10 17:39:20 info: [0mGET /api/survey/getSurveys [36m304[0m 19.197 ms - -[0m
2022-12-10 17:46:17 info: [0mGET /api/organizations/getOrganizations [32m200[0m 10.525 ms - 801[0m
2022-12-10 17:46:17 info: [0mGET /api/organizations/getOrganizations [36m304[0m 4.713 ms - -[0m
2022-12-10 17:46:51 info: [0mGET /api/organizations/getOrganizations [36m304[0m 8.650 ms - -[0m
2022-12-10 17:47:36 info: [0mGET /api/organizations/getOrganizations [36m304[0m 3.713 ms - -[0m
2022-12-10 18:04:20 info: [0mGET /api/organizations/getOrganizations [36m304[0m 3.879 ms - -[0m
2022-12-10 18:04:21 info: [0mGET /api/organizations/getOrganizations [36m304[0m 41.839 ms - -[0m
2022-12-10 18:04:21 info: [0mPOST /api/survey/getSurveyById [32m200[0m 64.908 ms - -[0m
2022-12-10 18:04:21 info: [0mPOST /api/survey/getSurveyById [32m200[0m 14.639 ms - -[0m
2022-12-10 18:04:29 info: [0mGET /api/organizations/getOrganizations [36m304[0m 3.552 ms - -[0m
2022-12-10 18:04:30 info: [0mGET /api/organizations/getOrganizations [36m304[0m 3.425 ms - -[0m
2022-12-10 18:04:50 info: [0mGET /api/organizations/getOrganizations [36m304[0m 8.329 ms - -[0m
2022-12-10 18:04:51 info: [0mGET /api/organizations/getOrganizations [36m304[0m 11.478 ms - -[0m
2022-12-10 18:04:51 info: [0mPOST /api/survey/getSurveyById [32m200[0m 23.182 ms - -[0m
2022-12-10 18:04:51 info: [0mPOST /api/survey/getSurveyById [32m200[0m 14.044 ms - -[0m
2022-12-10 18:04:54 info: [0mGET /api/organizations/getOrganizations [36m304[0m 5.500 ms - -[0m
2022-12-10 18:04:55 info: [0mGET /api/organizations/getOrganizations [36m304[0m 5.160 ms - -[0m
2022-12-10 18:04:55 info: [0mPOST /api/survey/getSurveyById [32m200[0m 15.938 ms - -[0m
2022-12-10 18:04:55 info: [0mPOST /api/survey/getSurveyById [32m200[0m 12.450 ms - -[0m
2022-12-10 18:05:27 info: [0mGET /api/organizations/getOrganizations [36m304[0m 3.906 ms - -[0m
2022-12-10 18:05:27 info: [0mPOST /api/survey/getSurveyById [32m200[0m 16.992 ms - -[0m
2022-12-10 18:05:35 info: [0mGET /api/organizations/getOrganizations [36m304[0m 3.733 ms - -[0m
2022-12-10 18:05:36 info: [0mGET /api/organizations/getOrganizations [36m304[0m 4.931 ms - -[0m
2022-12-10 18:05:36 info: [0mPOST /api/survey/getSurveyById [32m200[0m 14.555 ms - -[0m
2022-12-10 18:05:36 info: [0mPOST /api/survey/getSurveyById [32m200[0m 13.828 ms - -[0m
2022-12-10 18:06:22 info: [0mGET /api/organizations/getOrganizations [36m304[0m 5.101 ms - -[0m
2022-12-10 18:06:23 info: [0mPOST /api/survey/getSurveyById [32m200[0m 15.132 ms - -[0m
2022-12-10 18:27:28 info: [0mGET /api/organizations/getOrganizations [36m304[0m 8.964 ms - -[0m
2022-12-10 18:27:28 info: [0mPOST /api/survey/getSurveyById [32m200[0m 18.328 ms - -[0m
2022-12-10 18:27:36 info: [0mGET /api/organizations/getOrganizations [36m304[0m 6.683 ms - -[0m
2022-12-10 18:27:37 info: [0mPOST /api/survey/getSurveyById [32m200[0m 12.437 ms - -[0m
2022-12-10 18:28:19 info: [0mGET /api/organizations/getOrganizations [36m304[0m 4.333 ms - -[0m
2022-12-10 18:28:20 info: [0mPOST /api/survey/getSurveyById [32m200[0m 12.978 ms - -[0m
2022-12-10 18:28:27 info: [0mGET /api/organizations/getOrganizations [36m304[0m 4.492 ms - -[0m
2022-12-10 18:28:27 info: [0mPOST /api/survey/getSurveyById [32m200[0m 11.781 ms - -[0m
2022-12-10 18:28:30 info: [0mGET /api/organizations/getOrganizations [36m304[0m 5.864 ms - -[0m
2022-12-10 18:28:31 info: [0mGET /api/organizations/getOrganizations [36m304[0m 5.319 ms - -[0m
2022-12-10 18:28:31 info: [0mPOST /api/survey/getSurveyById [32m200[0m 16.569 ms - -[0m
2022-12-10 18:28:31 info: [0mPOST /api/survey/getSurveyById [32m200[0m 12.728 ms - -[0m
2022-12-10 18:28:47 info: [0mGET /api/organizations/getOrganizations [36m304[0m 3.303 ms - -[0m
2022-12-10 18:28:47 info: [0mGET /api/organizations/getOrganizations [36m304[0m 3.445 ms - -[0m
2022-12-10 18:28:47 info: [0mPOST /api/survey/getSurveyById [32m200[0m 16.142 ms - -[0m
2022-12-10 18:28:48 info: [0mPOST /api/survey/getSurveyById [32m200[0m 15.924 ms - -[0m
2022-12-10 18:29:15 info: [0mGET /api/organizations/getOrganizations [36m304[0m 4.505 ms - -[0m
2022-12-10 18:29:15 info: [0mPOST /api/survey/getSurveyById [32m200[0m 14.414 ms - -[0m
2022-12-10 18:30:01 info: [0mGET /api/organizations/getOrganizations [36m304[0m 5.599 ms - -[0m
2022-12-10 18:30:02 info: [0mPOST /api/survey/getSurveyById [32m200[0m 13.740 ms - -[0m
2022-12-10 18:30:08 info: [0mGET /api/organizations/getOrganizations [36m304[0m 3.309 ms - -[0m
2022-12-10 18:30:08 info: [0mGET /api/organizations/getOrganizations [36m304[0m 5.687 ms - -[0m
2022-12-10 18:30:08 info: [0mPOST /api/survey/getSurveyById [32m200[0m 21.111 ms - -[0m
2022-12-10 18:30:09 info: [0mPOST /api/survey/getSurveyById [32m200[0m 10.319 ms - -[0m
2022-12-10 18:30:12 info: [0mGET /api/organizations/getOrganizations [36m304[0m 3.440 ms - -[0m
2022-12-10 18:30:12 info: [0mGET /api/organizations/getOrganizations [36m304[0m 4.787 ms - -[0m
2022-12-10 18:33:10 info: [0mGET /api/organizations/getOrganizations [36m304[0m 4.147 ms - -[0m
2022-12-10 18:35:28 info: [0mGET /api/organizations/getOrganizations [36m304[0m 8.099 ms - -[0m
2022-12-10 18:35:28 info: [0mGET /api/organizations/getOrganizations [36m304[0m 6.351 ms - -[0m
2022-12-10 18:35:30 info: [0mPOST /api/organizations/getOrgById [32m200[0m 9.923 ms - 450[0m
2022-12-10 18:35:30 info: [0mPOST /api/organizations/getOrgById [32m200[0m 7.154 ms - 450[0m
2022-12-10 18:35:31 info: [0mPOST /api/roles/getRolesById/organization/ [32m200[0m 20.025 ms - 712[0m
2022-12-10 18:35:31 info: [0mPOST /api/roles/getRolesById/organization/ [32m200[0m 4.236 ms - 712[0m
2022-12-10 18:35:35 info: [0mGET /api/users/getAllSystemUser [32m200[0m 22.830 ms - 871[0m
2022-12-10 18:35:35 info: [0mGET /api/users/getAllSystemUser [36m304[0m 9.387 ms - -[0m
2022-12-10 18:35:36 info: [0mGET /api/survey/getSurveys [36m304[0m 17.688 ms - -[0m
2022-12-10 18:35:37 info: [0mGET /api/survey/getSurveys [36m304[0m 19.276 ms - -[0m
2022-12-10 18:35:41 info: [0mGET /api/organizations/getOrganizations [36m304[0m 4.534 ms - -[0m
2022-12-10 18:35:41 info: [0mGET /api/organizations/getOrganizations [36m304[0m 4.516 ms - -[0m
2022-12-10 18:35:41 info: [0mPOST /api/survey/getSurveyById [32m200[0m 12.549 ms - -[0m
2022-12-10 18:35:42 info: [0mPOST /api/survey/getSurveyById [32m200[0m 17.647 ms - -[0m
2022-12-10 18:35:58 info: [0mGET /api/organizations/getOrganizations [36m304[0m 6.190 ms - -[0m
2022-12-10 18:35:59 info: [0mPOST /api/survey/getSurveyById [32m200[0m 12.888 ms - -[0m
2022-12-10 18:35:59 info: [0mGET /api/organizations/getOrganizations [36m304[0m 3.409 ms - -[0m
2022-12-10 18:35:59 info: [0mPOST /api/survey/getSurveyById [32m200[0m 15.747 ms - -[0m
2022-12-10 18:36:23 info: [0mGET /api/organizations/getOrganizations [36m304[0m 4.649 ms - -[0m
2022-12-10 18:36:24 info: [0mPOST /api/survey/getSurveyById [32m200[0m 16.610 ms - -[0m
2022-12-10 18:36:29 info: [0mGET /api/organizations/getOrganizations [36m304[0m 4.922 ms - -[0m
2022-12-10 18:36:30 info: [0mGET /api/organizations/getOrganizations [36m304[0m 3.264 ms - -[0m
2022-12-10 18:36:30 info: [0mPOST /api/survey/getSurveyById [32m200[0m 12.876 ms - -[0m
2022-12-10 18:36:30 info: [0mPOST /api/survey/getSurveyById [32m200[0m 13.397 ms - -[0m
2022-12-10 18:37:03 info: [0mGET /api/organizations/getOrganizations [36m304[0m 6.245 ms - -[0m
2022-12-10 18:37:03 info: [0mPOST /api/survey/getSurveyById [32m200[0m 11.688 ms - -[0m
2022-12-10 18:37:39 info: [0mGET /api/organizations/getOrganizations [36m304[0m 6.778 ms - -[0m
2022-12-10 18:37:39 info: [0mPOST /api/survey/getSurveyById [32m200[0m 12.888 ms - -[0m
2022-12-10 18:37:50 info: [0mGET /api/organizations/getOrganizations [36m304[0m 5.607 ms - -[0m
2022-12-10 18:37:50 info: [0mGET /api/organizations/getOrganizations [36m304[0m 6.784 ms - -[0m
2022-12-10 18:37:50 info: [0mPOST /api/survey/getSurveyById [32m200[0m 19.266 ms - -[0m
2022-12-10 18:37:50 info: [0mPOST /api/survey/getSurveyById [32m200[0m 12.046 ms - -[0m
2022-12-10 18:38:03 info: [0mGET /api/organizations/getOrganizations [36m304[0m 4.170 ms - -[0m
2022-12-10 18:38:03 info: [0mGET /api/organizations/getOrganizations [36m304[0m 4.535 ms - -[0m
2022-12-10 18:38:03 info: [0mPOST /api/survey/getSurveyById [32m200[0m 14.354 ms - -[0m
2022-12-10 18:38:04 info: [0mPOST /api/survey/getSurveyById [32m200[0m 11.226 ms - -[0m
2022-12-10 18:38:09 info: [0mGET /api/organizations/getOrganizations [36m304[0m 3.362 ms - -[0m
2022-12-10 18:38:09 info: [0mGET /api/organizations/getOrganizations [36m304[0m 3.577 ms - -[0m
2022-12-10 18:38:09 info: [0mPOST /api/survey/getSurveyById [32m200[0m 18.480 ms - -[0m
2022-12-10 18:38:10 info: [0mPOST /api/survey/getSurveyById [32m200[0m 10.362 ms - -[0m
2022-12-10 18:50:28 info: =================================
2022-12-10 18:50:28 info: ======= ENV: development =======
2022-12-10 18:50:28 info: 🚀 App listening on the port 5211
2022-12-10 18:50:28 info: =================================
2022-12-10 18:50:29 info: [0mGET /api/survey/getSurveys [32m200[0m 56.354 ms - -[0m
2022-12-10 18:50:30 info: [0mGET /api/survey/getSurveys [36m304[0m 19.219 ms - -[0m
2022-12-10 18:50:54 info: [0mGET /api/organizations/getOrganizations [32m200[0m 12.138 ms - 801[0m
2022-12-10 18:50:55 info: [0mGET /api/organizations/getOrganizations [36m304[0m 5.040 ms - -[0m
2022-12-10 18:51:45 info: [0mPOST /api/survey/createSurvey [32m200[0m 67.629 ms - 575[0m
2022-12-10 18:51:47 info: [0mGET /api/survey/getSurveys [32m200[0m 19.847 ms - -[0m
2022-12-10 18:51:47 info: [0mGET /api/survey/getSurveys [36m304[0m 27.656 ms - -[0m
2022-12-10 18:51:48 info: [0mGET /api/survey/getSurveys [36m304[0m 17.320 ms - -[0m
2022-12-10 18:51:57 info: [0mGET /api/survey/getSurveys [32m200[0m 24.568 ms - -[0m
2022-12-10 18:51:57 info: [0mGET /api/survey/getSurveys [36m304[0m 28.614 ms - -[0m
2022-12-10 18:52:19 info: [0mGET /api/survey/getSurveys [36m304[0m 24.832 ms - -[0m
2022-12-10 18:52:23 info: [0mGET /api/survey/getSurveys [36m304[0m 19.697 ms - -[0m
2022-12-10 18:52:23 info: [0mGET /api/survey/getSurveys [36m304[0m 16.345 ms - -[0m
2022-12-10 18:52:57 info: =================================
2022-12-10 18:52:57 info: ======= ENV: development =======
2022-12-10 18:52:57 info: 🚀 App listening on the port 5211
2022-12-10 18:52:57 info: =================================
2022-12-10 18:53:01 info: [0mGET /api/survey/getSurveys [36m304[0m 83.846 ms - -[0m
2022-12-10 18:53:02 info: [0mGET /api/survey/getSurveys [36m304[0m 53.221 ms - -[0m
2022-12-10 18:53:36 info: [0mPOST /api/survey/getSurveysByAdmins [33m404[0m 28.166 ms - 169[0m
2022-12-10 18:53:41 info: [0mPOST /api/survey/getSurveysByAdmins [33m404[0m 1.421 ms - 169[0m
2022-12-10 18:53:41 info: [0mPOST /api/survey/getSurveysByAdmins [33m404[0m 0.896 ms - 169[0m
2022-12-10 18:53:50 info: [0mPOST /api/survey/getSurveysByAdmins [33m404[0m 1.225 ms - 169[0m
2022-12-10 18:53:50 info: [0mPOST /api/survey/getSurveysByAdmins [33m404[0m 1.598 ms - 169[0m
2022-12-10 18:54:13 info: =================================
2022-12-10 18:54:13 info: ======= ENV: development =======
2022-12-10 18:54:13 info: 🚀 App listening on the port 5211
2022-12-10 18:54:13 info: =================================
2022-12-10 18:54:16 info: [0mPOST /api/survey/getSurveysByAdmins [32m200[0m 48.991 ms - -[0m
2022-12-10 18:54:16 info: [0mPOST /api/survey/getSurveysByAdmins [32m200[0m 25.030 ms - -[0m
2022-12-10 18:54:20 info: [0mPOST /api/survey/getSurveysByAdmins [32m200[0m 30.246 ms - -[0m
2022-12-10 18:54:20 info: [0mPOST /api/survey/getSurveysByAdmins [32m200[0m 37.760 ms - -[0m
2022-12-10 18:54:22 info: [0mGET /api/organizations/getOrganizations [36m304[0m 6.607 ms - -[0m
2022-12-10 18:54:22 info: [0mGET /api/organizations/getOrganizations [36m304[0m 4.691 ms - -[0m
2022-12-10 18:54:54 info: [0mGET /api/organizations/getOrganizations [36m304[0m 7.990 ms - -[0m
2022-12-10 18:55:03 info: [0mGET /api/organizations/getOrganizations [36m304[0m 5.920 ms - -[0m
2022-12-10 18:55:07 info: [0mGET /api/organizations/getOrganizations [36m304[0m 5.034 ms - -[0m
2022-12-10 18:55:07 info: [0mGET /api/organizations/getOrganizations [36m304[0m 4.620 ms - -[0m
2022-12-10 18:55:52 info: [0mGET /api/organizations/getOrganizations [36m304[0m 4.234 ms - -[0m
2022-12-10 18:55:55 info: [0mGET /api/organizations/getOrganizations [36m304[0m 4.366 ms - -[0m
2022-12-10 18:55:56 info: [0mGET /api/organizations/getOrganizations [36m304[0m 4.038 ms - -[0m
2022-12-10 18:56:01 info: [0mGET /api/organizations/getOrganizations [36m304[0m 3.290 ms - -[0m
2022-12-10 18:56:01 info: [0mGET /api/organizations/getOrganizations [36m304[0m 3.630 ms - -[0m
2022-12-10 18:56:36 info: [0mPOST /api/survey/createSurvey [32m200[0m 29.222 ms - 576[0m
2022-12-10 18:56:37 info: [0mPOST /api/survey/getSurveysByAdmins [32m200[0m 36.379 ms - -[0m
2022-12-10 18:56:37 info: [0mPOST /api/survey/getSurveysByAdmins [32m200[0m 48.111 ms - -[0m
2022-12-10 18:56:48 info: [0mGET /api/survey/getSurveys [32m200[0m 46.368 ms - -[0m
2022-12-10 18:56:48 info: [0mGET /api/survey/getSurveys [36m304[0m 42.229 ms - -[0m
2022-12-10 18:57:45 info: [0mPOST /api/login [32m200[0m 75.660 ms - -[0m
2022-12-10 18:57:47 info: [0mPOST /api/survey/getSurveyByOrganizationId [32m200[0m 19.610 ms - -[0m
2022-12-10 18:57:47 info: [0mPOST /api/survey/getSurveyByOrganizationId [32m200[0m 21.457 ms - -[0m
2022-12-10 18:57:48 info: [0mPOST /api/survey-response/getSurveyResponseBySurveyId [32m201[0m 15.191 ms - 396[0m
2022-12-10 18:57:48 info: [0mPOST /api/survey-response/getSurveyResponseBySurveyId [32m201[0m 19.251 ms - 360[0m
2022-12-10 18:57:48 info: [0mPOST /api/survey-response/getSurveyResponseBySurveyId [32m201[0m 9.903 ms - 45[0m
2022-12-10 18:57:48 info: [0mPOST /api/survey-response/getSurveyResponseBySurveyId [32m201[0m 8.861 ms - 360[0m
2022-12-10 18:57:48 info: [0mPOST /api/survey-response/getSurveyResponseBySurveyId [32m201[0m 9.529 ms - 396[0m
2022-12-10 18:57:48 info: [0mPOST /api/survey-response/getSurveyResponseBySurveyId [32m201[0m 8.615 ms - 45[0m
2022-12-10 18:57:54 info: [0mPOST /api/survey/getSurveyById [32m200[0m 21.977 ms - -[0m
2022-12-10 18:57:54 info: [0mPOST /api/survey/getSurveyById [32m200[0m 20.711 ms - -[0m
2022-12-10 18:58:02 info: [0mPOST /api/survey-response/saveSurveyResponse [32m201[0m 27.767 ms - 326[0m
2022-12-10 18:58:37 info: [0mPOST /api/survey/getSurveyByOrganizationId [32m200[0m 32.870 ms - -[0m
2022-12-10 18:58:37 info: [0mPOST /api/survey/getSurveyByOrganizationId [32m200[0m 28.013 ms - -[0m
2022-12-10 18:58:37 info: [0mPOST /api/survey-response/getSurveyResponseBySurveyId [32m201[0m 6.537 ms - 360[0m
2022-12-10 18:58:38 info: [0mPOST /api/survey-response/getSurveyResponseBySurveyId [32m201[0m 18.619 ms - 396[0m
2022-12-10 18:58:38 info: [0mPOST /api/survey-response/getSurveyResponseBySurveyId [32m201[0m 17.907 ms - 360[0m
2022-12-10 18:58:38 info: [0mPOST /api/survey-response/getSurveyResponseBySurveyId [32m201[0m 17.079 ms - 324[0m
2022-12-10 18:58:38 info: [0mPOST /api/survey-response/getSurveyResponseBySurveyId [32m201[0m 16.877 ms - 396[0m
2022-12-10 18:58:38 info: [0mPOST /api/survey-response/getSurveyResponseBySurveyId [32m201[0m 7.976 ms - 324[0m
2022-12-10 19:02:47 info: [0mPOST /api/survey/getSurveyByOrganizationId [32m200[0m 19.936 ms - -[0m
2022-12-10 19:02:47 info: [0mPOST /api/survey/getSurveyByOrganizationId [32m200[0m 16.946 ms - -[0m
2022-12-10 19:02:48 info: [0mPOST /api/survey-response/getSurveyResponseBySurveyId [32m201[0m 6.585 ms - 45[0m
2022-12-10 19:02:48 info: [0mPOST /api/survey-response/getSurveyResponseBySurveyId [32m201[0m 16.964 ms - 45[0m
2022-12-10 19:02:48 info: [0mPOST /api/survey-response/getSurveyResponseBySurveyId [32m201[0m 15.332 ms - 45[0m
2022-12-10 19:02:48 info: [0mPOST /api/survey-response/getSurveyResponseBySurveyId [32m201[0m 14.055 ms - 45[0m
2022-12-10 19:02:48 info: [0mPOST /api/survey-response/getSurveyResponseBySurveyId [32m201[0m 12.382 ms - 45[0m
2022-12-10 19:02:48 info: [0mPOST /api/survey-response/getSurveyResponseBySurveyId [32m201[0m 5.054 ms - 45[0m
2022-12-10 19:03:35 info: [0mPOST /api/login [32m200[0m 64.727 ms - -[0m
2022-12-10 19:03:51 info: [0mPOST /api/survey/getSurveyByOrganizationId [32m200[0m 16.000 ms - -[0m
2022-12-10 19:03:51 info: [0mPOST /api/survey/getSurveyByOrganizationId [32m200[0m 14.475 ms - -[0m
2022-12-10 19:03:52 info: [0mPOST /api/survey-response/getSurveyResponseBySurveyId [32m201[0m 7.039 ms - 45[0m
2022-12-10 19:03:52 info: [0mPOST /api/survey-response/getSurveyResponseBySurveyId [32m201[0m 19.073 ms - 45[0m
2022-12-10 19:03:52 info: [0mPOST /api/survey-response/getSurveyResponseBySurveyId [32m201[0m 17.446 ms - 45[0m
2022-12-10 19:03:52 info: [0mPOST /api/survey-response/getSurveyResponseBySurveyId [32m201[0m 17.056 ms - 45[0m
2022-12-10 19:03:52 info: [0mPOST /api/survey-response/getSurveyResponseBySurveyId [32m201[0m 15.642 ms - 45[0m
2022-12-10 19:03:52 info: [0mPOST /api/survey-response/getSurveyResponseBySurveyId [32m201[0m 16.320 ms - 45[0m
2022-12-10 19:03:54 info: [0mPOST /api/survey/getSurveyById [32m200[0m 16.108 ms - -[0m
2022-12-10 19:03:54 info: [0mPOST /api/survey/getSurveyById [32m200[0m 15.274 ms - -[0m
2022-12-10 19:04:06 info: [0mPOST /api/survey-response/saveSurveyResponse [32m201[0m 7.913 ms - 326[0m
2022-12-10 19:09:07 info: [0mPOST /api/survey/getSurveyByOrganizationId [32m200[0m 14.267 ms - -[0m
2022-12-10 19:09:07 info: [0mPOST /api/survey/getSurveyByOrganizationId [32m200[0m 16.084 ms - -[0m
2022-12-10 19:09:07 info: [0mPOST /api/survey-response/getSurveyResponseBySurveyId [32m201[0m 6.587 ms - 45[0m
2022-12-10 19:09:07 info: [0mPOST /api/survey-response/getSurveyResponseBySurveyId [32m201[0m 5.873 ms - 45[0m
2022-12-10 19:09:07 info: [0mPOST /api/survey-response/getSurveyResponseBySurveyId [32m201[0m 6.301 ms - 324[0m
2022-12-10 19:09:07 info: [0mPOST /api/survey-response/getSurveyResponseBySurveyId [32m201[0m 5.923 ms - 45[0m
2022-12-10 19:09:07 info: [0mPOST /api/survey-response/getSurveyResponseBySurveyId [32m201[0m 6.175 ms - 45[0m
2022-12-10 19:09:07 info: [0mPOST /api/survey-response/getSurveyResponseBySurveyId [32m201[0m 6.645 ms - 324[0m
2022-12-10 19:09:17 info: [0mPOST /api/survey/getSurveyByOrganizationId [32m200[0m 13.327 ms - -[0m
2022-12-10 19:09:17 info: [0mPOST /api/survey/getSurveyByOrganizationId [32m200[0m 15.166 ms - -[0m
2022-12-10 19:09:18 info: [0mPOST /api/survey-response/getSurveyResponseBySurveyId [32m201[0m 9.008 ms - 45[0m
2022-12-10 19:09:18 info: [0mPOST /api/survey-response/getSurveyResponseBySurveyId [32m201[0m 7.346 ms - 45[0m
2022-12-10 19:09:18 info: [0mPOST /api/survey-response/getSurveyResponseBySurveyId [32m201[0m 9.937 ms - 45[0m
2022-12-10 19:09:18 info: [0mPOST /api/survey-response/getSurveyResponseBySurveyId [32m201[0m 10.440 ms - 45[0m
2022-12-10 19:09:19 info: [0mPOST /api/survey-response/getSurveyResponseBySurveyId [32m201[0m 6.866 ms - 45[0m
2022-12-10 19:09:19 info: [0mPOST /api/survey-response/getSurveyResponseBySurveyId [32m201[0m 5.997 ms - 45[0m
2022-12-10 19:09:33 info: [0mPOST /api/survey/getSurveyByOrganizationId [32m200[0m 20.755 ms - -[0m
2022-12-10 19:09:33 info: [0mPOST /api/survey/getSurveyByOrganizationId [32m200[0m 21.256 ms - -[0m
2022-12-10 19:09:33 info: [0mPOST /api/survey-response/getSurveyResponseBySurveyId [32m201[0m 8.204 ms - 45[0m
2022-12-10 19:09:33 info: [0mPOST /api/survey-response/getSurveyResponseBySurveyId [32m201[0m 12.742 ms - 45[0m
2022-12-10 19:09:33 info: [0mPOST /api/survey-response/getSurveyResponseBySurveyId [32m201[0m 11.811 ms - 45[0m
2022-12-10 19:09:33 info: [0mPOST /api/survey-response/getSurveyResponseBySurveyId [32m201[0m 11.121 ms - 45[0m
2022-12-10 19:09:33 info: [0mPOST /api/survey-response/getSurveyResponseBySurveyId [32m201[0m 10.386 ms - 45[0m
2022-12-10 19:09:33 info: [0mPOST /api/survey-response/getSurveyResponseBySurveyId [32m201[0m 7.460 ms - 45[0m
2022-12-10 19:10:11 info: [0mPOST /api/survey/getSurveyByOrganizationId [32m200[0m 14.971 ms - -[0m
2022-12-10 19:10:11 info: [0mPOST /api/survey/getSurveyByOrganizationId [32m200[0m 19.993 ms - -[0m
2022-12-10 19:10:12 info: [0mPOST /api/survey-response/getSurveyResponseBySurveyId [32m201[0m 5.950 ms - 45[0m
2022-12-10 19:10:12 info: [0mPOST /api/survey-response/getSurveyResponseBySurveyId [32m201[0m 7.815 ms - 45[0m
2022-12-10 19:10:12 info: [0mPOST /api/survey-response/getSurveyResponseBySurveyId [32m201[0m 6.556 ms - 45[0m
2022-12-10 19:10:12 info: [0mPOST /api/survey-response/getSurveyResponseBySurveyId [32m201[0m 17.147 ms - 45[0m
2022-12-10 19:10:12 info: [0mPOST /api/survey-response/getSurveyResponseBySurveyId [32m201[0m 15.702 ms - 45[0m
2022-12-10 19:10:12 info: [0mPOST /api/survey-response/getSurveyResponseBySurveyId [32m201[0m 14.846 ms - 45[0m
2022-12-10 19:10:17 info: [0mPOST /api/survey/getSurveyById [32m200[0m 23.360 ms - -[0m
2022-12-10 19:10:17 info: [0mPOST /api/survey/getSurveyById [32m200[0m 24.696 ms - -[0m
2022-12-10 19:10:23 info: [0mPOST /api/survey-response/saveSurveyResponse [32m201[0m 7.817 ms - 326[0m
2022-12-10 19:10:26 info: [0mPOST /api/survey/getSurveyByOrganizationId [32m200[0m 11.235 ms - -[0m
2022-12-10 19:10:26 info: [0mPOST /api/survey/getSurveyByOrganizationId [32m200[0m 12.249 ms - -[0m
2022-12-10 19:10:26 info: [0mPOST /api/survey-response/getSurveyResponseBySurveyId [32m201[0m 14.525 ms - 45[0m
2022-12-10 19:10:26 info: [0mPOST /api/survey-response/getSurveyResponseBySurveyId [32m201[0m 12.537 ms - 45[0m
2022-12-10 19:10:26 info: [0mPOST /api/survey-response/getSurveyResponseBySurveyId [32m201[0m 10.999 ms - 324[0m
2022-12-10 19:10:27 info: [0mPOST /api/survey-response/getSurveyResponseBySurveyId [32m201[0m 14.858 ms - 45[0m
2022-12-10 19:10:27 info: [0mPOST /api/survey-response/getSurveyResponseBySurveyId [32m201[0m 12.519 ms - 45[0m
2022-12-10 19:10:27 info: [0mPOST /api/survey-response/getSurveyResponseBySurveyId [32m201[0m 11.421 ms - 324[0m
2022-12-10 19:11:04 info: [0mPOST /api/login [32m200[0m 65.498 ms - -[0m
2022-12-10 19:11:06 info: [0mPOST /api/survey/getSurveyByOrganizationId [32m200[0m 10.970 ms - -[0m
2022-12-10 19:11:06 info: [0mPOST /api/survey/getSurveyByOrganizationId [32m200[0m 14.503 ms - -[0m
2022-12-10 19:11:06 info: [0mPOST /api/survey-response/getSurveyResponseBySurveyId [32m201[0m 12.645 ms - 45[0m
2022-12-10 19:11:06 info: [0mPOST /api/survey-response/getSurveyResponseBySurveyId [32m201[0m 8.843 ms - 45[0m
2022-12-10 19:11:06 info: [0mPOST /api/survey-response/getSurveyResponseBySurveyId [32m201[0m 7.637 ms - 324[0m
2022-12-10 19:11:07 info: [0mPOST /api/survey-response/getSurveyResponseBySurveyId [32m201[0m 12.555 ms - 45[0m
2022-12-10 19:11:07 info: [0mPOST /api/survey-response/getSurveyResponseBySurveyId [32m201[0m 11.572 ms - 324[0m
2022-12-10 19:11:07 info: [0mPOST /api/survey-response/getSurveyResponseBySurveyId [32m201[0m 11.065 ms - 45[0m
2022-12-10 19:11:08 info: [0mPOST /api/survey/getSurveyById [32m200[0m 25.820 ms - -[0m
2022-12-10 19:11:08 info: [0mPOST /api/survey/getSurveyById [32m200[0m 27.125 ms - -[0m
2022-12-10 19:11:18 info: [0mPOST /api/survey-response/saveSurveyResponse [32m201[0m 6.979 ms - 398[0m
2022-12-10 19:11:56 info: [0mPOST /api/survey/getSurveyById [32m200[0m 26.053 ms - -[0m
2022-12-10 19:11:56 info: [0mPOST /api/survey/getSurveyById [32m200[0m 26.545 ms - -[0m
2022-12-10 19:12:04 info: [0mPOST /api/survey-response/saveSurveyResponse [32m201[0m 7.273 ms - 362[0m
2022-12-10 19:12:06 info: [0mPOST /api/survey/getSurveyByOrganizationId [32m200[0m 12.242 ms - -[0m
2022-12-10 19:12:06 info: [0mPOST /api/survey/getSurveyByOrganizationId [32m200[0m 13.233 ms - -[0m
2022-12-10 19:12:06 info: [0mPOST /api/survey-response/getSurveyResponseBySurveyId [32m201[0m 9.059 ms - 360[0m
2022-12-10 19:12:06 info: [0mPOST /api/survey-response/getSurveyResponseBySurveyId [32m201[0m 6.711 ms - 396[0m
2022-12-10 19:12:07 info: [0mPOST /api/survey-response/getSurveyResponseBySurveyId [32m201[0m 8.731 ms - 324[0m
2022-12-10 19:12:07 info: [0mPOST /api/survey-response/getSurveyResponseBySurveyId [32m201[0m 8.236 ms - 360[0m
2022-12-10 19:12:07 info: [0mPOST /api/survey-response/getSurveyResponseBySurveyId [32m201[0m 8.048 ms - 396[0m
2022-12-10 19:12:07 info: [0mPOST /api/survey-response/getSurveyResponseBySurveyId [32m201[0m 7.235 ms - 324[0m
2022-12-10 19:26:56 info: [0mPOST /api/preUsers/findPreUserByRun [32m200[0m 10.042 ms - 54[0m
2022-12-10 19:27:13 info: [0mPOST /api/preUsers/findPreUserByRun [32m200[0m 23.117 ms - 244[0m
2022-12-10 19:27:21 info: [0mPOST /api/preUsers/findPreUserByRun [32m200[0m 5.210 ms - 54[0m
2022-12-10 19:27:56 info: [0mPOST /api/preUsers/findPreUserByRun [32m200[0m 5.917 ms - 54[0m
2022-12-10 19:38:33 info: [0mPOST /api/preUsers/findPreUserByRun [32m200[0m 11.297 ms - 235[0m
2022-12-10 19:48:29 info: [0mPOST /api/survey/getSurveyByOrganizationId [32m200[0m 15.903 ms - -[0m
2022-12-10 19:48:29 info: [0mPOST /api/survey/getSurveyByOrganizationId [32m200[0m 16.666 ms - -[0m
2022-12-10 19:48:30 info: [0mPOST /api/survey-response/getSurveyResponseBySurveyId [32m201[0m 8.189 ms - 360[0m
2022-12-10 19:48:30 info: [0mPOST /api/survey-response/getSurveyResponseBySurveyId [32m201[0m 7.314 ms - 396[0m
2022-12-10 19:48:30 info: [0mPOST /api/survey-response/getSurveyResponseBySurveyId [32m201[0m 10.613 ms - 324[0m
2022-12-10 19:48:30 info: [0mPOST /api/survey-response/getSurveyResponseBySurveyId [32m201[0m 9.415 ms - 360[0m
2022-12-10 19:48:30 info: [0mPOST /api/survey-response/getSurveyResponseBySurveyId [32m201[0m 14.177 ms - 396[0m
2022-12-10 19:48:30 info: [0mPOST /api/survey-response/getSurveyResponseBySurveyId [32m201[0m 13.234 ms - 324[0m
