2022-11-14 09:52:08 info: =================================
2022-11-14 09:52:08 info: ======= ENV: development =======
2022-11-14 09:52:08 info: 🚀 App listening on the port 5210
2022-11-14 09:52:08 info: =================================
2022-11-14 09:55:58 info: [0mPOST /api/login [32m200[0m 134.886 ms - -[0m
2022-11-14 09:55:58 info: [0mGET /api/organizations/getOrganizations [32m200[0m 28.298 ms - -[0m
2022-11-14 09:55:58 info: [0mGET /api/organizations/getOrganizations [36m304[0m 10.688 ms - -[0m
2022-11-14 09:56:19 info: [0mGET /api/users/getUsers [32m200[0m 19.461 ms - 445[0m
2022-11-14 09:56:19 info: [0mGET /api/users/getUsers [36m304[0m 11.183 ms - -[0m
2022-11-14 10:02:01 info: [0mGET /api/organizations/getOrganizations [36m304[0m 7.809 ms - -[0m
2022-11-14 10:02:01 info: [0mGET /api/organizations/getOrganizations [36m304[0m 6.833 ms - -[0m
2022-11-14 10:16:02 info: [0mPOST /api/organizations/getOrgById [32m200[0m 33.376 ms - 569[0m
2022-11-14 10:16:02 info: [0mPOST /api/organizations/getOrgById [32m200[0m 49.610 ms - 569[0m
2022-11-14 10:29:08 info: [0mGET /api/organizations/getOrganizations [36m304[0m 7.592 ms - -[0m
2022-11-14 10:29:08 info: [0mGET /api/users/getUsers [36m304[0m 8.647 ms - -[0m
2022-11-14 10:29:09 info: [0mGET /api/organizations/getOrganizations [36m304[0m 10.479 ms - -[0m
2022-11-14 10:29:17 info: [0mGET /api/organizations/getOrganizations [32m200[0m 11.707 ms - -[0m
2022-11-14 10:29:17 info: [0mGET /api/organizations/getOrganizations [32m200[0m 11.283 ms - -[0m
2022-11-14 10:31:07 info: [0mGET /api/organizations/getOrganizations [32m200[0m 17.758 ms - -[0m
2022-11-14 10:31:07 info: [0mGET /api/organizations/getOrganizations [32m200[0m 17.113 ms - -[0m
2022-11-14 10:33:32 info: [0mGET /api/users/getUsers [36m304[0m 9.251 ms - -[0m
2022-11-14 10:33:32 info: [0mGET /api/users/getUsers [36m304[0m 6.482 ms - -[0m
2022-11-14 10:33:33 info: [0mGET /api/organizations/getOrganizations [36m304[0m 9.773 ms - -[0m
2022-11-14 10:33:33 info: [0mGET /api/organizations/getOrganizations [36m304[0m 8.823 ms - -[0m
2022-11-14 10:44:37 info: =================================
2022-11-14 10:44:37 info: ======= ENV: development =======
2022-11-14 10:44:37 info: 🚀 App listening on the port 5210
2022-11-14 10:44:37 info: =================================
2022-11-14 10:44:58 info: [0mPOST /api/login [32m200[0m 127.363 ms - -[0m
2022-11-14 10:44:58 info: [0mGET /api/organizations/getOrganizations [32m200[0m 24.815 ms - -[0m
2022-11-14 10:44:58 info: [0mGET /api/organizations/getOrganizations [36m304[0m 10.494 ms - -[0m
2022-11-14 10:45:00 info: [0mGET /api/organizations/getOrganizations [36m304[0m 9.269 ms - -[0m
2022-11-14 10:45:00 info: [0mGET /api/organizations/getOrganizations [36m304[0m 11.544 ms - -[0m
2022-11-14 10:45:02 info: [0mGET /api/users/getUsers [32m200[0m 10.014 ms - 445[0m
2022-11-14 10:45:02 info: [0mGET /api/users/getUsers [36m304[0m 7.952 ms - -[0m
2022-11-14 10:50:28 info: [0mGET /api/users/getUsers [36m304[0m 8.596 ms - -[0m
2022-11-14 10:51:30 info: [0mGET /api/users/getUsers [36m304[0m 7.073 ms - -[0m
2022-11-14 10:54:51 info: [0mGET /api/users/getUsers [36m304[0m 7.316 ms - -[0m
2022-11-14 10:55:25 info: [0mGET /api/users/getUsers [36m304[0m 11.641 ms - -[0m
2022-11-14 10:55:52 info: [0mGET /api/users/getUsers [36m304[0m 12.709 ms - -[0m
2022-11-14 11:12:07 info: =================================
2022-11-14 11:12:07 info: ======= ENV: development =======
2022-11-14 11:12:07 info: 🚀 App listening on the port 5210
2022-11-14 11:12:07 info: =================================
2022-11-14 12:03:19 info: =================================
2022-11-14 12:03:19 info: ======= ENV: development =======
2022-11-14 12:03:19 info: 🚀 App listening on the port 5210
2022-11-14 12:03:19 info: =================================
2022-11-14 12:03:36 info: =================================
2022-11-14 12:03:36 info: ======= ENV: development =======
2022-11-14 12:03:36 info: 🚀 App listening on the port 5210
2022-11-14 12:03:36 info: =================================
2022-11-14 12:20:36 info: =================================
2022-11-14 12:20:36 info: ======= ENV: development =======
2022-11-14 12:20:36 info: 🚀 App listening on the port 5210
2022-11-14 12:20:36 info: =================================
2022-11-14 12:20:40 info: [0mPOST /api/organizations/getOrgById [32m200[0m 36.242 ms - 569[0m
2022-11-14 12:20:40 info: [0mPOST /api/organizations/getOrgById [32m200[0m 106.386 ms - 569[0m
2022-11-14 12:27:14 info: =================================
2022-11-14 12:27:14 info: ======= ENV: development =======
2022-11-14 12:27:14 info: 🚀 App listening on the port 5210
2022-11-14 12:27:14 info: =================================
2022-11-14 12:27:51 info: [0mPOST /api/organizations/createOrg [32m201[0m 63.807 ms - 313[0m
2022-11-14 12:28:01 info: [0mGET /api/organizations/getOrganizations [32m200[0m 13.733 ms - -[0m
2022-11-14 12:28:01 info: [0mGET /api/organizations/getOrganizations [36m304[0m 12.298 ms - -[0m
2022-11-14 12:36:40 info: =================================
2022-11-14 12:36:40 info: ======= ENV: development =======
2022-11-14 12:36:40 info: 🚀 App listening on the port 5210
2022-11-14 12:36:40 info: =================================
2022-11-14 12:37:09 info: [0mGET /api/organizations/getOrganizations [32m200[0m 30.518 ms - -[0m
2022-11-14 12:37:09 info: [0mGET /api/organizations/getOrganizations [36m304[0m 11.886 ms - -[0m
2022-11-14 12:37:33 info: [0mPOST /api/organizations/createOrg [32m201[0m 56.304 ms - 312[0m
2022-11-14 12:37:39 info: [0mGET /api/organizations/getOrganizations [32m200[0m 10.247 ms - -[0m
2022-11-14 12:37:39 info: [0mGET /api/organizations/getOrganizations [36m304[0m 10.661 ms - -[0m
2022-11-14 12:56:57 info: [0mPOST /api/organizations/getOrgById [32m200[0m 12.967 ms - 569[0m
2022-11-14 12:56:57 info: [0mPOST /api/organizations/getOrgById [32m200[0m 13.004 ms - 569[0m
2022-11-14 12:58:07 info: =================================
2022-11-14 12:58:07 info: ======= ENV: development =======
2022-11-14 12:58:07 info: 🚀 App listening on the port 5210
2022-11-14 12:58:07 info: =================================
2022-11-14 13:00:17 info: =================================
2022-11-14 13:00:17 info: ======= ENV: development =======
2022-11-14 13:00:17 info: 🚀 App listening on the port 5210
2022-11-14 13:00:17 info: =================================
2022-11-14 13:00:33 info: =================================
2022-11-14 13:00:33 info: ======= ENV: development =======
2022-11-14 13:00:33 info: 🚀 App listening on the port 5210
2022-11-14 13:00:33 info: =================================
2022-11-14 13:01:44 info: =================================
2022-11-14 13:01:44 info: ======= ENV: development =======
2022-11-14 13:01:44 info: 🚀 App listening on the port 5210
2022-11-14 13:01:44 info: =================================
2022-11-14 13:02:11 info: [0mGET /api/organizations/getOrganizations [32m200[0m 44.285 ms - 41[0m
2022-11-14 13:02:11 info: [0mGET /api/organizations/getOrganizations [36m304[0m 8.515 ms - -[0m
2022-11-14 13:04:34 info: [0mPOST /api/organizations/createOrg [32m201[0m 258.825 ms - 312[0m
2022-11-14 13:04:39 info: [0mGET /api/organizations/getOrganizations [32m200[0m 6.125 ms - 324[0m
2022-11-14 13:04:39 info: [0mGET /api/organizations/getOrganizations [36m304[0m 5.671 ms - -[0m
2022-11-14 13:04:41 info: [0mGET /api/organizations/getOrganizations [36m304[0m 9.062 ms - -[0m
2022-11-14 13:04:41 info: [0mGET /api/organizations/getOrganizations [36m304[0m 10.470 ms - -[0m
2022-11-14 13:14:35 info: [0mGET /api/organizations/getOrganizations [36m304[0m 7.997 ms - -[0m
2022-11-14 13:15:34 info: [0mGET /api/roles/getRolesById/organization/63726711ca36696b6c403de6 [0m-[0m - ms - -[0m
2022-11-14 13:15:34 info: [0mGET /api/roles/getRolesById/organization/63726711ca36696b6c403de6 [0m-[0m - ms - -[0m
2022-11-14 13:15:35 info: [0mGET /api/organizations/getOrganizations [36m304[0m 8.139 ms - -[0m
2022-11-14 13:15:35 info: [0mGET /api/organizations/getOrganizations [36m304[0m 10.754 ms - -[0m
2022-11-14 13:17:04 info: =================================
2022-11-14 13:17:04 info: ======= ENV: development =======
2022-11-14 13:17:04 info: 🚀 App listening on the port 5210
2022-11-14 13:17:04 info: =================================
2022-11-14 13:24:43 info: =================================
2022-11-14 13:24:43 info: ======= ENV: development =======
2022-11-14 13:24:43 info: 🚀 App listening on the port 5210
2022-11-14 13:24:43 info: =================================
2022-11-14 13:24:49 info: [0mGET /api/organizations/getOrganizations [32m200[0m 23.715 ms - 324[0m
2022-11-14 13:24:49 info: [0mGET /api/organizations/getOrganizations [36m304[0m 18.459 ms - -[0m
2022-11-14 13:25:44 info: [0mGET /api/organizations/getOrganizations [36m304[0m 6.285 ms - -[0m
2022-11-14 13:25:48 info: [0mGET /api/roles/getRolesById/organization/63726711ca36696b6c403de6 [0m-[0m - ms - -[0m
2022-11-14 13:25:48 info: [0mGET /api/roles/getRolesById/organization/63726711ca36696b6c403de6 [0m-[0m - ms - -[0m
2022-11-14 13:25:49 info: [0mGET /api/organizations/getOrganizations [32m200[0m 5.994 ms - 324[0m
2022-11-14 13:25:49 info: [0mGET /api/organizations/getOrganizations [32m200[0m 6.856 ms - 324[0m
2022-11-14 13:33:00 info: =================================
2022-11-14 13:33:00 info: ======= ENV: development =======
2022-11-14 13:33:00 info: 🚀 App listening on the port 5210
2022-11-14 13:33:00 info: =================================
2022-11-14 13:33:39 info: [0mPOST /api/roles/getRolesById/organization/ [0m-[0m - ms - -[0m
2022-11-14 13:33:39 info: [0mPOST /api/roles/getRolesById/organization/ [0m-[0m - ms - -[0m
2022-11-14 13:33:40 info: [0mGET /api/organizations/getOrganizations [32m200[0m 13.805 ms - 324[0m
2022-11-14 13:33:40 info: [0mGET /api/organizations/getOrganizations [32m200[0m 7.525 ms - 324[0m
2022-11-14 13:36:03 info: =================================
2022-11-14 13:36:03 info: ======= ENV: development =======
2022-11-14 13:36:03 info: 🚀 App listening on the port 5210
2022-11-14 13:36:03 info: =================================
2022-11-14 13:36:10 info: [0mPOST /api/roles/getRolesById/organization/ [32m200[0m 39.313 ms - 712[0m
2022-11-14 13:36:10 info: [0mPOST /api/roles/getRolesById/organization/ [32m200[0m 17.099 ms - 712[0m
2022-11-14 13:36:11 info: [0mPOST /api/organizations/getOrgById [32m200[0m 8.359 ms - 317[0m
2022-11-14 13:36:11 info: [0mPOST /api/organizations/getOrgById [32m200[0m 11.266 ms - 317[0m
2022-11-14 13:41:28 info: [0mPOST /api/organizations/getOrgById [32m200[0m 18.419 ms - 317[0m
2022-11-14 13:41:28 info: [0mPOST /api/organizations/getOrgById [32m200[0m 14.799 ms - 317[0m
2022-11-14 13:41:28 info: [0mPOST /api/roles/getRolesById/organization/ [32m200[0m 8.223 ms - 712[0m
2022-11-14 13:41:28 info: [0mPOST /api/roles/getRolesById/organization/ [32m200[0m 8.427 ms - 712[0m
2022-11-14 13:41:55 info: [0mPOST /api/organizations/getOrgById [32m200[0m 8.603 ms - 317[0m
2022-11-14 13:41:55 info: [0mPOST /api/roles/getRolesById/organization/ [32m200[0m 8.965 ms - 712[0m
2022-11-14 13:42:31 info: [0mPOST /api/organizations/getOrgById [32m200[0m 8.266 ms - 317[0m
2022-11-14 13:42:32 info: [0mPOST /api/roles/getRolesById/organization/ [32m200[0m 15.019 ms - 712[0m
2022-11-14 13:43:11 info: [0mPOST /api/organizations/getOrgById [32m200[0m 21.980 ms - 317[0m
2022-11-14 13:43:11 info: [0mPOST /api/roles/getRolesById/organization/ [32m200[0m 15.107 ms - 712[0m
2022-11-14 13:44:34 info: [0mPOST /api/organizations/getOrgById [32m200[0m 6.762 ms - 317[0m
2022-11-14 13:44:34 info: [0mPOST /api/roles/getRolesById/organization/ [32m200[0m 25.843 ms - 712[0m
2022-11-14 13:45:04 info: [0mPOST /api/organizations/getOrgById [32m200[0m 6.793 ms - 317[0m
2022-11-14 13:45:04 info: [0mPOST /api/roles/getRolesById/organization/ [32m200[0m 11.350 ms - 712[0m
2022-11-14 13:45:48 info: [0mPOST /api/organizations/getOrgById [32m200[0m 9.010 ms - 317[0m
2022-11-14 13:45:48 info: [0mPOST /api/roles/getRolesById/organization/ [32m200[0m 7.306 ms - 712[0m
2022-11-14 13:45:53 info: [0mGET /api/organizations/getOrganizations [36m304[0m 7.602 ms - -[0m
2022-11-14 13:45:53 info: [0mGET /api/organizations/getOrganizations [36m304[0m 6.635 ms - -[0m
2022-11-14 13:45:56 info: [0mGET /api/users/getUsers [32m200[0m 10.559 ms - 445[0m
2022-11-14 13:45:56 info: [0mGET /api/users/getUsers [36m304[0m 7.102 ms - -[0m
2022-11-14 13:50:02 info: [0mPOST /api/organizations/getOrgById [32m200[0m 6.629 ms - 317[0m
2022-11-14 13:50:02 info: [0mPOST /api/roles/getRolesById/organization/ [32m200[0m 9.560 ms - 712[0m
2022-11-14 15:28:04 error: [POST] /api/organizations/createOrg >> StatusCode:: 500, Message:: Organization validation failed: name: Path `name` is required.
2022-11-14 15:28:04 info: [0mPOST /api/organizations/createOrg [31m500[0m 101.144 ms - 76[0m
2022-11-14 15:33:14 info: [0mPOST /api/organizations/getOrgById [32m200[0m 16.959 ms - 317[0m
2022-11-14 15:33:14 info: [0mPOST /api/organizations/getOrgById [32m200[0m 20.266 ms - 317[0m
2022-11-14 15:33:15 info: [0mPOST /api/roles/getRolesById/organization/ [32m200[0m 7.254 ms - 712[0m
2022-11-14 15:33:15 info: [0mPOST /api/roles/getRolesById/organization/ [32m200[0m 9.737 ms - 712[0m
2022-11-14 15:44:24 info: [0mPOST /api/organizations/getOrgById [32m200[0m 12.082 ms - 317[0m
2022-11-14 15:44:24 info: [0mPOST /api/organizations/getOrgById [32m200[0m 11.357 ms - 317[0m
2022-11-14 15:44:24 info: [0mPOST /api/roles/getRolesById/organization/ [32m200[0m 7.168 ms - 712[0m
2022-11-14 15:44:24 info: [0mPOST /api/roles/getRolesById/organization/ [32m200[0m 8.426 ms - 712[0m
2022-11-14 15:46:19 info: =================================
2022-11-14 15:46:19 info: ======= ENV: development =======
2022-11-14 15:46:19 info: 🚀 App listening on the port 5210
2022-11-14 15:46:19 info: =================================
2022-11-14 16:30:21 info: =================================
2022-11-14 16:30:21 info: ======= ENV: development =======
2022-11-14 16:30:21 info: 🚀 App listening on the port 5210
2022-11-14 16:30:21 info: =================================
2022-11-14 16:30:51 info: [0mGET /api/users/getUsers [32m200[0m 24.731 ms - 445[0m
2022-11-14 16:30:51 info: [0mGET /api/users/getUsers [36m304[0m 12.196 ms - -[0m
2022-11-14 16:30:55 info: [0mGET /api/roles/getRolesAdmin [32m200[0m 13.681 ms - 892[0m
2022-11-14 16:30:55 info: [0mGET /api/roles/getRolesAdmin [36m304[0m 10.203 ms - -[0m
2022-11-14 16:35:45 info: [0mGET /api/roles/getRolesAdmin [36m304[0m 10.626 ms - -[0m
2022-11-14 16:36:18 info: [0mGET /api/roles/getRolesAdmin [36m304[0m 12.890 ms - -[0m
2022-11-14 16:36:38 info: [0mGET /api/roles/getRolesAdmin [36m304[0m 11.906 ms - -[0m
2022-11-14 16:42:04 info: [0mGET /api/roles/getRolesAdmin [36m304[0m 29.181 ms - -[0m
2022-11-14 16:43:12 info: [0mGET /api/roles/getRolesAdmin [36m304[0m 7.391 ms - -[0m
2022-11-14 17:31:02 info: [0mGET /api/roles/getRolesAdmin [36m304[0m 12.426 ms - -[0m
2022-11-14 17:31:02 info: [0mGET /api/roles/getRolesAdmin [36m304[0m 13.460 ms - -[0m
2022-11-14 17:33:33 info: [0mGET /api/roles/getRolesAdmin [36m304[0m 9.641 ms - -[0m
2022-11-14 17:33:33 info: [0mGET /api/roles/getRolesAdmin [36m304[0m 10.941 ms - -[0m
2022-11-14 17:34:30 info: [0mGET /api/roles/getRolesAdmin [36m304[0m 7.647 ms - -[0m
2022-11-14 17:34:53 info: [0mGET /api/roles/getRolesAdmin [36m304[0m 11.048 ms - -[0m
2022-11-14 17:35:01 info: [0mGET /api/roles/getRolesAdmin [36m304[0m 9.235 ms - -[0m
2022-11-14 17:35:01 info: [0mGET /api/roles/getRolesAdmin [36m304[0m 8.598 ms - -[0m
2022-11-14 17:43:43 info: [0mGET /api/roles/getRolesAdmin [36m304[0m 7.604 ms - -[0m
2022-11-14 17:44:17 error: [POST] /api/users/createUser >> StatusCode:: 500, Message:: User validation failed: run: Run is required
2022-11-14 17:44:17 info: [0mPOST /api/users/createUser [31m500[0m 130.870 ms - 58[0m
2022-11-14 17:45:08 info: [0mGET /api/roles/getRolesAdmin [36m304[0m 9.575 ms - -[0m
2022-11-14 17:45:08 info: [0mGET /api/roles/getRolesAdmin [36m304[0m 11.541 ms - -[0m
2022-11-14 17:49:50 info: [0mGET /api/roles/getRolesAdmin [36m304[0m 8.773 ms - -[0m
2022-11-14 17:49:50 info: [0mGET /api/roles/getRolesAdmin [36m304[0m 7.000 ms - -[0m
2022-11-14 17:50:06 info: [0mGET /api/roles/getRolesAdmin [36m304[0m 13.730 ms - -[0m
2022-11-14 17:51:40 info: [0mPOST /api/users/createUser [32m201[0m 92.640 ms - 448[0m
2022-11-14 17:51:44 info: [0mGET /api/users/getUsers [32m200[0m 8.919 ms - 865[0m
2022-11-14 17:51:45 info: [0mGET /api/users/getUsers [36m304[0m 7.367 ms - -[0m
2022-11-14 17:58:07 info: [0mGET /api/roles/getRolesAdmin [36m304[0m 13.026 ms - -[0m
2022-11-14 17:58:46 info: [0mPOST /api/users/createUser [32m201[0m 71.108 ms - 445[0m
2022-11-14 18:02:54 info: [0mGET /api/roles/getRolesAdmin [36m304[0m 9.643 ms - -[0m
2022-11-14 18:02:54 info: [0mGET /api/roles/getRolesAdmin [36m304[0m 7.780 ms - -[0m
2022-11-14 18:03:37 info: [0mPOST /api/users/createUser [32m201[0m 73.407 ms - 447[0m
2022-11-14 18:03:46 info: [0mGET /api/organizations/getOrganizations [32m200[0m 9.791 ms - 324[0m
2022-11-14 18:03:46 info: [0mGET /api/organizations/getOrganizations [36m304[0m 6.381 ms - -[0m
2022-11-14 18:03:49 info: [0mGET /api/organizations/getOrganizations [36m304[0m 5.879 ms - -[0m
2022-11-14 18:03:49 info: [0mGET /api/organizations/getOrganizations [36m304[0m 6.203 ms - -[0m
2022-11-14 18:03:53 info: [0mGET /api/users/getUsers [32m200[0m 29.788 ms - -[0m
2022-11-14 18:03:53 info: [0mGET /api/users/getUsers [36m304[0m 16.631 ms - -[0m
2022-11-14 18:04:01 info: [0mGET /api/roles/getRolesAdmin [36m304[0m 8.336 ms - -[0m
2022-11-14 18:04:01 info: [0mGET /api/roles/getRolesAdmin [36m304[0m 9.026 ms - -[0m
2022-11-14 18:06:06 info: [0mGET /api/roles/getRolesAdmin [36m304[0m 9.465 ms - -[0m
2022-11-14 18:06:28 info: [0mGET /api/roles/getRolesAdmin [36m304[0m 5.958 ms - -[0m
2022-11-14 18:08:29 info: =================================
2022-11-14 18:08:29 info: ======= ENV: development =======
2022-11-14 18:08:29 info: 🚀 App listening on the port 5210
2022-11-14 18:08:29 info: =================================
2022-11-14 18:08:43 info: [0mGET /api/users/getUsers [32m200[0m 67.581 ms - -[0m
2022-11-14 18:08:43 info: [0mGET /api/users/getUsers [36m304[0m 28.108 ms - -[0m
2022-11-14 18:09:12 info: [0mGET /api/users/getUsers [36m304[0m 15.191 ms - -[0m
2022-11-14 18:10:14 info: [0mGET /api/users/getUsers [36m304[0m 15.835 ms - -[0m
2022-11-14 18:11:00 info: [0mGET /api/users/getUsers [36m304[0m 17.199 ms - -[0m
2022-11-14 18:12:40 info: [0mGET /api/organizations/getOrganizations [36m304[0m 7.756 ms - -[0m
2022-11-14 18:12:40 info: [0mGET /api/organizations/getOrganizations [36m304[0m 5.302 ms - -[0m
2022-11-14 18:12:42 info: [0mGET /api/organizations/getOrganizations [36m304[0m 6.473 ms - -[0m
2022-11-14 18:12:43 info: [0mGET /api/organizations/getOrganizations [36m304[0m 5.724 ms - -[0m
2022-11-14 18:13:15 info: [0mGET /api/users/getUsers [36m304[0m 16.462 ms - -[0m
2022-11-14 18:13:39 info: [0mGET /api/users/getUsers [36m304[0m 10.092 ms - -[0m
2022-11-14 18:18:32 info: =================================
2022-11-14 18:18:32 info: ======= ENV: development =======
2022-11-14 18:18:32 info: 🚀 App listening on the port 5210
2022-11-14 18:18:32 info: =================================
