2022-12-14 08:06:20 info: =================================
2022-12-14 08:06:20 info: ======= ENV: development =======
2022-12-14 08:06:20 info: 🚀 App listening on the port 5211
2022-12-14 08:06:20 info: =================================
2022-12-14 08:48:29 info: [0mGET /api/survey/getSurveys [32m200[0m 264.008 ms - -[0m
2022-12-14 08:48:30 info: [0mGET /api/survey/getSurveys [36m304[0m 235.721 ms - -[0m
2022-12-14 08:48:32 info: [0mPOST /api/survey/getSurveyById [32m200[0m 270.243 ms - -[0m
2022-12-14 08:48:33 info: [0mPOST /api/survey/getSurveyById [32m200[0m 232.289 ms - -[0m
2022-12-14 08:48:33 info: [0mPOST /api/survey-response/getSurveyDataBySurveyId [32m201[0m 148.818 ms - -[0m
2022-12-14 08:48:33 info: [0mPOST /api/survey-response/getSurveyDataBySurveyId [32m201[0m 155.008 ms - -[0m
2022-12-14 08:50:34 info: [0mPOST /api/survey/getSurveyById [32m200[0m 266.626 ms - -[0m
2022-12-14 08:50:35 info: [0mPOST /api/survey/getSurveyById [32m200[0m 233.459 ms - -[0m
2022-12-14 08:50:35 info: [0mPOST /api/survey-response/getSurveyDataBySurveyId [32m201[0m 152.628 ms - -[0m
2022-12-14 08:50:36 info: [0mPOST /api/survey-response/getSurveyDataBySurveyId [32m201[0m 151.284 ms - -[0m
2022-12-14 08:51:41 info: [0mPOST /api/survey/getSurveyById [32m200[0m 228.863 ms - -[0m
2022-12-14 08:51:42 info: [0mPOST /api/survey-response/getSurveyDataBySurveyId [32m201[0m 150.691 ms - -[0m
2022-12-14 08:52:28 info: [0mPOST /api/survey/getSurveyById [32m200[0m 231.080 ms - -[0m
2022-12-14 08:52:29 info: [0mPOST /api/survey-response/getSurveyDataBySurveyId [32m201[0m 151.906 ms - -[0m
2022-12-14 08:52:56 info: [0mPOST /api/survey/getSurveyById [32m200[0m 228.647 ms - -[0m
2022-12-14 08:52:56 info: [0mPOST /api/survey-response/getSurveyDataBySurveyId [32m201[0m 147.869 ms - -[0m
2022-12-14 08:59:48 info: [0mPOST /api/survey/getSurveyById [32m200[0m 237.059 ms - -[0m
2022-12-14 08:59:49 info: [0mPOST /api/survey/getSurveyById [32m200[0m 232.631 ms - -[0m
2022-12-14 08:59:49 info: [0mPOST /api/survey-response/getSurveyDataBySurveyId [32m201[0m 148.212 ms - -[0m
2022-12-14 08:59:50 info: [0mPOST /api/survey-response/getSurveyDataBySurveyId [32m201[0m 151.599 ms - -[0m
2022-12-14 09:06:16 info: [0mPOST /api/survey/getSurveyById [32m200[0m 233.902 ms - -[0m
2022-12-14 09:06:16 info: [0mPOST /api/survey-response/getSurveyDataBySurveyId [32m201[0m 152.365 ms - -[0m
2022-12-14 09:07:11 info: [0mPOST /api/survey/getSurveyById [32m200[0m 254.030 ms - -[0m
2022-12-14 09:07:12 info: [0mPOST /api/survey/getSurveyById [32m200[0m 233.053 ms - -[0m
2022-12-14 09:07:13 info: [0mPOST /api/survey-response/getSurveyDataBySurveyId [32m201[0m 151.886 ms - -[0m
2022-12-14 09:07:13 info: [0mPOST /api/survey-response/getSurveyDataBySurveyId [32m201[0m 150.594 ms - -[0m
2022-12-14 09:07:19 info: [0mPOST /api/survey/getSurveyById [32m200[0m 267.013 ms - -[0m
2022-12-14 09:07:19 info: [0mPOST /api/survey/getSurveyById [32m200[0m 257.891 ms - -[0m
2022-12-14 09:07:19 info: [0mPOST /api/survey-response/getSurveyDataBySurveyId [32m201[0m 158.478 ms - -[0m
2022-12-14 09:07:19 info: [0mPOST /api/survey-response/getSurveyDataBySurveyId [32m201[0m 148.679 ms - -[0m
2022-12-14 09:18:08 info: [0mPOST /api/survey/getSurveyById [32m200[0m 234.269 ms - -[0m
2022-12-14 09:18:09 info: [0mPOST /api/survey-response/getSurveyDataBySurveyId [32m201[0m 151.396 ms - -[0m
2022-12-14 09:19:18 info: [0mPOST /api/survey/getSurveyById [32m200[0m 232.566 ms - -[0m
2022-12-14 09:19:19 info: [0mPOST /api/survey-response/getSurveyDataBySurveyId [32m201[0m 152.716 ms - -[0m
2022-12-14 09:19:47 info: [0mPOST /api/survey/getSurveyById [32m200[0m 228.724 ms - -[0m
2022-12-14 09:19:48 info: [0mPOST /api/survey-response/getSurveyDataBySurveyId [32m201[0m 156.638 ms - -[0m
2022-12-14 09:22:40 info: [0mPOST /api/survey/getSurveyById [32m200[0m 229.403 ms - -[0m
2022-12-14 09:22:40 info: [0mPOST /api/survey-response/getSurveyDataBySurveyId [32m201[0m 144.864 ms - -[0m
2022-12-14 09:23:16 info: [0mPOST /api/survey/getSurveyById [32m200[0m 231.569 ms - -[0m
2022-12-14 09:23:17 info: [0mPOST /api/survey-response/getSurveyDataBySurveyId [32m201[0m 154.061 ms - -[0m
2022-12-14 09:24:04 info: [0mPOST /api/survey/getSurveyById [32m200[0m 249.815 ms - -[0m
2022-12-14 09:24:05 info: [0mPOST /api/survey-response/getSurveyDataBySurveyId [32m201[0m 154.629 ms - -[0m
2022-12-14 09:24:33 info: [0mPOST /api/survey/getSurveyById [32m200[0m 231.665 ms - -[0m
2022-12-14 09:24:34 info: [0mPOST /api/survey-response/getSurveyDataBySurveyId [32m201[0m 174.404 ms - -[0m
2022-12-14 09:34:05 info: [0mPOST /api/survey/getSurveyById [32m200[0m 230.373 ms - -[0m
2022-12-14 09:34:06 info: [0mPOST /api/survey-response/getSurveyDataBySurveyId [32m201[0m 144.671 ms - -[0m
2022-12-14 09:34:34 info: [0mPOST /api/survey/getSurveyById [32m200[0m 233.278 ms - -[0m
2022-12-14 09:34:35 info: [0mPOST /api/survey-response/getSurveyDataBySurveyId [32m201[0m 156.905 ms - -[0m
2022-12-14 09:35:10 info: [0mPOST /api/survey/getSurveyById [32m200[0m 243.441 ms - -[0m
2022-12-14 09:35:11 info: [0mPOST /api/survey-response/getSurveyDataBySurveyId [32m201[0m 149.155 ms - -[0m
2022-12-14 09:38:36 info: [0mPOST /api/survey/getSurveyById [32m200[0m 230.352 ms - -[0m
2022-12-14 09:38:37 info: [0mPOST /api/survey-response/getSurveyDataBySurveyId [32m201[0m 152.643 ms - -[0m
2022-12-14 09:39:32 info: [0mPOST /api/survey/getSurveyById [32m200[0m 230.151 ms - -[0m
2022-12-14 09:39:32 info: [0mPOST /api/survey-response/getSurveyDataBySurveyId [32m201[0m 149.540 ms - -[0m
2022-12-14 09:40:20 info: [0mPOST /api/survey/getSurveyById [32m200[0m 232.399 ms - -[0m
2022-12-14 09:40:21 info: [0mPOST /api/survey-response/getSurveyDataBySurveyId [32m201[0m 150.019 ms - -[0m
2022-12-14 09:40:38 info: [0mPOST /api/survey/getSurveyById [32m200[0m 236.578 ms - -[0m
2022-12-14 09:40:38 info: [0mPOST /api/survey-response/getSurveyDataBySurveyId [32m201[0m 151.230 ms - -[0m
2022-12-14 09:50:33 info: [0mPOST /api/survey/getSurveyById [32m200[0m 238.111 ms - -[0m
2022-12-14 09:50:34 info: [0mPOST /api/survey-response/getSurveyDataBySurveyId [32m201[0m 153.114 ms - -[0m
2022-12-14 09:51:57 info: [0mPOST /api/survey/getSurveyById [32m200[0m 231.946 ms - -[0m
2022-12-14 09:51:58 info: [0mPOST /api/survey-response/getSurveyDataBySurveyId [32m201[0m 150.489 ms - -[0m
2022-12-14 09:54:38 info: [0mPOST /api/survey/getSurveyById [32m200[0m 227.935 ms - -[0m
2022-12-14 09:54:39 info: [0mPOST /api/survey-response/getSurveyDataBySurveyId [32m201[0m 476.948 ms - -[0m
2022-12-14 09:55:37 info: [0mPOST /api/survey/getSurveyById [32m200[0m 229.742 ms - -[0m
2022-12-14 09:55:37 info: [0mPOST /api/survey-response/getSurveyDataBySurveyId [32m201[0m 148.205 ms - -[0m
2022-12-14 09:57:01 info: [0mPOST /api/survey/getSurveyById [32m200[0m 242.348 ms - -[0m
2022-12-14 09:57:01 info: [0mPOST /api/survey/getSurveyById [32m200[0m 232.424 ms - -[0m
2022-12-14 09:57:01 info: [0mPOST /api/survey-response/getSurveyDataBySurveyId [32m201[0m 161.639 ms - -[0m
2022-12-14 09:57:01 info: [0mPOST /api/survey-response/getSurveyDataBySurveyId [32m201[0m 161.216 ms - -[0m
2022-12-14 09:59:25 info: [0mPOST /api/survey/getSurveyById [32m200[0m 232.030 ms - -[0m
2022-12-14 09:59:26 info: [0mPOST /api/survey-response/getSurveyDataBySurveyId [32m201[0m 149.994 ms - -[0m
2022-12-14 10:01:44 info: [0mPOST /api/survey/getSurveyById [32m200[0m 228.176 ms - -[0m
2022-12-14 10:01:44 info: [0mPOST /api/survey-response/getSurveyDataBySurveyId [32m201[0m 150.646 ms - -[0m
2022-12-14 10:02:14 info: [0mPOST /api/survey/getSurveyById [32m200[0m 240.772 ms - -[0m
2022-12-14 10:02:14 info: [0mPOST /api/survey-response/getSurveyDataBySurveyId [32m201[0m 147.694 ms - -[0m
2022-12-14 10:04:20 info: [0mPOST /api/survey/getSurveyById [32m200[0m 222.382 ms - -[0m
2022-12-14 10:04:20 info: [0mPOST /api/survey-response/getSurveyDataBySurveyId [32m201[0m 147.130 ms - -[0m
2022-12-14 10:32:59 info: [0mPOST /api/survey/getSurveyById [32m200[0m 263.483 ms - -[0m
2022-12-14 10:32:59 info: [0mPOST /api/survey-response/getSurveyDataBySurveyId [32m201[0m 159.429 ms - -[0m
2022-12-14 10:35:10 info: [0mPOST /api/survey/getSurveyById [32m200[0m 258.080 ms - -[0m
2022-12-14 10:35:10 info: [0mPOST /api/survey-response/getSurveyDataBySurveyId [32m201[0m 163.744 ms - -[0m
2022-12-14 10:37:54 info: [0mPOST /api/survey/getSurveyById [32m200[0m 239.338 ms - -[0m
2022-12-14 10:37:54 info: [0mPOST /api/survey-response/getSurveyDataBySurveyId [32m201[0m 161.494 ms - -[0m
2022-12-14 10:39:59 info: [0mPOST /api/survey/getSurveyById [32m200[0m 245.973 ms - -[0m
2022-12-14 10:39:59 info: [0mPOST /api/survey-response/getSurveyDataBySurveyId [32m201[0m 160.186 ms - -[0m
2022-12-14 10:40:44 info: [0mPOST /api/survey/getSurveyById [32m200[0m 241.801 ms - -[0m
2022-12-14 10:40:44 info: [0mPOST /api/survey-response/getSurveyDataBySurveyId [32m201[0m 173.105 ms - -[0m
2022-12-14 10:42:03 info: [0mPOST /api/survey/getSurveyById [32m200[0m 240.291 ms - -[0m
2022-12-14 10:42:03 info: [0mPOST /api/survey-response/getSurveyDataBySurveyId [32m201[0m 151.172 ms - -[0m
2022-12-14 10:42:45 info: [0mPOST /api/survey/getSurveyById [32m200[0m 236.406 ms - -[0m
2022-12-14 10:42:45 info: [0mPOST /api/survey/getSurveyById [32m200[0m 261.500 ms - -[0m
2022-12-14 10:42:45 info: [0mPOST /api/survey-response/getSurveyDataBySurveyId [32m201[0m 159.147 ms - -[0m
2022-12-14 10:42:46 info: [0mPOST /api/survey-response/getSurveyDataBySurveyId [32m201[0m 157.713 ms - -[0m
2022-12-14 10:45:29 info: [0mPOST /api/survey/getSurveyById [32m200[0m 234.178 ms - -[0m
2022-12-14 10:45:30 info: [0mPOST /api/survey-response/getSurveyDataBySurveyId [32m201[0m 147.618 ms - -[0m
2022-12-14 10:45:37 info: [0mPOST /api/survey/getSurveyById [32m200[0m 235.370 ms - -[0m
2022-12-14 10:45:37 info: [0mPOST /api/survey/getSurveyById [32m200[0m 242.600 ms - -[0m
2022-12-14 10:45:37 info: [0mPOST /api/survey-response/getSurveyDataBySurveyId [32m201[0m 146.923 ms - -[0m
2022-12-14 10:45:37 info: [0mPOST /api/survey-response/getSurveyDataBySurveyId [32m201[0m 158.694 ms - -[0m
2022-12-14 10:45:58 info: [0mPOST /api/survey/getSurveyById [32m200[0m 234.892 ms - -[0m
2022-12-14 10:45:58 info: [0mPOST /api/survey-response/getSurveyDataBySurveyId [32m201[0m 156.300 ms - -[0m
2022-12-14 10:48:32 info: [0mPOST /api/survey/getSurveyById [32m200[0m 231.346 ms - -[0m
2022-12-14 10:48:32 info: [0mPOST /api/survey-response/getSurveyDataBySurveyId [32m201[0m 160.748 ms - -[0m
2022-12-14 10:49:13 info: [0mPOST /api/survey/getSurveyById [32m200[0m 235.804 ms - -[0m
2022-12-14 10:49:13 info: [0mPOST /api/survey-response/getSurveyDataBySurveyId [32m201[0m 152.526 ms - -[0m
2022-12-14 10:49:24 info: [0mPOST /api/survey/getSurveyById [32m200[0m 244.062 ms - -[0m
2022-12-14 10:49:24 info: [0mPOST /api/survey-response/getSurveyDataBySurveyId [32m201[0m 151.300 ms - -[0m
2022-12-14 10:49:24 info: [0mPOST /api/survey/getSurveyById [32m200[0m 251.430 ms - -[0m
2022-12-14 10:49:25 info: [0mPOST /api/survey-response/getSurveyDataBySurveyId [32m201[0m 150.149 ms - -[0m
2022-12-14 10:49:59 info: [0mPOST /api/survey/getSurveyById [32m200[0m 246.446 ms - -[0m
2022-12-14 10:50:00 info: [0mPOST /api/survey-response/getSurveyDataBySurveyId [32m201[0m 148.898 ms - -[0m
2022-12-14 11:00:00 info: [0mPOST /api/survey/getSurveyById [32m200[0m 240.822 ms - -[0m
2022-12-14 11:00:01 info: [0mPOST /api/survey-response/getSurveyDataBySurveyId [32m201[0m 147.304 ms - -[0m
2022-12-14 11:01:39 info: [0mPOST /api/survey/getSurveyById [32m200[0m 230.247 ms - -[0m
2022-12-14 11:01:40 info: [0mPOST /api/survey-response/getSurveyDataBySurveyId [32m201[0m 179.810 ms - -[0m
2022-12-14 11:03:04 info: [0mPOST /api/survey/getSurveyById [32m200[0m 224.207 ms - -[0m
2022-12-14 11:03:05 info: [0mPOST /api/survey-response/getSurveyDataBySurveyId [32m201[0m 147.649 ms - -[0m
2022-12-14 11:03:21 info: [0mPOST /api/survey/getSurveyById [32m200[0m 237.504 ms - -[0m
2022-12-14 11:03:21 info: [0mPOST /api/survey/getSurveyById [32m200[0m 246.630 ms - -[0m
2022-12-14 11:03:21 info: [0mPOST /api/survey-response/getSurveyDataBySurveyId [32m201[0m 147.861 ms - -[0m
2022-12-14 11:03:21 info: [0mPOST /api/survey-response/getSurveyDataBySurveyId [32m201[0m 147.390 ms - -[0m
2022-12-14 11:05:02 info: [0mPOST /api/survey/getSurveyById [32m200[0m 235.123 ms - -[0m
2022-12-14 11:05:02 info: [0mPOST /api/survey/getSurveyById [32m200[0m 247.410 ms - -[0m
2022-12-14 11:05:02 info: [0mPOST /api/survey-response/getSurveyDataBySurveyId [32m201[0m 152.368 ms - -[0m
2022-12-14 11:05:02 info: [0mPOST /api/survey-response/getSurveyDataBySurveyId [32m201[0m 154.400 ms - -[0m
2022-12-14 11:32:26 info: [0mPOST /api/survey/getSurveyById [32m200[0m 243.001 ms - -[0m
2022-12-14 11:32:26 info: [0mPOST /api/survey-response/getSurveyDataBySurveyId [32m201[0m 156.181 ms - -[0m
2022-12-14 11:32:26 info: [0mPOST /api/survey/getSurveyById [32m200[0m 223.695 ms - -[0m
2022-12-14 11:32:26 info: [0mPOST /api/survey-response/getSurveyDataBySurveyId [32m201[0m 143.671 ms - -[0m
2022-12-14 11:32:30 info: [0mPOST /api/survey/getSurveyById [32m200[0m 270.937 ms - -[0m
2022-12-14 11:32:30 info: [0mPOST /api/survey/getSurveyById [32m200[0m 272.252 ms - -[0m
2022-12-14 11:32:31 info: [0mPOST /api/survey-response/getSurveyDataBySurveyId [32m201[0m 167.997 ms - -[0m
2022-12-14 11:32:31 info: [0mPOST /api/survey-response/getSurveyDataBySurveyId [32m201[0m 186.601 ms - -[0m
2022-12-14 11:33:05 info: [0mPOST /api/survey/getSurveyById [32m200[0m 230.630 ms - -[0m
2022-12-14 11:33:05 info: [0mPOST /api/survey-response/getSurveyDataBySurveyId [32m201[0m 147.115 ms - -[0m
2022-12-14 11:33:51 info: [0mPOST /api/survey/getSurveyById [32m200[0m 231.392 ms - -[0m
2022-12-14 11:33:51 info: [0mPOST /api/survey-response/getSurveyDataBySurveyId [32m201[0m 150.777 ms - -[0m
2022-12-14 11:34:37 info: [0mPOST /api/survey/getSurveyById [32m200[0m 233.900 ms - -[0m
2022-12-14 11:34:37 info: [0mPOST /api/survey-response/getSurveyDataBySurveyId [32m201[0m 148.131 ms - -[0m
2022-12-14 11:35:57 info: [0mPOST /api/survey/getSurveyById [32m200[0m 254.871 ms - -[0m
2022-12-14 11:35:58 info: [0mPOST /api/survey-response/getSurveyDataBySurveyId [32m201[0m 153.167 ms - -[0m
2022-12-14 11:36:35 info: [0mPOST /api/survey/getSurveyById [32m200[0m 225.703 ms - -[0m
2022-12-14 11:36:35 info: [0mPOST /api/survey-response/getSurveyDataBySurveyId [32m201[0m 150.825 ms - -[0m
2022-12-14 11:37:04 info: [0mPOST /api/survey/getSurveyById [32m200[0m 231.682 ms - -[0m
2022-12-14 11:37:05 info: [0mPOST /api/survey-response/getSurveyDataBySurveyId [32m201[0m 143.304 ms - -[0m
2022-12-14 11:44:33 info: [0mPOST /api/survey/getSurveyById [32m200[0m 233.009 ms - -[0m
2022-12-14 11:44:33 info: [0mPOST /api/survey-response/getSurveyDataBySurveyId [32m201[0m 159.705 ms - -[0m
2022-12-14 11:46:08 info: [0mPOST /api/survey/getSurveyById [32m200[0m 230.895 ms - -[0m
2022-12-14 11:46:08 info: [0mPOST /api/survey-response/getSurveyDataBySurveyId [32m201[0m 147.622 ms - -[0m
2022-12-14 11:46:10 info: [0mPOST /api/survey/getSurveyById [32m200[0m 228.441 ms - -[0m
2022-12-14 11:46:10 info: [0mPOST /api/survey/getSurveyById [32m200[0m 263.044 ms - -[0m
2022-12-14 11:46:10 info: [0mPOST /api/survey-response/getSurveyDataBySurveyId [32m201[0m 170.236 ms - -[0m
2022-12-14 11:46:10 info: [0mPOST /api/survey-response/getSurveyDataBySurveyId [32m201[0m 169.206 ms - -[0m
2022-12-14 11:47:42 info: [0mPOST /api/survey/getSurveyById [32m200[0m 231.263 ms - -[0m
2022-12-14 11:47:43 info: [0mPOST /api/survey-response/getSurveyDataBySurveyId [32m201[0m 155.301 ms - -[0m
2022-12-14 11:48:24 info: [0mPOST /api/survey/getSurveyById [32m200[0m 267.938 ms - -[0m
2022-12-14 11:48:25 info: [0mPOST /api/survey-response/getSurveyDataBySurveyId [32m201[0m 170.829 ms - -[0m
2022-12-14 11:48:41 info: [0mPOST /api/survey/getSurveyById [32m200[0m 280.573 ms - -[0m
2022-12-14 11:48:42 info: [0mPOST /api/survey-response/getSurveyDataBySurveyId [32m201[0m 185.560 ms - -[0m
2022-12-14 11:48:48 info: [0mPOST /api/survey/getSurveyById [32m200[0m 257.913 ms - -[0m
2022-12-14 11:48:48 info: [0mPOST /api/survey/getSurveyById [32m200[0m 260.814 ms - -[0m
2022-12-14 11:48:48 info: [0mPOST /api/survey-response/getSurveyDataBySurveyId [32m201[0m 150.572 ms - -[0m
2022-12-14 11:48:48 info: [0mPOST /api/survey-response/getSurveyDataBySurveyId [32m201[0m 148.971 ms - -[0m
2022-12-14 11:51:30 info: [0mPOST /api/survey/getSurveyById [32m200[0m 241.666 ms - -[0m
2022-12-14 11:51:31 info: [0mPOST /api/survey-response/getSurveyDataBySurveyId [32m201[0m 148.162 ms - -[0m
2022-12-14 11:52:51 info: [0mPOST /api/survey/getSurveyById [32m200[0m 244.209 ms - -[0m
2022-12-14 11:52:52 info: [0mPOST /api/survey-response/getSurveyDataBySurveyId [32m201[0m 145.463 ms - -[0m
2022-12-14 11:53:31 info: [0mPOST /api/survey/getSurveyById [32m200[0m 228.492 ms - -[0m
2022-12-14 11:53:32 info: [0mPOST /api/survey-response/getSurveyDataBySurveyId [32m201[0m 155.954 ms - -[0m
2022-12-14 11:54:10 info: [0mPOST /api/survey/getSurveyById [32m200[0m 235.202 ms - -[0m
2022-12-14 11:54:11 info: [0mPOST /api/survey-response/getSurveyDataBySurveyId [32m201[0m 155.518 ms - -[0m
2022-12-14 11:55:08 info: [0mPOST /api/survey/getSurveyById [32m200[0m 262.484 ms - -[0m
2022-12-14 11:55:09 info: [0mPOST /api/survey-response/getSurveyDataBySurveyId [32m201[0m 149.562 ms - -[0m
2022-12-14 11:55:32 info: [0mPOST /api/survey/getSurveyById [32m200[0m 228.685 ms - -[0m
2022-12-14 11:55:32 info: [0mPOST /api/survey-response/getSurveyDataBySurveyId [32m201[0m 149.409 ms - -[0m
2022-12-14 11:55:57 info: [0mPOST /api/survey/getSurveyById [32m200[0m 229.554 ms - -[0m
2022-12-14 11:55:57 info: [0mPOST /api/survey-response/getSurveyDataBySurveyId [32m201[0m 152.192 ms - -[0m
2022-12-14 11:57:13 info: [0mPOST /api/survey/getSurveyById [32m200[0m 258.808 ms - -[0m
2022-12-14 11:57:14 info: [0mPOST /api/survey-response/getSurveyDataBySurveyId [32m201[0m 155.441 ms - -[0m
2022-12-14 11:57:30 info: [0mPOST /api/survey/getSurveyById [32m200[0m 235.195 ms - -[0m
2022-12-14 11:57:30 info: [0mPOST /api/survey/getSurveyById [32m200[0m 232.591 ms - -[0m
2022-12-14 11:57:30 info: [0mPOST /api/survey-response/getSurveyDataBySurveyId [32m201[0m 146.189 ms - -[0m
2022-12-14 11:57:30 info: [0mPOST /api/survey-response/getSurveyDataBySurveyId [32m201[0m 169.059 ms - -[0m
2022-12-14 12:06:36 info: [0mPOST /api/survey/getSurveyById [32m200[0m 229.846 ms - -[0m
2022-12-14 12:06:36 info: [0mPOST /api/survey-response/getSurveyDataBySurveyId [32m201[0m 157.787 ms - -[0m
2022-12-14 12:28:33 info: [0mPOST /api/survey/getSurveyById [32m200[0m 234.025 ms - -[0m
2022-12-14 12:28:34 info: [0mPOST /api/survey-response/getSurveyDataBySurveyId [32m201[0m 146.918 ms - -[0m
2022-12-14 12:29:08 info: [0mPOST /api/survey/getSurveyById [32m200[0m 227.133 ms - -[0m
2022-12-14 12:29:08 info: [0mPOST /api/survey-response/getSurveyDataBySurveyId [32m201[0m 151.395 ms - -[0m
2022-12-14 12:29:15 info: [0mPOST /api/survey/getSurveyById [32m200[0m 234.772 ms - -[0m
2022-12-14 12:29:15 info: [0mPOST /api/survey-response/getSurveyDataBySurveyId [32m201[0m 147.421 ms - -[0m
2022-12-14 12:29:32 info: [0mPOST /api/survey/getSurveyById [32m200[0m 235.169 ms - -[0m
2022-12-14 12:29:32 info: [0mPOST /api/survey/getSurveyById [32m200[0m 241.401 ms - -[0m
2022-12-14 12:29:32 info: [0mPOST /api/survey-response/getSurveyDataBySurveyId [32m201[0m 146.488 ms - -[0m
2022-12-14 12:29:32 info: [0mPOST /api/survey-response/getSurveyDataBySurveyId [32m201[0m 152.523 ms - -[0m
2022-12-14 12:31:25 info: [0mPOST /api/survey/getSurveyById [32m200[0m 225.435 ms - -[0m
2022-12-14 12:31:25 info: [0mPOST /api/survey-response/getSurveyDataBySurveyId [32m201[0m 149.564 ms - -[0m
2022-12-14 12:31:52 info: [0mPOST /api/survey/getSurveyById [32m200[0m 222.907 ms - -[0m
2022-12-14 12:31:52 info: [0mPOST /api/survey-response/getSurveyDataBySurveyId [32m201[0m 152.172 ms - -[0m
2022-12-14 12:32:56 info: [0mPOST /api/survey/getSurveyById [32m200[0m 247.430 ms - -[0m
2022-12-14 12:32:57 info: [0mPOST /api/survey-response/getSurveyDataBySurveyId [32m201[0m 150.239 ms - -[0m
2022-12-14 12:36:42 info: [0mPOST /api/survey/getSurveyById [32m200[0m 236.027 ms - -[0m
2022-12-14 12:36:42 info: [0mPOST /api/survey/getSurveyById [32m200[0m 223.959 ms - -[0m
2022-12-14 12:36:43 info: [0mPOST /api/survey-response/getSurveyDataBySurveyId [32m201[0m 144.232 ms - -[0m
2022-12-14 12:36:43 info: [0mPOST /api/survey-response/getSurveyDataBySurveyId [32m201[0m 147.915 ms - -[0m
2022-12-14 12:38:10 info: [0mPOST /api/survey/getSurveyById [32m200[0m 231.711 ms - -[0m
2022-12-14 12:38:10 info: [0mPOST /api/survey/getSurveyById [32m200[0m 223.482 ms - -[0m
2022-12-14 12:38:11 info: [0mPOST /api/survey-response/getSurveyDataBySurveyId [32m201[0m 148.142 ms - -[0m
2022-12-14 12:38:11 info: [0mPOST /api/survey-response/getSurveyDataBySurveyId [32m201[0m 142.831 ms - -[0m
2022-12-14 12:41:04 info: [0mPOST /api/survey/getSurveyById [32m200[0m 229.770 ms - -[0m
2022-12-14 12:41:05 info: [0mPOST /api/survey-response/getSurveyDataBySurveyId [32m201[0m 148.590 ms - -[0m
2022-12-14 12:41:17 info: [0mPOST /api/survey/getSurveyById [32m200[0m 224.573 ms - -[0m
2022-12-14 12:41:18 info: [0mPOST /api/survey-response/getSurveyDataBySurveyId [32m201[0m 168.439 ms - -[0m
2022-12-14 12:41:35 info: [0mPOST /api/survey/getSurveyById [32m200[0m 234.031 ms - -[0m
2022-12-14 12:41:36 info: [0mPOST /api/survey-response/getSurveyDataBySurveyId [32m201[0m 164.166 ms - -[0m
2022-12-14 12:42:54 info: [0mPOST /api/survey/getSurveyById [32m200[0m 248.447 ms - -[0m
2022-12-14 12:42:55 info: [0mPOST /api/survey-response/getSurveyDataBySurveyId [32m201[0m 150.356 ms - -[0m
2022-12-14 13:00:00 info: [0mPOST /api/survey/getSurveyById [32m200[0m 228.404 ms - -[0m
2022-12-14 13:00:00 info: [0mPOST /api/survey/getSurveyById [32m200[0m 233.130 ms - -[0m
2022-12-14 13:00:00 info: [0mPOST /api/survey-response/getSurveyDataBySurveyId [32m201[0m 143.002 ms - -[0m
2022-12-14 13:00:01 info: [0mPOST /api/survey-response/getSurveyDataBySurveyId [32m201[0m 149.155 ms - -[0m
2022-12-14 13:00:18 info: [0mGET /api/survey/getSurveys [36m304[0m 229.596 ms - -[0m
2022-12-14 13:00:19 info: [0mGET /api/survey/getSurveys [36m304[0m 235.482 ms - -[0m
2022-12-14 13:00:21 info: [0mPOST /api/survey/getSurveyById [32m200[0m 238.594 ms - -[0m
2022-12-14 13:00:21 info: [0mPOST /api/survey/getSurveyById [32m200[0m 235.318 ms - -[0m
2022-12-14 13:00:21 info: [0mPOST /api/survey-response/getSurveyDataBySurveyId [32m201[0m 145.558 ms - -[0m
2022-12-14 13:00:21 info: [0mPOST /api/survey-response/getSurveyDataBySurveyId [32m201[0m 144.903 ms - -[0m
2022-12-14 13:02:00 info: [0mPOST /api/survey/getSurveyById [32m200[0m 234.074 ms - -[0m
2022-12-14 13:02:00 info: [0mPOST /api/survey/getSurveyById [32m200[0m 221.512 ms - -[0m
2022-12-14 13:02:00 info: [0mPOST /api/survey-response/getSurveyDataBySurveyId [32m201[0m 147.067 ms - -[0m
2022-12-14 13:02:00 info: [0mPOST /api/survey-response/getSurveyDataBySurveyId [32m201[0m 148.281 ms - -[0m
2022-12-14 13:02:14 info: [0mPOST /api/survey/getSurveyById [32m200[0m 236.719 ms - -[0m
2022-12-14 13:02:15 info: [0mPOST /api/survey-response/getSurveyDataBySurveyId [32m201[0m 152.758 ms - -[0m
2022-12-14 13:10:58 info: [0mPOST /api/survey/getSurveyById [32m200[0m 236.988 ms - -[0m
2022-12-14 13:10:58 info: [0mPOST /api/survey/getSurveyById [32m200[0m 329.327 ms - -[0m
2022-12-14 13:10:59 info: [0mPOST /api/survey-response/getSurveyDataBySurveyId [32m201[0m 158.339 ms - -[0m
2022-12-14 13:10:59 info: [0mPOST /api/survey-response/getSurveyDataBySurveyId [32m201[0m 162.190 ms - -[0m
2022-12-14 13:11:26 info: [0mPOST /api/survey/getSurveyById [32m200[0m 233.647 ms - -[0m
2022-12-14 13:11:27 info: [0mPOST /api/survey-response/getSurveyDataBySurveyId [32m201[0m 151.199 ms - -[0m
2022-12-14 13:11:32 info: [0mPOST /api/survey/getSurveyById [32m200[0m 239.647 ms - -[0m
2022-12-14 13:11:32 info: [0mPOST /api/survey/getSurveyById [32m200[0m 231.349 ms - -[0m
2022-12-14 13:11:32 info: [0mPOST /api/survey-response/getSurveyDataBySurveyId [32m201[0m 142.493 ms - -[0m
2022-12-14 13:11:32 info: [0mPOST /api/survey-response/getSurveyDataBySurveyId [32m201[0m 150.819 ms - -[0m
2022-12-14 13:11:51 info: [0mPOST /api/survey/getSurveyById [32m200[0m 225.411 ms - -[0m
2022-12-14 13:11:51 info: [0mPOST /api/survey-response/getSurveyDataBySurveyId [32m201[0m 148.513 ms - -[0m
2022-12-14 13:13:25 info: [0mPOST /api/survey/getSurveyById [32m200[0m 228.626 ms - -[0m
2022-12-14 13:13:26 info: [0mPOST /api/survey-response/getSurveyDataBySurveyId [32m201[0m 147.177 ms - -[0m
2022-12-14 13:14:00 info: [0mPOST /api/survey/getSurveyById [32m200[0m 222.077 ms - -[0m
2022-12-14 13:14:00 info: [0mPOST /api/survey-response/getSurveyDataBySurveyId [32m201[0m 145.277 ms - -[0m
2022-12-14 13:17:45 info: [0mPOST /api/survey/getSurveyById [32m200[0m 228.657 ms - -[0m
2022-12-14 13:17:46 info: [0mPOST /api/survey-response/getSurveyDataBySurveyId [32m201[0m 151.417 ms - -[0m
2022-12-14 13:28:01 info: [0mPOST /api/survey/getSurveyById [32m200[0m 237.541 ms - -[0m
2022-12-14 13:28:02 info: [0mPOST /api/survey-response/getSurveyDataBySurveyId [32m201[0m 150.301 ms - -[0m
2022-12-14 13:30:03 info: [0mPOST /api/survey/getSurveyById [32m200[0m 224.799 ms - -[0m
2022-12-14 13:30:04 info: [0mPOST /api/survey-response/getSurveyDataBySurveyId [32m201[0m 150.132 ms - -[0m
2022-12-14 13:32:20 info: [0mPOST /api/survey/getSurveyById [32m200[0m 230.505 ms - -[0m
2022-12-14 13:32:21 info: [0mPOST /api/survey-response/getSurveyDataBySurveyId [32m201[0m 157.679 ms - -[0m
2022-12-14 13:32:53 info: [0mPOST /api/survey/getSurveyById [32m200[0m 230.945 ms - -[0m
2022-12-14 13:32:53 info: [0mPOST /api/survey-response/getSurveyDataBySurveyId [32m201[0m 148.939 ms - -[0m
2022-12-14 13:36:44 info: [0mPOST /api/survey/getSurveyById [32m200[0m 241.563 ms - -[0m
2022-12-14 13:36:44 info: [0mPOST /api/survey-response/getSurveyDataBySurveyId [32m201[0m 151.810 ms - -[0m
2022-12-14 13:39:43 info: [0mPOST /api/survey/getSurveyById [32m200[0m 227.907 ms - -[0m
2022-12-14 13:39:44 info: [0mPOST /api/survey-response/getSurveyDataBySurveyId [32m201[0m 148.221 ms - -[0m
2022-12-14 13:40:40 info: [0mPOST /api/survey/getSurveyById [32m200[0m 228.656 ms - -[0m
2022-12-14 13:40:41 info: [0mPOST /api/survey-response/getSurveyDataBySurveyId [32m201[0m 150.234 ms - -[0m
2022-12-14 13:41:45 info: [0mPOST /api/survey/getSurveyById [32m200[0m 246.017 ms - -[0m
2022-12-14 13:41:45 info: [0mPOST /api/survey/getSurveyById [32m200[0m 234.243 ms - -[0m
2022-12-14 13:41:45 info: [0mPOST /api/survey-response/getSurveyDataBySurveyId [32m201[0m 171.525 ms - -[0m
2022-12-14 13:41:45 info: [0mPOST /api/survey-response/getSurveyDataBySurveyId [32m201[0m 145.491 ms - -[0m
2022-12-14 13:42:09 info: [0mPOST /api/survey/getSurveyById [32m200[0m 242.856 ms - -[0m
2022-12-14 13:42:09 info: [0mPOST /api/survey/getSurveyById [32m200[0m 245.340 ms - -[0m
2022-12-14 13:42:09 info: [0mPOST /api/survey-response/getSurveyDataBySurveyId [32m201[0m 153.855 ms - -[0m
2022-12-14 13:42:09 info: [0mPOST /api/survey-response/getSurveyDataBySurveyId [32m201[0m 159.755 ms - -[0m
2022-12-14 13:42:45 info: [0mPOST /api/survey/getSurveyById [32m200[0m 230.778 ms - -[0m
2022-12-14 13:42:46 info: [0mPOST /api/survey-response/getSurveyDataBySurveyId [32m201[0m 149.628 ms - -[0m
2022-12-14 13:43:01 info: [0mPOST /api/survey/getSurveyById [32m200[0m 234.799 ms - -[0m
2022-12-14 13:43:02 info: [0mPOST /api/survey-response/getSurveyDataBySurveyId [32m201[0m 150.834 ms - -[0m
2022-12-14 13:44:13 info: [0mPOST /api/survey/getSurveyById [32m200[0m 232.677 ms - -[0m
2022-12-14 13:44:13 info: [0mPOST /api/survey-response/getSurveyDataBySurveyId [32m201[0m 151.976 ms - -[0m
2022-12-14 13:44:25 info: [0mPOST /api/survey/getSurveyById [32m200[0m 234.992 ms - -[0m
2022-12-14 13:44:25 info: [0mPOST /api/survey-response/getSurveyDataBySurveyId [32m201[0m 148.592 ms - -[0m
2022-12-14 13:44:53 info: [0mPOST /api/survey/getSurveyById [32m200[0m 226.167 ms - -[0m
2022-12-14 13:44:54 info: [0mPOST /api/survey-response/getSurveyDataBySurveyId [32m201[0m 170.573 ms - -[0m
2022-12-14 13:44:59 info: [0mPOST /api/survey/getSurveyById [32m200[0m 230.084 ms - -[0m
2022-12-14 13:44:59 info: [0mPOST /api/survey/getSurveyById [32m200[0m 227.818 ms - -[0m
2022-12-14 13:44:59 info: [0mPOST /api/survey-response/getSurveyDataBySurveyId [32m201[0m 143.917 ms - -[0m
2022-12-14 13:44:59 info: [0mPOST /api/survey-response/getSurveyDataBySurveyId [32m201[0m 154.195 ms - -[0m
2022-12-14 13:48:14 info: [0mPOST /api/survey/getSurveyById [32m200[0m 240.237 ms - -[0m
2022-12-14 13:48:15 info: [0mPOST /api/survey-response/getSurveyDataBySurveyId [32m201[0m 145.548 ms - -[0m
2022-12-14 13:50:52 info: [0mPOST /api/survey/getSurveyById [32m200[0m 229.870 ms - -[0m
2022-12-14 13:50:52 info: [0mPOST /api/survey-response/getSurveyDataBySurveyId [32m201[0m 148.996 ms - -[0m
2022-12-14 13:52:30 info: [0mPOST /api/survey/getSurveyById [32m200[0m 230.245 ms - -[0m
2022-12-14 13:52:31 info: [0mPOST /api/survey-response/getSurveyDataBySurveyId [32m201[0m 152.309 ms - -[0m
2022-12-14 13:52:44 info: [0mPOST /api/survey/getSurveyById [32m200[0m 230.726 ms - -[0m
2022-12-14 13:52:44 info: [0mPOST /api/survey-response/getSurveyDataBySurveyId [32m201[0m 149.899 ms - -[0m
2022-12-14 13:52:56 info: [0mPOST /api/survey/getSurveyById [32m200[0m 229.436 ms - -[0m
2022-12-14 13:52:56 info: [0mPOST /api/survey-response/getSurveyDataBySurveyId [32m201[0m 152.704 ms - -[0m
2022-12-14 13:54:36 info: [0mPOST /api/survey/getSurveyById [32m200[0m 228.903 ms - -[0m
2022-12-14 13:54:37 info: [0mPOST /api/survey-response/getSurveyDataBySurveyId [32m201[0m 151.229 ms - -[0m
2022-12-14 13:55:46 info: [0mPOST /api/survey/getSurveyById [32m200[0m 227.308 ms - -[0m
2022-12-14 13:55:47 info: [0mPOST /api/survey-response/getSurveyDataBySurveyId [32m201[0m 156.992 ms - -[0m
2022-12-14 13:57:42 info: [0mPOST /api/survey/getSurveyById [32m200[0m 228.678 ms - -[0m
2022-12-14 13:57:43 info: [0mPOST /api/survey-response/getSurveyDataBySurveyId [32m201[0m 149.567 ms - -[0m
2022-12-14 13:58:14 info: [0mPOST /api/survey/getSurveyById [32m200[0m 226.250 ms - -[0m
2022-12-14 13:58:15 info: [0mPOST /api/survey-response/getSurveyDataBySurveyId [32m201[0m 148.830 ms - -[0m
2022-12-14 13:58:37 info: [0mPOST /api/survey/getSurveyById [32m200[0m 225.965 ms - -[0m
2022-12-14 13:58:37 info: [0mPOST /api/survey-response/getSurveyDataBySurveyId [32m201[0m 149.068 ms - -[0m
2022-12-14 13:58:46 info: [0mPOST /api/survey/getSurveyById [32m200[0m 229.170 ms - -[0m
2022-12-14 13:58:46 info: [0mPOST /api/survey-response/getSurveyDataBySurveyId [32m201[0m 148.569 ms - -[0m
2022-12-14 14:09:35 info: [0mPOST /api/survey/getSurveyById [32m200[0m 228.180 ms - -[0m
2022-12-14 14:09:36 info: [0mPOST /api/survey-response/getSurveyDataBySurveyId [32m201[0m 149.950 ms - -[0m
2022-12-14 14:10:12 info: [0mGET /api/organizations/getOrganizations [32m200[0m 83.013 ms - 671[0m
2022-12-14 14:10:13 info: [0mGET /api/organizations/getOrganizations [36m304[0m 76.638 ms - -[0m
2022-12-14 14:10:16 info: [0mGET /api/users/getAllSystemUser [32m200[0m 229.468 ms - -[0m
2022-12-14 14:10:17 info: [0mGET /api/users/getAllSystemUser [36m304[0m 223.949 ms - -[0m
2022-12-14 14:11:30 info: [0mGET /api/users/getAllSystemUser [36m304[0m 221.198 ms - -[0m
2022-12-14 14:11:30 info: [0mGET /api/users/getAllSystemUser [36m304[0m 224.740 ms - -[0m
2022-12-14 14:12:18 info: [0mGET /api/users/getAllSystemUser [36m304[0m 224.522 ms - -[0m
2022-12-14 14:12:18 info: [0mGET /api/users/getAllSystemUser [36m304[0m 226.398 ms - -[0m
2022-12-14 14:12:40 info: [0mGET /api/users/getUsers [32m200[0m 233.462 ms - -[0m
2022-12-14 14:12:42 info: [0mGET /api/users/getAllSystemUser [36m304[0m 219.865 ms - -[0m
2022-12-14 14:12:48 info: [0mGET /api/users/getUsers [36m304[0m 237.191 ms - -[0m
2022-12-14 14:12:54 info: [0mGET /api/users/getAllSystemUser [36m304[0m 227.337 ms - -[0m
2022-12-14 14:12:58 info: [0mGET /api/users/getUsers [36m304[0m 231.663 ms - -[0m
2022-12-14 14:13:00 info: [0mGET /api/users/getAllSystemUser [36m304[0m 225.168 ms - -[0m
2022-12-14 14:13:07 info: [0mPOST /api/users/getUserById [32m200[0m 173.941 ms - 391[0m
2022-12-14 14:13:07 info: [0mPOST /api/users/getUserById [32m200[0m 165.656 ms - 391[0m
2022-12-14 14:13:08 info: [0mGET /api/roles/getRolesAdmin [32m200[0m 156.551 ms - 892[0m
2022-12-14 14:13:08 info: [0mGET /api/roles/getRolesAdmin [36m304[0m 156.826 ms - -[0m
2022-12-14 14:13:16 info: [0mPOST /api/users/getUserById [32m200[0m 167.336 ms - 391[0m
2022-12-14 14:13:16 info: [0mPOST /api/users/getUserById [32m200[0m 149.348 ms - 391[0m
2022-12-14 14:13:16 info: [0mGET /api/roles/getRolesAdmin [36m304[0m 165.176 ms - -[0m
2022-12-14 14:13:17 info: [0mGET /api/roles/getRolesAdmin [36m304[0m 159.342 ms - -[0m
2022-12-14 14:14:16 info: [0mGET /api/users/getAllSystemUser [32m200[0m 225.556 ms - -[0m
2022-12-14 14:14:16 info: [0mGET /api/users/getAllSystemUser [36m304[0m 219.295 ms - -[0m
2022-12-14 14:14:20 info: [0mGET /api/users/getAllSystemUser [36m304[0m 224.627 ms - -[0m
2022-12-14 14:14:21 info: [0mGET /api/users/getAllSystemUser [36m304[0m 238.966 ms - -[0m
2022-12-14 14:14:45 info: [0mGET /api/users/getAllSystemUser [36m304[0m 231.201 ms - -[0m
2022-12-14 14:14:45 info: [0mGET /api/users/getAllSystemUser [36m304[0m 228.002 ms - -[0m
2022-12-14 14:14:47 info: [0mGET /api/users/getUsers [36m304[0m 235.204 ms - -[0m
2022-12-14 14:14:56 info: [0mGET /api/users/getAllSystemUser [36m304[0m 228.996 ms - -[0m
2022-12-14 14:15:37 info: [0mGET /api/users/getAllSystemUser [32m200[0m 221.560 ms - 871[0m
2022-12-14 14:15:37 info: [0mGET /api/users/getAllSystemUser [36m304[0m 224.966 ms - -[0m
2022-12-14 14:15:39 info: [0mGET /api/users/getUsers [32m200[0m 236.367 ms - -[0m
2022-12-14 14:16:55 info: [0mGET /api/users/getAllSystemUser [36m304[0m 220.545 ms - -[0m
2022-12-14 14:17:01 info: [0mGET /api/users/getUsers [36m304[0m 226.276 ms - -[0m
2022-12-14 14:17:41 info: [0mGET /api/users/getAllSystemUser [36m304[0m 220.067 ms - -[0m
2022-12-14 14:17:45 info: [0mGET /api/survey/getSurveys [36m304[0m 232.337 ms - -[0m
2022-12-14 14:17:45 info: [0mGET /api/survey/getSurveys [36m304[0m 228.525 ms - -[0m
2022-12-14 14:17:46 info: [0mPOST /api/survey/getSurveyById [32m200[0m 223.923 ms - -[0m
2022-12-14 14:17:47 info: [0mPOST /api/survey/getSurveyById [32m200[0m 231.572 ms - -[0m
2022-12-14 14:17:47 info: [0mPOST /api/survey-response/getSurveyDataBySurveyId [32m201[0m 148.563 ms - -[0m
2022-12-14 14:17:48 info: [0mPOST /api/survey-response/getSurveyDataBySurveyId [32m201[0m 152.214 ms - -[0m
2022-12-14 14:21:44 info: [0mPOST /api/survey/getSurveyById [32m200[0m 234.198 ms - -[0m
2022-12-14 14:21:44 info: [0mPOST /api/survey-response/getSurveyDataBySurveyId [32m201[0m 148.817 ms - -[0m
2022-12-14 14:22:37 info: [0mPOST /api/survey/getSurveyById [32m200[0m 234.148 ms - -[0m
2022-12-14 14:22:37 info: [0mPOST /api/survey-response/getSurveyDataBySurveyId [32m201[0m 150.999 ms - -[0m
2022-12-14 14:22:50 info: [0mPOST /api/survey/getSurveyById [32m200[0m 226.817 ms - -[0m
2022-12-14 14:22:51 info: [0mPOST /api/survey-response/getSurveyDataBySurveyId [32m201[0m 149.249 ms - -[0m
2022-12-14 14:23:15 info: [0mPOST /api/survey/getSurveyById [32m200[0m 247.530 ms - -[0m
2022-12-14 14:23:15 info: [0mPOST /api/survey-response/getSurveyDataBySurveyId [32m201[0m 152.379 ms - -[0m
2022-12-14 14:23:39 info: [0mPOST /api/survey/getSurveyById [32m200[0m 233.201 ms - -[0m
2022-12-14 14:23:39 info: [0mPOST /api/survey-response/getSurveyDataBySurveyId [32m201[0m 148.165 ms - -[0m
2022-12-14 14:23:49 info: [0mPOST /api/survey/getSurveyById [32m200[0m 234.611 ms - -[0m
2022-12-14 14:23:50 info: [0mPOST /api/survey-response/getSurveyDataBySurveyId [32m201[0m 157.482 ms - -[0m
2022-12-14 14:23:56 info: [0mPOST /api/survey/getSurveyById [32m200[0m 234.128 ms - -[0m
2022-12-14 14:23:57 info: [0mPOST /api/survey-response/getSurveyDataBySurveyId [32m201[0m 154.189 ms - -[0m
2022-12-14 14:24:22 info: [0mPOST /api/survey/getSurveyById [32m200[0m 233.799 ms - -[0m
2022-12-14 14:24:22 info: [0mPOST /api/survey-response/getSurveyDataBySurveyId [32m201[0m 151.596 ms - -[0m
2022-12-14 14:24:30 info: [0mPOST /api/survey/getSurveyById [32m200[0m 239.620 ms - -[0m
2022-12-14 14:24:31 info: [0mPOST /api/survey-response/getSurveyDataBySurveyId [32m201[0m 149.348 ms - -[0m
2022-12-14 14:24:53 info: [0mPOST /api/survey/getSurveyById [32m200[0m 229.724 ms - -[0m
2022-12-14 14:24:54 info: [0mPOST /api/survey-response/getSurveyDataBySurveyId [32m201[0m 155.256 ms - -[0m
2022-12-14 14:25:06 info: [0mPOST /api/survey/getSurveyById [32m200[0m 230.979 ms - -[0m
2022-12-14 14:25:06 info: [0mPOST /api/survey-response/getSurveyDataBySurveyId [32m201[0m 147.934 ms - -[0m
2022-12-14 14:25:26 info: [0mGET /api/organizations/getOrganizations [36m304[0m 72.291 ms - -[0m
2022-12-14 14:25:27 info: [0mGET /api/organizations/getOrganizations [36m304[0m 73.584 ms - -[0m
2022-12-14 14:25:27 info: [0mPOST /api/survey/getSurveyById [32m200[0m 227.889 ms - -[0m
2022-12-14 14:25:28 info: [0mPOST /api/survey/getSurveyById [32m200[0m 225.259 ms - -[0m
2022-12-14 14:25:32 info: [0mPOST /api/survey/getSurveyById [32m200[0m 248.063 ms - -[0m
2022-12-14 14:25:32 info: [0mPOST /api/survey/getSurveyById [32m200[0m 233.974 ms - -[0m
2022-12-14 14:25:33 info: [0mPOST /api/survey-response/getSurveyDataBySurveyId [32m201[0m 145.249 ms - -[0m
2022-12-14 14:25:33 info: [0mPOST /api/survey-response/getSurveyDataBySurveyId [32m201[0m 151.027 ms - -[0m
2022-12-14 14:25:39 info: [0mGET /api/organizations/getOrganizations [36m304[0m 75.240 ms - -[0m
2022-12-14 14:25:39 info: [0mGET /api/organizations/getOrganizations [36m304[0m 75.979 ms - -[0m
2022-12-14 14:25:54 info: [0mGET /api/users/getAllSystemUser [36m304[0m 223.597 ms - -[0m
2022-12-14 14:25:56 info: [0mGET /api/users/getAllSystemUser [36m304[0m 223.688 ms - -[0m
2022-12-14 14:26:09 info: [0mGET /api/users/getUsers [36m304[0m 243.155 ms - -[0m
2022-12-14 14:26:10 info: [0mGET /api/users/getAllSystemUser [36m304[0m 221.216 ms - -[0m
2022-12-14 14:26:11 info: [0mGET /api/users/getUsers [36m304[0m 235.549 ms - -[0m
2022-12-14 14:26:13 info: [0mGET /api/users/getAllSystemUser [36m304[0m 217.156 ms - -[0m
2022-12-14 14:26:35 info: [0mGET /api/users/getAllSystemUser [36m304[0m 224.299 ms - -[0m
2022-12-14 14:26:37 info: [0mGET /api/users/getAllSystemUser [32m200[0m 226.028 ms - 871[0m
2022-12-14 14:28:19 info: [0mGET /api/users/getUsers [36m304[0m 234.982 ms - -[0m
2022-12-14 14:29:09 info: [0mGET /api/organizations/getOrganizations [36m304[0m 78.135 ms - -[0m
2022-12-14 14:29:10 info: [0mPOST /api/survey/getSurveyById [32m200[0m 226.779 ms - -[0m
2022-12-14 14:29:11 info: [0mPOST /api/survey/getSurveyById [32m200[0m 231.279 ms - -[0m
2022-12-14 14:29:12 info: [0mGET /api/organizations/getOrganizations [32m200[0m 72.468 ms - 671[0m
2022-12-14 14:29:12 info: [0mPOST /api/survey-response/getSurveyDataBySurveyId [32m201[0m 149.866 ms - -[0m
2022-12-14 14:29:16 info: [0mPOST /api/survey-response/getSurveyDataBySurveyId [32m201[0m 149.142 ms - -[0m
2022-12-14 14:36:36 info: [0mPOST /api/survey/getSurveyById [32m200[0m 235.679 ms - -[0m
2022-12-14 14:36:36 info: [0mPOST /api/survey/getSurveyById [32m200[0m 238.665 ms - -[0m
2022-12-14 14:36:37 info: [0mPOST /api/survey-response/getSurveyDataBySurveyId [32m201[0m 143.998 ms - -[0m
2022-12-14 14:36:37 info: [0mPOST /api/survey-response/getSurveyDataBySurveyId [32m201[0m 145.005 ms - -[0m
2022-12-14 14:38:35 info: [0mPOST /api/survey/getSurveyById [32m200[0m 229.203 ms - -[0m
2022-12-14 14:38:35 info: [0mPOST /api/survey/getSurveyById [32m200[0m 232.583 ms - -[0m
2022-12-14 14:38:35 info: [0mPOST /api/survey-response/getSurveyDataBySurveyId [32m201[0m 147.482 ms - -[0m
2022-12-14 14:38:35 info: [0mPOST /api/survey-response/getSurveyDataBySurveyId [32m201[0m 148.509 ms - -[0m
2022-12-14 14:39:51 info: [0mPOST /api/survey/getSurveyById [32m200[0m 229.464 ms - -[0m
2022-12-14 14:39:52 info: [0mPOST /api/survey-response/getSurveyDataBySurveyId [32m201[0m 149.845 ms - -[0m
2022-12-14 14:40:01 info: [0mPOST /api/survey/getSurveyById [32m200[0m 230.521 ms - -[0m
2022-12-14 14:40:02 info: [0mPOST /api/survey-response/getSurveyDataBySurveyId [32m201[0m 151.543 ms - -[0m
2022-12-14 14:41:11 info: [0mPOST /api/survey/getSurveyById [32m200[0m 227.597 ms - -[0m
2022-12-14 14:41:11 info: [0mPOST /api/survey-response/getSurveyDataBySurveyId [32m201[0m 155.503 ms - -[0m
2022-12-14 14:41:22 info: [0mPOST /api/survey/getSurveyById [32m200[0m 227.550 ms - -[0m
2022-12-14 14:41:23 info: [0mPOST /api/survey-response/getSurveyDataBySurveyId [0m-[0m - ms - -[0m
2022-12-14 14:41:24 info: [0mPOST /api/survey/getSurveyById [32m200[0m 241.344 ms - -[0m
2022-12-14 14:41:24 info: [0mPOST /api/survey/getSurveyById [32m200[0m 235.811 ms - -[0m
2022-12-14 14:41:24 info: [0mPOST /api/survey-response/getSurveyDataBySurveyId [32m201[0m 147.879 ms - -[0m
2022-12-14 14:41:24 info: [0mPOST /api/survey-response/getSurveyDataBySurveyId [32m201[0m 171.921 ms - -[0m
2022-12-14 14:42:45 info: [0mPOST /api/survey/getSurveyById [32m200[0m 233.603 ms - -[0m
2022-12-14 14:42:46 info: [0mPOST /api/survey-response/getSurveyDataBySurveyId [32m201[0m 153.164 ms - -[0m
2022-12-14 14:43:34 info: [0mPOST /api/survey/getSurveyById [32m200[0m 223.751 ms - -[0m
2022-12-14 14:43:34 info: [0mPOST /api/survey-response/getSurveyDataBySurveyId [32m201[0m 148.855 ms - -[0m
2022-12-14 14:43:50 info: [0mPOST /api/survey/getSurveyById [32m200[0m 234.333 ms - -[0m
2022-12-14 14:43:51 info: [0mPOST /api/survey-response/getSurveyDataBySurveyId [32m201[0m 149.689 ms - -[0m
2022-12-14 15:33:44 info: [0mGET /api/survey/getSurveys [36m304[0m 234.154 ms - -[0m
2022-12-14 15:33:44 info: [0mGET /api/survey/getSurveys [36m304[0m 228.243 ms - -[0m
2022-12-14 15:33:46 info: [0mGET /api/organizations/getOrganizations [36m304[0m 74.472 ms - -[0m
2022-12-14 15:33:46 info: [0mGET /api/organizations/getOrganizations [36m304[0m 75.234 ms - -[0m
2022-12-14 15:33:46 info: [0mPOST /api/survey/getSurveyById [32m200[0m 238.715 ms - -[0m
2022-12-14 15:33:47 info: [0mPOST /api/survey/getSurveyById [32m200[0m 229.057 ms - -[0m
2022-12-14 15:33:52 info: [0mGET /api/survey/getSurveys [36m304[0m 248.699 ms - -[0m
2022-12-14 15:33:54 info: [0mGET /api/survey/getSurveys [36m304[0m 240.641 ms - -[0m
2022-12-14 15:35:04 info: [0mGET /api/survey/getSurveys [36m304[0m 228.312 ms - -[0m
2022-12-14 15:35:04 info: [0mGET /api/survey/getSurveys [36m304[0m 230.088 ms - -[0m
2022-12-14 15:35:08 info: [0mPOST /api/survey/getSurveyById [32m200[0m 231.160 ms - -[0m
2022-12-14 15:35:08 info: [0mPOST /api/survey/getSurveyById [32m200[0m 234.138 ms - -[0m
2022-12-14 15:35:08 info: [0mPOST /api/survey-response/getSurveyDataBySurveyId [32m201[0m 148.319 ms - -[0m
2022-12-14 15:35:08 info: [0mPOST /api/survey-response/getSurveyDataBySurveyId [32m201[0m 150.040 ms - -[0m
2022-12-14 15:36:26 info: [0mPOST /api/survey/getSurveyById [32m200[0m 230.218 ms - -[0m
2022-12-14 15:36:26 info: [0mPOST /api/survey/getSurveyById [32m200[0m 234.274 ms - -[0m
2022-12-14 15:36:27 info: [0mPOST /api/survey-response/getSurveyDataBySurveyId [32m201[0m 143.771 ms - -[0m
2022-12-14 15:36:27 info: [0mPOST /api/survey-response/getSurveyDataBySurveyId [32m201[0m 145.651 ms - -[0m
2022-12-14 15:37:13 info: [0mPOST /api/survey/getSurveyById [32m200[0m 235.837 ms - -[0m
2022-12-14 15:37:13 info: [0mPOST /api/survey/getSurveyById [32m200[0m 224.604 ms - -[0m
2022-12-14 15:37:13 info: [0mPOST /api/survey-response/getSurveyDataBySurveyId [32m201[0m 143.697 ms - -[0m
2022-12-14 15:37:13 info: [0mPOST /api/survey-response/getSurveyDataBySurveyId [32m201[0m 146.399 ms - -[0m
2022-12-14 15:37:19 info: [0mPOST /api/survey/getSurveyById [32m200[0m 231.764 ms - -[0m
2022-12-14 15:37:19 info: [0mPOST /api/survey/getSurveyById [32m200[0m 239.997 ms - -[0m
2022-12-14 15:37:19 info: [0mPOST /api/survey-response/getSurveyDataBySurveyId [32m201[0m 148.523 ms - -[0m
2022-12-14 15:37:19 info: [0mPOST /api/survey-response/getSurveyDataBySurveyId [32m201[0m 153.804 ms - -[0m
2022-12-14 15:37:42 info: [0mPOST /api/preUsers/findPreUserByRun [32m200[0m 151.263 ms - 244[0m
2022-12-14 15:38:53 error: [POST] /api/login >> StatusCode:: 409, Message:: Contraseña incorrecta
2022-12-14 15:38:53 info: [0mPOST /api/login [33m409[0m 214.226 ms - 36[0m
2022-12-14 15:39:00 info: [0mPOST /api/login [32m200[0m 202.414 ms - -[0m
2022-12-14 15:39:06 info: [0mGET /api/survey/getSurveys [36m304[0m 235.452 ms - -[0m
2022-12-14 15:39:07 info: [0mGET /api/survey/getSurveys [36m304[0m 233.026 ms - -[0m
2022-12-14 15:39:08 info: [0mPOST /api/survey/getSurveyById [32m200[0m 228.797 ms - -[0m
2022-12-14 15:39:08 info: [0mPOST /api/survey/getSurveyById [32m200[0m 230.710 ms - -[0m
2022-12-14 15:39:08 info: [0mPOST /api/survey-response/getSurveyDataBySurveyId [32m201[0m 148.570 ms - -[0m
2022-12-14 15:39:08 info: [0mPOST /api/survey-response/getSurveyDataBySurveyId [32m201[0m 154.951 ms - -[0m
2022-12-14 16:05:49 info: [0mPOST /api/login [32m200[0m 210.853 ms - -[0m
2022-12-14 16:05:53 info: [0mGET /api/survey/getSurveys [32m200[0m 233.111 ms - -[0m
2022-12-14 16:05:53 info: [0mGET /api/survey/getSurveys [36m304[0m 241.002 ms - -[0m
2022-12-14 16:05:55 info: [0mPOST /api/survey/getSurveyById [32m200[0m 227.479 ms - -[0m
2022-12-14 16:05:55 info: [0mPOST /api/survey/getSurveyById [32m200[0m 235.914 ms - -[0m
2022-12-14 16:05:55 info: [0mPOST /api/survey-response/getSurveyDataBySurveyId [32m201[0m 150.536 ms - -[0m
2022-12-14 16:05:55 info: [0mPOST /api/survey-response/getSurveyDataBySurveyId [32m201[0m 150.540 ms - -[0m
2022-12-14 16:06:24 info: [0mPOST /api/login [32m200[0m 212.252 ms - -[0m
2022-12-14 16:06:27 info: [0mPOST /api/survey/getSurveyByOrganizationId [32m200[0m 148.895 ms - -[0m
2022-12-14 16:06:27 info: [0mPOST /api/survey/getSurveyByOrganizationId [32m200[0m 152.808 ms - -[0m
2022-12-14 16:06:27 info: [0mPOST /api/survey-response/getSurveyResponseBySurveyId [32m201[0m 148.366 ms - 45[0m
2022-12-14 16:06:27 info: [0mPOST /api/survey-response/getSurveyResponseBySurveyId [32m201[0m 149.993 ms - 45[0m
2022-12-14 16:06:29 info: [0mPOST /api/survey/getSurveyById [32m200[0m 224.265 ms - -[0m
2022-12-14 16:06:29 info: [0mPOST /api/survey/getSurveyById [32m200[0m 242.901 ms - -[0m
2022-12-14 16:07:51 info: [0mPOST /api/survey/getSurveyById [32m200[0m 226.259 ms - -[0m
2022-12-14 16:07:51 info: [0mPOST /api/survey/getSurveyById [32m200[0m 230.003 ms - -[0m
2022-12-14 16:09:09 info: [0mPOST /api/survey/getSurveyByOrganizationId [32m200[0m 154.511 ms - -[0m
2022-12-14 16:09:09 info: [0mPOST /api/survey/getSurveyByOrganizationId [32m200[0m 167.968 ms - -[0m
2022-12-14 16:09:09 info: [0mPOST /api/survey-response/getSurveyResponseBySurveyId [32m201[0m 146.042 ms - 45[0m
2022-12-14 16:09:09 info: [0mPOST /api/survey-response/getSurveyResponseBySurveyId [32m201[0m 152.266 ms - 45[0m
2022-12-14 16:09:10 info: [0mPOST /api/survey/getSurveyById [32m200[0m 223.638 ms - -[0m
2022-12-14 16:09:10 info: [0mPOST /api/survey/getSurveyById [32m200[0m 232.572 ms - -[0m
2022-12-14 16:09:58 info: [0mPOST /api/survey/getSurveyByOrganizationId [32m200[0m 148.964 ms - -[0m
2022-12-14 16:09:58 info: [0mPOST /api/survey/getSurveyByOrganizationId [32m200[0m 146.186 ms - -[0m
2022-12-14 16:09:58 info: [0mPOST /api/survey-response/getSurveyResponseBySurveyId [32m201[0m 145.839 ms - 45[0m
2022-12-14 16:09:58 info: [0mPOST /api/survey-response/getSurveyResponseBySurveyId [32m201[0m 151.963 ms - 45[0m
2022-12-14 16:10:00 info: [0mPOST /api/survey/getSurveyById [32m200[0m 235.479 ms - -[0m
2022-12-14 16:10:00 info: [0mPOST /api/survey/getSurveyById [32m200[0m 245.538 ms - -[0m
2022-12-14 16:10:41 info: [0mPOST /api/survey/getSurveyByOrganizationId [32m200[0m 150.100 ms - -[0m
2022-12-14 16:10:41 info: [0mPOST /api/survey/getSurveyByOrganizationId [32m200[0m 153.625 ms - -[0m
2022-12-14 16:10:41 info: [0mPOST /api/survey-response/getSurveyResponseBySurveyId [32m201[0m 147.245 ms - 45[0m
2022-12-14 16:10:41 info: [0mPOST /api/survey-response/getSurveyResponseBySurveyId [32m201[0m 146.520 ms - 45[0m
2022-12-14 16:10:42 info: [0mPOST /api/survey/getSurveyById [32m200[0m 229.353 ms - -[0m
2022-12-14 16:10:42 info: [0mPOST /api/survey/getSurveyById [32m200[0m 233.698 ms - -[0m
2022-12-14 16:11:25 info: [0mPOST /api/survey/getSurveyById [32m200[0m 229.416 ms - -[0m
2022-12-14 16:11:25 info: [0mPOST /api/survey/getSurveyById [32m200[0m 234.309 ms - -[0m
2022-12-14 16:13:37 info: [0mPOST /api/survey/getSurveyByOrganizationId [32m200[0m 150.839 ms - -[0m
2022-12-14 16:13:37 info: [0mPOST /api/survey/getSurveyByOrganizationId [32m200[0m 151.599 ms - -[0m
2022-12-14 16:13:37 info: [0mPOST /api/survey-response/getSurveyResponseBySurveyId [32m201[0m 142.220 ms - 45[0m
2022-12-14 16:13:37 info: [0mPOST /api/survey-response/getSurveyResponseBySurveyId [32m201[0m 142.878 ms - 45[0m
2022-12-14 16:13:38 info: [0mPOST /api/survey/getSurveyById [32m200[0m 227.366 ms - -[0m
2022-12-14 16:13:38 info: [0mPOST /api/survey/getSurveyById [32m200[0m 232.616 ms - -[0m
2022-12-14 16:16:12 info: [0mPOST /api/survey/getSurveyByOrganizationId [32m200[0m 149.128 ms - -[0m
2022-12-14 16:16:12 info: [0mPOST /api/survey/getSurveyByOrganizationId [32m200[0m 152.942 ms - -[0m
2022-12-14 16:16:12 info: [0mPOST /api/survey-response/getSurveyResponseBySurveyId [32m201[0m 140.813 ms - 45[0m
2022-12-14 16:16:12 info: [0mPOST /api/survey-response/getSurveyResponseBySurveyId [32m201[0m 145.411 ms - 45[0m
2022-12-14 16:16:14 info: [0mPOST /api/survey/getSurveyById [32m200[0m 228.245 ms - -[0m
2022-12-14 16:16:14 info: [0mPOST /api/survey/getSurveyById [32m200[0m 230.072 ms - -[0m
2022-12-14 16:17:16 info: [0mPOST /api/survey/getSurveyByOrganizationId [32m200[0m 153.095 ms - -[0m
2022-12-14 16:17:16 info: [0mPOST /api/survey/getSurveyByOrganizationId [32m200[0m 146.878 ms - -[0m
2022-12-14 16:17:16 info: [0mPOST /api/survey-response/getSurveyResponseBySurveyId [32m201[0m 157.356 ms - 45[0m
2022-12-14 16:17:16 info: [0mPOST /api/survey-response/getSurveyResponseBySurveyId [32m201[0m 143.981 ms - 45[0m
2022-12-14 16:17:17 info: [0mPOST /api/survey/getSurveyById [32m200[0m 257.220 ms - -[0m
2022-12-14 16:17:17 info: [0mPOST /api/survey/getSurveyById [32m200[0m 265.688 ms - -[0m
2022-12-14 16:30:47 info: [0mPOST /api/login [32m200[0m 220.516 ms - -[0m
2022-12-14 16:30:50 info: [0mPOST /api/survey/getSurveyByOrganizationId [32m200[0m 156.533 ms - -[0m
2022-12-14 16:30:50 info: [0mPOST /api/survey/getSurveyByOrganizationId [32m200[0m 163.142 ms - -[0m
2022-12-14 16:30:50 info: [0mPOST /api/survey-response/getSurveyResponseBySurveyId [32m201[0m 149.345 ms - 45[0m
2022-12-14 16:30:50 info: [0mPOST /api/survey-response/getSurveyResponseBySurveyId [32m201[0m 152.452 ms - 45[0m
2022-12-14 16:30:52 info: [0mPOST /api/survey/getSurveyById [32m200[0m 810.963 ms - -[0m
2022-12-14 16:30:52 info: [0mPOST /api/survey/getSurveyById [32m200[0m 814.830 ms - -[0m
2022-12-14 16:32:16 info: [0mPOST /api/survey/getSurveyById [32m200[0m 236.273 ms - -[0m
2022-12-14 16:32:16 info: [0mPOST /api/survey/getSurveyById [32m200[0m 228.559 ms - -[0m
2022-12-14 16:32:35 info: [0mPOST /api/survey/getSurveyByOrganizationId [32m200[0m 149.342 ms - -[0m
2022-12-14 16:32:35 info: [0mPOST /api/survey/getSurveyByOrganizationId [32m200[0m 154.792 ms - -[0m
2022-12-14 16:32:36 info: [0mPOST /api/survey-response/getSurveyResponseBySurveyId [32m201[0m 147.646 ms - 45[0m
2022-12-14 16:32:36 info: [0mPOST /api/survey-response/getSurveyResponseBySurveyId [32m201[0m 147.470 ms - 45[0m
2022-12-14 16:32:37 info: [0mPOST /api/survey/getSurveyById [32m200[0m 229.697 ms - -[0m
2022-12-14 16:32:37 info: [0mPOST /api/survey/getSurveyById [32m200[0m 230.250 ms - -[0m
2022-12-14 16:35:29 info: [0mPOST /api/survey/getSurveyById [32m200[0m 231.149 ms - -[0m
2022-12-14 16:35:29 info: [0mPOST /api/survey/getSurveyById [32m200[0m 233.807 ms - -[0m
2022-12-14 16:36:40 info: [0mPOST /api/survey/getSurveyById [32m200[0m 229.389 ms - -[0m
2022-12-14 16:36:40 info: [0mPOST /api/survey/getSurveyById [32m200[0m 241.288 ms - -[0m
2022-12-14 16:43:23 info: [0mPOST /api/survey/getSurveyByOrganizationId [32m200[0m 147.306 ms - -[0m
2022-12-14 16:43:23 info: [0mPOST /api/survey/getSurveyByOrganizationId [32m200[0m 151.325 ms - -[0m
2022-12-14 16:43:23 info: [0mPOST /api/survey/getSurveyById [32m200[0m 231.020 ms - -[0m
2022-12-14 16:43:23 info: [0mPOST /api/survey-response/getSurveyResponseBySurveyId [32m201[0m 146.001 ms - 45[0m
2022-12-14 16:43:23 info: [0mPOST /api/survey-response/getSurveyResponseBySurveyId [32m201[0m 151.254 ms - 45[0m
2022-12-14 16:43:23 info: [0mPOST /api/survey/getSurveyByOrganizationId [32m200[0m 153.434 ms - -[0m
2022-12-14 16:43:24 info: [0mPOST /api/survey-response/getSurveyResponseBySurveyId [32m201[0m 158.898 ms - 45[0m
2022-12-14 16:43:52 info: [0mPOST /api/survey/getSurveyById [32m200[0m 281.525 ms - -[0m
2022-12-14 16:43:52 info: [0mPOST /api/survey/getSurveyById [32m200[0m 248.316 ms - -[0m
2022-12-14 16:55:44 info: [0mPOST /api/survey/getSurveyByOrganizationId [32m200[0m 149.020 ms - -[0m
2022-12-14 16:55:44 info: [0mPOST /api/survey/getSurveyByOrganizationId [32m200[0m 152.729 ms - -[0m
2022-12-14 16:55:45 info: [0mPOST /api/survey-response/getSurveyResponseBySurveyId [32m201[0m 143.325 ms - 45[0m
2022-12-14 16:55:45 info: [0mPOST /api/survey-response/getSurveyResponseBySurveyId [32m201[0m 149.808 ms - 45[0m
2022-12-14 17:37:18 info: [0mPOST /api/login [32m200[0m 205.135 ms - -[0m
2022-12-14 17:37:25 info: [0mPOST /api/survey/getSurveyByOrganizationId [32m200[0m 149.823 ms - -[0m
2022-12-14 17:37:25 info: [0mPOST /api/survey/getSurveyByOrganizationId [32m200[0m 145.002 ms - -[0m
2022-12-14 17:37:31 info: [0mPOST /api/survey-response/getSurveyResponseBySurveyId [32m201[0m 144.833 ms - 45[0m
2022-12-14 17:37:31 info: [0mPOST /api/survey-response/getSurveyResponseBySurveyId [32m201[0m 150.458 ms - 45[0m
2022-12-14 17:37:50 info: [0mPOST /api/survey/getSurveyByOrganizationId [32m200[0m 145.522 ms - -[0m
2022-12-14 17:37:50 info: [0mPOST /api/survey/getSurveyByOrganizationId [32m200[0m 147.468 ms - -[0m
2022-12-14 17:37:59 info: [0mPOST /api/survey-response/getSurveyResponseBySurveyId [32m201[0m 144.132 ms - 45[0m
2022-12-14 17:38:00 info: [0mPOST /api/survey-response/getSurveyResponseBySurveyId [32m201[0m 145.960 ms - 45[0m
