2022-12-12 00:05:06 info: [0mPOST /api/survey/getSurveyById [32m200[0m 24.892 ms - -[0m
2022-12-12 00:05:14 info: =================================
2022-12-12 00:05:14 info: ======= ENV: development =======
2022-12-12 00:05:14 info: 🚀 App listening on the port 5211
2022-12-12 00:05:14 info: =================================
2022-12-12 00:05:15 info: [0mPOST /api/survey/getSurveyById [32m200[0m 76.444 ms - -[0m
2022-12-12 00:05:53 info: [0mPOST /api/survey/getSurveyById [32m200[0m 34.884 ms - -[0m
2022-12-12 00:05:57 info: [0mPOST /api/survey/getSurveyById [32m200[0m 20.226 ms - -[0m
2022-12-12 00:05:57 info: [0mPOST /api/survey/getSurveyById [32m200[0m 19.795 ms - -[0m
2022-12-12 00:06:06 info: [0mPOST /api/survey/getSurveyById [32m200[0m 21.985 ms - -[0m
2022-12-12 00:06:06 info: [0mPOST /api/survey/getSurveyById [32m200[0m 21.598 ms - -[0m
2022-12-12 00:13:50 info: [0mPOST /api/survey/getSurveyById [32m200[0m 17.628 ms - -[0m
2022-12-12 00:14:48 info: [0mPOST /api/survey/getSurveyById [32m200[0m 15.177 ms - -[0m
2022-12-12 00:14:56 info: [0mPOST /api/survey/getSurveyById [32m200[0m 26.266 ms - -[0m
2022-12-12 00:14:56 info: [0mPOST /api/survey/getSurveyById [32m200[0m 31.529 ms - -[0m
2022-12-12 00:15:47 info: [0mPOST /api/survey/getSurveyById [32m200[0m 16.891 ms - -[0m
2022-12-12 00:16:05 info: [0mPOST /api/survey/getSurveyById [32m200[0m 11.399 ms - -[0m
2022-12-12 00:16:16 info: [0mPOST /api/survey/getSurveyByOrganizationId [32m200[0m 18.092 ms - -[0m
2022-12-12 00:16:16 info: [0mPOST /api/survey/getSurveyByOrganizationId [32m200[0m 20.316 ms - -[0m
2022-12-12 00:16:17 info: [0mPOST /api/survey-response/getSurveyResponseBySurveyId [32m201[0m 10.650 ms - 360[0m
2022-12-12 00:16:17 info: [0mPOST /api/survey-response/getSurveyResponseBySurveyId [32m201[0m 10.255 ms - 396[0m
2022-12-12 00:16:17 info: [0mPOST /api/survey-response/getSurveyResponseBySurveyId [32m201[0m 10.890 ms - 324[0m
2022-12-12 00:16:17 info: [0mPOST /api/survey-response/getSurveyResponseBySurveyId [32m201[0m 9.695 ms - 45[0m
2022-12-12 00:16:17 info: [0mPOST /api/survey-response/getSurveyResponseBySurveyId [32m201[0m 11.899 ms - 360[0m
2022-12-12 00:16:17 info: [0mPOST /api/survey-response/getSurveyResponseBySurveyId [32m201[0m 11.211 ms - 396[0m
2022-12-12 00:16:17 info: [0mPOST /api/survey-response/getSurveyResponseBySurveyId [32m201[0m 8.468 ms - 324[0m
2022-12-12 00:16:17 info: [0mPOST /api/survey-response/getSurveyResponseBySurveyId [32m201[0m 7.733 ms - 45[0m
2022-12-12 00:16:31 info: [0mPOST /api/survey/getSurveyByOrganizationId [32m200[0m 14.458 ms - -[0m
2022-12-12 00:16:31 info: [0mPOST /api/survey/getSurveyByOrganizationId [32m200[0m 18.883 ms - -[0m
2022-12-12 00:16:31 info: [0mPOST /api/survey-response/getSurveyResponseBySurveyId [32m201[0m 5.901 ms - 45[0m
2022-12-12 00:16:31 info: [0mPOST /api/survey-response/getSurveyResponseBySurveyId [32m201[0m 10.782 ms - 45[0m
2022-12-12 00:16:31 info: [0mPOST /api/survey-response/getSurveyResponseBySurveyId [32m201[0m 9.084 ms - 45[0m
2022-12-12 00:16:31 info: [0mPOST /api/survey-response/getSurveyResponseBySurveyId [32m201[0m 6.273 ms - 45[0m
2022-12-12 00:16:32 info: [0mPOST /api/survey-response/getSurveyResponseBySurveyId [32m201[0m 7.392 ms - 45[0m
2022-12-12 00:16:32 info: [0mPOST /api/survey-response/getSurveyResponseBySurveyId [32m201[0m 6.889 ms - 45[0m
2022-12-12 00:16:32 info: [0mPOST /api/survey-response/getSurveyResponseBySurveyId [32m201[0m 6.460 ms - 45[0m
2022-12-12 00:16:32 info: [0mPOST /api/survey-response/getSurveyResponseBySurveyId [32m201[0m 7.920 ms - 45[0m
2022-12-12 00:16:34 info: [0mPOST /api/survey/getSurveyById [32m200[0m 30.461 ms - -[0m
2022-12-12 00:16:34 info: [0mPOST /api/survey/getSurveyById [32m200[0m 29.360 ms - -[0m
2022-12-12 00:16:58 info: [0mPOST /api/survey/getSurveyById [32m200[0m 16.101 ms - -[0m
2022-12-12 00:16:58 info: [0mPOST /api/survey/getSurveyById [32m200[0m 17.813 ms - -[0m
2022-12-12 00:18:58 info: [0mPOST /api/survey/getSurveyById [32m200[0m 20.537 ms - -[0m
2022-12-12 00:18:58 info: [0mPOST /api/survey/getSurveyById [32m200[0m 20.404 ms - -[0m
2022-12-12 00:20:34 info: [0mPOST /api/survey/getSurveyById [32m200[0m 20.887 ms - -[0m
2022-12-12 00:20:34 info: [0mPOST /api/survey/getSurveyById [32m200[0m 12.272 ms - -[0m
2022-12-12 00:20:42 info: [0mPOST /api/survey/getSurveyById [32m200[0m 19.344 ms - -[0m
2022-12-12 00:20:58 info: [0mPOST /api/survey-response/saveSurveyResponse [32m201[0m 16.478 ms - 326[0m
2022-12-12 00:21:02 info: [0mPOST /api/survey/getSurveyByOrganizationId [32m200[0m 14.491 ms - -[0m
2022-12-12 00:21:02 info: [0mPOST /api/survey/getSurveyByOrganizationId [32m200[0m 18.086 ms - -[0m
2022-12-12 00:21:02 info: [0mPOST /api/survey-response/getSurveyResponseBySurveyId [32m201[0m 5.920 ms - 45[0m
2022-12-12 00:21:02 info: [0mPOST /api/survey-response/getSurveyResponseBySurveyId [32m201[0m 9.656 ms - 45[0m
2022-12-12 00:21:02 info: [0mPOST /api/survey-response/getSurveyResponseBySurveyId [32m201[0m 8.990 ms - 324[0m
2022-12-12 00:21:02 info: [0mPOST /api/survey-response/getSurveyResponseBySurveyId [32m201[0m 6.139 ms - 45[0m
2022-12-12 00:21:02 info: [0mPOST /api/survey-response/getSurveyResponseBySurveyId [32m201[0m 8.323 ms - 45[0m
2022-12-12 00:21:02 info: [0mPOST /api/survey-response/getSurveyResponseBySurveyId [32m201[0m 7.562 ms - 45[0m
2022-12-12 00:21:03 info: [0mPOST /api/survey-response/getSurveyResponseBySurveyId [32m201[0m 6.690 ms - 324[0m
2022-12-12 00:21:03 info: [0mPOST /api/survey-response/getSurveyResponseBySurveyId [32m201[0m 5.361 ms - 45[0m
2022-12-12 00:21:11 info: [0mPOST /api/survey/getSurveyById [32m200[0m 19.603 ms - -[0m
2022-12-12 00:21:11 info: [0mPOST /api/survey/getSurveyById [32m200[0m 19.700 ms - -[0m
2022-12-12 00:22:25 info: [0mPOST /api/survey/getSurveyById [32m200[0m 17.142 ms - -[0m
2022-12-12 00:23:31 info: [0mPOST /api/survey/getSurveyById [32m200[0m 9.741 ms - -[0m
2022-12-12 00:23:57 info: [0mPOST /api/survey/getSurveyById [32m200[0m 24.522 ms - -[0m
2022-12-12 00:23:57 info: [0mPOST /api/survey/getSurveyById [32m200[0m 25.731 ms - -[0m
2022-12-12 00:24:29 info: [0mPOST /api/survey/getSurveyById [32m200[0m 14.151 ms - -[0m
2022-12-12 00:24:34 info: [0mPOST /api/survey/getSurveyById [32m200[0m 20.943 ms - -[0m
2022-12-12 00:24:34 info: [0mPOST /api/survey/getSurveyById [32m200[0m 23.038 ms - -[0m
2022-12-12 00:25:09 info: [0mPOST /api/survey/getSurveyById [32m200[0m 17.701 ms - -[0m
2022-12-12 00:25:30 info: [0mPOST /api/survey-response/saveSurveyResponse [32m201[0m 11.160 ms - 398[0m
2022-12-12 00:25:36 info: [0mPOST /api/survey/getSurveyByOrganizationId [32m200[0m 13.375 ms - -[0m
2022-12-12 00:25:36 info: [0mPOST /api/survey/getSurveyByOrganizationId [32m200[0m 23.043 ms - -[0m
2022-12-12 00:25:36 info: [0mPOST /api/survey-response/getSurveyResponseBySurveyId [32m201[0m 6.602 ms - 45[0m
2022-12-12 00:25:36 info: [0mPOST /api/survey-response/getSurveyResponseBySurveyId [32m201[0m 9.665 ms - 396[0m
2022-12-12 00:25:36 info: [0mPOST /api/survey-response/getSurveyResponseBySurveyId [32m201[0m 9.111 ms - 324[0m
2022-12-12 00:25:36 info: [0mPOST /api/survey-response/getSurveyResponseBySurveyId [32m201[0m 5.705 ms - 45[0m
2022-12-12 00:25:36 info: [0mPOST /api/survey-response/getSurveyResponseBySurveyId [32m201[0m 8.392 ms - 45[0m
2022-12-12 00:25:36 info: [0mPOST /api/survey-response/getSurveyResponseBySurveyId [32m201[0m 7.014 ms - 396[0m
2022-12-12 00:25:37 info: [0mPOST /api/survey-response/getSurveyResponseBySurveyId [32m201[0m 9.472 ms - 324[0m
2022-12-12 00:25:37 info: [0mPOST /api/survey-response/getSurveyResponseBySurveyId [32m201[0m 6.295 ms - 45[0m
2022-12-12 00:26:30 info: [0mPOST /api/survey/getSurveyById [32m200[0m 19.382 ms - -[0m
2022-12-12 00:26:30 info: [0mPOST /api/survey/getSurveyById [32m200[0m 20.043 ms - -[0m
2022-12-12 00:26:36 info: [0mPOST /api/survey/getSurveyById [32m200[0m 18.225 ms - -[0m
2022-12-12 00:26:36 info: [0mPOST /api/survey/getSurveyById [32m200[0m 20.662 ms - -[0m
2022-12-12 00:26:49 info: [0mPOST /api/survey-response/saveSurveyResponse [32m201[0m 7.138 ms - 362[0m
2022-12-12 00:26:51 info: [0mPOST /api/survey/getSurveyByOrganizationId [32m200[0m 12.244 ms - -[0m
2022-12-12 00:26:51 info: [0mPOST /api/survey/getSurveyByOrganizationId [32m200[0m 14.589 ms - -[0m
2022-12-12 00:26:51 info: [0mPOST /api/survey-response/getSurveyResponseBySurveyId [32m201[0m 6.467 ms - 360[0m
2022-12-12 00:26:51 info: [0mPOST /api/survey-response/getSurveyResponseBySurveyId [32m201[0m 8.480 ms - 396[0m
2022-12-12 00:26:51 info: [0mPOST /api/survey-response/getSurveyResponseBySurveyId [32m201[0m 8.243 ms - 324[0m
2022-12-12 00:26:51 info: [0mPOST /api/survey-response/getSurveyResponseBySurveyId [32m201[0m 5.548 ms - 45[0m
2022-12-12 00:26:52 info: [0mPOST /api/survey-response/getSurveyResponseBySurveyId [32m201[0m 8.701 ms - 360[0m
2022-12-12 00:26:52 info: [0mPOST /api/survey-response/getSurveyResponseBySurveyId [32m201[0m 8.583 ms - 396[0m
2022-12-12 00:26:52 info: [0mPOST /api/survey-response/getSurveyResponseBySurveyId [32m201[0m 7.082 ms - 324[0m
2022-12-12 00:26:52 info: [0mPOST /api/survey-response/getSurveyResponseBySurveyId [32m201[0m 5.294 ms - 45[0m
2022-12-12 00:27:55 info: [0mPOST /api/survey/getSurveyByOrganizationId [32m200[0m 12.636 ms - -[0m
2022-12-12 00:27:55 info: [0mPOST /api/survey/getSurveyByOrganizationId [32m200[0m 10.619 ms - -[0m
2022-12-12 00:27:55 info: [0mPOST /api/survey-response/getSurveyResponseBySurveyId [32m201[0m 5.384 ms - 45[0m
2022-12-12 00:27:55 info: [0mPOST /api/survey-response/getSurveyResponseBySurveyId [32m201[0m 5.170 ms - 45[0m
2022-12-12 00:27:55 info: [0mPOST /api/survey-response/getSurveyResponseBySurveyId [32m201[0m 4.579 ms - 45[0m
2022-12-12 00:27:55 info: [0mPOST /api/survey-response/getSurveyResponseBySurveyId [32m201[0m 5.943 ms - 45[0m
2022-12-12 00:27:55 info: [0mPOST /api/survey-response/getSurveyResponseBySurveyId [32m201[0m 4.889 ms - 45[0m
2022-12-12 00:27:56 info: [0mPOST /api/survey-response/getSurveyResponseBySurveyId [32m201[0m 6.530 ms - 45[0m
2022-12-12 00:27:56 info: [0mPOST /api/survey-response/getSurveyResponseBySurveyId [32m201[0m 6.271 ms - 45[0m
2022-12-12 00:27:56 info: [0mPOST /api/survey-response/getSurveyResponseBySurveyId [32m201[0m 6.248 ms - 45[0m
2022-12-12 00:27:58 info: [0mPOST /api/survey/getSurveyById [32m200[0m 28.416 ms - -[0m
2022-12-12 00:27:58 info: [0mPOST /api/survey/getSurveyById [32m200[0m 25.538 ms - -[0m
2022-12-12 00:28:14 info: [0mPOST /api/survey-response/saveSurveyResponse [32m201[0m 7.064 ms - 362[0m
2022-12-12 00:28:16 info: [0mPOST /api/survey/getSurveyByOrganizationId [32m200[0m 18.036 ms - -[0m
2022-12-12 00:28:16 info: [0mPOST /api/survey/getSurveyByOrganizationId [32m200[0m 19.848 ms - -[0m
2022-12-12 00:28:16 info: [0mPOST /api/survey-response/getSurveyResponseBySurveyId [32m201[0m 5.465 ms - 360[0m
2022-12-12 00:28:16 info: [0mPOST /api/survey-response/getSurveyResponseBySurveyId [32m201[0m 9.104 ms - 45[0m
2022-12-12 00:28:16 info: [0mPOST /api/survey-response/getSurveyResponseBySurveyId [32m201[0m 8.442 ms - 45[0m
2022-12-12 00:28:16 info: [0mPOST /api/survey-response/getSurveyResponseBySurveyId [32m201[0m 4.873 ms - 45[0m
2022-12-12 00:28:16 info: [0mPOST /api/survey-response/getSurveyResponseBySurveyId [32m201[0m 9.891 ms - 360[0m
2022-12-12 00:28:16 info: [0mPOST /api/survey-response/getSurveyResponseBySurveyId [32m201[0m 9.380 ms - 45[0m
2022-12-12 00:28:16 info: [0mPOST /api/survey-response/getSurveyResponseBySurveyId [32m201[0m 4.739 ms - 45[0m
2022-12-12 00:28:17 info: [0mPOST /api/survey-response/getSurveyResponseBySurveyId [32m201[0m 6.851 ms - 45[0m
2022-12-12 00:31:02 info: [0mPOST /api/survey/getSurveyById [32m200[0m 17.203 ms - -[0m
2022-12-12 00:31:02 info: [0mPOST /api/survey/getSurveyById [32m200[0m 11.311 ms - -[0m
2022-12-12 00:31:07 info: [0mPOST /api/survey/getSurveyById [32m200[0m 18.196 ms - -[0m
2022-12-12 00:31:07 info: [0mPOST /api/survey/getSurveyById [32m200[0m 17.914 ms - -[0m
2022-12-12 00:31:13 info: [0mPOST /api/survey/getSurveyById [32m200[0m 13.605 ms - -[0m
2022-12-12 00:31:18 info: [0mPOST /api/survey/getSurveyById [32m200[0m 14.804 ms - -[0m
2022-12-12 00:32:23 info: [0mPOST /api/survey/getSurveyById [32m200[0m 15.248 ms - -[0m
2022-12-12 00:32:53 info: [0mPOST /api/survey/getSurveyById [32m200[0m 10.010 ms - -[0m
2022-12-12 00:33:06 info: [0mPOST /api/survey-response/saveSurveyResponse [32m201[0m 5.676 ms - 326[0m
2022-12-12 00:33:08 info: [0mPOST /api/survey/getSurveyByOrganizationId [32m200[0m 11.947 ms - -[0m
2022-12-12 00:33:08 info: [0mPOST /api/survey/getSurveyByOrganizationId [32m200[0m 11.751 ms - -[0m
2022-12-12 00:33:08 info: [0mPOST /api/survey-response/getSurveyResponseBySurveyId [32m201[0m 8.325 ms - 360[0m
2022-12-12 00:33:08 info: [0mPOST /api/survey-response/getSurveyResponseBySurveyId [32m201[0m 7.676 ms - 45[0m
2022-12-12 00:33:08 info: [0mPOST /api/survey-response/getSurveyResponseBySurveyId [32m201[0m 7.473 ms - 324[0m
2022-12-12 00:33:09 info: [0mPOST /api/survey-response/getSurveyResponseBySurveyId [32m201[0m 5.037 ms - 45[0m
2022-12-12 00:33:09 info: [0mPOST /api/survey-response/getSurveyResponseBySurveyId [32m201[0m 8.547 ms - 360[0m
2022-12-12 00:33:09 info: [0mPOST /api/survey-response/getSurveyResponseBySurveyId [32m201[0m 7.992 ms - 45[0m
2022-12-12 00:33:09 info: [0mPOST /api/survey-response/getSurveyResponseBySurveyId [32m201[0m 6.406 ms - 324[0m
2022-12-12 00:33:09 info: [0mPOST /api/survey-response/getSurveyResponseBySurveyId [32m201[0m 4.875 ms - 45[0m
2022-12-12 00:33:11 info: [0mPOST /api/survey/getSurveyById [32m200[0m 13.441 ms - -[0m
2022-12-12 00:33:11 info: [0mPOST /api/survey/getSurveyById [32m200[0m 27.105 ms - -[0m
2022-12-12 00:33:24 info: [0mPOST /api/survey-response/saveSurveyResponse [32m201[0m 7.168 ms - 398[0m
2022-12-12 00:33:26 info: [0mPOST /api/survey/getSurveyByOrganizationId [32m200[0m 12.209 ms - -[0m
2022-12-12 00:33:26 info: [0mPOST /api/survey/getSurveyByOrganizationId [32m200[0m 15.089 ms - -[0m
2022-12-12 00:33:26 info: [0mPOST /api/survey-response/getSurveyResponseBySurveyId [32m201[0m 6.671 ms - 360[0m
2022-12-12 00:33:26 info: [0mPOST /api/survey-response/getSurveyResponseBySurveyId [32m201[0m 7.497 ms - 396[0m
2022-12-12 00:33:26 info: [0mPOST /api/survey-response/getSurveyResponseBySurveyId [32m201[0m 7.094 ms - 324[0m
2022-12-12 00:33:26 info: [0mPOST /api/survey-response/getSurveyResponseBySurveyId [32m201[0m 13.461 ms - 45[0m
2022-12-12 00:33:26 info: [0mPOST /api/survey-response/getSurveyResponseBySurveyId [32m201[0m 13.456 ms - 360[0m
2022-12-12 00:33:26 info: [0mPOST /api/survey-response/getSurveyResponseBySurveyId [32m201[0m 13.357 ms - 396[0m
2022-12-12 00:33:26 info: [0mPOST /api/survey-response/getSurveyResponseBySurveyId [32m201[0m 6.951 ms - 324[0m
2022-12-12 00:33:26 info: [0mPOST /api/survey-response/getSurveyResponseBySurveyId [32m201[0m 5.547 ms - 45[0m
2022-12-12 00:33:28 info: [0mPOST /api/survey/getSurveyById [32m200[0m 16.139 ms - -[0m
2022-12-12 00:33:28 info: [0mPOST /api/survey/getSurveyById [32m200[0m 16.171 ms - -[0m
2022-12-12 00:33:36 info: [0mPOST /api/survey-response/saveSurveyResponse [32m201[0m 6.262 ms - 326[0m
2022-12-12 00:33:37 info: [0mPOST /api/survey/getSurveyByOrganizationId [32m200[0m 12.998 ms - -[0m
2022-12-12 00:33:37 info: [0mPOST /api/survey/getSurveyByOrganizationId [32m200[0m 14.511 ms - -[0m
2022-12-12 00:33:37 info: [0mPOST /api/survey-response/getSurveyResponseBySurveyId [32m201[0m 7.350 ms - 360[0m
2022-12-12 00:33:38 info: [0mPOST /api/survey-response/getSurveyResponseBySurveyId [32m201[0m 8.215 ms - 396[0m
2022-12-12 00:33:38 info: [0mPOST /api/survey-response/getSurveyResponseBySurveyId [32m201[0m 7.596 ms - 324[0m
2022-12-12 00:33:38 info: [0mPOST /api/survey-response/getSurveyResponseBySurveyId [32m201[0m 4.694 ms - 324[0m
2022-12-12 00:33:38 info: [0mPOST /api/survey-response/getSurveyResponseBySurveyId [32m201[0m 11.312 ms - 360[0m
2022-12-12 00:33:38 info: [0mPOST /api/survey-response/getSurveyResponseBySurveyId [32m201[0m 10.456 ms - 396[0m
2022-12-12 00:33:38 info: [0mPOST /api/survey-response/getSurveyResponseBySurveyId [32m201[0m 6.286 ms - 324[0m
2022-12-12 00:33:38 info: [0mPOST /api/survey-response/getSurveyResponseBySurveyId [32m201[0m 5.358 ms - 324[0m
2022-12-12 00:34:02 info: [0mPOST /api/survey/getSurveyByOrganizationId [32m200[0m 9.535 ms - -[0m
2022-12-12 00:34:02 info: [0mPOST /api/survey/getSurveyByOrganizationId [32m200[0m 7.865 ms - -[0m
2022-12-12 00:34:03 info: [0mPOST /api/survey-response/getSurveyResponseBySurveyId [32m201[0m 5.609 ms - 360[0m
2022-12-12 00:34:03 info: [0mPOST /api/survey-response/getSurveyResponseBySurveyId [32m201[0m 13.515 ms - 396[0m
2022-12-12 00:34:03 info: [0mPOST /api/survey-response/getSurveyResponseBySurveyId [32m201[0m 13.436 ms - 324[0m
2022-12-12 00:34:03 info: [0mPOST /api/survey-response/getSurveyResponseBySurveyId [32m201[0m 12.820 ms - 324[0m
2022-12-12 00:34:03 info: [0mPOST /api/survey-response/getSurveyResponseBySurveyId [32m201[0m 11.421 ms - 360[0m
2022-12-12 00:34:03 info: [0mPOST /api/survey-response/getSurveyResponseBySurveyId [32m201[0m 10.940 ms - 396[0m
2022-12-12 00:34:03 info: [0mPOST /api/survey-response/getSurveyResponseBySurveyId [32m201[0m 10.961 ms - 324[0m
2022-12-12 00:34:04 info: [0mPOST /api/survey-response/getSurveyResponseBySurveyId [32m201[0m 5.444 ms - 324[0m
2022-12-12 00:35:46 info: [0mPOST /api/preUsers/findPreUserByRun [32m200[0m 21.163 ms - 235[0m
2022-12-12 00:36:07 info: [0mGET /api/organizations/getOrganizations [32m200[0m 6.905 ms - 801[0m
2022-12-12 00:36:08 info: [0mGET /api/organizations/getOrganizations [36m304[0m 5.108 ms - -[0m
2022-12-12 00:38:28 info: [0mGET /api/organizations/getOrganizations [36m304[0m 4.191 ms - -[0m
2022-12-12 00:39:08 info: [0mGET /api/organizations/getOrganizations [36m304[0m 5.635 ms - -[0m
2022-12-12 00:39:55 info: [0mGET /api/organizations/getOrganizations [36m304[0m 5.287 ms - -[0m
2022-12-12 00:40:43 info: [0mGET /api/organizations/getOrganizations [36m304[0m 5.927 ms - -[0m
2022-12-12 00:41:17 info: [0mGET /api/organizations/getOrganizations [36m304[0m 3.971 ms - -[0m
2022-12-12 00:41:24 info: [0mGET /api/organizations/getOrganizations [36m304[0m 4.723 ms - -[0m
2022-12-12 00:41:39 info: [0mGET /api/organizations/getOrganizations [36m304[0m 6.044 ms - -[0m
2022-12-12 00:41:46 info: [0mGET /api/organizations/getOrganizations [36m304[0m 5.437 ms - -[0m
2022-12-12 00:41:46 info: [0mGET /api/organizations/getOrganizations [36m304[0m 3.982 ms - -[0m
2022-12-12 00:49:17 info: =================================
2022-12-12 00:49:17 info: ======= ENV: development =======
2022-12-12 00:49:17 info: 🚀 App listening on the port 5211
2022-12-12 00:49:17 info: =================================
2022-12-12 00:50:27 info: =================================
2022-12-12 00:50:27 info: ======= ENV: development =======
2022-12-12 00:50:27 info: 🚀 App listening on the port 5211
2022-12-12 00:50:27 info: =================================
2022-12-12 00:50:37 info: [0mPOST /api/forgot-password [32m200[0m 6719.310 ms - 502[0m
2022-12-12 00:54:32 info: [0mPOST /api/forgot-password [32m200[0m 5920.756 ms - 502[0m
2022-12-12 00:57:05 info: [0mPOST /api/forgot-password [32m200[0m 7855.935 ms - 502[0m
2022-12-12 00:57:59 info: [0mPOST /api/forgot-password [32m200[0m 6588.038 ms - 502[0m
2022-12-12 17:01:33 info: =================================
2022-12-12 17:01:33 info: ======= ENV: development =======
2022-12-12 17:01:33 info: 🚀 App listening on the port 5211
2022-12-12 17:01:33 info: =================================
