2022-11-21 10:40:16 info: =================================
2022-11-21 10:40:16 info: ======= ENV: development =======
2022-11-21 10:40:16 info: 🚀 App listening on the port 5210
2022-11-21 10:40:16 info: =================================
2022-11-21 10:40:28 info: [0mPOST /api/login [32m200[0m 180.514 ms - -[0m
2022-11-21 10:40:28 info: [0mGET /api/organizations/getOrganizations [32m200[0m 40.814 ms - 869[0m
2022-11-21 10:40:28 info: [0mGET /api/organizations/getOrganizations [36m304[0m 15.341 ms - -[0m
2022-11-21 10:40:30 info: [0mGET /api/organizations/getOrganizations [36m304[0m 9.976 ms - -[0m
2022-11-21 10:40:30 info: [0mGET /api/organizations/getOrganizations [36m304[0m 13.130 ms - -[0m
2022-11-21 10:40:46 info: [0mGET /api/users/getAllSystemUser [32m200[0m 33.279 ms - -[0m
2022-11-21 10:40:46 info: [0mGET /api/users/getAllSystemUser [36m304[0m 25.774 ms - -[0m
2022-11-21 10:40:49 info: [0mGET /api/users/getUsers [32m200[0m 37.803 ms - -[0m
2022-11-21 10:40:52 info: [0mGET /api/users/getAllSystemUser [36m304[0m 19.950 ms - -[0m
2022-11-21 10:43:10 info: [0mGET /api/users/getUsers [36m304[0m 18.256 ms - -[0m
2022-11-21 10:43:14 info: [0mGET /api/users/getAllSystemUser [36m304[0m 26.282 ms - -[0m
2022-11-21 10:43:23 info: [0mPOST /api/roles/getRolesById/organization/ [32m200[0m 9.319 ms - 712[0m
2022-11-21 10:43:23 info: [0mPOST /api/roles/getRolesById/organization/ [32m200[0m 8.761 ms - 712[0m
2022-11-21 10:43:28 info: [0mPOST /api/roles/getRolesById/organization/ [32m200[0m 10.186 ms - 712[0m
2022-11-21 10:43:28 info: [0mPOST /api/roles/getRolesById/organization/ [32m200[0m 9.842 ms - 712[0m
2022-11-21 10:43:42 info: [0mPOST /api/organizations/getOrgById [32m200[0m 45.976 ms - 353[0m
2022-11-21 10:43:42 info: [0mPOST /api/organizations/getOrgById [32m200[0m 39.477 ms - 353[0m
2022-11-21 10:43:42 info: [0mPOST /api/roles/getRolesById/organization/ [32m200[0m 10.721 ms - 712[0m
2022-11-21 10:43:42 info: [0mPOST /api/roles/getRolesById/organization/ [32m200[0m 7.719 ms - 712[0m
2022-11-21 10:44:00 info: [0mPOST /api/organizations/editOrg [32m201[0m 41.086 ms - 347[0m
2022-11-21 10:44:06 info: [0mGET /api/organizations/getOrganizations [32m200[0m 12.122 ms - 867[0m
2022-11-21 10:44:06 info: [0mGET /api/organizations/getOrganizations [36m304[0m 37.252 ms - -[0m
2022-11-21 10:44:11 info: [0mGET /api/users/getAllSystemUser [36m304[0m 19.967 ms - -[0m
2022-11-21 10:44:11 info: [0mGET /api/users/getAllSystemUser [36m304[0m 29.601 ms - -[0m
2022-11-21 10:44:14 info: [0mGET /api/users/getUsers [32m200[0m 27.482 ms - -[0m
2022-11-21 10:44:34 info: [0mGET /api/organizations/getOrganizations [36m304[0m 9.498 ms - -[0m
2022-11-21 10:44:34 info: [0mGET /api/organizations/getOrganizations [36m304[0m 7.659 ms - -[0m
2022-11-21 10:49:17 info: [0mGET /api/users/getAllSystemUser [36m304[0m 16.420 ms - -[0m
2022-11-21 10:49:33 info: [0mGET /api/users/getUsers [36m304[0m 15.675 ms - -[0m
2022-11-21 10:49:50 info: [0mPOST /api/roles/getRolesById/organization/ [32m200[0m 9.596 ms - 712[0m
2022-11-21 10:49:50 info: [0mPOST /api/roles/getRolesById/organization/ [32m200[0m 10.506 ms - 712[0m
2022-11-21 11:01:17 info: [0mPOST /api/organizations/getOrgById [32m200[0m 13.228 ms - 542[0m
2022-11-21 11:01:17 info: [0mPOST /api/organizations/getOrgById [32m200[0m 12.555 ms - 542[0m
2022-11-21 11:01:17 info: [0mPOST /api/roles/getRolesById/organization/ [32m200[0m 15.282 ms - 712[0m
2022-11-21 11:01:17 info: [0mPOST /api/roles/getRolesById/organization/ [32m200[0m 8.375 ms - 712[0m
2022-11-21 11:02:00 info: [0mGET /api/users/getAllSystemUser [36m304[0m 13.220 ms - -[0m
2022-11-21 11:02:04 info: [0mGET /api/users/getUsers [36m304[0m 15.755 ms - -[0m
2022-11-21 11:02:07 info: [0mGET /api/users/getAllSystemUser [36m304[0m 14.316 ms - -[0m
2022-11-21 11:06:40 info: =================================
2022-11-21 11:06:40 info: ======= ENV: development =======
2022-11-21 11:06:40 info: 🚀 App listening on the port 5210
2022-11-21 11:06:40 info: =================================
2022-11-21 11:07:42 info: =================================
2022-11-21 11:07:42 info: ======= ENV: development =======
2022-11-21 11:07:42 info: 🚀 App listening on the port 5210
2022-11-21 11:07:42 info: =================================
2022-11-21 11:08:06 info: [0mGET /api/users/getAllSystemUser [32m200[0m 83.039 ms - -[0m
2022-11-21 11:08:06 info: [0mGET /api/users/getAllSystemUser [36m304[0m 17.745 ms - -[0m
2022-11-21 11:08:11 info: [0mGET /api/users/getUsers [36m304[0m 51.505 ms - -[0m
2022-11-21 11:08:14 info: [0mGET /api/users/getAllSystemUser [36m304[0m 24.732 ms - -[0m
2022-11-21 11:08:29 info: [0mGET /api/users/getUsers [36m304[0m 30.880 ms - -[0m
2022-11-21 11:09:28 info: [0mGET /api/users/getAllSystemUser [36m304[0m 19.803 ms - -[0m
2022-11-21 11:09:29 info: [0mGET /api/organizations/getOrganizations [36m304[0m 23.630 ms - -[0m
2022-11-21 11:09:30 info: [0mGET /api/organizations/getOrganizations [36m304[0m 7.030 ms - -[0m
2022-11-21 11:09:33 info: [0mGET /api/organizations/getOrganizations [36m304[0m 9.355 ms - -[0m
2022-11-21 11:09:34 info: [0mGET /api/organizations/getOrganizations [36m304[0m 8.675 ms - -[0m
2022-11-21 11:39:10 info: =================================
2022-11-21 11:39:10 info: ======= ENV: development =======
2022-11-21 11:39:10 info: 🚀 App listening on the port 5210
2022-11-21 11:39:10 info: =================================
2022-11-21 11:40:18 info: [0mPOST /api/login [32m200[0m 154.042 ms - -[0m
2022-11-21 11:40:18 info: [0mGET /api/organizations/getOrganizations [36m304[0m 32.338 ms - -[0m
2022-11-21 11:40:18 info: [0mGET /api/organizations/getOrganizations [36m304[0m 20.696 ms - -[0m
2022-11-21 11:40:22 info: [0mGET /api/organizations/getOrganizations [36m304[0m 15.671 ms - -[0m
2022-11-21 11:40:22 info: [0mGET /api/organizations/getOrganizations [36m304[0m 20.950 ms - -[0m
2022-11-21 11:41:19 info: [0mGET /api/users/getUsers [36m304[0m 68.183 ms - -[0m
2022-11-21 11:41:19 info: [0mGET /api/users/getAllSystemUser [32m200[0m 62.470 ms - -[0m
2022-11-21 11:41:19 info: [0mGET /api/users/getAllSystemUser [36m304[0m 28.026 ms - -[0m
2022-11-21 11:41:24 info: [0mGET /api/users/getAllSystemUser [36m304[0m 24.290 ms - -[0m
2022-11-21 11:41:25 info: [0mGET /api/users/getUsers [36m304[0m 22.428 ms - -[0m
2022-11-21 11:42:19 info: [0mPOST /api/roles/getRolesById/organization/ [32m200[0m 32.452 ms - 712[0m
2022-11-21 11:42:19 info: [0mPOST /api/roles/getRolesById/organization/ [32m200[0m 30.619 ms - 712[0m
2022-11-21 11:43:06 info: [0mPOST /api/users/createUser [32m201[0m 135.750 ms - 489[0m
2022-11-21 11:43:08 info: [0mGET /api/users/getAllSystemUser [36m304[0m 21.259 ms - -[0m
2022-11-21 11:43:09 info: [0mGET /api/users/getAllSystemUser [36m304[0m 18.916 ms - -[0m
2022-11-21 11:43:10 info: [0mGET /api/organizations/getOrganizations [32m200[0m 8.704 ms - 894[0m
2022-11-21 11:43:21 info: [0mGET /api/users/getAllSystemUser [36m304[0m 13.961 ms - -[0m
2022-11-21 11:43:22 info: [0mGET /api/users/getUsers [32m200[0m 30.537 ms - -[0m
2022-11-21 11:43:28 info: [0mGET /api/users/getAllSystemUser [36m304[0m 18.160 ms - -[0m
2022-11-21 11:43:38 info: [0mPOST /api/organizations/getOrgById [32m200[0m 20.379 ms - 378[0m
2022-11-21 11:43:38 info: [0mPOST /api/organizations/getOrgById [32m200[0m 17.772 ms - 378[0m
2022-11-21 11:43:38 info: [0mPOST /api/roles/getRolesById/organization/ [32m200[0m 13.878 ms - 712[0m
2022-11-21 11:43:38 info: [0mPOST /api/roles/getRolesById/organization/ [32m200[0m 6.191 ms - 712[0m
2022-11-21 11:43:49 info: [0mGET /api/users/getUsers [36m304[0m 25.703 ms - -[0m
2022-11-21 11:43:54 info: [0mPOST /api/users/getUserById [32m200[0m 36.451 ms - -[0m
2022-11-21 11:43:54 info: [0mPOST /api/users/getUserById [32m200[0m 34.708 ms - -[0m
2022-11-21 11:43:54 info: [0mPOST /api/roles/getRolesById/organization/ [32m200[0m 13.393 ms - 712[0m
2022-11-21 11:43:54 info: [0mPOST /api/roles/getRolesById/organization/ [32m200[0m 12.351 ms - 712[0m
2022-11-21 11:44:04 info: [0mPOST /api/users/editUser [32m200[0m 8.263 ms - 491[0m
2022-11-21 11:44:06 info: [0mGET /api/users/getAllSystemUser [36m304[0m 18.655 ms - -[0m
2022-11-21 11:44:06 info: [0mGET /api/users/getAllSystemUser [36m304[0m 14.574 ms - -[0m
2022-11-21 11:44:10 info: [0mGET /api/users/getAllSystemUser [36m304[0m 42.005 ms - -[0m
2022-11-21 11:44:11 info: [0mGET /api/users/getUsers [32m200[0m 37.715 ms - -[0m
2022-11-21 11:44:17 info: [0mPOST /api/users/getUserById [32m200[0m 19.405 ms - -[0m
2022-11-21 11:44:17 info: [0mPOST /api/users/getUserById [32m200[0m 18.676 ms - -[0m
2022-11-21 11:44:18 info: [0mPOST /api/roles/getRolesById/organization/ [32m200[0m 9.545 ms - 712[0m
2022-11-21 11:44:18 info: [0mPOST /api/roles/getRolesById/organization/ [32m200[0m 10.908 ms - 712[0m
2022-11-21 11:45:20 info: [0mPOST /api/roles/getRolesById/organization/ [32m200[0m 15.479 ms - 712[0m
2022-11-21 11:45:20 info: [0mPOST /api/roles/getRolesById/organization/ [32m200[0m 15.304 ms - 712[0m
2022-11-21 11:45:58 info: [0mPOST /api/users/createUser [32m201[0m 76.198 ms - 498[0m
2022-11-21 11:46:00 info: [0mGET /api/users/getAllSystemUser [36m304[0m 26.707 ms - -[0m
2022-11-21 11:46:00 info: [0mGET /api/users/getAllSystemUser [36m304[0m 14.320 ms - -[0m
2022-11-21 11:46:00 info: [0mGET /api/organizations/getOrganizations [32m200[0m 10.403 ms - 921[0m
2022-11-21 11:46:08 info: [0mGET /api/users/getAllSystemUser [36m304[0m 17.298 ms - -[0m
2022-11-21 11:46:09 info: [0mGET /api/users/getUsers [32m200[0m 22.801 ms - -[0m
2022-11-21 11:46:15 info: [0mGET /api/users/getAllSystemUser [36m304[0m 19.463 ms - -[0m
2022-11-21 11:46:29 info: [0mGET /api/users/getUsers [36m304[0m 21.486 ms - -[0m
2022-11-21 11:46:50 info: [0mGET /api/users/getAllSystemUser [36m304[0m 15.972 ms - -[0m
2022-11-21 11:47:32 info: [0mGET /api/organizations/getOrganizations [36m304[0m 9.612 ms - -[0m
2022-11-21 11:47:43 info: [0mGET /api/organizations/getOrganizations [36m304[0m 8.403 ms - -[0m
2022-11-21 11:48:50 info: [0mGET /api/organizations/getOrganizations [36m304[0m 8.371 ms - -[0m
2022-11-21 11:49:17 info: [0mGET /api/organizations/getOrganizations [36m304[0m 24.979 ms - -[0m
2022-11-21 11:49:31 info: [0mGET /api/users/getUsers [36m304[0m 24.693 ms - -[0m
2022-11-21 11:49:39 info: [0mGET /api/users/getAllSystemUser [36m304[0m 14.668 ms - -[0m
2022-11-21 11:52:05 info: [0mGET /api/organizations/getOrganizations [36m304[0m 14.307 ms - -[0m
2022-11-21 11:52:45 info: [0mGET /api/organizations/getOrganizations [36m304[0m 22.535 ms - -[0m
2022-11-21 11:53:30 info: [0mGET /api/organizations/getOrganizations [36m304[0m 7.229 ms - -[0m
2022-11-21 11:54:44 info: [0mGET /api/organizations/getOrganizations [36m304[0m 10.238 ms - -[0m
2022-11-21 11:54:59 info: [0mGET /api/organizations/getOrganizations [36m304[0m 11.902 ms - -[0m
2022-11-21 11:55:27 info: [0mGET /api/organizations/getOrganizations [36m304[0m 15.949 ms - -[0m
2022-11-21 11:56:13 info: [0mGET /api/organizations/getOrganizations [36m304[0m 10.123 ms - -[0m
2022-11-21 11:56:59 info: [0mGET /api/organizations/getOrganizations [36m304[0m 8.512 ms - -[0m
2022-11-21 11:57:29 info: [0mGET /api/organizations/getOrganizations [36m304[0m 13.508 ms - -[0m
2022-11-21 11:57:46 info: [0mGET /api/organizations/getOrganizations [36m304[0m 8.250 ms - -[0m
2022-11-21 11:59:12 info: [0mGET /api/organizations/getOrganizations [36m304[0m 8.996 ms - -[0m
2022-11-21 11:59:13 info: [0mGET /api/organizations/getOrganizations [36m304[0m 5.701 ms - -[0m
2022-11-21 11:59:24 info: [0mGET /api/organizations/getOrganizations [36m304[0m 9.663 ms - -[0m
2022-11-21 11:59:24 info: [0mGET /api/organizations/getOrganizations [36m304[0m 6.409 ms - -[0m
2022-11-21 11:59:26 info: [0mGET /api/users/getAllSystemUser [36m304[0m 20.087 ms - -[0m
2022-11-21 11:59:26 info: [0mGET /api/users/getAllSystemUser [36m304[0m 18.590 ms - -[0m
2022-11-21 11:59:27 info: [0mGET /api/users/getUsers [36m304[0m 24.136 ms - -[0m
2022-11-21 12:00:05 info: [0mGET /api/organizations/getOrganizations [36m304[0m 19.174 ms - -[0m
2022-11-21 12:00:05 info: [0mGET /api/organizations/getOrganizations [36m304[0m 6.174 ms - -[0m
2022-11-21 12:01:16 info: [0mGET /api/organizations/getOrganizations [36m304[0m 9.510 ms - -[0m
2022-11-21 12:06:14 info: [0mGET /api/organizations/getOrganizations [36m304[0m 13.862 ms - -[0m
2022-11-21 12:07:06 info: [0mGET /api/organizations/getOrganizations [36m304[0m 5.241 ms - -[0m
2022-11-21 12:07:18 info: [0mGET /api/organizations/getOrganizations [36m304[0m 10.006 ms - -[0m
2022-11-21 12:11:58 info: [0mGET /api/organizations/getOrganizations [36m304[0m 7.963 ms - -[0m
2022-11-21 12:12:02 info: [0mGET /api/users/getAllSystemUser [36m304[0m 23.183 ms - -[0m
2022-11-21 12:12:03 info: [0mGET /api/users/getAllSystemUser [36m304[0m 17.167 ms - -[0m
2022-11-21 12:14:28 info: [0mGET /api/users/getAllSystemUser [32m200[0m 20.637 ms - -[0m
2022-11-21 12:14:28 info: [0mGET /api/users/getAllSystemUser [36m304[0m 26.416 ms - -[0m
2022-11-21 12:14:30 info: [0mGET /api/users/getUsers [32m200[0m 39.512 ms - -[0m
2022-11-21 12:16:11 info: [0mGET /api/users/getAllSystemUser [32m200[0m 24.279 ms - -[0m
2022-11-21 12:16:11 info: [0mGET /api/users/getAllSystemUser [32m200[0m 18.811 ms - -[0m
2022-11-21 12:17:27 info: [0mGET /api/organizations/getOrganizations [36m304[0m 13.861 ms - -[0m
2022-11-21 12:17:28 info: [0mGET /api/organizations/getOrganizations [36m304[0m 6.115 ms - -[0m
2022-11-21 12:17:29 info: [0mGET /api/organizations/getOrganizations [36m304[0m 10.655 ms - -[0m
2022-11-21 12:17:29 info: [0mGET /api/organizations/getOrganizations [36m304[0m 5.715 ms - -[0m
2022-11-21 12:49:39 info: [0mGET /api/organizations/getOrganizations [36m304[0m 9.781 ms - -[0m
2022-11-21 12:49:39 info: [0mGET /api/organizations/getOrganizations [36m304[0m 7.991 ms - -[0m
2022-11-21 12:51:40 info: [0mGET /api/organizations/getOrganizations [32m200[0m 9.973 ms - 921[0m
2022-11-21 12:51:40 info: [0mGET /api/organizations/getOrganizations [32m200[0m 9.135 ms - 921[0m
2022-11-21 12:51:45 info: [0mGET /api/users/getAllSystemUser [36m304[0m 22.713 ms - -[0m
2022-11-21 12:51:46 info: [0mGET /api/users/getAllSystemUser [36m304[0m 21.358 ms - -[0m
2022-11-21 12:52:17 info: [0mGET /api/users/getAllSystemUser [32m200[0m 28.107 ms - -[0m
2022-11-21 12:52:17 info: [0mGET /api/users/getAllSystemUser [32m200[0m 12.597 ms - -[0m
2022-11-21 15:01:55 info: =================================
2022-11-21 15:01:55 info: ======= ENV: development =======
2022-11-21 15:01:55 info: 🚀 App listening on the port 5210
2022-11-21 15:01:55 info: =================================
2022-11-21 15:01:57 info: [0mGET /api/users/getAllSystemUser [32m200[0m 79.635 ms - -[0m
2022-11-21 15:01:57 info: [0mGET /api/users/getAllSystemUser [36m304[0m 16.558 ms - -[0m
2022-11-21 15:04:23 info: [0mGET /api/users/getUsers [36m304[0m 64.281 ms - -[0m
2022-11-21 15:04:27 info: [0mGET /api/users/getAllSystemUser [36m304[0m 18.904 ms - -[0m
2022-11-21 15:04:31 info: [0mGET /api/users/getUsers [36m304[0m 33.556 ms - -[0m
2022-11-21 15:04:42 info: [0mPOST /api/users/getUserById [32m200[0m 59.281 ms - -[0m
2022-11-21 15:04:42 info: [0mPOST /api/users/getUserById [32m200[0m 21.333 ms - -[0m
2022-11-21 15:04:43 info: [0mPOST /api/roles/getRolesById/organization/ [32m200[0m 17.252 ms - 712[0m
2022-11-21 15:04:43 info: [0mPOST /api/roles/getRolesById/organization/ [32m200[0m 15.094 ms - 712[0m
2022-11-21 15:04:48 info: [0mPOST /api/users/getUserById [32m200[0m 20.947 ms - -[0m
2022-11-21 15:04:48 info: [0mPOST /api/users/getUserById [32m200[0m 19.642 ms - -[0m
2022-11-21 15:04:48 info: [0mPOST /api/roles/getRolesById/organization/ [32m200[0m 17.539 ms - 712[0m
2022-11-21 15:04:48 info: [0mPOST /api/roles/getRolesById/organization/ [32m200[0m 15.045 ms - 712[0m
2022-11-21 15:04:51 info: [0mPOST /api/users/getUserById [32m200[0m 21.898 ms - -[0m
2022-11-21 15:04:51 info: [0mPOST /api/users/getUserById [32m200[0m 21.051 ms - -[0m
2022-11-21 15:04:51 info: [0mPOST /api/roles/getRolesById/organization/ [32m200[0m 10.905 ms - 712[0m
2022-11-21 15:04:51 info: [0mPOST /api/roles/getRolesById/organization/ [32m200[0m 11.497 ms - 712[0m
2022-11-21 15:04:54 info: [0mPOST /api/users/getUserById [32m200[0m 19.385 ms - -[0m
2022-11-21 15:04:54 info: [0mPOST /api/users/getUserById [32m200[0m 20.060 ms - -[0m
2022-11-21 15:04:54 info: [0mPOST /api/roles/getRolesById/organization/ [32m200[0m 5.225 ms - 712[0m
2022-11-21 15:04:54 info: [0mPOST /api/roles/getRolesById/organization/ [32m200[0m 7.825 ms - 712[0m
2022-11-21 15:05:03 info: [0mPOST /api/users/getUserById [32m200[0m 24.668 ms - -[0m
2022-11-21 15:05:03 info: [0mPOST /api/users/getUserById [32m200[0m 28.780 ms - -[0m
2022-11-21 15:05:03 info: [0mPOST /api/roles/getRolesById/organization/ [32m200[0m 10.476 ms - 712[0m
2022-11-21 15:05:03 info: [0mPOST /api/roles/getRolesById/organization/ [32m200[0m 11.575 ms - 712[0m
2022-11-21 15:06:21 info: [0mPOST /api/users/getUserById [32m200[0m 18.250 ms - -[0m
2022-11-21 15:06:21 info: [0mPOST /api/users/getUserById [32m200[0m 17.951 ms - -[0m
2022-11-21 15:06:21 info: [0mPOST /api/roles/getRolesById/organization/ [32m200[0m 9.946 ms - 712[0m
2022-11-21 15:06:21 info: [0mPOST /api/roles/getRolesById/organization/ [32m200[0m 9.265 ms - 712[0m
2022-11-21 15:06:25 info: [0mGET /api/users/getAllSystemUser [36m304[0m 14.789 ms - -[0m
2022-11-21 15:06:30 info: [0mGET /api/roles/getRolesAdmin [32m200[0m 20.972 ms - 892[0m
2022-11-21 15:06:31 info: [0mGET /api/roles/getRolesAdmin [36m304[0m 10.065 ms - -[0m
2022-11-21 15:07:12 info: [0mGET /api/organizations/getOrganizations [32m200[0m 12.168 ms - 921[0m
2022-11-21 15:07:12 info: [0mGET /api/organizations/getOrganizations [36m304[0m 9.649 ms - -[0m
2022-11-21 15:07:13 info: [0mGET /api/users/getAllSystemUser [36m304[0m 13.149 ms - -[0m
2022-11-21 15:07:14 info: [0mGET /api/users/getAllSystemUser [36m304[0m 14.365 ms - -[0m
2022-11-21 15:12:41 info: [0mGET /api/users/getUsers [36m304[0m 19.603 ms - -[0m
2022-11-21 15:12:43 info: [0mGET /api/users/getAllSystemUser [36m304[0m 12.026 ms - -[0m
2022-11-21 15:12:44 info: [0mGET /api/organizations/getOrganizations [36m304[0m 7.172 ms - -[0m
2022-11-21 15:12:44 info: [0mGET /api/organizations/getOrganizations [36m304[0m 5.567 ms - -[0m
2022-11-21 15:17:46 info: =================================
2022-11-21 15:17:46 info: ======= ENV: development =======
2022-11-21 15:17:46 info: 🚀 App listening on the port 5210
2022-11-21 15:17:46 info: =================================
2022-11-21 15:18:33 info: [0mGET /api/organizations/getOrganizations [32m200[0m 26.279 ms - 921[0m
2022-11-21 15:18:33 info: [0mGET /api/organizations/getOrganizations [36m304[0m 8.436 ms - -[0m
2022-11-21 15:18:36 info: [0mGET /api/users/getAllSystemUser [32m200[0m 28.793 ms - -[0m
2022-11-21 15:18:36 info: [0mGET /api/users/getAllSystemUser [36m304[0m 13.533 ms - -[0m
2022-11-21 15:18:41 info: [0mGET /api/organizations/getOrganizations [36m304[0m 7.646 ms - -[0m
2022-11-21 15:18:41 info: [0mGET /api/organizations/getOrganizations [36m304[0m 7.331 ms - -[0m
2022-11-21 15:18:42 info: [0mGET /api/organizations/getOrganizations [36m304[0m 10.181 ms - -[0m
2022-11-21 15:18:42 info: [0mGET /api/organizations/getOrganizations [36m304[0m 6.791 ms - -[0m
2022-11-21 15:18:48 info: [0mGET /api/organizations/getOrganizations [36m304[0m 7.608 ms - -[0m
2022-11-21 15:18:48 info: [0mGET /api/organizations/getOrganizations [36m304[0m 7.296 ms - -[0m
2022-11-21 15:18:59 info: [0mGET /api/users/getAllSystemUser [36m304[0m 28.357 ms - -[0m
2022-11-21 15:18:59 info: [0mGET /api/users/getAllSystemUser [36m304[0m 16.575 ms - -[0m
2022-11-21 15:19:00 info: [0mGET /api/users/getUsers [36m304[0m 22.586 ms - -[0m
2022-11-21 15:23:55 info: [0mGET /api/users/getAllSystemUser [36m304[0m 15.251 ms - -[0m
2022-11-21 15:24:01 info: [0mGET /api/users/getUsers [36m304[0m 22.582 ms - -[0m
2022-11-21 15:24:13 info: [0mPOST /api/roles/getRolesById/organization/ [32m200[0m 28.996 ms - 712[0m
2022-11-21 15:24:14 info: [0mPOST /api/roles/getRolesById/organization/ [32m200[0m 7.219 ms - 712[0m
2022-11-21 15:24:15 info: [0mGET /api/organizations/getOrganizations [36m304[0m 7.277 ms - -[0m
2022-11-21 15:25:06 info: [0mGET /api/users/getAllSystemUser [36m304[0m 16.161 ms - -[0m
2022-11-21 15:25:12 info: [0mGET /api/users/getUsers [36m304[0m 22.908 ms - -[0m
2022-11-21 15:31:02 info: [0mGET /api/users/getAllSystemUser [36m304[0m 11.319 ms - -[0m
2022-11-21 15:51:12 info: [0mGET /api/users/getUsers [36m304[0m 28.427 ms - -[0m
2022-11-21 15:51:14 info: [0mGET /api/users/getAllSystemUser [36m304[0m 14.995 ms - -[0m
2022-11-21 15:53:30 info: [0mGET /api/organizations/getOrganizations [36m304[0m 6.406 ms - -[0m
2022-11-21 15:53:48 info: [0mGET /api/organizations/getOrganizations [36m304[0m 10.450 ms - -[0m
2022-11-21 15:53:53 info: [0mGET /api/organizations/getOrganizations [32m200[0m 10.941 ms - 921[0m
2022-11-21 15:53:53 info: [0mGET /api/organizations/getOrganizations [32m200[0m 15.089 ms - 921[0m
2022-11-21 15:55:05 info: [0mGET /api/organizations/getOrganizations [36m304[0m 7.341 ms - -[0m
2022-11-21 15:55:28 info: [0mGET /api/organizations/getOrganizations [36m304[0m 17.312 ms - -[0m
2022-11-21 15:56:09 info: [0mGET /api/organizations/getOrganizations [36m304[0m 15.700 ms - -[0m
2022-11-21 15:56:22 info: [0mGET /api/organizations/getOrganizations [36m304[0m 7.776 ms - -[0m
