2022-12-09 00:04:26 info: [0mPOST /api/survey/getSurveyById [32m200[0m 18.806 ms - -[0m
2022-12-09 00:04:26 info: [0mPOST /api/survey/getSurveyById [32m200[0m 21.024 ms - -[0m
2022-12-09 00:04:38 info: =================================
2022-12-09 00:04:38 info: ======= ENV: development =======
2022-12-09 00:04:38 info: 🚀 App listening on the port 5211
2022-12-09 00:04:38 info: =================================
2022-12-09 00:04:44 info: [0mPOST /api/survey/getSurveyByOrganizationId [32m200[0m 84.241 ms - -[0m
2022-12-09 00:04:44 info: [0mPOST /api/survey/getSurveyByOrganizationId [32m200[0m 42.672 ms - -[0m
2022-12-09 00:04:46 info: [0mPOST /api/survey/getSurveyById [32m200[0m 56.444 ms - -[0m
2022-12-09 00:04:46 info: [0mPOST /api/survey/getSurveyById [32m200[0m 60.444 ms - -[0m
2022-12-09 00:12:09 info: [0mPOST /api/survey/getSurveyById [32m200[0m 37.098 ms - -[0m
2022-12-09 00:12:09 info: [0mPOST /api/survey/getSurveyById [32m200[0m 35.839 ms - -[0m
2022-12-09 00:19:02 info: [0mPOST /api/survey/getSurveyByOrganizationId [32m200[0m 17.835 ms - -[0m
2022-12-09 00:19:02 info: [0mPOST /api/survey/getSurveyByOrganizationId [32m200[0m 27.892 ms - -[0m
2022-12-09 00:23:30 info: [0mPOST /api/survey/getSurveyById [32m200[0m 27.893 ms - -[0m
2022-12-09 00:23:30 info: [0mPOST /api/survey/getSurveyById [32m200[0m 27.824 ms - -[0m
2022-12-09 00:23:36 info: [0mPOST /api/survey/getSurveyById [32m200[0m 29.980 ms - -[0m
2022-12-09 00:23:36 info: [0mPOST /api/survey/getSurveyById [32m200[0m 37.415 ms - -[0m
2022-12-09 00:24:36 info: [0mPOST /api/survey/getSurveyById [32m200[0m 11.840 ms - -[0m
2022-12-09 00:27:36 info: [0mPOST /api/survey/getSurveyByOrganizationId [32m200[0m 23.664 ms - -[0m
2022-12-09 00:27:36 info: [0mPOST /api/survey/getSurveyByOrganizationId [32m200[0m 28.928 ms - -[0m
2022-12-09 00:27:39 info: [0mPOST /api/survey/getSurveyById [32m200[0m 29.259 ms - -[0m
2022-12-09 00:27:39 info: [0mPOST /api/survey/getSurveyById [32m200[0m 35.459 ms - -[0m
2022-12-09 00:34:07 info: [0mPOST /api/survey/getSurveyByOrganizationId [32m200[0m 25.519 ms - -[0m
2022-12-09 00:34:07 info: [0mPOST /api/survey/getSurveyByOrganizationId [32m200[0m 28.005 ms - -[0m
2022-12-09 00:34:09 info: [0mPOST /api/survey/getSurveyById [32m200[0m 31.897 ms - -[0m
2022-12-09 00:34:09 info: [0mPOST /api/survey/getSurveyById [32m200[0m 34.033 ms - -[0m
2022-12-09 00:35:01 info: [0mPOST /api/survey/getSurveyById [32m200[0m 21.407 ms - -[0m
2022-12-09 00:35:01 info: [0mPOST /api/survey/getSurveyById [32m200[0m 16.214 ms - -[0m
2022-12-09 00:35:06 info: [0mPOST /api/survey/getSurveyById [32m200[0m 21.733 ms - -[0m
2022-12-09 00:35:06 info: [0mPOST /api/survey/getSurveyById [32m200[0m 19.881 ms - -[0m
2022-12-09 00:35:14 info: [0mPOST /api/survey/getSurveyById [32m200[0m 32.125 ms - -[0m
2022-12-09 00:35:14 info: [0mPOST /api/survey/getSurveyById [32m200[0m 39.683 ms - -[0m
2022-12-09 00:37:52 info: [0mPOST /api/survey/getSurveyById [32m200[0m 20.511 ms - -[0m
2022-12-09 00:37:52 info: [0mPOST /api/survey/getSurveyById [32m200[0m 20.265 ms - -[0m
2022-12-09 00:40:22 info: [0mPOST /api/survey/getSurveyById [32m200[0m 18.485 ms - -[0m
2022-12-09 00:40:22 info: [0mPOST /api/survey/getSurveyById [32m200[0m 15.738 ms - -[0m
2022-12-09 00:41:16 info: [0mPOST /api/survey/getSurveyById [32m200[0m 40.931 ms - -[0m
2022-12-09 00:41:16 info: [0mPOST /api/survey/getSurveyById [32m200[0m 40.486 ms - -[0m
2022-12-09 00:42:19 info: [0mPOST /api/survey/getSurveyById [32m200[0m 38.020 ms - -[0m
2022-12-09 00:42:19 info: [0mPOST /api/survey/getSurveyById [32m200[0m 22.101 ms - -[0m
2022-12-09 00:43:21 info: [0mPOST /api/survey/getSurveyById [32m200[0m 34.423 ms - -[0m
2022-12-09 00:43:21 info: [0mPOST /api/survey/getSurveyById [32m200[0m 34.487 ms - -[0m
2022-12-09 00:43:30 info: [0mPOST /api/survey/getSurveyById [32m200[0m 32.813 ms - -[0m
2022-12-09 00:43:30 info: [0mPOST /api/survey/getSurveyById [32m200[0m 34.505 ms - -[0m
2022-12-09 00:44:42 info: [0mPOST /api/survey/getSurveyById [32m200[0m 22.203 ms - -[0m
2022-12-09 00:44:42 info: [0mPOST /api/survey/getSurveyById [32m200[0m 23.802 ms - -[0m
2022-12-09 00:46:07 info: [0mPOST /api/survey/getSurveyById [32m200[0m 45.120 ms - -[0m
2022-12-09 00:46:07 info: [0mPOST /api/survey/getSurveyById [32m200[0m 25.568 ms - -[0m
2022-12-09 00:48:23 info: [0mPOST /api/survey/getSurveyById [32m200[0m 22.752 ms - -[0m
2022-12-09 00:48:23 info: [0mPOST /api/survey/getSurveyById [32m200[0m 23.361 ms - -[0m
2022-12-09 00:48:52 info: [0mPOST /api/survey/getSurveyById [32m200[0m 22.913 ms - -[0m
2022-12-09 00:48:52 info: [0mPOST /api/survey/getSurveyById [32m200[0m 23.843 ms - -[0m
2022-12-09 00:49:29 info: [0mPOST /api/survey/getSurveyById [32m200[0m 20.788 ms - -[0m
2022-12-09 00:49:29 info: [0mPOST /api/survey/getSurveyById [32m200[0m 22.914 ms - -[0m
2022-12-09 00:50:07 info: [0mPOST /api/survey/getSurveyById [32m200[0m 14.975 ms - -[0m
2022-12-09 00:50:07 info: [0mPOST /api/survey/getSurveyById [32m200[0m 22.688 ms - -[0m
2022-12-09 00:52:05 info: [0mPOST /api/survey/getSurveyById [32m200[0m 27.028 ms - -[0m
2022-12-09 00:52:05 info: [0mPOST /api/survey/getSurveyById [32m200[0m 26.524 ms - -[0m
2022-12-09 00:53:47 info: [0mPOST /api/survey/getSurveyById [32m200[0m 18.517 ms - -[0m
2022-12-09 00:53:47 info: [0mPOST /api/survey/getSurveyById [32m200[0m 15.441 ms - -[0m
2022-12-09 00:57:58 info: [0mPOST /api/survey/getSurveyById [32m200[0m 18.174 ms - -[0m
2022-12-09 00:58:19 info: [0mPOST /api/survey/getSurveyById [32m200[0m 14.420 ms - -[0m
2022-12-09 01:03:24 info: [0mPOST /api/survey/getSurveyById [32m200[0m 21.050 ms - -[0m
2022-12-09 01:03:25 info: [0mPOST /api/survey/getSurveyById [32m200[0m 12.787 ms - -[0m
2022-12-09 01:03:44 info: [0mPOST /api/survey/getSurveyById [32m200[0m 12.694 ms - -[0m
2022-12-09 01:04:32 info: [0mPOST /api/survey/getSurveyById [32m200[0m 16.069 ms - -[0m
2022-12-09 01:04:53 info: [0mPOST /api/survey/getSurveyById [32m200[0m 14.112 ms - -[0m
2022-12-09 01:05:14 info: [0mPOST /api/survey/getSurveyById [32m200[0m 21.816 ms - -[0m
2022-12-09 01:05:18 info: [0mPOST /api/survey/getSurveyById [32m200[0m 11.802 ms - -[0m
2022-12-09 01:05:22 info: [0mPOST /api/survey/getSurveyById [32m200[0m 14.359 ms - -[0m
2022-12-09 01:08:50 info: [0mPOST /api/survey/getSurveyById [32m200[0m 11.669 ms - -[0m
2022-12-09 01:14:21 info: [0mPOST /api/survey/getSurveyById [32m200[0m 20.218 ms - -[0m
2022-12-09 01:14:21 info: [0mPOST /api/survey/getSurveyById [32m200[0m 21.403 ms - -[0m
2022-12-09 01:16:43 info: [0mPOST /api/survey/getSurveyById [32m200[0m 22.673 ms - -[0m
2022-12-09 01:16:43 info: [0mPOST /api/survey/getSurveyById [32m200[0m 14.833 ms - -[0m
2022-12-09 01:20:36 info: [0mPOST /api/survey/getSurveyById [32m200[0m 21.290 ms - -[0m
2022-12-09 01:20:36 info: [0mPOST /api/survey/getSurveyById [32m200[0m 21.684 ms - -[0m
2022-12-09 01:22:00 info: [0mPOST /api/survey/getSurveyById [32m200[0m 18.457 ms - -[0m
2022-12-09 01:22:00 info: [0mPOST /api/survey/getSurveyById [32m200[0m 18.121 ms - -[0m
2022-12-09 01:23:11 info: [0mPOST /api/survey/getSurveyById [32m200[0m 12.883 ms - -[0m
2022-12-09 01:23:11 info: [0mPOST /api/survey/getSurveyById [32m200[0m 12.691 ms - -[0m
2022-12-09 01:23:24 info: [0mPOST /api/survey/getSurveyById [32m200[0m 36.697 ms - -[0m
2022-12-09 01:23:24 info: [0mPOST /api/survey/getSurveyById [32m200[0m 37.601 ms - -[0m
2022-12-09 01:24:32 info: [0mPOST /api/survey/getSurveyById [32m200[0m 25.896 ms - -[0m
2022-12-09 01:24:32 info: [0mPOST /api/survey/getSurveyById [32m200[0m 20.245 ms - -[0m
2022-12-09 01:25:14 info: [0mPOST /api/survey/getSurveyById [32m200[0m 23.346 ms - -[0m
2022-12-09 01:25:14 info: [0mPOST /api/survey/getSurveyById [32m200[0m 20.220 ms - -[0m
2022-12-09 01:45:13 info: [0mPOST /api/survey/getSurveyById [32m200[0m 21.310 ms - -[0m
2022-12-09 01:45:13 info: [0mPOST /api/survey/getSurveyById [32m200[0m 21.657 ms - -[0m
2022-12-09 01:46:28 info: [0mPOST /api/survey/getSurveyById [32m200[0m 18.544 ms - -[0m
2022-12-09 01:46:28 info: [0mPOST /api/survey/getSurveyById [32m200[0m 20.876 ms - -[0m
2022-12-09 01:49:17 info: [0mPOST /api/survey/getSurveyById [32m200[0m 18.948 ms - -[0m
2022-12-09 01:49:17 info: [0mPOST /api/survey/getSurveyById [32m200[0m 22.375 ms - -[0m
2022-12-09 01:49:49 info: [0mPOST /api/survey/getSurveyById [32m200[0m 19.580 ms - -[0m
2022-12-09 01:49:49 info: [0mPOST /api/survey/getSurveyById [32m200[0m 21.057 ms - -[0m
2022-12-09 01:58:39 info: [0mPOST /api/survey/getSurveyById [32m200[0m 16.732 ms - -[0m
2022-12-09 01:58:39 info: [0mPOST /api/survey/getSurveyById [32m200[0m 15.575 ms - -[0m
2022-12-09 01:59:28 info: [0mPOST /api/survey/getSurveyById [32m200[0m 13.147 ms - -[0m
2022-12-09 01:59:29 info: [0mPOST /api/survey/getSurveyById [32m200[0m 13.241 ms - -[0m
2022-12-09 01:59:32 info: [0mPOST /api/survey/getSurveyById [32m200[0m 14.252 ms - -[0m
2022-12-09 01:59:32 info: [0mPOST /api/survey/getSurveyById [32m200[0m 16.257 ms - -[0m
2022-12-09 02:01:39 info: [0mPOST /api/survey/getSurveyById [32m200[0m 20.219 ms - -[0m
2022-12-09 02:01:39 info: [0mPOST /api/survey/getSurveyById [32m200[0m 13.915 ms - -[0m
2022-12-09 02:04:08 info: [0mPOST /api/survey/getSurveyById [32m200[0m 18.527 ms - -[0m
2022-12-09 02:04:08 info: [0mPOST /api/survey/getSurveyById [32m200[0m 20.128 ms - -[0m
2022-12-09 02:05:16 info: [0mPOST /api/survey/getSurveyById [32m200[0m 22.273 ms - -[0m
2022-12-09 02:05:30 info: [0mPOST /api/survey/getSurveyById [32m200[0m 11.530 ms - -[0m
2022-12-09 02:05:57 info: [0mPOST /api/survey/getSurveyById [32m200[0m 19.241 ms - -[0m
2022-12-09 02:05:57 info: [0mPOST /api/survey/getSurveyById [32m200[0m 23.756 ms - -[0m
2022-12-09 02:10:01 info: [0mPOST /api/survey/getSurveyById [32m200[0m 22.729 ms - -[0m
2022-12-09 02:10:02 info: [0mPOST /api/survey/getSurveyById [32m200[0m 10.284 ms - -[0m
2022-12-09 07:25:12 info: [0mPOST /api/survey/getSurveyByOrganizationId [32m200[0m 26.525 ms - -[0m
2022-12-09 07:25:12 info: [0mPOST /api/survey/getSurveyByOrganizationId [32m200[0m 18.649 ms - -[0m
2022-12-09 07:25:40 info: [0mPOST /api/survey/getSurveyByOrganizationId [32m200[0m 11.126 ms - -[0m
2022-12-09 07:25:42 info: [0mPOST /api/survey/getSurveyById [32m200[0m 17.311 ms - -[0m
2022-12-09 07:25:42 info: [0mPOST /api/survey/getSurveyById [32m200[0m 17.925 ms - -[0m
2022-12-09 07:35:47 info: [0mPOST /api/survey/getSurveyById [32m200[0m 21.667 ms - -[0m
2022-12-09 07:35:48 info: [0mPOST /api/survey/getSurveyById [32m200[0m 32.935 ms - -[0m
2022-12-09 07:36:19 info: [0mPOST /api/survey/getSurveyById [32m200[0m 17.124 ms - -[0m
2022-12-09 07:36:25 info: [0mPOST /api/survey/getSurveyByOrganizationId [32m200[0m 18.122 ms - -[0m
2022-12-09 07:36:25 info: [0mPOST /api/survey/getSurveyByOrganizationId [32m200[0m 19.128 ms - -[0m
2022-12-09 07:36:26 info: [0mPOST /api/survey/getSurveyById [32m200[0m 27.062 ms - -[0m
2022-12-09 07:36:26 info: [0mPOST /api/survey/getSurveyById [32m200[0m 26.144 ms - -[0m
2022-12-09 07:55:24 info: [0mPOST /api/survey/getSurveyById [32m200[0m 17.760 ms - -[0m
2022-12-09 07:55:24 info: [0mPOST /api/survey/getSurveyById [32m200[0m 10.149 ms - -[0m
2022-12-09 08:01:23 info: [0mPOST /api/survey/getSurveyById [32m200[0m 22.750 ms - -[0m
2022-12-09 08:07:11 info: [0mPOST /api/survey/getSurveyById [32m200[0m 15.482 ms - -[0m
2022-12-09 08:07:11 info: [0mPOST /api/survey/getSurveyById [32m200[0m 10.529 ms - -[0m
2022-12-09 08:10:28 info: [0mPOST /api/survey/getSurveyById [32m200[0m 13.519 ms - -[0m
2022-12-09 08:10:28 info: [0mPOST /api/survey/getSurveyById [32m200[0m 9.445 ms - -[0m
2022-12-09 08:10:31 info: [0mPOST /api/survey/getSurveyById [32m200[0m 13.000 ms - -[0m
2022-12-09 08:10:31 info: [0mPOST /api/survey/getSurveyById [32m200[0m 10.929 ms - -[0m
2022-12-09 08:10:34 info: [0mPOST /api/survey/getSurveyByOrganizationId [32m200[0m 14.432 ms - -[0m
2022-12-09 08:10:34 info: [0mPOST /api/survey/getSurveyByOrganizationId [32m200[0m 17.120 ms - -[0m
2022-12-09 08:10:48 info: [0mPOST /api/survey/getSurveyByOrganizationId [32m200[0m 12.825 ms - -[0m
2022-12-09 08:10:48 info: [0mPOST /api/survey/getSurveyByOrganizationId [32m200[0m 13.132 ms - -[0m
2022-12-09 08:10:49 info: [0mPOST /api/survey/getSurveyById [32m200[0m 19.344 ms - -[0m
2022-12-09 08:10:49 info: [0mPOST /api/survey/getSurveyById [32m200[0m 20.737 ms - -[0m
2022-12-09 08:11:15 info: [0mPOST /api/survey/getSurveyById [32m200[0m 16.113 ms - -[0m
2022-12-09 08:11:15 info: [0mPOST /api/survey/getSurveyById [32m200[0m 11.265 ms - -[0m
2022-12-09 08:11:29 info: [0mPOST /api/survey/getSurveyById [32m200[0m 13.643 ms - -[0m
2022-12-09 08:11:30 info: [0mPOST /api/survey/getSurveyById [32m200[0m 29.252 ms - -[0m
2022-12-09 08:11:32 info: [0mPOST /api/survey/getSurveyByOrganizationId [32m200[0m 17.979 ms - -[0m
2022-12-09 08:11:32 info: [0mPOST /api/survey/getSurveyByOrganizationId [32m200[0m 18.879 ms - -[0m
2022-12-09 08:11:36 info: [0mPOST /api/survey/getSurveyById [32m200[0m 15.574 ms - -[0m
2022-12-09 08:11:36 info: [0mPOST /api/survey/getSurveyById [32m200[0m 16.181 ms - -[0m
2022-12-09 08:11:41 info: [0mPOST /api/survey/getSurveyByOrganizationId [32m200[0m 18.107 ms - -[0m
2022-12-09 08:11:41 info: [0mPOST /api/survey/getSurveyByOrganizationId [32m200[0m 18.314 ms - -[0m
2022-12-09 08:13:39 info: [0mPOST /api/survey/getSurveyById [32m200[0m 20.570 ms - -[0m
2022-12-09 08:13:39 info: [0mPOST /api/survey/getSurveyById [32m200[0m 14.139 ms - -[0m
2022-12-09 08:14:04 info: [0mPOST /api/survey/getSurveyById [32m200[0m 27.466 ms - -[0m
2022-12-09 08:14:19 info: [0mPOST /api/survey/getSurveyById [32m200[0m 17.145 ms - -[0m
2022-12-09 08:14:19 info: [0mPOST /api/survey/getSurveyById [32m200[0m 15.849 ms - -[0m
2022-12-09 08:14:28 info: [0mPOST /api/survey/getSurveyByOrganizationId [32m200[0m 14.757 ms - -[0m
2022-12-09 08:14:28 info: [0mPOST /api/survey/getSurveyByOrganizationId [32m200[0m 16.487 ms - -[0m
2022-12-09 08:15:30 info: =================================
2022-12-09 08:15:30 info: ======= ENV: development =======
2022-12-09 08:15:30 info: 🚀 App listening on the port 5211
2022-12-09 08:15:30 info: =================================
2022-12-09 08:15:38 info: [0mPOST /api/survey/getSurveyByOrganizationId [32m200[0m 70.488 ms - -[0m
2022-12-09 08:15:38 info: [0mPOST /api/survey/getSurveyByOrganizationId [32m200[0m 34.152 ms - -[0m
2022-12-09 08:15:40 info: [0mPOST /api/survey/getSurveyById [32m200[0m 38.322 ms - -[0m
2022-12-09 08:15:40 info: [0mPOST /api/survey/getSurveyById [32m200[0m 41.800 ms - -[0m
2022-12-09 08:15:44 info: [0mPOST /api/survey/getSurveyById [32m200[0m 21.761 ms - -[0m
2022-12-09 08:15:44 info: [0mPOST /api/survey/getSurveyById [32m200[0m 24.691 ms - -[0m
2022-12-09 08:15:48 info: [0mPOST /api/survey/getSurveyById [32m200[0m 28.236 ms - -[0m
2022-12-09 08:15:48 info: [0mPOST /api/survey/getSurveyById [32m200[0m 29.968 ms - -[0m
2022-12-09 08:15:51 info: [0mPOST /api/survey/getSurveyById [32m200[0m 15.506 ms - -[0m
2022-12-09 08:15:51 info: [0mPOST /api/survey/getSurveyById [32m200[0m 19.338 ms - -[0m
2022-12-09 08:35:19 info: [0mPOST /api/survey/getSurveyById [32m200[0m 20.070 ms - -[0m
2022-12-09 08:37:00 info: [0mPOST /api/survey/getSurveyById [32m200[0m 32.709 ms - -[0m
2022-12-09 08:37:10 info: [0mGET /favicon.ico [32m200[0m 6.274 ms - 879[0m
2022-12-09 08:37:11 info: [0mPOST /api/survey/getSurveyById [32m200[0m 26.860 ms - -[0m
2022-12-09 08:37:11 info: [0mPOST /api/survey/getSurveyById [32m200[0m 30.177 ms - -[0m
2022-12-09 08:37:13 info: [0mPOST /api/survey/getSurveyByOrganizationId [32m200[0m 21.270 ms - -[0m
2022-12-09 08:37:13 info: [0mPOST /api/survey/getSurveyByOrganizationId [32m200[0m 24.315 ms - -[0m
2022-12-09 08:37:19 info: [0mPOST /api/survey/getSurveyByOrganizationId [32m200[0m 16.553 ms - -[0m
2022-12-09 08:37:19 info: [0mPOST /api/survey/getSurveyByOrganizationId [32m200[0m 18.085 ms - -[0m
2022-12-09 08:37:50 info: [0mPOST /api/survey/getSurveyById [32m200[0m 20.595 ms - -[0m
2022-12-09 08:37:50 info: [0mPOST /api/survey/getSurveyById [32m200[0m 20.662 ms - -[0m
2022-12-09 08:37:53 info: [0mPOST /api/survey/getSurveyById [32m200[0m 18.656 ms - -[0m
2022-12-09 08:37:53 info: [0mPOST /api/survey/getSurveyById [32m200[0m 19.265 ms - -[0m
2022-12-09 08:38:00 info: [0mPOST /api/survey/getSurveyById [32m200[0m 17.003 ms - -[0m
2022-12-09 08:38:00 info: [0mPOST /api/survey/getSurveyById [32m200[0m 17.303 ms - -[0m
2022-12-09 08:38:45 info: [0mPOST /api/survey/getSurveyById [32m200[0m 15.315 ms - -[0m
2022-12-09 08:38:45 info: [0mPOST /api/survey/getSurveyById [32m200[0m 11.021 ms - -[0m
2022-12-09 08:39:03 info: [0mPOST /api/survey/getSurveyById [32m200[0m 11.926 ms - -[0m
2022-12-09 08:39:06 info: [0mPOST /api/survey/getSurveyById [32m200[0m 14.126 ms - -[0m
2022-12-09 08:39:07 info: [0mPOST /api/survey/getSurveyById [32m200[0m 10.647 ms - -[0m
2022-12-09 08:39:10 info: [0mPOST /api/survey/getSurveyById [32m200[0m 10.851 ms - -[0m
2022-12-09 08:39:11 info: [0mPOST /api/survey/getSurveyById [32m200[0m 15.165 ms - -[0m
2022-12-09 08:39:12 info: [0mPOST /api/survey/getSurveyById [32m200[0m 12.120 ms - -[0m
2022-12-09 08:39:13 info: [0mPOST /api/survey/getSurveyById [32m200[0m 15.538 ms - -[0m
2022-12-09 08:39:15 info: [0mPOST /api/survey/getSurveyById [32m200[0m 12.666 ms - -[0m
2022-12-09 08:39:15 info: [0mPOST /api/survey/getSurveyById [32m200[0m 10.413 ms - -[0m
2022-12-09 08:39:36 info: [0mPOST /api/survey/getSurveyById [32m200[0m 13.288 ms - -[0m
2022-12-09 08:39:41 info: [0mPOST /api/survey/getSurveyById [32m200[0m 20.093 ms - -[0m
2022-12-09 08:39:42 info: [0mPOST /api/survey/getSurveyById [32m200[0m 19.856 ms - -[0m
2022-12-09 08:39:47 info: [0mPOST /api/survey/getSurveyById [32m200[0m 27.248 ms - -[0m
2022-12-09 08:39:47 info: [0mPOST /api/survey/getSurveyById [32m200[0m 33.275 ms - -[0m
2022-12-09 08:39:49 info: [0mPOST /api/survey/getSurveyById [32m200[0m 22.734 ms - -[0m
2022-12-09 08:39:49 info: [0mPOST /api/survey/getSurveyByOrganizationId [32m200[0m 19.916 ms - -[0m
2022-12-09 08:39:49 info: [0mPOST /api/survey/getSurveyByOrganizationId [32m200[0m 23.011 ms - -[0m
2022-12-09 08:39:50 info: [0mPOST /api/survey/getSurveyById [32m200[0m 18.492 ms - -[0m
2022-12-09 08:39:52 info: [0mPOST /api/survey/getSurveyById [32m200[0m 12.902 ms - -[0m
2022-12-09 08:40:15 info: [0mPOST /api/survey/getSurveyByOrganizationId [32m200[0m 24.738 ms - -[0m
2022-12-09 08:40:15 info: [0mPOST /api/survey/getSurveyByOrganizationId [32m200[0m 24.025 ms - -[0m
2022-12-09 08:40:22 info: [0mPOST /api/survey/getSurveyById [32m200[0m 21.840 ms - -[0m
2022-12-09 08:40:22 info: [0mPOST /api/survey/getSurveyById [32m200[0m 14.678 ms - -[0m
2022-12-09 08:40:26 info: [0mPOST /api/survey/getSurveyById [32m200[0m 17.816 ms - -[0m
2022-12-09 08:40:28 info: [0mPOST /api/survey/getSurveyById [32m200[0m 19.143 ms - -[0m
2022-12-09 08:41:09 info: [0mPOST /api/survey/getSurveyById [32m200[0m 11.806 ms - -[0m
2022-12-09 08:41:11 info: [0mPOST /api/survey/getSurveyById [32m200[0m 14.790 ms - -[0m
2022-12-09 08:41:12 info: [0mPOST /api/survey/getSurveyById [32m200[0m 12.266 ms - -[0m
2022-12-09 08:41:20 info: [0mPOST /api/survey/getSurveyById [32m200[0m 13.060 ms - -[0m
2022-12-09 08:41:22 info: [0mPOST /api/survey/getSurveyById [32m200[0m 15.191 ms - -[0m
2022-12-09 08:41:23 info: [0mPOST /api/survey/getSurveyById [32m200[0m 10.573 ms - -[0m
2022-12-09 08:41:28 info: [0mPOST /api/survey/getSurveyById [32m200[0m 18.451 ms - -[0m
2022-12-09 08:41:28 info: [0mPOST /api/survey/getSurveyById [32m200[0m 18.803 ms - -[0m
2022-12-09 08:42:10 info: [0mPOST /api/survey/getSurveyById [32m200[0m 17.645 ms - -[0m
2022-12-09 08:42:14 info: [0mPOST /api/survey/getSurveyById [32m200[0m 18.216 ms - -[0m
2022-12-09 08:42:14 info: [0mPOST /api/survey/getSurveyById [32m200[0m 22.208 ms - -[0m
2022-12-09 08:42:26 info: [0mPOST /api/survey/getSurveyByOrganizationId [32m200[0m 17.815 ms - -[0m
2022-12-09 08:42:26 info: [0mPOST /api/survey/getSurveyByOrganizationId [32m200[0m 20.311 ms - -[0m
2022-12-09 08:42:30 info: [0mPOST /api/survey/getSurveyById [32m200[0m 18.454 ms - -[0m
2022-12-09 08:42:30 info: [0mPOST /api/survey/getSurveyById [32m200[0m 19.105 ms - -[0m
2022-12-09 08:42:33 info: [0mPOST /api/survey/getSurveyById [32m200[0m 19.287 ms - -[0m
2022-12-09 08:42:33 info: [0mPOST /api/survey/getSurveyById [32m200[0m 20.719 ms - -[0m
2022-12-09 08:43:29 info: [0mPOST /api/survey/getSurveyById [32m200[0m 19.894 ms - -[0m
2022-12-09 08:43:29 info: [0mPOST /api/survey/getSurveyById [32m200[0m 19.456 ms - -[0m
2022-12-09 08:44:44 info: [0mPOST /api/survey/getSurveyById [32m200[0m 19.779 ms - -[0m
2022-12-09 08:44:44 info: [0mPOST /api/survey/getSurveyById [32m200[0m 14.295 ms - -[0m
2022-12-09 08:47:31 info: [0mPOST /api/survey/getSurveyById [32m200[0m 13.856 ms - -[0m
2022-12-09 08:47:57 info: [0mPOST /api/survey/getSurveyById [32m200[0m 12.911 ms - -[0m
2022-12-09 08:49:25 info: [0mPOST /api/survey/getSurveyById [32m200[0m 14.545 ms - -[0m
2022-12-09 08:49:31 info: [0mPOST /api/survey/getSurveyById [32m200[0m 15.533 ms - -[0m
2022-12-09 08:49:31 info: [0mPOST /api/survey/getSurveyById [32m200[0m 15.427 ms - -[0m
2022-12-09 08:49:35 info: [0mPOST /api/survey/getSurveyById [32m200[0m 17.526 ms - -[0m
2022-12-09 08:49:35 info: [0mPOST /api/survey/getSurveyById [32m200[0m 16.222 ms - -[0m
2022-12-09 08:49:39 info: [0mPOST /api/survey/getSurveyByOrganizationId [32m200[0m 8.830 ms - -[0m
2022-12-09 08:49:39 info: [0mPOST /api/survey/getSurveyByOrganizationId [32m200[0m 10.984 ms - -[0m
2022-12-09 08:49:40 info: [0mPOST /api/survey/getSurveyById [32m200[0m 20.063 ms - -[0m
2022-12-09 08:49:40 info: [0mPOST /api/survey/getSurveyById [32m200[0m 20.044 ms - -[0m
2022-12-09 08:49:44 info: [0mPOST /api/survey/getSurveyById [32m200[0m 19.125 ms - -[0m
2022-12-09 08:49:44 info: [0mPOST /api/survey/getSurveyById [32m200[0m 18.698 ms - -[0m
2022-12-09 08:49:53 info: [0mPOST /api/survey/getSurveyByOrganizationId [32m200[0m 13.111 ms - -[0m
2022-12-09 08:49:53 info: [0mPOST /api/survey/getSurveyByOrganizationId [32m200[0m 14.383 ms - -[0m
2022-12-09 08:49:55 info: [0mPOST /api/survey/getSurveyById [32m200[0m 21.946 ms - -[0m
2022-12-09 08:49:55 info: [0mPOST /api/survey/getSurveyById [32m200[0m 23.134 ms - -[0m
2022-12-09 08:50:36 info: [0mPOST /api/survey/getSurveyById [32m200[0m 15.156 ms - -[0m
2022-12-09 08:53:39 info: [0mPOST /api/survey/getSurveyById [32m200[0m 14.041 ms - -[0m
2022-12-09 08:56:02 info: [0mPOST /api/survey/getSurveyById [32m200[0m 16.746 ms - -[0m
2022-12-09 08:56:57 info: [0mPOST /api/survey/getSurveyById [32m200[0m 13.190 ms - -[0m
2022-12-09 08:57:03 info: [0mPOST /api/survey/getSurveyById [32m200[0m 15.217 ms - -[0m
2022-12-09 08:57:03 info: [0mPOST /api/survey/getSurveyById [32m200[0m 14.818 ms - -[0m
2022-12-09 08:59:07 info: [0mPOST /api/survey/getSurveyByOrganizationId [32m200[0m 11.708 ms - -[0m
2022-12-09 08:59:07 info: [0mPOST /api/survey/getSurveyByOrganizationId [32m200[0m 12.690 ms - -[0m
2022-12-09 08:59:10 info: [0mPOST /api/survey/getSurveyById [32m200[0m 27.247 ms - -[0m
2022-12-09 08:59:10 info: [0mPOST /api/survey/getSurveyById [32m200[0m 26.961 ms - -[0m
2022-12-09 09:00:42 info: [0mPOST /api/survey/getSurveyById [32m200[0m 11.865 ms - -[0m
2022-12-09 09:01:00 info: [0mPOST /api/survey/getSurveyById [32m200[0m 10.460 ms - -[0m
2022-12-09 09:01:25 info: [0mPOST /api/survey/getSurveyById [32m200[0m 17.244 ms - -[0m
2022-12-09 09:01:25 info: [0mPOST /api/survey/getSurveyById [32m200[0m 16.485 ms - -[0m
2022-12-09 09:08:33 info: [0mPOST /api/survey/getSurveyById [32m200[0m 13.285 ms - -[0m
2022-12-09 09:08:33 info: [0mPOST /api/survey/getSurveyById [32m200[0m 10.235 ms - -[0m
2022-12-09 09:08:53 info: [0mPOST /api/survey/getSurveyByOrganizationId [32m200[0m 14.989 ms - -[0m
2022-12-09 09:08:53 info: [0mPOST /api/survey/getSurveyByOrganizationId [32m200[0m 9.945 ms - -[0m
2022-12-09 09:09:00 info: [0mPOST /api/survey/getSurveyById [32m200[0m 18.090 ms - -[0m
2022-12-09 09:09:00 info: [0mPOST /api/survey/getSurveyById [32m200[0m 17.596 ms - -[0m
2022-12-09 11:29:51 info: =================================
2022-12-09 11:29:51 info: ======= ENV: development =======
2022-12-09 11:29:51 info: 🚀 App listening on the port 5211
2022-12-09 11:29:51 info: =================================
2022-12-09 11:30:11 info: [0mPOST /api/login [32m200[0m 161.910 ms - -[0m
2022-12-09 11:30:42 info: [0mPOST /api/survey/getSurveyByOrganizationId [32m200[0m 43.657 ms - -[0m
2022-12-09 11:30:43 info: [0mPOST /api/survey/getSurveyByOrganizationId [32m200[0m 17.647 ms - -[0m
2022-12-09 11:30:44 info: [0mPOST /api/survey/getSurveyById [32m200[0m 34.474 ms - -[0m
2022-12-09 11:30:45 info: [0mPOST /api/survey/getSurveyById [32m200[0m 22.042 ms - -[0m
2022-12-09 12:30:28 info: =================================
2022-12-09 12:30:28 info: ======= ENV: development =======
2022-12-09 12:30:28 info: 🚀 App listening on the port 5211
2022-12-09 12:30:28 info: =================================
2022-12-09 12:30:47 info: [0mPOST /api/survey/getSurveyByOrganizationId [32m200[0m 75.572 ms - -[0m
2022-12-09 12:30:47 info: [0mPOST /api/survey/getSurveyByOrganizationId [32m200[0m 32.294 ms - -[0m
2022-12-09 12:30:49 info: [0mPOST /api/survey/getSurveyById [32m200[0m 47.160 ms - -[0m
2022-12-09 12:30:49 info: [0mPOST /api/survey/getSurveyById [32m200[0m 49.060 ms - -[0m
2022-12-09 12:31:03 info: [0mPOST /api/survey-response/saveSurveyResponse [33m404[0m 2.393 ms - 178[0m
2022-12-09 12:32:46 info: =================================
2022-12-09 12:32:46 info: ======= ENV: development =======
2022-12-09 12:32:46 info: 🚀 App listening on the port 5211
2022-12-09 12:32:46 info: =================================
2022-12-09 12:32:54 info: [0mPOST /api/survey-response/saveSurveyResponse [32m201[0m 87.706 ms - 398[0m
2022-12-09 12:50:22 info: =================================
2022-12-09 12:50:22 info: ======= ENV: development =======
2022-12-09 12:50:22 info: 🚀 App listening on the port 5211
2022-12-09 12:50:22 info: =================================
2022-12-09 12:50:28 info: [0mPOST /api/survey/getSurveyByOrganizationId [32m200[0m 95.101 ms - -[0m
2022-12-09 12:50:28 info: [0mPOST /api/survey/getSurveyByOrganizationId [32m200[0m 63.577 ms - -[0m
2022-12-09 12:58:59 info: =================================
2022-12-09 12:58:59 info: ======= ENV: development =======
2022-12-09 12:58:59 info: 🚀 App listening on the port 5211
2022-12-09 12:58:59 info: =================================
2022-12-09 12:59:00 info: [0mPOST /api/survey/getSurveyByOrganizationId [32m200[0m 55.430 ms - -[0m
2022-12-09 12:59:00 info: [0mPOST /api/survey/getSurveyByOrganizationId [32m200[0m 19.113 ms - -[0m
2022-12-09 12:59:00 info: [0mPOST /api/survey-response/getSurveyResponseBySurveyId [32m201[0m 9.273 ms - 44[0m
2022-12-09 12:59:00 info: [0mPOST /api/survey-response/getSurveyResponseBySurveyId [32m201[0m 6.925 ms - 44[0m
2022-12-09 12:59:00 info: [0mPOST /api/survey-response/getSurveyResponseBySurveyId [32m201[0m 12.632 ms - 44[0m
2022-12-09 12:59:00 info: [0mPOST /api/survey-response/getSurveyResponseBySurveyId [32m201[0m 9.745 ms - 44[0m
2022-12-09 12:59:12 info: [0mPOST /api/survey/getSurveyByOrganizationId [32m200[0m 18.620 ms - -[0m
2022-12-09 12:59:12 info: [0mPOST /api/survey/getSurveyByOrganizationId [32m200[0m 21.932 ms - -[0m
2022-12-09 12:59:12 info: [0mPOST /api/survey-response/getSurveyResponseBySurveyId [32m201[0m 11.353 ms - 44[0m
2022-12-09 12:59:12 info: [0mPOST /api/survey-response/getSurveyResponseBySurveyId [32m201[0m 9.571 ms - 44[0m
2022-12-09 13:00:10 info: [0mPOST /api/survey-response/getSurveyResponseBySurveyId [32m201[0m 7.407 ms - 44[0m
2022-12-09 13:00:10 info: [0mPOST /api/survey-response/getSurveyResponseBySurveyId [32m201[0m 6.208 ms - 44[0m
2022-12-09 13:00:10 info: [0mPOST /api/survey/getSurveyByOrganizationId [32m200[0m 16.840 ms - -[0m
2022-12-09 13:00:10 info: [0mPOST /api/survey-response/getSurveyResponseBySurveyId [32m201[0m 9.343 ms - 44[0m
2022-12-09 13:00:10 info: [0mPOST /api/survey-response/getSurveyResponseBySurveyId [32m201[0m 8.714 ms - 44[0m
2022-12-09 13:01:12 info: =================================
2022-12-09 13:01:12 info: ======= ENV: development =======
2022-12-09 13:01:12 info: 🚀 App listening on the port 5211
2022-12-09 13:01:12 info: =================================
2022-12-09 13:01:16 info: [0mPOST /api/survey/getSurveyByOrganizationId [32m200[0m 49.334 ms - -[0m
2022-12-09 13:01:16 info: [0mPOST /api/survey/getSurveyByOrganizationId [32m200[0m 28.854 ms - -[0m
2022-12-09 13:01:16 info: [0mPOST /api/survey-response/getSurveyResponseBySurveyId [32m201[0m 6.013 ms - 44[0m
2022-12-09 13:01:16 info: [0mPOST /api/survey-response/getSurveyResponseBySurveyId [32m201[0m 5.880 ms - 44[0m
2022-12-09 13:02:02 info: =================================
2022-12-09 13:02:02 info: ======= ENV: development =======
2022-12-09 13:02:02 info: 🚀 App listening on the port 5211
2022-12-09 13:02:02 info: =================================
2022-12-09 13:02:04 info: [0mPOST /api/survey/getSurveyByOrganizationId [32m200[0m 68.479 ms - -[0m
2022-12-09 13:02:04 info: [0mPOST /api/survey/getSurveyByOrganizationId [32m200[0m 34.613 ms - -[0m
2022-12-09 13:02:05 info: [0mPOST /api/survey-response/getSurveyResponseBySurveyId [32m201[0m 9.549 ms - 396[0m
2022-12-09 13:02:05 info: [0mPOST /api/survey-response/getSurveyResponseBySurveyId [32m201[0m 7.010 ms - 44[0m
2022-12-09 13:05:19 info: =================================
2022-12-09 13:05:19 info: ======= ENV: development =======
2022-12-09 13:05:19 info: 🚀 App listening on the port 5211
2022-12-09 13:05:19 info: =================================
2022-12-09 13:05:23 info: [0mPOST /api/survey/getSurveyByOrganizationId [32m200[0m 75.353 ms - -[0m
2022-12-09 13:05:23 info: [0mPOST /api/survey/getSurveyByOrganizationId [32m200[0m 46.340 ms - -[0m
2022-12-09 13:05:23 info: [0mPOST /api/survey-response/getSurveyResponseBySurveyId [32m201[0m 8.697 ms - 396[0m
2022-12-09 13:05:23 info: [0mPOST /api/survey-response/getSurveyResponseBySurveyId [32m201[0m 6.682 ms - 45[0m
2022-12-09 13:05:23 info: [0mPOST /api/survey-response/getSurveyResponseBySurveyId [32m201[0m 8.526 ms - 396[0m
2022-12-09 13:05:23 info: [0mPOST /api/survey-response/getSurveyResponseBySurveyId [32m201[0m 8.273 ms - 45[0m
2022-12-09 13:05:25 info: [0mPOST /api/survey/getSurveyById [32m200[0m 34.985 ms - -[0m
2022-12-09 13:05:25 info: [0mPOST /api/survey/getSurveyById [32m200[0m 12.291 ms - -[0m
2022-12-09 13:06:03 info: [0mPOST /api/survey/getSurveyByOrganizationId [32m200[0m 15.190 ms - -[0m
2022-12-09 13:06:03 info: [0mPOST /api/survey/getSurveyByOrganizationId [32m200[0m 12.128 ms - -[0m
2022-12-09 13:06:03 info: [0mPOST /api/survey-response/getSurveyResponseBySurveyId [32m201[0m 7.580 ms - 396[0m
2022-12-09 13:06:03 info: [0mPOST /api/survey-response/getSurveyResponseBySurveyId [32m201[0m 6.365 ms - 45[0m
2022-12-09 13:06:03 info: [0mPOST /api/survey-response/getSurveyResponseBySurveyId [32m201[0m 10.654 ms - 396[0m
2022-12-09 13:06:03 info: [0mPOST /api/survey-response/getSurveyResponseBySurveyId [32m201[0m 7.208 ms - 45[0m
2022-12-09 13:08:00 info: [0mPOST /api/survey/getSurveyByOrganizationId [32m200[0m 20.752 ms - -[0m
2022-12-09 13:08:00 info: [0mPOST /api/survey/getSurveyByOrganizationId [32m200[0m 12.858 ms - -[0m
2022-12-09 13:08:00 info: [0mPOST /api/survey-response/getSurveyResponseBySurveyId [32m201[0m 14.945 ms - 45[0m
2022-12-09 13:08:00 info: [0mPOST /api/survey-response/getSurveyResponseBySurveyId [32m201[0m 12.740 ms - 396[0m
2022-12-09 13:08:01 info: [0mPOST /api/survey-response/getSurveyResponseBySurveyId [32m201[0m 8.738 ms - 45[0m
2022-12-09 13:08:01 info: [0mPOST /api/survey-response/getSurveyResponseBySurveyId [32m201[0m 7.079 ms - 396[0m
2022-12-09 13:08:12 info: [0mPOST /api/survey/getSurveyByOrganizationId [32m200[0m 9.580 ms - -[0m
2022-12-09 13:08:12 info: [0mPOST /api/survey/getSurveyByOrganizationId [32m200[0m 8.340 ms - -[0m
2022-12-09 13:08:12 info: [0mPOST /api/survey-response/getSurveyResponseBySurveyId [32m201[0m 7.773 ms - 45[0m
2022-12-09 13:08:12 info: [0mPOST /api/survey-response/getSurveyResponseBySurveyId [32m201[0m 7.110 ms - 396[0m
2022-12-09 13:08:13 info: [0mPOST /api/survey-response/getSurveyResponseBySurveyId [32m201[0m 6.346 ms - 45[0m
2022-12-09 13:08:13 info: [0mPOST /api/survey-response/getSurveyResponseBySurveyId [32m201[0m 7.048 ms - 396[0m
2022-12-09 13:08:24 info: [0mPOST /api/survey/getSurveyByOrganizationId [32m200[0m 12.172 ms - -[0m
2022-12-09 13:08:25 info: [0mPOST /api/survey-response/getSurveyResponseBySurveyId [32m201[0m 10.183 ms - 45[0m
2022-12-09 13:08:25 info: [0mPOST /api/survey-response/getSurveyResponseBySurveyId [32m201[0m 9.411 ms - 396[0m
2022-12-09 13:09:20 info: [0mPOST /api/survey/getSurveyByOrganizationId [32m200[0m 14.549 ms - -[0m
2022-12-09 13:09:20 info: [0mPOST /api/survey-response/getSurveyResponseBySurveyId [32m201[0m 9.492 ms - 45[0m
2022-12-09 13:09:20 info: [0mPOST /api/survey-response/getSurveyResponseBySurveyId [32m201[0m 9.454 ms - 396[0m
2022-12-09 13:09:51 info: [0mPOST /api/survey/getSurveyByOrganizationId [32m200[0m 14.769 ms - -[0m
2022-12-09 13:09:52 info: [0mPOST /api/survey-response/getSurveyResponseBySurveyId [32m201[0m 8.814 ms - 45[0m
2022-12-09 13:09:52 info: [0mPOST /api/survey-response/getSurveyResponseBySurveyId [32m201[0m 8.273 ms - 396[0m
2022-12-09 13:10:14 info: [0mPOST /api/survey/getSurveyById [32m200[0m 17.354 ms - -[0m
2022-12-09 13:10:14 info: [0mPOST /api/survey/getSurveyById [32m200[0m 14.371 ms - -[0m
2022-12-09 13:10:27 info: [0mPOST /api/survey-response/saveSurveyResponse [32m201[0m 21.301 ms - 362[0m
2022-12-09 13:10:33 info: [0mPOST /api/survey/getSurveyByOrganizationId [32m200[0m 14.555 ms - -[0m
2022-12-09 13:10:33 info: [0mPOST /api/survey/getSurveyByOrganizationId [32m200[0m 18.098 ms - -[0m
2022-12-09 13:10:33 info: [0mPOST /api/survey-response/getSurveyResponseBySurveyId [32m201[0m 5.820 ms - 360[0m
2022-12-09 13:10:33 info: [0mPOST /api/survey-response/getSurveyResponseBySurveyId [32m201[0m 5.379 ms - 396[0m
2022-12-09 13:10:33 info: [0mPOST /api/survey-response/getSurveyResponseBySurveyId [32m201[0m 6.283 ms - 360[0m
2022-12-09 13:10:33 info: [0mPOST /api/survey-response/getSurveyResponseBySurveyId [32m201[0m 6.587 ms - 396[0m
2022-12-09 13:10:57 info: [0mPOST /api/survey/getSurveyByOrganizationId [32m200[0m 22.495 ms - -[0m
2022-12-09 13:10:57 info: [0mPOST /api/survey/getSurveyByOrganizationId [32m200[0m 27.683 ms - -[0m
2022-12-09 13:10:57 info: [0mPOST /api/survey-response/getSurveyResponseBySurveyId [32m201[0m 6.601 ms - 360[0m
2022-12-09 13:10:58 info: [0mPOST /api/survey-response/getSurveyResponseBySurveyId [32m201[0m 12.714 ms - 396[0m
2022-12-09 13:10:58 info: [0mPOST /api/survey-response/getSurveyResponseBySurveyId [32m201[0m 11.578 ms - 360[0m
2022-12-09 13:10:58 info: [0mPOST /api/survey-response/getSurveyResponseBySurveyId [32m201[0m 11.737 ms - 396[0m
2022-12-09 13:11:15 info: [0mPOST /api/survey/getSurveyByOrganizationId [32m200[0m 14.469 ms - -[0m
2022-12-09 13:11:16 info: [0mPOST /api/survey-response/getSurveyResponseBySurveyId [32m201[0m 9.439 ms - 360[0m
2022-12-09 13:11:16 info: [0mPOST /api/survey-response/getSurveyResponseBySurveyId [32m201[0m 8.926 ms - 396[0m
2022-12-09 13:11:40 info: [0mPOST /api/survey/getSurveyByOrganizationId [32m200[0m 12.232 ms - -[0m
2022-12-09 13:11:41 info: [0mPOST /api/survey/getSurveyByOrganizationId [32m200[0m 8.490 ms - -[0m
2022-12-09 13:11:41 info: [0mPOST /api/survey-response/getSurveyResponseBySurveyId [32m201[0m 8.743 ms - 360[0m
2022-12-09 13:11:41 info: [0mPOST /api/survey-response/getSurveyResponseBySurveyId [32m201[0m 7.864 ms - 396[0m
2022-12-09 13:11:41 info: [0mPOST /api/survey-response/getSurveyResponseBySurveyId [32m201[0m 7.767 ms - 360[0m
2022-12-09 13:11:41 info: [0mPOST /api/survey-response/getSurveyResponseBySurveyId [32m201[0m 9.458 ms - 396[0m
2022-12-09 13:11:43 info: [0mPOST /api/survey/getSurveyByOrganizationId [32m200[0m 11.849 ms - -[0m
2022-12-09 13:11:43 info: [0mPOST /api/survey/getSurveyByOrganizationId [32m200[0m 12.599 ms - -[0m
2022-12-09 13:11:44 info: [0mPOST /api/survey-response/getSurveyResponseBySurveyId [32m201[0m 15.338 ms - 360[0m
2022-12-09 13:11:44 info: [0mPOST /api/survey-response/getSurveyResponseBySurveyId [32m201[0m 14.334 ms - 396[0m
2022-12-09 13:11:44 info: [0mPOST /api/survey-response/getSurveyResponseBySurveyId [32m201[0m 14.413 ms - 360[0m
2022-12-09 13:11:44 info: [0mPOST /api/survey-response/getSurveyResponseBySurveyId [32m201[0m 14.950 ms - 396[0m
2022-12-09 13:30:25 info: [0mPOST /api/survey/getSurveyByOrganizationId [32m200[0m 13.781 ms - -[0m
2022-12-09 13:30:25 info: [0mPOST /api/survey-response/getSurveyResponseBySurveyId [32m201[0m 11.283 ms - 360[0m
2022-12-09 13:30:25 info: [0mPOST /api/survey-response/getSurveyResponseBySurveyId [32m201[0m 9.960 ms - 396[0m
2022-12-09 13:30:39 info: [0mPOST /api/survey/getSurveyByOrganizationId [32m200[0m 9.695 ms - -[0m
2022-12-09 13:30:40 info: [0mPOST /api/survey-response/getSurveyResponseBySurveyId [32m201[0m 7.545 ms - 360[0m
2022-12-09 13:30:40 info: [0mPOST /api/survey-response/getSurveyResponseBySurveyId [32m201[0m 8.197 ms - 396[0m
2022-12-09 13:30:57 info: [0mPOST /api/survey/getSurveyByOrganizationId [32m200[0m 10.581 ms - -[0m
2022-12-09 13:30:57 info: [0mPOST /api/survey-response/getSurveyResponseBySurveyId [32m201[0m 11.890 ms - 360[0m
2022-12-09 13:30:57 info: [0mPOST /api/survey-response/getSurveyResponseBySurveyId [32m201[0m 11.304 ms - 396[0m
2022-12-09 13:31:18 info: [0mPOST /api/survey/getSurveyByOrganizationId [32m200[0m 10.258 ms - -[0m
2022-12-09 13:31:18 info: [0mPOST /api/survey-response/getSurveyResponseBySurveyId [32m201[0m 14.221 ms - 360[0m
2022-12-09 13:31:18 info: [0mPOST /api/survey-response/getSurveyResponseBySurveyId [32m201[0m 14.318 ms - 396[0m
2022-12-09 13:31:38 info: [0mPOST /api/survey/getSurveyByOrganizationId [32m200[0m 8.163 ms - -[0m
2022-12-09 13:31:39 info: [0mPOST /api/survey-response/getSurveyResponseBySurveyId [32m201[0m 15.522 ms - 360[0m
2022-12-09 13:31:39 info: [0mPOST /api/survey-response/getSurveyResponseBySurveyId [32m201[0m 14.487 ms - 396[0m
2022-12-09 13:32:05 info: [0mPOST /api/survey/getSurveyByOrganizationId [32m200[0m 20.354 ms - -[0m
2022-12-09 13:32:05 info: [0mPOST /api/survey-response/getSurveyResponseBySurveyId [32m201[0m 7.910 ms - 360[0m
2022-12-09 13:32:05 info: [0mPOST /api/survey-response/getSurveyResponseBySurveyId [32m201[0m 6.804 ms - 396[0m
2022-12-09 13:32:16 info: [0mPOST /api/survey/getSurveyByOrganizationId [32m200[0m 15.373 ms - -[0m
2022-12-09 13:32:17 info: [0mPOST /api/survey-response/getSurveyResponseBySurveyId [32m201[0m 10.626 ms - 360[0m
2022-12-09 13:32:17 info: [0mPOST /api/survey-response/getSurveyResponseBySurveyId [32m201[0m 11.418 ms - 396[0m
2022-12-09 13:37:46 info: =================================
2022-12-09 13:37:46 info: ======= ENV: development =======
2022-12-09 13:37:46 info: 🚀 App listening on the port 5211
2022-12-09 13:37:46 info: =================================
2022-12-09 13:37:49 info: [0mPOST /api/survey/getSurveyByOrganizationId [32m200[0m 25.608 ms - -[0m
2022-12-09 13:37:49 info: [0mPOST /api/survey/getSurveyByOrganizationId [32m200[0m 51.479 ms - -[0m
2022-12-09 13:37:49 info: [0mPOST /api/survey-response/getSurveyResponseBySurveyId [32m201[0m 8.110 ms - 360[0m
2022-12-09 13:37:49 info: [0mPOST /api/survey-response/getSurveyResponseBySurveyId [32m201[0m 18.034 ms - 396[0m
2022-12-09 13:37:49 info: [0mPOST /api/survey-response/getSurveyResponseBySurveyId [32m201[0m 17.215 ms - 396[0m
2022-12-09 13:37:49 info: [0mPOST /api/survey-response/getSurveyResponseBySurveyId [32m201[0m 16.529 ms - 360[0m
2022-12-09 13:38:14 info: [0mPOST /api/survey/getSurveyByOrganizationId [32m200[0m 12.163 ms - -[0m
2022-12-09 13:38:14 info: [0mPOST /api/survey/getSurveyByOrganizationId [32m200[0m 11.049 ms - -[0m
2022-12-09 13:38:14 info: [0mPOST /api/survey-response/getSurveyResponseBySurveyId [32m201[0m 7.837 ms - 360[0m
2022-12-09 13:38:14 info: [0mPOST /api/survey-response/getSurveyResponseBySurveyId [32m201[0m 6.204 ms - 396[0m
2022-12-09 13:38:14 info: [0mPOST /api/survey-response/getSurveyResponseBySurveyId [32m201[0m 10.866 ms - 360[0m
2022-12-09 13:38:14 info: [0mPOST /api/survey-response/getSurveyResponseBySurveyId [32m201[0m 10.014 ms - 396[0m
2022-12-09 13:38:35 info: [0mPOST /api/survey/getSurveyByOrganizationId [32m200[0m 15.162 ms - -[0m
2022-12-09 13:38:35 info: [0mPOST /api/survey/getSurveyByOrganizationId [32m200[0m 10.190 ms - -[0m
2022-12-09 13:38:36 info: [0mPOST /api/survey-response/getSurveyResponseBySurveyId [32m201[0m 5.906 ms - 45[0m
2022-12-09 13:38:36 info: [0mPOST /api/survey-response/getSurveyResponseBySurveyId [32m201[0m 12.985 ms - 45[0m
2022-12-09 13:38:36 info: [0mPOST /api/survey-response/getSurveyResponseBySurveyId [32m201[0m 9.690 ms - 45[0m
2022-12-09 13:38:36 info: [0mPOST /api/survey-response/getSurveyResponseBySurveyId [32m201[0m 7.592 ms - 45[0m
2022-12-09 13:38:40 info: [0mPOST /api/survey/getSurveyById [32m200[0m 34.524 ms - -[0m
2022-12-09 13:38:40 info: [0mPOST /api/survey/getSurveyById [32m200[0m 38.157 ms - -[0m
2022-12-09 13:38:58 info: [0mPOST /api/survey-response/saveSurveyResponse [32m201[0m 15.370 ms - 398[0m
2022-12-09 13:39:47 info: [0mPOST /api/survey/getSurveyByOrganizationId [32m200[0m 11.165 ms - -[0m
2022-12-09 13:39:47 info: [0mPOST /api/survey/getSurveyByOrganizationId [32m200[0m 10.995 ms - -[0m
2022-12-09 13:39:47 info: [0mPOST /api/survey-response/getSurveyResponseBySurveyId [32m201[0m 6.296 ms - 45[0m
2022-12-09 13:39:47 info: [0mPOST /api/survey-response/getSurveyResponseBySurveyId [32m201[0m 10.222 ms - 396[0m
2022-12-09 13:39:47 info: [0mPOST /api/survey-response/getSurveyResponseBySurveyId [32m201[0m 9.133 ms - 45[0m
2022-12-09 13:39:47 info: [0mPOST /api/survey-response/getSurveyResponseBySurveyId [32m201[0m 6.309 ms - 396[0m
2022-12-09 13:39:49 info: [0mPOST /api/survey/getSurveyById [32m200[0m 35.995 ms - -[0m
2022-12-09 13:39:49 info: [0mPOST /api/survey/getSurveyById [32m200[0m 34.896 ms - -[0m
2022-12-09 13:39:57 info: [0mPOST /api/survey-response/saveSurveyResponse [32m201[0m 11.332 ms - 362[0m
2022-12-09 13:39:59 info: [0mPOST /api/survey/getSurveyByOrganizationId [32m200[0m 12.776 ms - -[0m
2022-12-09 13:39:59 info: [0mPOST /api/survey/getSurveyByOrganizationId [32m200[0m 11.851 ms - -[0m
2022-12-09 13:39:59 info: [0mPOST /api/survey-response/getSurveyResponseBySurveyId [32m201[0m 7.315 ms - 360[0m
2022-12-09 13:40:00 info: [0mPOST /api/survey-response/getSurveyResponseBySurveyId [32m201[0m 7.448 ms - 396[0m
2022-12-09 13:40:00 info: [0mPOST /api/survey-response/getSurveyResponseBySurveyId [32m201[0m 7.897 ms - 360[0m
2022-12-09 13:40:00 info: [0mPOST /api/survey-response/getSurveyResponseBySurveyId [32m201[0m 6.531 ms - 396[0m
2022-12-09 13:41:33 info: [0mPOST /api/preUsers/findPreUserByRun [32m200[0m 19.560 ms - 234[0m
2022-12-09 13:45:40 info: =================================
2022-12-09 13:45:40 info: ======= ENV: development =======
2022-12-09 13:45:40 info: 🚀 App listening on the port 5211
2022-12-09 13:45:40 info: =================================
2022-12-09 13:47:14 info: [0mPOST /api/preUsers/findPreUserByRun [32m200[0m 38.178 ms - 243[0m
2022-12-09 13:47:34 info: [0mPOST /api/preUsers/findPreUserByRun [32m200[0m 10.077 ms - 234[0m
2022-12-09 13:47:42 info: [0mGET /api/organizations/getOrganizations [36m304[0m 10.444 ms - -[0m
2022-12-09 13:47:42 info: [0mGET /api/organizations/getOrganizations [36m304[0m 5.222 ms - -[0m
2022-12-09 13:51:00 info: [0mPOST /api/login [32m200[0m 74.067 ms - -[0m
2022-12-09 13:51:02 info: [0mPOST /api/survey/getSurveyByOrganizationId [32m200[0m 18.859 ms - -[0m
2022-12-09 13:51:02 info: [0mPOST /api/survey/getSurveyByOrganizationId [32m200[0m 20.762 ms - -[0m
2022-12-09 13:51:03 info: [0mPOST /api/survey-response/getSurveyResponseBySurveyId [32m201[0m 11.354 ms - 360[0m
2022-12-09 13:51:03 info: [0mPOST /api/survey-response/getSurveyResponseBySurveyId [32m201[0m 10.668 ms - 396[0m
2022-12-09 13:51:03 info: [0mPOST /api/survey-response/getSurveyResponseBySurveyId [32m201[0m 11.188 ms - 360[0m
2022-12-09 13:51:03 info: [0mPOST /api/survey-response/getSurveyResponseBySurveyId [32m201[0m 10.306 ms - 396[0m
2022-12-09 13:52:44 info: [0mPOST /api/survey/getSurveyByOrganizationId [32m200[0m 26.992 ms - -[0m
2022-12-09 13:52:44 info: [0mPOST /api/survey-response/getSurveyResponseBySurveyId [32m201[0m 9.497 ms - 360[0m
2022-12-09 13:52:44 info: [0mPOST /api/survey-response/getSurveyResponseBySurveyId [32m201[0m 9.223 ms - 396[0m
2022-12-09 13:53:33 info: [0mPOST /api/survey/getSurveyByOrganizationId [32m200[0m 11.525 ms - -[0m
2022-12-09 13:53:34 info: [0mPOST /api/survey-response/getSurveyResponseBySurveyId [32m201[0m 14.559 ms - 360[0m
2022-12-09 13:53:34 info: [0mPOST /api/survey-response/getSurveyResponseBySurveyId [32m201[0m 10.013 ms - 396[0m
2022-12-09 13:57:31 error: [POST] /api/survey/getSurveyByOrganizationId >> StatusCode:: 401, Message:: Wrong authentication token
2022-12-09 13:57:31 info: [0mPOST /api/survey/getSurveyByOrganizationId [33m401[0m 1.845 ms - 40[0m
2022-12-09 13:57:31 error: [POST] /api/survey/getSurveyByOrganizationId >> StatusCode:: 401, Message:: Wrong authentication token
2022-12-09 13:57:31 info: [0mPOST /api/survey/getSurveyByOrganizationId [33m401[0m 1.474 ms - 40[0m
2022-12-09 13:57:48 info: [0mPOST /api/login [32m200[0m 64.487 ms - -[0m
2022-12-09 13:57:50 info: [0mPOST /api/survey/getSurveyByOrganizationId [32m200[0m 10.064 ms - -[0m
2022-12-09 13:57:50 info: [0mPOST /api/survey/getSurveyByOrganizationId [32m200[0m 10.325 ms - -[0m
2022-12-09 13:57:50 info: [0mPOST /api/survey-response/getSurveyResponseBySurveyId [32m201[0m 7.835 ms - 360[0m
2022-12-09 13:57:50 info: [0mPOST /api/survey-response/getSurveyResponseBySurveyId [32m201[0m 5.540 ms - 396[0m
2022-12-09 13:57:50 info: [0mPOST /api/survey-response/getSurveyResponseBySurveyId [32m201[0m 10.684 ms - 360[0m
2022-12-09 13:57:50 info: [0mPOST /api/survey-response/getSurveyResponseBySurveyId [32m201[0m 9.558 ms - 396[0m
2022-12-09 13:59:57 info: [0mPOST /api/survey/getSurveyByOrganizationId [32m200[0m 10.141 ms - -[0m
2022-12-09 13:59:58 info: [0mPOST /api/survey/getSurveyByOrganizationId [32m200[0m 10.285 ms - -[0m
2022-12-09 13:59:58 info: [0mPOST /api/survey-response/getSurveyResponseBySurveyId [32m201[0m 6.379 ms - 360[0m
2022-12-09 13:59:58 info: [0mPOST /api/survey-response/getSurveyResponseBySurveyId [32m201[0m 6.173 ms - 396[0m
2022-12-09 13:59:58 info: [0mPOST /api/survey-response/getSurveyResponseBySurveyId [32m201[0m 7.742 ms - 360[0m
2022-12-09 13:59:59 info: [0mPOST /api/survey-response/getSurveyResponseBySurveyId [32m201[0m 6.508 ms - 396[0m
2022-12-09 14:00:25 info: [0mPOST /api/survey/getSurveyByOrganizationId [32m200[0m 11.367 ms - -[0m
2022-12-09 14:00:25 info: [0mPOST /api/survey-response/getSurveyResponseBySurveyId [32m201[0m 10.894 ms - 360[0m
2022-12-09 14:00:25 info: [0mPOST /api/survey-response/getSurveyResponseBySurveyId [32m201[0m 6.537 ms - 396[0m
2022-12-09 14:00:52 info: [0mPOST /api/survey/getSurveyByOrganizationId [32m200[0m 11.205 ms - -[0m
2022-12-09 14:00:52 info: [0mPOST /api/survey-response/getSurveyResponseBySurveyId [32m201[0m 7.758 ms - 360[0m
2022-12-09 14:00:52 info: [0mPOST /api/survey-response/getSurveyResponseBySurveyId [32m201[0m 6.077 ms - 396[0m
2022-12-09 14:01:10 info: [0mPOST /api/survey/getSurveyByOrganizationId [32m200[0m 12.197 ms - -[0m
2022-12-09 14:01:10 info: [0mPOST /api/survey/getSurveyByOrganizationId [32m200[0m 12.726 ms - -[0m
2022-12-09 14:01:10 info: [0mPOST /api/survey-response/getSurveyResponseBySurveyId [32m201[0m 5.446 ms - 360[0m
2022-12-09 14:01:10 info: [0mPOST /api/survey-response/getSurveyResponseBySurveyId [32m201[0m 8.991 ms - 396[0m
2022-12-09 14:01:10 info: [0mPOST /api/survey-response/getSurveyResponseBySurveyId [32m201[0m 8.169 ms - 360[0m
2022-12-09 14:01:10 info: [0mPOST /api/survey-response/getSurveyResponseBySurveyId [32m201[0m 7.056 ms - 396[0m
2022-12-09 14:01:17 info: [0mPOST /api/survey/getSurveyByOrganizationId [32m200[0m 7.760 ms - -[0m
2022-12-09 14:01:23 info: [0mPOST /api/survey-response/getSurveyResponseBySurveyId [32m201[0m 5.236 ms - 360[0m
2022-12-09 14:01:23 info: [0mPOST /api/survey-response/getSurveyResponseBySurveyId [32m201[0m 4.964 ms - 396[0m
2022-12-09 14:01:26 info: [0mPOST /api/survey/getSurveyByOrganizationId [32m200[0m 8.492 ms - -[0m
2022-12-09 14:01:26 info: [0mPOST /api/survey/getSurveyByOrganizationId [32m200[0m 10.261 ms - -[0m
2022-12-09 14:01:26 info: [0mPOST /api/survey-response/getSurveyResponseBySurveyId [32m201[0m 6.082 ms - 360[0m
2022-12-09 14:01:27 info: [0mPOST /api/survey-response/getSurveyResponseBySurveyId [32m201[0m 9.104 ms - 396[0m
2022-12-09 14:01:27 info: [0mPOST /api/survey-response/getSurveyResponseBySurveyId [32m201[0m 8.657 ms - 360[0m
2022-12-09 14:01:27 info: [0mPOST /api/survey-response/getSurveyResponseBySurveyId [32m201[0m 5.997 ms - 396[0m
2022-12-09 14:01:45 info: [0mGET /api/organizations/getOrganizations [36m304[0m 3.639 ms - -[0m
2022-12-09 14:01:45 info: [0mGET /api/organizations/getOrganizations [36m304[0m 4.622 ms - -[0m
2022-12-09 14:01:48 info: [0mGET /api/survey/getSurveys [36m304[0m 33.535 ms - -[0m
2022-12-09 14:01:48 info: [0mGET /api/survey/getSurveys [36m304[0m 16.979 ms - -[0m
2022-12-09 14:01:49 info: [0mGET /api/organizations/getOrganizations [36m304[0m 4.208 ms - -[0m
2022-12-09 14:01:50 info: [0mGET /api/organizations/getOrganizations [36m304[0m 5.342 ms - -[0m
2022-12-09 14:01:50 info: [0mPOST /api/survey/getSurveyById [32m200[0m 15.927 ms - -[0m
2022-12-09 14:01:50 info: [0mPOST /api/survey/getSurveyById [32m200[0m 13.227 ms - -[0m
2022-12-09 14:06:41 info: =================================
2022-12-09 14:06:41 info: ======= ENV: development =======
2022-12-09 14:06:41 info: 🚀 App listening on the port 5211
2022-12-09 14:06:41 info: =================================
2022-12-09 14:06:48 info: [0mGET /api/survey/getSurveys [36m304[0m 32.994 ms - -[0m
2022-12-09 14:06:49 info: [0mGET /api/survey/getSurveys [36m304[0m 27.915 ms - -[0m
2022-12-09 14:06:50 info: [0mGET /api/organizations/getOrganizations [36m304[0m 7.186 ms - -[0m
2022-12-09 14:06:50 info: [0mGET /api/organizations/getOrganizations [36m304[0m 5.863 ms - -[0m
2022-12-09 14:06:50 info: [0mPOST /api/survey/getSurveyById [32m200[0m 54.503 ms - -[0m
2022-12-09 14:06:50 info: [0mPOST /api/survey/getSurveyById [32m200[0m 21.227 ms - -[0m
2022-12-09 14:07:27 info: [0mGET /api/organizations/getOrganizations [36m304[0m 7.251 ms - -[0m
2022-12-09 14:07:28 info: [0mPOST /api/survey/getSurveyById [32m200[0m 15.694 ms - -[0m
2022-12-09 14:08:18 info: [0mGET /api/organizations/getOrganizations [36m304[0m 3.576 ms - -[0m
2022-12-09 14:08:18 info: [0mPOST /api/survey/getSurveyById [32m200[0m 20.556 ms - -[0m
2022-12-09 14:08:24 info: [0mGET /api/organizations/getOrganizations [36m304[0m 3.196 ms - -[0m
2022-12-09 14:08:24 info: [0mGET /api/organizations/getOrganizations [36m304[0m 6.010 ms - -[0m
2022-12-09 14:08:24 info: [0mPOST /api/survey/getSurveyById [32m200[0m 18.627 ms - -[0m
2022-12-09 14:08:25 info: [0mPOST /api/survey/getSurveyById [32m200[0m 13.925 ms - -[0m
2022-12-09 14:08:29 info: [0mPOST /api/survey/editSurvey [32m200[0m 18.110 ms - -[0m
2022-12-09 14:08:39 info: [0mPOST /api/survey/getSurveyByOrganizationId [32m200[0m 11.998 ms - -[0m
2022-12-09 14:08:39 info: [0mPOST /api/survey-response/getSurveyResponseBySurveyId [32m201[0m 22.426 ms - 360[0m
2022-12-09 14:08:39 info: [0mPOST /api/survey/getSurveyByOrganizationId [32m200[0m 23.156 ms - -[0m
2022-12-09 14:08:40 info: [0mPOST /api/survey-response/getSurveyResponseBySurveyId [32m201[0m 8.025 ms - 396[0m
2022-12-09 14:08:40 info: [0mPOST /api/survey-response/getSurveyResponseBySurveyId [32m201[0m 8.012 ms - 360[0m
2022-12-09 14:08:40 info: [0mPOST /api/survey-response/getSurveyResponseBySurveyId [32m201[0m 7.620 ms - 396[0m
2022-12-09 14:09:31 info: [0mPOST /api/survey/getSurveyByOrganizationId [32m200[0m 10.751 ms - -[0m
2022-12-09 14:09:31 info: [0mPOST /api/survey/getSurveyByOrganizationId [32m200[0m 12.029 ms - -[0m
2022-12-09 14:09:32 info: [0mPOST /api/survey-response/getSurveyResponseBySurveyId [32m201[0m 9.032 ms - 360[0m
2022-12-09 14:09:32 info: [0mPOST /api/survey-response/getSurveyResponseBySurveyId [32m201[0m 10.835 ms - 396[0m
2022-12-09 14:09:32 info: [0mPOST /api/survey-response/getSurveyResponseBySurveyId [32m201[0m 10.942 ms - 360[0m
2022-12-09 14:09:32 info: [0mPOST /api/survey-response/getSurveyResponseBySurveyId [32m201[0m 7.143 ms - 396[0m
2022-12-09 14:10:12 info: [0mGET /api/survey/getSurveys [32m200[0m 31.150 ms - -[0m
2022-12-09 14:10:12 info: [0mGET /api/survey/getSurveys [36m304[0m 26.290 ms - -[0m
2022-12-09 14:10:14 info: [0mGET /api/organizations/getOrganizations [36m304[0m 3.052 ms - -[0m
2022-12-09 14:10:14 info: [0mGET /api/organizations/getOrganizations [36m304[0m 5.043 ms - -[0m
2022-12-09 14:10:14 info: [0mPOST /api/survey/getSurveyById [32m200[0m 16.910 ms - -[0m
2022-12-09 14:10:15 info: [0mPOST /api/survey/getSurveyById [32m200[0m 12.139 ms - -[0m
2022-12-09 14:10:55 info: [0mGET /api/organizations/getOrganizations [36m304[0m 5.311 ms - -[0m
2022-12-09 14:10:55 info: [0mGET /api/organizations/getOrganizations [36m304[0m 4.849 ms - -[0m
2022-12-09 14:10:55 info: [0mPOST /api/survey/getSurveyById [32m200[0m 11.541 ms - -[0m
2022-12-09 14:10:55 info: [0mPOST /api/survey/getSurveyById [32m200[0m 13.480 ms - -[0m
2022-12-09 14:10:59 info: [0mPOST /api/survey/editSurvey [32m200[0m 15.207 ms - -[0m
2022-12-09 14:11:03 info: [0mPOST /api/survey/getSurveyByOrganizationId [32m200[0m 9.864 ms - -[0m
2022-12-09 14:11:03 info: [0mPOST /api/survey/getSurveyByOrganizationId [32m200[0m 10.086 ms - -[0m
2022-12-09 14:11:03 info: [0mPOST /api/survey-response/getSurveyResponseBySurveyId [32m201[0m 5.912 ms - 360[0m
2022-12-09 14:11:03 info: [0mPOST /api/survey-response/getSurveyResponseBySurveyId [32m201[0m 9.735 ms - 396[0m
2022-12-09 14:11:03 info: [0mPOST /api/survey-response/getSurveyResponseBySurveyId [32m201[0m 9.080 ms - 360[0m
2022-12-09 14:11:03 info: [0mPOST /api/survey-response/getSurveyResponseBySurveyId [32m201[0m 5.506 ms - 396[0m
2022-12-09 14:14:04 info: =================================
2022-12-09 14:14:04 info: ======= ENV: development =======
2022-12-09 14:14:04 info: 🚀 App listening on the port 5211
2022-12-09 14:14:04 info: =================================
2022-12-09 14:14:20 info: [0mGET /api/survey/getSurveys [32m200[0m 39.376 ms - -[0m
2022-12-09 14:14:20 info: [0mGET /api/survey/getSurveys [36m304[0m 20.732 ms - -[0m
2022-12-09 14:14:22 info: [0mGET /api/organizations/getOrganizations [36m304[0m 6.127 ms - -[0m
2022-12-09 14:14:23 info: [0mGET /api/organizations/getOrganizations [36m304[0m 4.641 ms - -[0m
2022-12-09 14:14:23 info: [0mPOST /api/survey/getSurveyById [32m200[0m 41.413 ms - -[0m
2022-12-09 14:14:23 info: [0mPOST /api/survey/getSurveyById [32m200[0m 13.293 ms - -[0m
2022-12-09 14:14:27 info: [0mPOST /api/survey/editSurvey [32m200[0m 18.007 ms - -[0m
2022-12-09 14:14:28 info: [0mGET /api/survey/getSurveys [32m200[0m 17.116 ms - -[0m
2022-12-09 14:14:28 info: [0mGET /api/survey/getSurveys [36m304[0m 18.821 ms - -[0m
2022-12-09 14:14:30 info: [0mGET /api/organizations/getOrganizations [36m304[0m 3.885 ms - -[0m
2022-12-09 14:14:30 info: [0mGET /api/organizations/getOrganizations [36m304[0m 4.100 ms - -[0m
2022-12-09 14:14:31 info: [0mPOST /api/survey/getSurveyById [32m200[0m 13.014 ms - -[0m
2022-12-09 14:14:31 info: [0mPOST /api/survey/getSurveyById [32m200[0m 13.487 ms - -[0m
2022-12-09 14:14:33 info: [0mPOST /api/survey/editSurvey [32m200[0m 18.214 ms - -[0m
2022-12-09 14:14:34 info: [0mGET /api/survey/getSurveys [32m200[0m 16.692 ms - -[0m
2022-12-09 14:14:34 info: [0mGET /api/survey/getSurveys [36m304[0m 15.046 ms - -[0m
2022-12-09 14:14:37 info: [0mGET /api/organizations/getOrganizations [36m304[0m 5.420 ms - -[0m
2022-12-09 14:14:37 info: [0mGET /api/organizations/getOrganizations [36m304[0m 6.008 ms - -[0m
2022-12-09 14:14:37 info: [0mPOST /api/survey/getSurveyById [32m200[0m 14.457 ms - -[0m
2022-12-09 14:14:37 info: [0mPOST /api/survey/getSurveyById [32m200[0m 14.476 ms - -[0m
2022-12-09 14:14:41 info: [0mPOST /api/survey/editSurvey [32m200[0m 13.562 ms - -[0m
2022-12-09 14:14:42 info: [0mGET /api/survey/getSurveys [32m200[0m 16.654 ms - -[0m
2022-12-09 14:14:42 info: [0mGET /api/survey/getSurveys [36m304[0m 13.702 ms - -[0m
2022-12-09 14:14:43 info: [0mGET /api/organizations/getOrganizations [36m304[0m 4.270 ms - -[0m
2022-12-09 14:14:44 info: [0mGET /api/organizations/getOrganizations [36m304[0m 4.230 ms - -[0m
2022-12-09 14:14:44 info: [0mPOST /api/survey/getSurveyById [32m200[0m 12.073 ms - -[0m
2022-12-09 14:14:44 info: [0mPOST /api/survey/getSurveyById [32m200[0m 16.035 ms - -[0m
2022-12-09 14:14:47 info: [0mPOST /api/survey/editSurvey [32m200[0m 10.656 ms - -[0m
2022-12-09 14:14:47 info: [0mGET /api/survey/getSurveys [32m200[0m 13.960 ms - -[0m
2022-12-09 14:14:48 info: [0mGET /api/survey/getSurveys [36m304[0m 14.047 ms - -[0m
2022-12-09 14:14:58 info: [0mGET /api/users/getAllSystemUser [32m200[0m 22.690 ms - 871[0m
2022-12-09 14:14:59 info: [0mGET /api/users/getAllSystemUser [36m304[0m 9.694 ms - -[0m
2022-12-09 14:15:04 info: [0mGET /api/users/getUsers [32m200[0m 27.069 ms - -[0m
2022-12-09 14:15:05 info: [0mGET /api/users/getAllSystemUser [36m304[0m 9.110 ms - -[0m
2022-12-09 14:19:51 info: [0mGET /main.1bc1f252ac450cd2d1c7.hot-update.json [32m200[0m 18.853 ms - 879[0m
2022-12-09 14:23:06 info: [0mPOST /api/users/getUserById [32m200[0m 13.326 ms - 795[0m
2022-12-09 14:23:06 info: [0mPOST /api/users/getUserById [32m200[0m 10.884 ms - 795[0m
2022-12-09 14:23:12 info: [0mGET /api/roles/getRolesAdmin [32m200[0m 6.918 ms - 892[0m
2022-12-09 14:23:12 info: [0mGET /api/users/getUsers [36m304[0m 11.577 ms - -[0m
2022-12-09 14:23:25 info: [0mGET /api/roles/getRolesAdmin [36m304[0m 8.881 ms - -[0m
2022-12-09 14:24:23 info: [0mGET /api/organizations/getOrganizations [36m304[0m 5.068 ms - -[0m
2022-12-09 14:24:23 info: [0mGET /api/users/getAllSystemUser [36m304[0m 8.703 ms - -[0m
2022-12-09 14:24:28 info: [0mGET /api/users/getUsers [36m304[0m 11.986 ms - -[0m
2022-12-09 14:24:28 info: [0mGET /api/organizations/getOrganizations [36m304[0m 3.377 ms - -[0m
2022-12-09 14:24:28 info: [0mGET /api/users/getAllSystemUser [36m304[0m 9.983 ms - -[0m
2022-12-09 14:24:29 info: [0mGET /api/users/getUsers [36m304[0m 10.679 ms - -[0m
2022-12-09 14:24:44 error: [POST] /api/login >> StatusCode:: 409, Message:: Contraseña incorrecta
2022-12-09 14:24:44 info: [0mPOST /api/login [33m409[0m 67.298 ms - 36[0m
2022-12-09 14:24:47 info: [0mGET /api/users/getAllSystemUser [36m304[0m 10.189 ms - -[0m
2022-12-09 14:24:49 info: [0mPOST /api/users/getUserById [32m200[0m 11.978 ms - -[0m
2022-12-09 14:24:49 info: [0mPOST /api/users/getUserById [32m200[0m 11.760 ms - -[0m
2022-12-09 14:24:50 info: [0mPOST /api/login [32m200[0m 66.040 ms - -[0m
2022-12-09 14:24:52 info: [0mGET /api/users/getAllSystemUser [32m200[0m 21.222 ms - 871[0m
2022-12-09 14:24:52 info: [0mGET /api/users/getAllSystemUser [36m304[0m 8.788 ms - -[0m
2022-12-09 14:25:07 info: [0mPOST /api/roles/getRolesById/organization/ [32m200[0m 3.889 ms - 712[0m
2022-12-09 14:25:07 info: [0mPOST /api/roles/getRolesById/organization/ [32m200[0m 3.480 ms - 712[0m
2022-12-09 14:27:20 info: [0mGET /api/users/getUsers [36m304[0m 12.093 ms - -[0m
2022-12-09 14:27:22 info: [0mGET /api/preUsers/getPreUsers [32m200[0m 427.795 ms - -[0m
2022-12-09 14:28:45 info: [0mGET /api/users/getUsers [36m304[0m 37.765 ms - -[0m
2022-12-09 14:28:47 info: [0mGET /api/users/getAllSystemUser [36m304[0m 11.262 ms - -[0m
2022-12-09 14:28:49 info: [0mGET /api/users/getUsers [36m304[0m 13.972 ms - -[0m
2022-12-09 18:30:30 info: =================================
2022-12-09 18:30:30 info: ======= ENV: development =======
2022-12-09 18:30:30 info: 🚀 App listening on the port 5211
2022-12-09 18:30:30 info: =================================
2022-12-09 19:09:16 info: [0mGET /api/users/getAllSystemUser [32m200[0m 45.784 ms - 871[0m
2022-12-09 19:09:16 info: [0mGET /api/users/getAllSystemUser [36m304[0m 24.259 ms - -[0m
2022-12-09 19:11:32 info: [0mGET /api/users/getAllSystemUser [36m304[0m 20.970 ms - -[0m
2022-12-09 20:46:07 info: [0mGET /api/users/getAllSystemUser [36m304[0m 33.677 ms - -[0m
2022-12-09 20:46:08 info: [0mGET /api/users/getAllSystemUser [36m304[0m 12.858 ms - -[0m
2022-12-09 20:49:29 info: =================================
2022-12-09 20:49:29 info: ======= ENV: development =======
2022-12-09 20:49:29 info: 🚀 App listening on the port 5211
2022-12-09 20:49:29 info: =================================
2022-12-09 20:50:01 info: [0mPOST /api/users/getUsersByOrg [32m200[0m 121.043 ms - -[0m
2022-12-09 20:50:01 info: [0mPOST /api/users/getUsersByOrg [32m200[0m 27.875 ms - -[0m
2022-12-09 20:50:45 info: [0mPOST /api/users/getUsersByOrg [32m200[0m 17.179 ms - -[0m
2022-12-09 20:57:05 info: [0mGET /api/organizations/getOrganizations [36m304[0m 5.401 ms - -[0m
2022-12-09 20:57:05 info: [0mGET /api/organizations/getOrganizations [36m304[0m 4.604 ms - -[0m
2022-12-09 20:57:08 info: [0mPOST /api/users/getUsersByOrg [32m200[0m 21.579 ms - -[0m
2022-12-09 20:57:08 info: [0mPOST /api/users/getUsersByOrg [32m200[0m 22.567 ms - -[0m
2022-12-09 20:58:48 info: [0mPOST /api/users/getUsersByOrg [32m200[0m 23.942 ms - -[0m
2022-12-09 20:58:48 info: [0mPOST /api/users/getUsersByOrg [32m200[0m 14.245 ms - -[0m
2022-12-09 21:00:20 info: [0mGET /api/users/getAllSystemUser [32m200[0m 11.099 ms - 871[0m
2022-12-09 21:00:21 info: [0mGET /api/users/getAllSystemUser [36m304[0m 7.294 ms - -[0m
2022-12-09 21:00:23 info: [0mGET /api/users/getUsers [36m304[0m 16.253 ms - -[0m
2022-12-09 21:00:24 info: [0mGET /api/users/getAllSystemUser [36m304[0m 9.128 ms - -[0m
2022-12-09 21:08:43 info: [0mPOST /api/users/getUsersByOrg [32m200[0m 16.955 ms - -[0m
2022-12-09 21:08:43 info: [0mPOST /api/users/getUsersByOrg [32m200[0m 14.134 ms - -[0m
2022-12-09 21:08:46 info: [0mGET /api/survey/getSurveys [32m200[0m 25.608 ms - -[0m
2022-12-09 21:08:47 info: [0mGET /api/survey/getSurveys [36m304[0m 18.370 ms - -[0m
2022-12-09 21:08:55 info: [0mPOST /api/survey/getSurveyByOrganizationId [32m200[0m 12.733 ms - -[0m
2022-12-09 21:08:55 info: [0mPOST /api/survey/getSurveyByOrganizationId [32m200[0m 11.382 ms - -[0m
2022-12-09 21:09:10 info: [0mPOST /api/survey-response/getSurveyResponseBySurveyId [32m201[0m 6.196 ms - 45[0m
2022-12-09 21:09:10 info: [0mPOST /api/survey-response/getSurveyResponseBySurveyId [32m201[0m 6.902 ms - 45[0m
2022-12-09 21:09:10 info: [0mPOST /api/survey-response/getSurveyResponseBySurveyId [32m201[0m 6.299 ms - 45[0m
2022-12-09 21:09:11 info: [0mPOST /api/survey-response/getSurveyResponseBySurveyId [32m201[0m 9.170 ms - 45[0m
2022-12-09 21:10:57 info: [0mPOST /api/users/getUsersByOrg [32m200[0m 19.941 ms - -[0m
2022-12-09 21:10:57 info: [0mPOST /api/users/getUsersByOrg [32m200[0m 12.076 ms - -[0m
2022-12-09 21:10:59 info: [0mGET /api/survey/getSurveys [32m200[0m 22.110 ms - -[0m
2022-12-09 21:10:59 info: [0mGET /api/survey/getSurveys [36m304[0m 16.548 ms - -[0m
2022-12-09 21:11:00 info: [0mPOST /api/survey/getSurveyByOrganizationId [32m200[0m 8.396 ms - -[0m
2022-12-09 21:11:01 info: [0mPOST /api/survey/getSurveyByOrganizationId [32m200[0m 9.213 ms - -[0m
2022-12-09 21:11:02 info: [0mPOST /api/survey-response/getSurveyResponseBySurveyId [32m201[0m 7.688 ms - 45[0m
2022-12-09 21:11:03 info: [0mPOST /api/survey-response/getSurveyResponseBySurveyId [32m201[0m 6.223 ms - 45[0m
2022-12-09 21:11:03 info: [0mPOST /api/survey-response/getSurveyResponseBySurveyId [32m201[0m 5.303 ms - 45[0m
2022-12-09 21:11:03 info: [0mPOST /api/survey-response/getSurveyResponseBySurveyId [32m201[0m 6.112 ms - 45[0m
2022-12-09 21:15:14 info: [0mGET /api/survey/getSurveys [36m304[0m 27.437 ms - -[0m
2022-12-09 21:15:15 info: [0mPOST /api/users/getUsersByOrg [32m200[0m 12.601 ms - -[0m
2022-12-09 21:15:15 info: [0mPOST /api/users/getUsersByOrg [32m200[0m 28.583 ms - -[0m
2022-12-09 21:15:15 info: [0mGET /api/survey/getSurveys [36m304[0m 14.851 ms - -[0m
2022-12-09 21:15:41 info: [0mGET /api/survey/getSurveys [36m304[0m 22.447 ms - -[0m
