2022-11-05 00:06:36 info: [0mGET /api/organizations/getOrganizations [36m304[0m 7.096 ms - -[0m
2022-11-05 00:06:42 info: =================================
2022-11-05 00:06:42 info: ======= ENV: development =======
2022-11-05 00:06:42 info: 🚀 App listening on the port 5210
2022-11-05 00:06:42 info: =================================
2022-11-05 00:07:48 info: [0mGET /api/organizations/getOrganizations [32m200[0m 22.444 ms - 718[0m
2022-11-05 00:07:48 info: [0mGET /api/organizations/getOrganizations [36m304[0m 7.716 ms - -[0m
2022-11-05 00:08:33 info: [0mPOST /api/organizations/createOrg [32m201[0m 38.615 ms - 276[0m
2022-11-05 00:08:39 info: [0mGET /api/organizations/getOrganizations [32m200[0m 10.450 ms - 966[0m
2022-11-05 00:08:39 info: [0mGET /api/organizations/getOrganizations [36m304[0m 13.255 ms - -[0m
2022-11-05 00:10:15 info: [0mGET /api/organizations/getOrganizations [36m304[0m 6.172 ms - -[0m
2022-11-05 00:11:17 info: [0mGET /api/organizations/getOrganizations [36m304[0m 7.066 ms - -[0m
2022-11-05 00:11:28 info: [0mGET /api/organizations/getOrganizations [36m304[0m 6.710 ms - -[0m
2022-11-05 00:12:56 info: [0mGET /api/organizations/getOrganizations [36m304[0m 7.809 ms - -[0m
2022-11-05 00:14:31 info: [0mGET /api/organizations/getOrganizations [36m304[0m 9.389 ms - -[0m
2022-11-05 00:14:31 info: [0mGET /api/organizations/getOrganizations [36m304[0m 8.464 ms - -[0m
2022-11-05 00:14:53 info: [0mGET /api/organizations/getOrganizations [36m304[0m 7.991 ms - -[0m
2022-11-05 00:14:53 info: [0mGET /api/organizations/getOrganizations [36m304[0m 8.250 ms - -[0m
2022-11-05 00:14:56 info: [0mGET /api/organizations/getOrganizations [36m304[0m 7.733 ms - -[0m
2022-11-05 00:14:56 info: [0mGET /api/organizations/getOrganizations [36m304[0m 6.831 ms - -[0m
2022-11-05 00:15:27 info: [0mPOST /api/login [32m200[0m 73.025 ms - -[0m
2022-11-05 00:15:35 info: [0mGET /api/organizations/getOrganizations [36m304[0m 8.231 ms - -[0m
2022-11-05 00:15:35 info: [0mGET /api/organizations/getOrganizations [36m304[0m 10.174 ms - -[0m
2022-11-05 00:16:02 error: [POST] /api/organizations/createOrg >> StatusCode:: 500, Message:: Organization validation failed: name: Path `name` is required.
2022-11-05 00:16:02 info: [0mPOST /api/organizations/createOrg [31m500[0m 10.587 ms - 76[0m
2022-11-05 00:18:49 info: [0mGET /api/organizations/getOrganizations [36m304[0m 6.422 ms - -[0m
2022-11-05 00:20:16 info: [0mGET /api/organizations/getOrganizations [36m304[0m 5.852 ms - -[0m
2022-11-05 00:30:45 info: =================================
2022-11-05 00:30:45 info: ======= ENV: development =======
2022-11-05 00:30:45 info: 🚀 App listening on the port 5210
2022-11-05 00:30:45 info: =================================
2022-11-05 00:30:54 info: [0mPOST /api/organizations/getOrgById [32m200[0m 56.352 ms - 711[0m
2022-11-05 00:30:55 info: [0mPOST /api/organizations/getOrgById [32m200[0m 9.941 ms - 711[0m
2022-11-05 00:31:22 info: [0mPOST /api/organizations/getOrgById [32m200[0m 8.976 ms - 711[0m
2022-11-05 00:32:27 info: [0mPOST /api/organizations/getOrgById [32m200[0m 7.126 ms - 711[0m
2022-11-05 00:33:34 info: [0mPOST /api/organizations/getOrgById [32m200[0m 23.922 ms - 711[0m
2022-11-05 00:35:10 info: =================================
2022-11-05 00:35:10 info: ======= ENV: development =======
2022-11-05 00:35:10 info: 🚀 App listening on the port 5210
2022-11-05 00:35:10 info: =================================
2022-11-05 00:35:13 info: [0mGET /api/organizations/getOrganizations [32m200[0m 24.564 ms - 41[0m
2022-11-05 00:35:13 info: [0mGET /api/organizations/getOrganizations [36m304[0m 10.343 ms - -[0m
2022-11-05 00:35:49 info: [0mPOST /api/organizations/createOrg [32m201[0m 46.487 ms - 563[0m
2022-11-05 00:35:58 info: [0mGET /api/organizations/getOrganizations [32m200[0m 12.975 ms - 575[0m
2022-11-05 00:35:58 info: [0mGET /api/organizations/getOrganizations [36m304[0m 11.591 ms - -[0m
2022-11-05 00:36:01 info: [0mPOST /api/organizations/getOrgById [32m200[0m 9.262 ms - 568[0m
2022-11-05 00:36:01 info: [0mPOST /api/organizations/getOrgById [32m200[0m 7.523 ms - 568[0m
2022-11-05 00:36:07 info: [0mGET /api/organizations/getOrganizations [36m304[0m 9.658 ms - -[0m
2022-11-05 00:36:07 info: [0mGET /api/organizations/getOrganizations [36m304[0m 11.865 ms - -[0m
2022-11-05 00:36:08 info: [0mPOST /api/organizations/getOrgById [32m200[0m 8.231 ms - 568[0m
2022-11-05 00:36:09 info: [0mPOST /api/organizations/getOrgById [32m200[0m 6.653 ms - 568[0m
2022-11-05 00:37:07 info: [0mPOST /api/organizations/createOrg [32m201[0m 10.590 ms - 547[0m
2022-11-05 00:37:14 info: [0mGET /api/organizations/getOrganizations [32m200[0m 14.766 ms - -[0m
2022-11-05 00:37:14 info: [0mGET /api/organizations/getOrganizations [36m304[0m 9.521 ms - -[0m
2022-11-05 00:37:18 info: [0mPOST /api/organizations/getOrgById [32m200[0m 14.542 ms - 552[0m
2022-11-05 00:37:18 info: [0mPOST /api/organizations/getOrgById [32m200[0m 12.252 ms - 552[0m
2022-11-05 00:37:21 info: [0mPOST /api/organizations/getOrgById [32m200[0m 8.342 ms - 568[0m
2022-11-05 00:37:21 info: [0mPOST /api/organizations/getOrgById [32m200[0m 5.152 ms - 568[0m
2022-11-05 00:37:24 info: [0mPOST /api/organizations/getOrgById [32m200[0m 9.837 ms - 552[0m
2022-11-05 00:37:24 info: [0mPOST /api/organizations/getOrgById [32m200[0m 9.343 ms - 552[0m
2022-11-05 00:37:27 info: [0mPOST /api/organizations/getOrgById [32m200[0m 9.807 ms - 568[0m
2022-11-05 00:37:28 info: [0mPOST /api/organizations/getOrgById [32m200[0m 6.630 ms - 568[0m
2022-11-05 00:37:30 info: [0mPOST /api/organizations/getOrgById [32m200[0m 10.100 ms - 552[0m
2022-11-05 00:37:30 info: [0mPOST /api/organizations/getOrgById [32m200[0m 10.927 ms - 552[0m
2022-11-05 00:41:45 info: [0mPOST /api/organizations/getOrgById [32m200[0m 13.885 ms - 568[0m
2022-11-05 00:41:45 info: [0mPOST /api/organizations/getOrgById [32m200[0m 13.304 ms - 568[0m
2022-11-05 00:42:02 info: [0mPOST /api/organizations/getOrgById [32m200[0m 20.570 ms - 568[0m
2022-11-05 00:42:02 info: [0mPOST /api/organizations/getOrgById [32m200[0m 20.231 ms - 568[0m
2022-11-05 00:47:35 info: =================================
2022-11-05 00:47:35 info: ======= ENV: development =======
2022-11-05 00:47:35 info: 🚀 App listening on the port 5210
2022-11-05 00:47:35 info: =================================
2022-11-05 00:47:41 info: [0mGET /api/organizations/getOrganizations [32m200[0m 18.409 ms - -[0m
2022-11-05 00:47:41 info: [0mGET /api/organizations/getOrganizations [36m304[0m 10.723 ms - -[0m
2022-11-05 00:47:43 info: [0mPOST /api/organizations/getOrgById [32m200[0m 43.472 ms - 568[0m
2022-11-05 00:47:43 info: [0mPOST /api/organizations/getOrgById [32m200[0m 12.675 ms - 568[0m
2022-11-05 00:49:06 info: [0mPOST /api/organizations/getOrgById [32m200[0m 15.280 ms - 568[0m
2022-11-05 00:49:17 info: [0mPOST /api/organizations/createOrg [32m201[0m 26.065 ms - 564[0m
2022-11-05 00:49:38 info: [0mGET /api/organizations/getOrganizations [36m304[0m 12.732 ms - -[0m
2022-11-05 00:49:38 info: [0mGET /api/organizations/getOrganizations [36m304[0m 10.181 ms - -[0m
2022-11-05 00:49:40 info: [0mPOST /api/organizations/getOrgById [32m200[0m 6.903 ms - 568[0m
2022-11-05 00:49:40 info: [0mPOST /api/organizations/getOrgById [32m200[0m 5.418 ms - 568[0m
2022-11-05 00:50:28 info: [0mPOST /api/organizations/getOrgById [32m200[0m 7.716 ms - 568[0m
2022-11-05 00:50:33 info: [0mPOST /api/organizations/editOrg [32m201[0m 21.285 ms - 562[0m
2022-11-05 00:50:40 info: [0mGET /api/organizations/getOrganizations [32m200[0m 10.049 ms - -[0m
2022-11-05 00:50:40 info: [0mGET /api/organizations/getOrganizations [36m304[0m 8.641 ms - -[0m
2022-11-05 00:50:42 info: [0mPOST /api/organizations/getOrgById [32m200[0m 9.491 ms - 569[0m
2022-11-05 00:50:42 info: [0mPOST /api/organizations/getOrgById [32m200[0m 8.156 ms - 569[0m
2022-11-05 00:51:15 info: [0mPOST /api/organizations/getOrgById [32m200[0m 13.862 ms - 552[0m
2022-11-05 00:51:15 info: [0mPOST /api/organizations/getOrgById [32m200[0m 10.865 ms - 552[0m
2022-11-05 00:51:19 info: [0mPOST /api/organizations/editOrg [32m201[0m 8.750 ms - 546[0m
2022-11-05 00:51:24 info: [0mPOST /api/organizations/getOrgById [32m200[0m 7.486 ms - 553[0m
2022-11-05 00:51:25 info: [0mPOST /api/organizations/getOrgById [32m200[0m 6.572 ms - 553[0m
2022-11-05 00:55:00 info: [0mPOST /api/organizations/getOrgById [32m200[0m 12.106 ms - 569[0m
2022-11-05 00:55:00 info: [0mPOST /api/organizations/getOrgById [32m200[0m 12.684 ms - 569[0m
2022-11-05 00:55:04 info: [0mPOST /api/organizations/getOrgById [32m200[0m 10.204 ms - 553[0m
2022-11-05 00:55:05 info: [0mPOST /api/organizations/getOrgById [32m200[0m 6.430 ms - 553[0m
2022-11-05 00:55:29 info: [0mPOST /api/organizations/getOrgById [32m200[0m 13.256 ms - 569[0m
2022-11-05 00:55:29 info: [0mPOST /api/organizations/getOrgById [32m200[0m 10.270 ms - 569[0m
2022-11-05 00:55:31 info: [0mPOST /api/organizations/getOrgById [32m200[0m 14.256 ms - 553[0m
2022-11-05 00:55:31 info: [0mPOST /api/organizations/getOrgById [32m200[0m 13.035 ms - 553[0m
2022-11-05 00:55:38 info: [0mPOST /api/organizations/getOrgById [32m200[0m 9.881 ms - 569[0m
2022-11-05 00:55:38 info: [0mPOST /api/organizations/getOrgById [32m200[0m 9.070 ms - 569[0m
2022-11-05 07:36:04 info: [0mPOST /api/organizations/getOrgById [32m200[0m 18.328 ms - 569[0m
2022-11-05 07:36:04 info: [0mPOST /api/organizations/getOrgById [32m200[0m 19.107 ms - 569[0m
2022-11-05 07:36:31 info: [0mPOST /api/organizations/getOrgById [32m200[0m 7.298 ms - 569[0m
2022-11-05 07:36:32 info: [0mPOST /api/organizations/getOrgById [32m200[0m 6.534 ms - 569[0m
