2022-11-16 07:32:45 info: =================================
2022-11-16 07:32:45 info: ======= ENV: development =======
2022-11-16 07:32:45 info: 🚀 App listening on the port 5210
2022-11-16 07:32:45 info: =================================
2022-11-16 07:32:51 error: [GET] /api/organizations/getOrganizations >> StatusCode:: 401, Message:: Wrong authentication token
2022-11-16 07:32:51 info: [0mGET /api/organizations/getOrganizations [33m401[0m 7.864 ms - 40[0m
2022-11-16 07:32:51 error: [GET] /api/organizations/getOrganizations >> StatusCode:: 401, Message:: Wrong authentication token
2022-11-16 07:32:51 info: [0mGET /api/organizations/getOrganizations [33m401[0m 3.191 ms - 40[0m
2022-11-16 07:32:54 error: [GET] /api/organizations/getOrganizations >> StatusCode:: 401, Message:: Wrong authentication token
2022-11-16 07:32:54 info: [0mGET /api/organizations/getOrganizations [33m401[0m 1.571 ms - 40[0m
2022-11-16 07:32:54 error: [GET] /api/organizations/getOrganizations >> StatusCode:: 401, Message:: Wrong authentication token
2022-11-16 07:32:54 info: [0mGET /api/organizations/getOrganizations [33m401[0m 1.349 ms - 40[0m
2022-11-16 07:32:57 error: [GET] /api/organizations/getOrganizations >> StatusCode:: 401, Message:: Wrong authentication token
2022-11-16 07:32:57 info: [0mGET /api/organizations/getOrganizations [33m401[0m 1.981 ms - 40[0m
2022-11-16 07:32:57 error: [GET] /api/organizations/getOrganizations >> StatusCode:: 401, Message:: Wrong authentication token
2022-11-16 07:32:57 info: [0mGET /api/organizations/getOrganizations [33m401[0m 3.372 ms - 40[0m
2022-11-16 07:33:03 error: [GET] /api/organizations/getOrganizations >> StatusCode:: 401, Message:: Wrong authentication token
2022-11-16 07:33:03 info: [0mGET /api/organizations/getOrganizations [33m401[0m 1.995 ms - 40[0m
2022-11-16 07:33:03 error: [GET] /api/organizations/getOrganizations >> StatusCode:: 401, Message:: Wrong authentication token
2022-11-16 07:33:03 info: [0mGET /api/organizations/getOrganizations [33m401[0m 2.143 ms - 40[0m
2022-11-16 07:33:07 error: [GET] /api/users/getUsers >> StatusCode:: 401, Message:: Wrong authentication token
2022-11-16 07:33:07 info: [0mGET /api/users/getUsers [33m401[0m 2.520 ms - 40[0m
2022-11-16 07:33:07 error: [GET] /api/users/getUsers >> StatusCode:: 401, Message:: Wrong authentication token
2022-11-16 07:33:07 info: [0mGET /api/users/getUsers [33m401[0m 2.047 ms - 40[0m
2022-11-16 07:33:35 error: [POST] /api/organizations/createOrg >> StatusCode:: 401, Message:: Wrong authentication token
2022-11-16 07:33:35 info: [0mPOST /api/organizations/createOrg [33m401[0m 46.847 ms - 40[0m
2022-11-16 07:33:57 info: [0mPOST /api/login [32m200[0m 83.325 ms - -[0m
2022-11-16 07:33:58 info: [0mGET /api/organizations/getOrganizations [32m200[0m 7.275 ms - 41[0m
2022-11-16 07:33:58 info: [0mGET /api/organizations/getOrganizations [36m304[0m 7.421 ms - -[0m
2022-11-16 07:34:03 info: [0mGET /api/organizations/getOrganizations [36m304[0m 10.300 ms - -[0m
2022-11-16 07:34:03 info: [0mGET /api/organizations/getOrganizations [36m304[0m 6.139 ms - -[0m
2022-11-16 07:34:26 info: [0mPOST /api/organizations/createOrg [32m201[0m 30.654 ms - 311[0m
2022-11-16 07:34:33 info: [0mGET /api/organizations/getOrganizations [32m200[0m 10.169 ms - 323[0m
2022-11-16 07:34:33 info: [0mGET /api/organizations/getOrganizations [36m304[0m 8.348 ms - -[0m
2022-11-16 07:34:36 info: [0mGET /api/users/getUsers [32m200[0m 12.842 ms - 850[0m
2022-11-16 07:34:37 info: [0mGET /api/users/getUsers [36m304[0m 8.762 ms - -[0m
2022-11-16 07:34:42 info: [0mGET /api/organizations/getOrganizations [36m304[0m 6.368 ms - -[0m
2022-11-16 07:34:42 info: [0mGET /api/organizations/getOrganizations [36m304[0m 7.384 ms - -[0m
2022-11-16 07:34:44 info: [0mPOST /api/organizations/getOrgById [32m200[0m 6.554 ms - 316[0m
2022-11-16 07:34:45 info: [0mPOST /api/organizations/getOrgById [32m200[0m 10.762 ms - 316[0m
2022-11-16 07:34:45 info: [0mPOST /api/roles/getRolesById/organization/ [32m200[0m 10.512 ms - 712[0m
2022-11-16 07:34:45 info: [0mPOST /api/roles/getRolesById/organization/ [32m200[0m 7.126 ms - 712[0m
2022-11-16 07:35:15 info: [0mGET /api/roles/getRolesAdmin [32m200[0m 10.753 ms - 892[0m
2022-11-16 07:35:15 info: [0mGET /api/roles/getRolesAdmin [36m304[0m 7.161 ms - -[0m
2022-11-16 07:36:58 info: [0mPOST /api/users/createUser [32m201[0m 79.916 ms - 468[0m
2022-11-16 07:37:05 info: [0mGET /api/users/getUsers [32m200[0m 12.722 ms - -[0m
2022-11-16 07:37:05 info: [0mGET /api/users/getUsers [36m304[0m 12.429 ms - -[0m
2022-11-16 07:37:28 info: [0mGET /api/roles/getRolesAdmin [36m304[0m 7.438 ms - -[0m
2022-11-16 07:37:28 info: [0mGET /api/roles/getRolesAdmin [36m304[0m 8.423 ms - -[0m
2022-11-16 07:37:39 info: [0mGET /api/organizations/getOrganizations [36m304[0m 7.464 ms - -[0m
2022-11-16 07:37:40 info: [0mGET /api/organizations/getOrganizations [36m304[0m 5.562 ms - -[0m
2022-11-16 07:37:41 info: [0mGET /api/organizations/getOrganizations [36m304[0m 10.067 ms - -[0m
2022-11-16 07:37:41 info: [0mGET /api/organizations/getOrganizations [36m304[0m 4.793 ms - -[0m
2022-11-16 07:41:31 info: [0mGET /api/roles/getRolesAdmin [36m304[0m 7.092 ms - -[0m
2022-11-16 07:41:31 info: [0mGET /api/roles/getRolesAdmin [36m304[0m 7.285 ms - -[0m
2022-11-16 11:44:48 info: =================================
2022-11-16 11:44:48 info: ======= ENV: development =======
2022-11-16 11:44:48 info: 🚀 App listening on the port 5210
2022-11-16 11:44:48 info: =================================
2022-11-16 11:44:54 info: [0mGET /api/organizations/getOrganizations [32m200[0m 27.624 ms - 323[0m
2022-11-16 11:44:54 info: [0mGET /api/organizations/getOrganizations [32m200[0m 43.148 ms - 323[0m
2022-11-16 11:45:01 info: [0mGET /api/organizations/getOrganizations [36m304[0m 9.455 ms - -[0m
2022-11-16 11:45:01 info: [0mGET /api/organizations/getOrganizations [36m304[0m 8.873 ms - -[0m
2022-11-16 11:45:02 info: [0mGET /api/users/getUsers [32m200[0m 32.751 ms - -[0m
2022-11-16 11:45:02 info: [0mGET /api/users/getUsers [36m304[0m 13.736 ms - -[0m
2022-11-16 11:50:55 info: [0mGET /api/organizations/getOrganizations [36m304[0m 18.038 ms - -[0m
2022-11-16 11:50:55 info: [0mGET /api/users/getUsers [36m304[0m 27.745 ms - -[0m
2022-11-16 11:50:55 info: [0mGET /api/organizations/getOrganizations [36m304[0m 12.360 ms - -[0m
2022-11-16 11:50:56 info: [0mPOST /api/users/getUserById [32m200[0m 89.529 ms - 774[0m
2022-11-16 11:50:56 info: [0mPOST /api/users/getUserById [32m200[0m 26.570 ms - 774[0m
2022-11-16 11:53:11 info: [0mPOST /api/users/getUserById [32m200[0m 9.702 ms - 774[0m
2022-11-16 11:53:16 info: [0mPOST /api/users/getUserById [32m200[0m 12.410 ms - 795[0m
2022-11-16 11:53:17 info: [0mPOST /api/users/getUserById [32m200[0m 8.636 ms - 795[0m
2022-11-16 11:53:35 info: [0mGET /api/roles/getRolesAdmin [32m200[0m 10.088 ms - 892[0m
2022-11-16 11:53:35 info: [0mPOST /api/users/getUserById [32m200[0m 7.426 ms - 795[0m
2022-11-16 11:53:41 info: [0mGET /api/roles/getRolesAdmin [36m304[0m 8.286 ms - -[0m
2022-11-16 11:53:41 info: [0mPOST /api/users/getUserById [32m200[0m 23.376 ms - 774[0m
2022-11-16 11:53:41 info: [0mPOST /api/users/getUserById [32m200[0m 22.055 ms - 774[0m
2022-11-16 11:53:41 info: [0mGET /api/roles/getRolesAdmin [36m304[0m 7.334 ms - -[0m
2022-11-16 11:53:44 info: [0mGET /api/roles/getRolesAdmin [36m304[0m 11.512 ms - -[0m
2022-11-16 11:53:44 info: [0mPOST /api/users/getUserById [32m200[0m 22.910 ms - 795[0m
2022-11-16 11:53:44 info: [0mPOST /api/users/getUserById [32m200[0m 25.208 ms - 795[0m
2022-11-16 11:53:44 info: [0mGET /api/roles/getRolesAdmin [36m304[0m 5.348 ms - -[0m
2022-11-16 11:54:24 info: [0mGET /api/roles/getRolesAdmin [36m304[0m 10.211 ms - -[0m
2022-11-16 11:54:24 info: [0mPOST /api/users/getUserById [32m200[0m 8.447 ms - 795[0m
2022-11-16 11:54:29 info: [0mGET /api/roles/getRolesAdmin [36m304[0m 6.492 ms - -[0m
2022-11-16 11:54:30 info: [0mGET /api/roles/getRolesAdmin [36m304[0m 7.640 ms - -[0m
2022-11-16 11:54:32 info: [0mGET /api/roles/getRolesAdmin [36m304[0m 9.259 ms - -[0m
2022-11-16 11:54:32 info: [0mPOST /api/users/getUserById [32m200[0m 16.536 ms - 795[0m
2022-11-16 11:54:32 info: [0mPOST /api/users/getUserById [32m200[0m 17.197 ms - 795[0m
2022-11-16 11:54:32 info: [0mGET /api/roles/getRolesAdmin [36m304[0m 9.011 ms - -[0m
2022-11-16 11:56:06 info: [0mGET /api/roles/getRolesAdmin [36m304[0m 5.666 ms - -[0m
2022-11-16 11:56:07 info: [0mPOST /api/users/getUserById [32m200[0m 8.281 ms - 795[0m
2022-11-16 11:56:12 info: [0mGET /api/roles/getRolesAdmin [36m304[0m 7.293 ms - -[0m
2022-11-16 11:56:13 info: [0mGET /api/roles/getRolesAdmin [36m304[0m 22.686 ms - -[0m
2022-11-16 11:56:13 info: [0mPOST /api/users/getUserById [32m200[0m 27.747 ms - 795[0m
2022-11-16 11:56:13 info: [0mPOST /api/users/getUserById [32m200[0m 34.496 ms - 795[0m
2022-11-16 11:56:34 info: [0mGET /api/roles/getRolesAdmin [36m304[0m 9.308 ms - -[0m
2022-11-16 11:56:34 info: [0mPOST /api/users/getUserById [32m200[0m 9.467 ms - 795[0m
2022-11-16 12:01:28 info: [0mGET /api/roles/getRolesAdmin [36m304[0m 18.714 ms - -[0m
2022-11-16 12:01:28 info: [0mPOST /api/users/getUserById [32m200[0m 24.075 ms - 795[0m
2022-11-16 12:01:34 info: [0mGET /api/users/getUsers [32m200[0m 12.800 ms - -[0m
2022-11-16 12:01:34 info: [0mGET /api/users/getUsers [32m200[0m 14.790 ms - -[0m
2022-11-16 12:01:38 info: [0mGET /api/roles/getRolesAdmin [36m304[0m 9.033 ms - -[0m
2022-11-16 12:01:38 info: [0mPOST /api/users/getUserById [32m200[0m 12.427 ms - 795[0m
2022-11-16 12:01:38 info: [0mPOST /api/users/getUserById [32m200[0m 12.530 ms - 795[0m
2022-11-16 12:01:38 info: [0mGET /api/roles/getRolesAdmin [36m304[0m 7.614 ms - -[0m
2022-11-16 12:03:33 info: [0mGET /api/roles/getRolesAdmin [36m304[0m 7.141 ms - -[0m
2022-11-16 12:03:33 info: [0mPOST /api/users/getUserById [32m200[0m 7.275 ms - 795[0m
2022-11-16 12:03:39 info: [0mGET /api/roles/getRolesAdmin [32m200[0m 11.515 ms - 892[0m
2022-11-16 12:03:39 info: [0mGET /api/roles/getRolesAdmin [32m200[0m 10.667 ms - 892[0m
2022-11-16 12:03:39 info: [0mPOST /api/users/getUserById [32m200[0m 19.195 ms - 795[0m
2022-11-16 12:03:39 info: [0mPOST /api/users/getUserById [32m200[0m 19.990 ms - 795[0m
2022-11-16 12:09:05 info: [0mGET /api/roles/getRolesAdmin [36m304[0m 12.813 ms - -[0m
2022-11-16 12:09:05 info: [0mPOST /api/users/getUserById [32m200[0m 17.126 ms - 795[0m
2022-11-16 12:13:21 info: [0mGET /api/roles/getRolesAdmin [36m304[0m 6.792 ms - -[0m
2022-11-16 12:13:21 info: [0mGET /api/roles/getRolesAdmin [36m304[0m 5.545 ms - -[0m
2022-11-16 12:13:21 info: [0mPOST /api/users/getUserById [32m200[0m 18.414 ms - 795[0m
2022-11-16 12:13:21 info: [0mPOST /api/users/getUserById [32m200[0m 17.413 ms - 795[0m
2022-11-16 12:14:22 info: [0mGET /api/roles/getRolesAdmin [36m304[0m 9.654 ms - -[0m
2022-11-16 12:14:22 info: [0mPOST /api/users/getUserById [32m200[0m 7.837 ms - 795[0m
2022-11-16 12:15:24 info: [0mGET /api/roles/getRolesAdmin [36m304[0m 6.943 ms - -[0m
2022-11-16 12:15:24 info: [0mPOST /api/users/getUserById [32m200[0m 7.912 ms - 795[0m
2022-11-16 12:15:34 info: [0mGET /api/roles/getRolesAdmin [36m304[0m 8.712 ms - -[0m
2022-11-16 12:15:34 info: [0mGET /api/roles/getRolesAdmin [36m304[0m 13.409 ms - -[0m
2022-11-16 12:15:34 info: [0mPOST /api/users/getUserById [32m200[0m 19.581 ms - 795[0m
2022-11-16 12:15:34 info: [0mPOST /api/users/getUserById [32m200[0m 10.359 ms - 795[0m
2022-11-16 12:15:36 info: [0mGET /api/users/getUsers [36m304[0m 10.748 ms - -[0m
2022-11-16 12:15:36 info: [0mGET /api/users/getUsers [36m304[0m 8.242 ms - -[0m
2022-11-16 12:15:42 info: [0mGET /api/roles/getRolesAdmin [36m304[0m 6.100 ms - -[0m
2022-11-16 12:15:42 info: [0mGET /api/roles/getRolesAdmin [36m304[0m 6.116 ms - -[0m
2022-11-16 12:15:42 info: [0mPOST /api/users/getUserById [32m200[0m 8.619 ms - 774[0m
2022-11-16 12:15:43 info: [0mPOST /api/users/getUserById [32m200[0m 10.103 ms - 774[0m
2022-11-16 12:15:47 info: [0mGET /api/roles/getRolesAdmin [36m304[0m 5.881 ms - -[0m
2022-11-16 12:15:47 info: [0mGET /api/roles/getRolesAdmin [36m304[0m 7.567 ms - -[0m
2022-11-16 12:15:47 info: [0mPOST /api/users/getUserById [32m200[0m 7.438 ms - 795[0m
2022-11-16 12:15:47 info: [0mPOST /api/users/getUserById [32m200[0m 8.139 ms - 795[0m
2022-11-16 12:16:28 info: [0mGET /api/organizations/getOrganizations [36m304[0m 6.269 ms - -[0m
2022-11-16 12:16:28 info: [0mGET /api/organizations/getOrganizations [36m304[0m 7.098 ms - -[0m
2022-11-16 12:16:33 info: [0mGET /api/organizations/getOrganizations [36m304[0m 5.588 ms - -[0m
2022-11-16 12:16:33 info: [0mGET /api/organizations/getOrganizations [36m304[0m 5.792 ms - -[0m
2022-11-16 12:16:45 info: [0mPOST /api/organizations/getOrgById [32m200[0m 16.609 ms - 316[0m
2022-11-16 12:16:45 info: [0mPOST /api/organizations/getOrgById [32m200[0m 5.118 ms - 316[0m
2022-11-16 12:16:45 info: [0mPOST /api/roles/getRolesById/organization/ [32m200[0m 12.698 ms - 712[0m
2022-11-16 12:16:45 info: [0mPOST /api/roles/getRolesById/organization/ [32m200[0m 12.076 ms - 712[0m
2022-11-16 12:16:53 info: [0mGET /api/roles/getRolesAdmin [36m304[0m 6.451 ms - -[0m
2022-11-16 12:16:53 info: [0mGET /api/roles/getRolesAdmin [36m304[0m 5.900 ms - -[0m
2022-11-16 12:16:53 info: [0mPOST /api/users/getUserById [32m200[0m 8.310 ms - 795[0m
2022-11-16 12:16:53 info: [0mPOST /api/users/getUserById [32m200[0m 8.800 ms - 795[0m
2022-11-16 12:17:43 info: [0mGET /api/roles/getRolesAdmin [36m304[0m 8.411 ms - -[0m
2022-11-16 12:17:43 info: [0mGET /api/roles/getRolesAdmin [36m304[0m 5.673 ms - -[0m
2022-11-16 12:17:43 info: [0mPOST /api/users/getUserById [32m200[0m 11.740 ms - 795[0m
2022-11-16 12:17:43 info: [0mPOST /api/users/getUserById [32m200[0m 10.715 ms - 795[0m
2022-11-16 12:17:46 info: [0mGET /api/roles/getRolesAdmin [36m304[0m 6.463 ms - -[0m
2022-11-16 12:17:47 info: [0mGET /api/roles/getRolesAdmin [36m304[0m 6.629 ms - -[0m
2022-11-16 12:18:52 info: [0mGET /api/roles/getRolesAdmin [36m304[0m 6.287 ms - -[0m
2022-11-16 12:18:52 info: [0mGET /api/roles/getRolesAdmin [36m304[0m 6.141 ms - -[0m
2022-11-16 12:18:52 info: [0mPOST /api/users/getUserById [32m200[0m 10.086 ms - 795[0m
2022-11-16 12:18:52 info: [0mPOST /api/users/getUserById [32m200[0m 9.802 ms - 795[0m
2022-11-16 12:18:56 info: [0mGET /api/roles/getRolesAdmin [36m304[0m 9.211 ms - -[0m
2022-11-16 12:18:56 info: [0mGET /api/roles/getRolesAdmin [36m304[0m 7.312 ms - -[0m
2022-11-16 12:18:56 info: [0mPOST /api/users/getUserById [32m200[0m 9.163 ms - 774[0m
2022-11-16 12:18:56 info: [0mPOST /api/users/getUserById [32m200[0m 8.596 ms - 774[0m
2022-11-16 12:19:29 info: [0mGET /api/roles/getRolesAdmin [36m304[0m 6.213 ms - -[0m
2022-11-16 12:19:29 info: [0mGET /api/roles/getRolesAdmin [36m304[0m 6.412 ms - -[0m
2022-11-16 12:19:29 info: [0mPOST /api/users/getUserById [32m200[0m 12.282 ms - 795[0m
2022-11-16 12:19:30 info: [0mPOST /api/users/getUserById [32m200[0m 8.690 ms - 795[0m
2022-11-16 12:19:32 info: [0mGET /api/roles/getRolesAdmin [36m304[0m 10.107 ms - -[0m
2022-11-16 12:19:32 info: [0mGET /api/roles/getRolesAdmin [36m304[0m 5.950 ms - -[0m
2022-11-16 12:19:32 info: [0mPOST /api/users/getUserById [32m200[0m 8.804 ms - 774[0m
2022-11-16 12:19:33 info: [0mPOST /api/users/getUserById [32m200[0m 8.638 ms - 774[0m
2022-11-16 12:19:47 info: [0mGET /api/roles/getRolesAdmin [36m304[0m 6.577 ms - -[0m
2022-11-16 12:19:47 info: [0mGET /api/roles/getRolesAdmin [36m304[0m 6.351 ms - -[0m
2022-11-16 12:19:47 info: [0mPOST /api/users/getUserById [32m200[0m 8.694 ms - 795[0m
2022-11-16 12:19:47 info: [0mPOST /api/users/getUserById [32m200[0m 8.717 ms - 795[0m
2022-11-16 12:21:04 info: [0mGET /api/roles/getRolesAdmin [36m304[0m 4.718 ms - -[0m
2022-11-16 12:21:04 info: [0mPOST /api/users/getUserById [32m200[0m 8.800 ms - 795[0m
2022-11-16 12:21:08 info: [0mGET /api/roles/getRolesAdmin [36m304[0m 5.662 ms - -[0m
2022-11-16 12:21:08 info: [0mGET /api/roles/getRolesAdmin [36m304[0m 5.565 ms - -[0m
2022-11-16 12:21:08 info: [0mPOST /api/users/getUserById [32m200[0m 8.818 ms - 795[0m
2022-11-16 12:21:08 info: [0mPOST /api/users/getUserById [32m200[0m 7.161 ms - 795[0m
2022-11-16 12:21:11 info: [0mGET /api/roles/getRolesAdmin [36m304[0m 6.013 ms - -[0m
2022-11-16 12:21:11 info: [0mGET /api/roles/getRolesAdmin [36m304[0m 5.879 ms - -[0m
2022-11-16 12:21:11 info: [0mPOST /api/users/getUserById [32m200[0m 8.162 ms - 774[0m
2022-11-16 12:21:11 info: [0mPOST /api/users/getUserById [32m200[0m 7.728 ms - 774[0m
2022-11-16 12:30:33 info: [0mGET /api/roles/getRolesAdmin [36m304[0m 6.331 ms - -[0m
2022-11-16 12:30:33 info: [0mGET /api/roles/getRolesAdmin [36m304[0m 6.043 ms - -[0m
2022-11-16 12:30:37 info: [0mGET /api/roles/getRolesAdmin [36m304[0m 5.219 ms - -[0m
2022-11-16 12:30:38 info: [0mGET /api/roles/getRolesAdmin [36m304[0m 5.968 ms - -[0m
2022-11-16 12:30:38 info: [0mPOST /api/users/getUserById [32m200[0m 11.829 ms - 795[0m
2022-11-16 12:30:38 info: [0mPOST /api/users/getUserById [32m200[0m 8.628 ms - 795[0m
2022-11-16 12:33:50 info: [0mGET /api/roles/getRolesAdmin [36m304[0m 6.411 ms - -[0m
2022-11-16 12:33:50 info: [0mGET /api/roles/getRolesAdmin [36m304[0m 7.056 ms - -[0m
2022-11-16 12:34:27 info: [0mGET /api/roles/getRolesAdmin [36m304[0m 10.400 ms - -[0m
2022-11-16 12:35:17 info: [0mGET /api/roles/getRolesAdmin [32m200[0m 10.180 ms - 892[0m
2022-11-16 12:35:17 info: [0mGET /api/roles/getRolesAdmin [32m200[0m 7.696 ms - 892[0m
2022-11-16 12:35:47 info: [0mGET /api/roles/getRolesAdmin [36m304[0m 9.173 ms - -[0m
2022-11-16 12:36:23 info: [0mGET /api/users/getUsers [36m304[0m 8.057 ms - -[0m
2022-11-16 12:36:23 info: [0mGET /api/users/getUsers [36m304[0m 9.914 ms - -[0m
2022-11-16 12:37:08 info: [0mGET /api/roles/getRolesAdmin [36m304[0m 6.755 ms - -[0m
2022-11-16 12:37:08 info: [0mGET /api/roles/getRolesAdmin [36m304[0m 5.858 ms - -[0m
2022-11-16 12:37:15 info: [0mGET /api/roles/getRolesAdmin [36m304[0m 7.031 ms - -[0m
2022-11-16 12:37:15 info: [0mGET /api/roles/getRolesAdmin [36m304[0m 6.334 ms - -[0m
2022-11-16 12:38:26 info: [0mGET /api/roles/getRolesAdmin [36m304[0m 5.151 ms - -[0m
2022-11-16 12:39:14 info: [0mGET /api/roles/getRolesAdmin [36m304[0m 5.391 ms - -[0m
2022-11-16 12:40:07 info: [0mGET /api/roles/getRolesAdmin [36m304[0m 6.297 ms - -[0m
2022-11-16 14:01:11 info: [0mGET /api/roles/getRolesAdmin [36m304[0m 6.233 ms - -[0m
2022-11-16 14:01:11 info: [0mGET /api/roles/getRolesAdmin [36m304[0m 5.678 ms - -[0m
2022-11-16 14:01:11 info: [0mPOST /api/users/getUserById [32m200[0m 11.807 ms - 795[0m
2022-11-16 14:01:11 info: [0mPOST /api/users/getUserById [32m200[0m 11.178 ms - 795[0m
2022-11-16 14:01:21 info: [0mGET /api/organizations/getOrganizations [36m304[0m 6.489 ms - -[0m
2022-11-16 14:01:21 info: [0mGET /api/organizations/getOrganizations [36m304[0m 5.201 ms - -[0m
2022-11-16 14:01:23 info: [0mPOST /api/organizations/getOrgById [32m200[0m 25.248 ms - 316[0m
2022-11-16 14:01:23 info: [0mPOST /api/organizations/getOrgById [32m200[0m 6.184 ms - 316[0m
2022-11-16 14:01:23 info: [0mPOST /api/roles/getRolesById/organization/ [32m200[0m 6.947 ms - 712[0m
2022-11-16 14:01:23 info: [0mPOST /api/roles/getRolesById/organization/ [32m200[0m 5.593 ms - 712[0m
2022-11-16 14:02:25 info: [0mGET /api/roles/getRolesAdmin [36m304[0m 5.761 ms - -[0m
2022-11-16 14:02:25 info: [0mGET /api/roles/getRolesAdmin [36m304[0m 8.179 ms - -[0m
2022-11-16 14:02:25 info: [0mPOST /api/users/getUserById [32m200[0m 8.691 ms - 795[0m
2022-11-16 14:02:25 info: [0mPOST /api/users/getUserById [32m200[0m 13.128 ms - 795[0m
2022-11-16 14:02:35 info: [0mGET /api/roles/getRolesAdmin [36m304[0m 10.330 ms - -[0m
2022-11-16 14:02:35 info: [0mGET /api/roles/getRolesAdmin [36m304[0m 6.813 ms - -[0m
2022-11-16 14:02:37 info: [0mGET /api/roles/getRolesAdmin [36m304[0m 5.422 ms - -[0m
2022-11-16 14:02:38 info: [0mGET /api/roles/getRolesAdmin [36m304[0m 7.060 ms - -[0m
2022-11-16 14:02:38 info: [0mPOST /api/users/getUserById [32m200[0m 10.149 ms - 795[0m
2022-11-16 14:02:38 info: [0mPOST /api/users/getUserById [32m200[0m 10.648 ms - 795[0m
2022-11-16 14:13:28 info: [0mGET /api/organizations/getOrganizations [36m304[0m 5.470 ms - -[0m
2022-11-16 14:13:28 info: [0mGET /api/organizations/getOrganizations [36m304[0m 4.609 ms - -[0m
2022-11-16 14:36:40 info: [0mGET /api/users/getUsers [36m304[0m 11.641 ms - -[0m
2022-11-16 14:36:44 info: [0mGET /api/organizations/getOrganizations [32m200[0m 10.137 ms - 323[0m
2022-11-16 14:36:44 info: [0mGET /api/organizations/getOrganizations [32m200[0m 8.944 ms - 323[0m
2022-11-16 14:36:46 info: [0mGET /api/users/getUsers [36m304[0m 10.401 ms - -[0m
2022-11-16 14:36:46 info: [0mGET /api/users/getUsers [36m304[0m 15.427 ms - -[0m
2022-11-16 14:39:09 info: [0mGET /api/users/getUsers [36m304[0m 9.384 ms - -[0m
2022-11-16 14:58:00 info: =================================
2022-11-16 14:58:00 info: ======= ENV: development =======
2022-11-16 14:58:00 info: 🚀 App listening on the port 5210
2022-11-16 14:58:00 info: =================================
2022-11-16 14:58:47 info: [0mGET /api/organizations/getOrganizations [32m200[0m 24.906 ms - 323[0m
2022-11-16 14:58:47 info: [0mGET /api/organizations/getOrganizations [36m304[0m 8.691 ms - -[0m
2022-11-16 14:58:54 info: [0mGET /api/users/getAllSystemUser [32m200[0m 30.562 ms - -[0m
2022-11-16 14:58:54 info: [0mGET /api/users/getUsers [32m200[0m 10.167 ms - -[0m
2022-11-16 14:58:55 info: [0mGET /api/users/getAllSystemUser [36m304[0m 12.597 ms - -[0m
2022-11-16 14:58:55 info: [0mGET /api/users/getUsers [36m304[0m 11.540 ms - -[0m
2022-11-16 14:58:57 info: [0mGET /api/users/getAllSystemUser [36m304[0m 10.681 ms - -[0m
2022-11-16 14:58:57 info: [0mGET /api/users/getUsers [36m304[0m 9.671 ms - -[0m
2022-11-16 14:59:03 info: [0mGET /api/users/getAllSystemUser [36m304[0m 12.284 ms - -[0m
2022-11-16 14:59:04 info: [0mGET /api/users/getUsers [36m304[0m 11.241 ms - -[0m
2022-11-16 15:02:27 info: [0mGET /api/users/getUsers [36m304[0m 11.460 ms - -[0m
2022-11-16 15:02:27 info: [0mGET /api/users/getUsers [36m304[0m 12.667 ms - -[0m
2022-11-16 15:02:31 info: [0mGET /api/users/getAllSystemUser [36m304[0m 12.242 ms - -[0m
2022-11-16 15:02:39 info: [0mGET /api/users/getUsers [36m304[0m 9.870 ms - -[0m
2022-11-16 15:04:13 info: =================================
2022-11-16 15:04:13 info: ======= ENV: development =======
2022-11-16 15:04:13 info: 🚀 App listening on the port 5210
2022-11-16 15:04:13 info: =================================
2022-11-16 15:04:18 info: [0mGET /api/users/getAllSystemUser [32m200[0m 25.672 ms - -[0m
2022-11-16 15:04:21 info: [0mGET /api/users/getUsers [32m200[0m 12.078 ms - -[0m
2022-11-16 15:04:26 info: [0mGET /api/users/getAllSystemUser [36m304[0m 11.477 ms - -[0m
2022-11-16 15:10:12 info: =================================
2022-11-16 15:10:12 info: ======= ENV: development =======
2022-11-16 15:10:12 info: 🚀 App listening on the port 5210
2022-11-16 15:10:12 info: =================================
2022-11-16 15:10:14 info: [0mGET /api/users/getUsers [32m200[0m 23.759 ms - -[0m
2022-11-16 15:10:18 info: [0mGET /api/users/getAllSystemUser [32m200[0m 8.481 ms - 31[0m
2022-11-16 15:10:22 info: [0mGET /api/users/getUsers [36m304[0m 10.164 ms - -[0m
2022-11-16 15:10:25 info: [0mGET /api/users/getAllSystemUser [36m304[0m 6.825 ms - -[0m
2022-11-16 15:10:45 info: =================================
2022-11-16 15:10:45 info: ======= ENV: development =======
2022-11-16 15:10:45 info: 🚀 App listening on the port 5210
2022-11-16 15:10:45 info: =================================
2022-11-16 15:10:46 info: [0mGET /api/users/getUsers [32m200[0m 22.254 ms - -[0m
2022-11-16 15:10:52 info: [0mGET /api/users/getAllSystemUser [36m304[0m 9.216 ms - -[0m
2022-11-16 15:10:53 info: [0mGET /api/users/getUsers [36m304[0m 10.538 ms - -[0m
2022-11-16 15:14:41 info: [0mGET /api/users/getUsers [36m304[0m 21.127 ms - -[0m
2022-11-16 15:14:41 info: [0mGET /api/users/getUsers [36m304[0m 21.028 ms - -[0m
2022-11-16 15:15:06 info: [0mGET /api/users/getUsers [36m304[0m 17.976 ms - -[0m
2022-11-16 15:15:06 info: [0mGET /api/users/getUsers [36m304[0m 17.116 ms - -[0m
2022-11-16 15:15:16 info: [0mGET /api/users/getAllSystemUser [36m304[0m 9.121 ms - -[0m
2022-11-16 15:15:18 info: [0mGET /api/users/getUsers [36m304[0m 10.705 ms - -[0m
2022-11-16 15:15:20 info: [0mGET /api/users/getAllSystemUser [36m304[0m 7.225 ms - -[0m
2022-11-16 15:17:22 info: [0mGET /api/users/getUsers [36m304[0m 16.984 ms - -[0m
2022-11-16 15:17:24 info: [0mGET /api/users/getUsers [36m304[0m 10.800 ms - -[0m
2022-11-16 15:17:27 info: [0mGET /api/users/getUsers [36m304[0m 14.996 ms - -[0m
2022-11-16 15:17:27 info: [0mGET /api/users/getUsers [36m304[0m 16.334 ms - -[0m
2022-11-16 15:17:29 info: [0mGET /api/users/getAllSystemUser [36m304[0m 7.692 ms - -[0m
2022-11-16 15:17:32 info: [0mGET /api/users/getUsers [36m304[0m 12.437 ms - -[0m
2022-11-16 15:17:33 info: [0mGET /api/users/getAllSystemUser [36m304[0m 7.932 ms - -[0m
2022-11-16 15:18:28 info: [0mGET /api/users/getUsers [36m304[0m 9.582 ms - -[0m
2022-11-16 15:18:31 info: [0mGET /api/organizations/getOrganizations [36m304[0m 9.171 ms - -[0m
2022-11-16 15:18:31 info: [0mGET /api/organizations/getOrganizations [36m304[0m 7.266 ms - -[0m
2022-11-16 15:18:33 info: [0mGET /api/users/getUsers [36m304[0m 13.486 ms - -[0m
2022-11-16 15:18:34 info: [0mGET /api/users/getAllSystemUser [36m304[0m 5.408 ms - -[0m
2022-11-16 15:19:00 info: [0mGET /api/users/getUsers [36m304[0m 13.132 ms - -[0m
2022-11-16 15:19:05 info: [0mGET /api/users/getUsers [36m304[0m 17.251 ms - -[0m
2022-11-16 15:19:05 info: [0mGET /api/users/getUsers [36m304[0m 15.290 ms - -[0m
2022-11-16 15:19:06 info: [0mGET /api/users/getAllSystemUser [36m304[0m 12.479 ms - -[0m
2022-11-16 15:19:54 info: [0mGET /api/users/getUsers [36m304[0m 9.530 ms - -[0m
2022-11-16 15:19:57 info: [0mGET /api/users/getUsers [36m304[0m 17.498 ms - -[0m
2022-11-16 15:19:57 info: [0mGET /api/users/getUsers [36m304[0m 14.618 ms - -[0m
2022-11-16 15:19:59 info: [0mGET /api/users/getAllSystemUser [36m304[0m 6.641 ms - -[0m
2022-11-16 15:20:01 info: [0mGET /api/users/getUsers [36m304[0m 12.354 ms - -[0m
2022-11-16 15:20:47 info: [0mGET /api/users/getUsers [36m304[0m 10.005 ms - -[0m
2022-11-16 15:20:50 info: [0mGET /api/users/getAllSystemUser [36m304[0m 11.262 ms - -[0m
2022-11-16 15:20:51 info: [0mGET /api/users/getUsers [36m304[0m 10.389 ms - -[0m
2022-11-16 15:20:53 info: [0mGET /api/users/getAllSystemUser [36m304[0m 7.759 ms - -[0m
2022-11-16 15:20:55 info: [0mGET /api/users/getUsers [36m304[0m 14.876 ms - -[0m
2022-11-16 15:20:56 info: [0mGET /api/users/getAllSystemUser [36m304[0m 6.777 ms - -[0m
2022-11-16 15:20:58 info: [0mGET /api/users/getUsers [36m304[0m 21.853 ms - -[0m
2022-11-16 15:21:20 info: [0mGET /api/users/getUsers [36m304[0m 14.743 ms - -[0m
2022-11-16 15:21:22 info: [0mGET /api/users/getAllSystemUser [36m304[0m 5.387 ms - -[0m
2022-11-16 15:21:23 info: [0mGET /api/users/getUsers [36m304[0m 10.967 ms - -[0m
2022-11-16 15:21:24 info: [0mGET /api/users/getAllSystemUser [36m304[0m 5.951 ms - -[0m
2022-11-16 15:21:25 info: [0mGET /api/users/getUsers [36m304[0m 14.007 ms - -[0m
2022-11-16 15:21:26 info: [0mGET /api/users/getAllSystemUser [36m304[0m 6.090 ms - -[0m
2022-11-16 15:21:39 info: [0mGET /api/users/getUsers [36m304[0m 12.186 ms - -[0m
2022-11-16 15:21:41 info: [0mGET /api/users/getUsers [36m304[0m 9.351 ms - -[0m
2022-11-16 15:21:42 info: [0mGET /api/users/getAllSystemUser [36m304[0m 7.272 ms - -[0m
2022-11-16 15:23:24 info: [0mGET /api/users/getUsers [36m304[0m 12.291 ms - -[0m
2022-11-16 15:23:24 info: [0mGET /api/users/getUsers [36m304[0m 9.644 ms - -[0m
2022-11-16 15:23:26 info: [0mGET /api/users/getAllSystemUser [36m304[0m 6.534 ms - -[0m
2022-11-16 15:23:28 info: [0mGET /api/users/getUsers [36m304[0m 9.516 ms - -[0m
2022-11-16 15:24:39 info: [0mGET /api/users/getUsers [36m304[0m 12.058 ms - -[0m
2022-11-16 15:24:41 info: [0mGET /api/users/getAllSystemUser [36m304[0m 6.554 ms - -[0m
2022-11-16 15:24:43 info: [0mGET /api/users/getUsers [36m304[0m 9.388 ms - -[0m
2022-11-16 15:24:56 info: [0mGET /api/users/getUsers [36m304[0m 9.470 ms - -[0m
2022-11-16 15:24:59 info: [0mGET /api/users/getAllSystemUser [36m304[0m 5.112 ms - -[0m
2022-11-16 15:25:13 info: [0mGET /api/users/getUsers [36m304[0m 10.767 ms - -[0m
2022-11-16 15:25:14 info: [0mGET /api/users/getAllSystemUser [36m304[0m 5.656 ms - -[0m
2022-11-16 15:25:15 info: [0mGET /api/users/getUsers [36m304[0m 9.074 ms - -[0m
2022-11-16 15:25:30 info: [0mGET /api/users/getAllSystemUser [36m304[0m 8.076 ms - -[0m
2022-11-16 15:25:31 info: [0mGET /api/users/getUsers [36m304[0m 11.792 ms - -[0m
2022-11-16 15:25:38 info: [0mGET /api/organizations/getOrganizations [36m304[0m 5.784 ms - -[0m
2022-11-16 15:25:38 info: [0mGET /api/organizations/getOrganizations [36m304[0m 5.534 ms - -[0m
2022-11-16 15:25:43 info: [0mGET /api/organizations/getOrganizations [36m304[0m 5.532 ms - -[0m
2022-11-16 15:25:43 info: [0mGET /api/organizations/getOrganizations [36m304[0m 5.050 ms - -[0m
2022-11-16 15:35:09 info: =================================
2022-11-16 15:35:09 info: ======= ENV: development =======
2022-11-16 15:35:09 info: 🚀 App listening on the port 5210
2022-11-16 15:35:09 info: =================================
2022-11-16 15:35:18 info: [0mGET /api/organizations/getOrganizations [32m200[0m 44.047 ms - 323[0m
2022-11-16 15:35:18 info: [0mGET /api/organizations/getOrganizations [36m304[0m 12.563 ms - -[0m
2022-11-16 15:35:20 info: [0mGET /api/users/getUsers [32m200[0m 26.412 ms - -[0m
2022-11-16 15:35:20 info: [0mGET /api/users/getUsers [36m304[0m 12.761 ms - -[0m
2022-11-16 15:35:22 info: [0mGET /api/users/getAllSystemUser [32m200[0m 10.186 ms - 31[0m
2022-11-16 15:35:24 info: [0mGET /api/users/getUsers [36m304[0m 13.008 ms - -[0m
2022-11-16 15:35:34 info: [0mGET /api/users/getAllSystemUser [36m304[0m 7.977 ms - -[0m
2022-11-16 15:35:37 info: [0mGET /api/users/getUsers [36m304[0m 12.588 ms - -[0m
2022-11-16 15:36:28 info: [0mGET /api/users/getUsers [36m304[0m 12.484 ms - -[0m
2022-11-16 15:36:46 info: [0mGET /api/users/getUsers [36m304[0m 10.995 ms - -[0m
2022-11-16 15:37:22 info: [0mGET /api/users/getUsers [36m304[0m 10.068 ms - -[0m
2022-11-16 15:37:29 info: [0mGET /api/users/getUsers [36m304[0m 11.102 ms - -[0m
2022-11-16 15:37:49 info: [0mGET /api/users/getUsers [36m304[0m 20.920 ms - -[0m
2022-11-16 15:40:03 info: [0mGET /api/users/getUsers [36m304[0m 13.976 ms - -[0m
2022-11-16 15:40:29 info: [0mGET /api/roles/getRolesAdmin [32m200[0m 10.973 ms - 892[0m
2022-11-16 15:40:29 info: [0mGET /api/roles/getRolesAdmin [36m304[0m 6.516 ms - -[0m
2022-11-16 15:40:29 info: [0mPOST /api/users/getUserById [32m200[0m 48.276 ms - 795[0m
2022-11-16 15:40:29 info: [0mPOST /api/users/getUserById [32m200[0m 12.528 ms - 795[0m
2022-11-16 15:40:34 info: [0mGET /api/organizations/getOrganizations [36m304[0m 6.354 ms - -[0m
2022-11-16 15:40:34 info: [0mGET /api/organizations/getOrganizations [36m304[0m 6.994 ms - -[0m
2022-11-16 15:40:35 info: [0mPOST /api/organizations/getOrgById [32m200[0m 16.630 ms - 316[0m
2022-11-16 15:40:36 info: [0mPOST /api/organizations/getOrgById [32m200[0m 9.728 ms - 316[0m
2022-11-16 15:40:36 info: [0mPOST /api/roles/getRolesById/organization/ [32m200[0m 9.618 ms - 712[0m
2022-11-16 15:40:36 info: [0mPOST /api/roles/getRolesById/organization/ [32m200[0m 7.020 ms - 712[0m
2022-11-16 15:41:19 info: [0mGET /api/users/getAllSystemUser [36m304[0m 6.537 ms - -[0m
2022-11-16 15:41:21 info: [0mGET /api/users/getUsers [36m304[0m 9.450 ms - -[0m
2022-11-16 15:41:22 info: [0mGET /api/users/getAllSystemUser [36m304[0m 7.923 ms - -[0m
2022-11-16 15:41:23 info: [0mGET /api/users/getUsers [36m304[0m 9.937 ms - -[0m
2022-11-16 15:42:00 info: [0mGET /api/users/getUsers [36m304[0m 12.879 ms - -[0m
2022-11-16 15:42:03 info: [0mGET /api/users/getAllSystemUser [36m304[0m 5.862 ms - -[0m
2022-11-16 15:42:04 info: [0mGET /api/users/getUsers [36m304[0m 11.931 ms - -[0m
2022-11-16 15:42:09 info: [0mGET /api/users/getAllSystemUser [36m304[0m 5.540 ms - -[0m
2022-11-16 15:42:11 info: [0mGET /api/users/getUsers [36m304[0m 11.314 ms - -[0m
2022-11-16 15:42:26 info: [0mGET /api/users/getUsers [36m304[0m 8.708 ms - -[0m
2022-11-16 15:42:28 info: [0mGET /api/users/getAllSystemUser [36m304[0m 6.087 ms - -[0m
2022-11-16 15:42:29 info: [0mGET /api/users/getUsers [36m304[0m 8.171 ms - -[0m
2022-11-16 15:42:44 info: [0mGET /api/users/getAllSystemUser [36m304[0m 9.637 ms - -[0m
2022-11-16 15:42:46 info: [0mGET /api/users/getUsers [36m304[0m 9.566 ms - -[0m
2022-11-16 15:43:43 info: [0mPOST /api/organizations/getOrgById [32m200[0m 7.809 ms - 316[0m
2022-11-16 15:43:43 info: [0mPOST /api/organizations/getOrgById [32m200[0m 10.853 ms - 316[0m
2022-11-16 15:43:43 info: [0mPOST /api/roles/getRolesById/organization/ [32m200[0m 10.314 ms - 712[0m
2022-11-16 15:43:43 info: [0mPOST /api/roles/getRolesById/organization/ [32m200[0m 6.542 ms - 712[0m
2022-11-16 15:54:13 info: =================================
2022-11-16 15:54:13 info: ======= ENV: development =======
2022-11-16 15:54:13 info: 🚀 App listening on the port 5210
2022-11-16 15:54:13 info: =================================
2022-11-16 15:54:17 info: [0mGET /api/organizations/getOrganizations [36m304[0m 20.900 ms - -[0m
2022-11-16 15:54:17 info: [0mGET /api/organizations/getOrganizations [36m304[0m 10.595 ms - -[0m
2022-11-16 15:55:17 info: [0mGET /main.00d7820189e087debe00.hot-update.json [32m200[0m 15.572 ms - 885[0m
2022-11-16 15:55:40 info: [0mGET /api/organizations/getOrganizations [36m304[0m 11.667 ms - -[0m
2022-11-16 15:55:40 info: [0mGET /api/organizations/getOrganizations [36m304[0m 9.635 ms - -[0m
2022-11-16 15:56:05 info: [0mGET /api/organizations/getOrganizations [36m304[0m 7.978 ms - -[0m
2022-11-16 15:56:06 info: [0mGET /api/organizations/getOrganizations [36m304[0m 7.609 ms - -[0m
2022-11-16 15:56:46 info: [0mGET /api/organizations/getOrganizations [36m304[0m 6.936 ms - -[0m
2022-11-16 15:56:46 info: [0mGET /api/organizations/getOrganizations [36m304[0m 10.012 ms - -[0m
2022-11-16 15:58:40 info: [0mGET /api/organizations/getOrganizations [36m304[0m 9.719 ms - -[0m
2022-11-16 15:58:41 info: [0mGET /api/organizations/getOrganizations [36m304[0m 9.243 ms - -[0m
2022-11-16 16:00:03 info: [0mGET /api/organizations/getOrganizations [36m304[0m 7.541 ms - -[0m
2022-11-16 16:00:04 info: [0mGET /api/organizations/getOrganizations [36m304[0m 4.989 ms - -[0m
2022-11-16 16:00:05 info: [0mGET /api/users/getUsers [32m200[0m 23.902 ms - -[0m
2022-11-16 16:00:05 info: [0mGET /api/users/getUsers [36m304[0m 10.616 ms - -[0m
2022-11-16 16:00:07 info: [0mGET /api/users/getAllSystemUser [36m304[0m 6.278 ms - -[0m
2022-11-16 16:00:08 info: [0mGET /api/users/getUsers [36m304[0m 9.849 ms - -[0m
2022-11-16 16:00:16 info: [0mGET /api/organizations/getOrganizations [32m200[0m 18.385 ms - 323[0m
2022-11-16 16:00:16 info: [0mGET /api/organizations/getOrganizations [32m200[0m 15.802 ms - 323[0m
2022-11-16 16:00:18 info: [0mGET /api/users/getUsers [36m304[0m 21.861 ms - -[0m
2022-11-16 16:00:18 info: [0mGET /api/users/getUsers [36m304[0m 11.756 ms - -[0m
2022-11-16 16:01:00 info: [0mGET /api/users/getUsers [36m304[0m 10.978 ms - -[0m
2022-11-16 16:01:00 info: [0mGET /api/users/getUsers [36m304[0m 12.742 ms - -[0m
2022-11-16 16:03:03 info: [0mGET /api/users/getUsers [36m304[0m 13.079 ms - -[0m
2022-11-16 16:03:03 info: [0mGET /api/users/getUsers [36m304[0m 12.705 ms - -[0m
2022-11-16 16:03:34 info: [0mGET /api/users/getUsers [36m304[0m 12.752 ms - -[0m
2022-11-16 16:08:31 info: [0mGET /api/roles/getRolesAdmin [32m200[0m 8.716 ms - 892[0m
2022-11-16 16:08:31 info: [0mGET /api/roles/getRolesAdmin [36m304[0m 7.105 ms - -[0m
2022-11-16 16:10:50 info: [0mGET /api/roles/getRolesAdmin [36m304[0m 8.917 ms - -[0m
2022-11-16 16:10:50 info: [0mGET /api/roles/getRolesAdmin [36m304[0m 7.028 ms - -[0m
2022-11-16 16:11:31 info: [0mPOST /api/users/createUser [32m201[0m 185.126 ms - 457[0m
2022-11-16 16:12:31 info: [0mGET /api/users/getUsers [32m200[0m 12.018 ms - -[0m
2022-11-16 16:12:31 info: [0mGET /api/users/getUsers [36m304[0m 12.464 ms - -[0m
2022-11-16 16:16:02 info: [0mGET /api/users/getUsers [36m304[0m 10.536 ms - -[0m
2022-11-16 16:16:02 info: [0mGET /api/users/getUsers [36m304[0m 13.688 ms - -[0m
2022-11-16 16:17:43 info: [0mGET /api/organizations/getOrganizations [36m304[0m 14.615 ms - -[0m
2022-11-16 16:17:43 info: [0mGET /api/organizations/getOrganizations [36m304[0m 5.457 ms - -[0m
2022-11-16 16:17:46 info: [0mGET /api/organizations/getOrganizations [36m304[0m 7.901 ms - -[0m
2022-11-16 16:17:46 info: [0mGET /api/organizations/getOrganizations [36m304[0m 7.933 ms - -[0m
2022-11-16 16:18:01 info: [0mGET /api/organizations/getOrganizations [32m200[0m 17.825 ms - 323[0m
2022-11-16 16:18:01 info: [0mGET /api/organizations/getOrganizations [32m200[0m 15.906 ms - 323[0m
2022-11-16 16:24:41 info: [0mGET /api/users/getUsers [36m304[0m 14.867 ms - -[0m
2022-11-16 16:24:41 info: [0mGET /api/users/getUsers [36m304[0m 13.744 ms - -[0m
2022-11-16 16:24:55 info: [0mGET /api/roles/getRolesAdmin [36m304[0m 6.085 ms - -[0m
2022-11-16 16:24:55 info: [0mGET /api/roles/getRolesAdmin [36m304[0m 6.666 ms - -[0m
2022-11-16 16:25:56 info: [0mPOST /api/users/createUser [32m201[0m 73.628 ms - 451[0m
2022-11-16 16:26:46 info: [0mGET /api/users/getUsers [32m200[0m 15.363 ms - -[0m
2022-11-16 16:26:46 info: [0mGET /api/users/getUsers [36m304[0m 11.819 ms - -[0m
2022-11-16 16:27:36 info: [0mGET /api/users/getUsers [36m304[0m 12.828 ms - -[0m
2022-11-16 16:28:41 info: [0mGET /api/roles/getRolesAdmin [36m304[0m 6.768 ms - -[0m
2022-11-16 16:28:42 info: [0mGET /api/roles/getRolesAdmin [36m304[0m 6.930 ms - -[0m
2022-11-16 16:29:18 info: [0mPOST /api/users/createUser [32m201[0m 69.575 ms - 455[0m
2022-11-16 16:29:52 info: [0mGET /api/users/getUsers [32m200[0m 10.823 ms - -[0m
2022-11-16 16:30:28 info: [0mGET /api/users/getUsers [36m304[0m 9.737 ms - -[0m
2022-11-16 16:30:43 info: [0mGET /api/roles/getRolesAdmin [36m304[0m 7.326 ms - -[0m
2022-11-16 16:30:54 info: [0mGET /api/roles/getRolesAdmin [36m304[0m 6.557 ms - -[0m
2022-11-16 16:31:45 info: [0mPOST /api/users/createUser [32m201[0m 69.880 ms - 459[0m
2022-11-16 16:32:26 info: [0mGET /api/users/getUsers [32m200[0m 18.457 ms - -[0m
2022-11-16 16:32:26 info: [0mGET /api/users/getUsers [32m200[0m 14.939 ms - -[0m
2022-11-16 16:32:41 info: [0mGET /api/roles/getRolesAdmin [36m304[0m 8.590 ms - -[0m
2022-11-16 16:32:41 info: [0mGET /api/roles/getRolesAdmin [36m304[0m 9.358 ms - -[0m
2022-11-16 16:32:41 info: [0mPOST /api/users/getUserById [32m200[0m 13.607 ms - 786[0m
2022-11-16 16:32:42 info: [0mPOST /api/users/getUserById [32m200[0m 10.030 ms - 786[0m
2022-11-16 16:32:45 info: [0mPOST /api/users/editUser [32m200[0m 17.070 ms - 459[0m
2022-11-16 16:34:31 info: =================================
2022-11-16 16:34:31 info: ======= ENV: development =======
2022-11-16 16:34:31 info: 🚀 App listening on the port 5210
2022-11-16 16:34:31 info: =================================
2022-11-16 16:34:39 info: [0mGET /api/organizations/getOrganizations [36m304[0m 13.272 ms - -[0m
2022-11-16 16:34:40 info: [0mGET /api/organizations/getOrganizations [36m304[0m 6.918 ms - -[0m
2022-11-16 16:34:41 info: [0mGET /api/organizations/getOrganizations [36m304[0m 9.418 ms - -[0m
2022-11-16 16:34:41 info: [0mGET /api/organizations/getOrganizations [36m304[0m 12.920 ms - -[0m
2022-11-16 16:34:43 info: [0mGET /api/users/getUsers [32m200[0m 25.893 ms - -[0m
2022-11-16 16:34:43 info: [0mGET /api/users/getUsers [36m304[0m 16.984 ms - -[0m
2022-11-16 16:34:45 info: [0mGET /api/roles/getRolesAdmin [32m200[0m 9.931 ms - 892[0m
2022-11-16 16:34:45 info: [0mGET /api/roles/getRolesAdmin [36m304[0m 27.050 ms - -[0m
2022-11-16 16:34:45 info: [0mPOST /api/users/getUserById [32m200[0m 31.884 ms - 784[0m
2022-11-16 16:34:46 info: [0mPOST /api/users/getUserById [32m200[0m 8.831 ms - 784[0m
2022-11-16 16:34:49 info: [0mPOST /api/users/editUser [32m200[0m 9.675 ms - 457[0m
2022-11-16 16:34:51 info: [0mGET /api/users/getUsers [32m200[0m 38.273 ms - -[0m
2022-11-16 16:34:51 info: [0mGET /api/users/getUsers [36m304[0m 12.695 ms - -[0m
2022-11-16 16:35:14 info: [0mGET /api/roles/getRolesAdmin [36m304[0m 7.264 ms - -[0m
2022-11-16 16:35:14 info: [0mGET /api/roles/getRolesAdmin [36m304[0m 5.905 ms - -[0m
2022-11-16 16:36:07 info: [0mPOST /api/users/createUser [32m201[0m 129.433 ms - 471[0m
2022-11-16 16:36:09 info: [0mGET /api/users/getUsers [32m200[0m 13.752 ms - -[0m
2022-11-16 16:36:09 info: [0mGET /api/users/getUsers [36m304[0m 10.509 ms - -[0m
2022-11-16 16:36:26 info: [0mGET /api/users/getAllSystemUser [36m304[0m 6.499 ms - -[0m
2022-11-16 16:36:27 info: [0mGET /api/users/getUsers [36m304[0m 10.739 ms - -[0m
2022-11-16 16:38:51 info: [0mGET /api/roles/getRolesAdmin [36m304[0m 10.978 ms - -[0m
2022-11-16 16:38:52 info: [0mGET /api/roles/getRolesAdmin [36m304[0m 15.162 ms - -[0m
2022-11-16 16:38:52 info: [0mPOST /api/users/getUserById [32m200[0m 21.335 ms - 798[0m
2022-11-16 16:38:52 info: [0mPOST /api/users/getUserById [32m200[0m 9.536 ms - 798[0m
2022-11-16 16:43:51 info: [0mGET /api/roles/getRolesAdmin [36m304[0m 7.949 ms - -[0m
2022-11-16 16:43:51 info: [0mGET /api/roles/getRolesAdmin [36m304[0m 10.335 ms - -[0m
2022-11-16 16:44:30 info: [0mPOST /api/users/createUser [32m201[0m 99.973 ms - 452[0m
2022-11-16 16:44:32 info: [0mGET /api/users/getUsers [32m200[0m 21.544 ms - -[0m
2022-11-16 16:44:32 info: [0mGET /api/users/getUsers [36m304[0m 15.682 ms - -[0m
2022-11-16 16:44:58 info: [0mGET /api/roles/getRolesAdmin [36m304[0m 7.159 ms - -[0m
2022-11-16 16:44:58 info: [0mGET /api/roles/getRolesAdmin [36m304[0m 12.686 ms - -[0m
2022-11-16 16:46:08 info: [0mPOST /api/users/createUser [32m201[0m 81.002 ms - 458[0m
2022-11-16 16:46:09 info: [0mGET /api/users/getUsers [32m200[0m 13.162 ms - -[0m
2022-11-16 16:46:09 info: [0mGET /api/users/getUsers [36m304[0m 13.188 ms - -[0m
2022-11-16 16:46:19 info: [0mGET /api/users/getAllSystemUser [36m304[0m 9.709 ms - -[0m
2022-11-16 16:46:20 info: [0mGET /api/users/getUsers [36m304[0m 13.109 ms - -[0m
2022-11-16 16:46:25 info: [0mGET /api/users/getAllSystemUser [36m304[0m 11.039 ms - -[0m
2022-11-16 16:46:27 info: [0mGET /api/users/getUsers [36m304[0m 14.141 ms - -[0m
2022-11-16 16:46:47 info: [0mGET /api/roles/getRolesAdmin [36m304[0m 9.708 ms - -[0m
2022-11-16 16:46:48 info: [0mGET /api/roles/getRolesAdmin [36m304[0m 15.063 ms - -[0m
2022-11-16 16:46:48 info: [0mPOST /api/users/getUserById [32m200[0m 22.473 ms - 779[0m
2022-11-16 16:46:48 info: [0mPOST /api/users/getUserById [32m200[0m 12.200 ms - 779[0m
2022-11-16 16:46:51 info: [0mPOST /api/users/editUser [32m200[0m 12.002 ms - 452[0m
2022-11-16 16:46:53 info: [0mGET /api/users/getUsers [32m200[0m 12.980 ms - -[0m
2022-11-16 16:46:53 info: [0mGET /api/users/getUsers [36m304[0m 13.369 ms - -[0m
2022-11-16 16:47:30 info: [0mGET /api/users/getAllSystemUser [36m304[0m 7.039 ms - -[0m
2022-11-16 16:47:32 info: [0mGET /api/users/getUsers [36m304[0m 11.515 ms - -[0m
2022-11-16 16:49:03 info: [0mGET /api/organizations/getOrganizations [36m304[0m 5.896 ms - -[0m
2022-11-16 16:49:03 info: [0mGET /api/organizations/getOrganizations [36m304[0m 5.986 ms - -[0m
2022-11-16 16:50:39 info: [0mGET /api/organizations/getOrganizations [36m304[0m 6.929 ms - -[0m
2022-11-16 16:52:29 info: [0mGET /api/organizations/getOrganizations [36m304[0m 4.832 ms - -[0m
2022-11-16 16:56:19 info: [0mGET /api/organizations/getOrganizations [36m304[0m 7.927 ms - -[0m
2022-11-16 16:56:19 info: [0mGET /api/users/getUsers [36m304[0m 17.256 ms - -[0m
2022-11-16 16:56:19 info: [0mGET /api/organizations/getOrganizations [36m304[0m 5.252 ms - -[0m
2022-11-16 17:00:17 info: [0mGET /api/organizations/getOrganizations [36m304[0m 8.832 ms - -[0m
2022-11-16 17:00:17 info: [0mGET /api/organizations/getOrganizations [36m304[0m 6.245 ms - -[0m
2022-11-16 17:00:19 info: [0mGET /api/users/getUsers [36m304[0m 14.821 ms - -[0m
2022-11-16 17:00:19 info: [0mGET /api/users/getUsers [36m304[0m 16.257 ms - -[0m
2022-11-16 17:00:44 info: [0mGET /api/users/getUsers [36m304[0m 14.963 ms - -[0m
2022-11-16 17:00:53 info: [0mGET /api/organizations/getOrganizations [32m200[0m 13.839 ms - 323[0m
2022-11-16 17:00:53 info: [0mGET /api/organizations/getOrganizations [32m200[0m 12.862 ms - 323[0m
2022-11-16 17:00:55 info: [0mGET /api/roles/getRolesAdmin [36m304[0m 8.294 ms - -[0m
2022-11-16 17:00:55 info: [0mGET /api/roles/getRolesAdmin [36m304[0m 8.531 ms - -[0m
2022-11-16 17:05:19 info: [0mGET /api/roles/getRolesAdmin [36m304[0m 8.079 ms - -[0m
2022-11-16 17:05:19 info: [0mGET /api/roles/getRolesAdmin [36m304[0m 5.219 ms - -[0m
2022-11-16 17:05:30 info: [0mGET /api/roles/getRolesAdmin [36m304[0m 6.276 ms - -[0m
2022-11-16 17:05:30 info: [0mGET /api/roles/getRolesAdmin [36m304[0m 5.142 ms - -[0m
2022-11-16 17:08:53 info: [0mGET /api/roles/getRolesAdmin [36m304[0m 13.461 ms - -[0m
2022-11-16 17:08:56 info: [0mGET /api/roles/getRolesAdmin [36m304[0m 6.516 ms - -[0m
2022-11-16 17:08:57 info: [0mGET /api/roles/getRolesAdmin [36m304[0m 9.193 ms - -[0m
2022-11-16 17:10:21 info: [0mPOST /api/roles/getRolesById/organization/ [32m200[0m 8.028 ms - 712[0m
2022-11-16 17:10:21 info: [0mPOST /api/roles/getRolesById/organization/ [32m200[0m 6.171 ms - 712[0m
2022-11-16 17:12:19 info: [0mPOST /api/roles/getRolesById/organization/ [32m200[0m 12.307 ms - 712[0m
2022-11-16 17:12:19 info: [0mPOST /api/roles/getRolesById/organization/ [32m200[0m 7.393 ms - 712[0m
2022-11-16 17:12:25 info: [0mPOST /api/roles/getRolesById/organization/ [32m200[0m 9.864 ms - 712[0m
2022-11-16 17:12:25 info: [0mPOST /api/roles/getRolesById/organization/ [32m200[0m 9.815 ms - 712[0m
2022-11-16 17:12:28 info: [0mPOST /api/roles/getRolesById/organization/ [32m200[0m 8.381 ms - 712[0m
2022-11-16 17:12:28 info: [0mPOST /api/roles/getRolesById/organization/ [32m200[0m 8.163 ms - 712[0m
2022-11-16 17:12:52 info: [0mPOST /api/roles/getRolesById/organization/ [32m200[0m 22.794 ms - 712[0m
2022-11-16 17:12:52 info: [0mPOST /api/roles/getRolesById/organization/ [32m200[0m 7.143 ms - 712[0m
2022-11-16 17:16:24 info: [0mGET /api/organizations/getOrganizations [36m304[0m 5.748 ms - -[0m
2022-11-16 17:16:24 info: [0mGET /api/organizations/getOrganizations [36m304[0m 7.108 ms - -[0m
2022-11-16 17:16:30 info: [0mGET /api/users/getUsers [32m200[0m 17.162 ms - -[0m
2022-11-16 17:16:30 info: [0mGET /api/users/getUsers [36m304[0m 16.744 ms - -[0m
2022-11-16 17:16:39 info: [0mPOST /api/roles/getRolesById/organization/ [32m200[0m 46.225 ms - 712[0m
2022-11-16 17:16:39 info: [0mPOST /api/roles/getRolesById/organization/ [32m200[0m 46.233 ms - 712[0m
2022-11-16 17:20:20 info: [0mPOST /api/roles/getRolesById/organization/ [32m200[0m 7.913 ms - 712[0m
2022-11-16 17:20:24 info: [0mPOST /api/roles/getRolesById/organization/ [32m200[0m 8.656 ms - 712[0m
2022-11-16 17:20:24 info: [0mPOST /api/roles/getRolesById/organization/ [32m200[0m 7.688 ms - 712[0m
2022-11-16 17:20:43 info: [0mPOST /api/roles/getRolesById/organization/ [32m200[0m 14.350 ms - 712[0m
2022-11-16 17:20:43 info: [0mPOST /api/roles/getRolesById/organization/ [32m200[0m 12.060 ms - 712[0m
2022-11-16 17:20:51 info: [0mPOST /api/roles/getRolesById/organization/ [32m200[0m 13.228 ms - 712[0m
2022-11-16 17:20:51 info: [0mPOST /api/roles/getRolesById/organization/ [32m200[0m 11.012 ms - 712[0m
2022-11-16 17:22:18 info: [0mPOST /api/users/createUser [32m201[0m 72.186 ms - 478[0m
2022-11-16 17:22:20 info: [0mGET /api/users/getUsers [32m200[0m 14.737 ms - -[0m
2022-11-16 17:22:20 info: [0mGET /api/users/getUsers [36m304[0m 13.771 ms - -[0m
2022-11-16 17:22:30 info: [0mGET /api/users/getAllSystemUser [36m304[0m 4.926 ms - -[0m
2022-11-16 17:22:31 info: [0mGET /api/users/getUsers [36m304[0m 18.563 ms - -[0m
2022-11-16 17:22:49 info: [0mGET /api/users/getUsers [36m304[0m 27.522 ms - -[0m
2022-11-16 17:22:50 info: [0mGET /api/users/getUsers [36m304[0m 14.750 ms - -[0m
2022-11-16 17:23:25 info: [0mGET /api/users/getUsers [36m304[0m 10.448 ms - -[0m
2022-11-16 17:23:29 info: [0mGET /api/organizations/getOrganizations [36m304[0m 7.649 ms - -[0m
2022-11-16 17:23:29 info: [0mGET /api/organizations/getOrganizations [36m304[0m 5.423 ms - -[0m
2022-11-16 17:23:31 info: [0mGET /api/organizations/getOrganizations [36m304[0m 11.096 ms - -[0m
2022-11-16 17:23:31 info: [0mGET /api/organizations/getOrganizations [36m304[0m 9.482 ms - -[0m
2022-11-16 17:23:33 info: [0mGET /api/users/getUsers [36m304[0m 16.399 ms - -[0m
2022-11-16 17:23:33 info: [0mGET /api/users/getUsers [36m304[0m 13.115 ms - -[0m
2022-11-16 17:26:05 info: =================================
2022-11-16 17:26:05 info: ======= ENV: development =======
2022-11-16 17:26:05 info: 🚀 App listening on the port 5210
2022-11-16 17:26:05 info: =================================
2022-11-16 17:26:07 info: [0mGET /api/organizations/getOrganizations [36m304[0m 37.446 ms - -[0m
2022-11-16 17:26:07 info: [0mGET /api/organizations/getOrganizations [36m304[0m 10.272 ms - -[0m
2022-11-16 17:26:08 info: [0mGET /api/users/getUsers [32m200[0m 37.602 ms - -[0m
2022-11-16 17:26:09 info: [0mGET /api/users/getUsers [36m304[0m 18.880 ms - -[0m
2022-11-16 17:29:56 info: =================================
2022-11-16 17:29:56 info: ======= ENV: development =======
2022-11-16 17:29:56 info: 🚀 App listening on the port 5210
2022-11-16 17:29:56 info: =================================
2022-11-16 17:29:59 info: [0mGET /api/users/getUsers [32m200[0m 37.971 ms - -[0m
2022-11-16 17:29:59 info: [0mGET /api/users/getUsers [36m304[0m 12.853 ms - -[0m
2022-11-16 17:30:24 info: =================================
2022-11-16 17:30:24 info: ======= ENV: development =======
2022-11-16 17:30:24 info: 🚀 App listening on the port 5210
2022-11-16 17:30:24 info: =================================
2022-11-16 17:30:26 info: [0mGET /api/users/getUsers [32m200[0m 63.817 ms - -[0m
2022-11-16 17:30:27 info: [0mGET /api/users/getUsers [36m304[0m 18.804 ms - -[0m
2022-11-16 17:36:37 info: =================================
2022-11-16 17:36:37 info: ======= ENV: development =======
2022-11-16 17:36:37 info: 🚀 App listening on the port 5210
2022-11-16 17:36:37 info: =================================
2022-11-16 17:36:41 info: [0mGET /api/users/getUsers [32m200[0m 49.186 ms - -[0m
2022-11-16 17:36:41 info: [0mGET /api/users/getUsers [36m304[0m 16.430 ms - -[0m
2022-11-16 17:36:54 info: =================================
2022-11-16 17:36:54 info: ======= ENV: development =======
2022-11-16 17:36:54 info: 🚀 App listening on the port 5210
2022-11-16 17:36:54 info: =================================
2022-11-16 17:36:56 info: [0mGET /api/users/getUsers [32m200[0m 40.961 ms - -[0m
2022-11-16 17:36:56 info: [0mGET /api/users/getUsers [36m304[0m 14.929 ms - -[0m
2022-11-16 17:37:01 info: [0mGET /api/users/getUsers [36m304[0m 15.882 ms - -[0m
2022-11-16 17:37:01 info: [0mGET /api/users/getUsers [36m304[0m 29.111 ms - -[0m
2022-11-16 17:38:07 info: [0mGET /api/users/getUsers [36m304[0m 27.185 ms - -[0m
2022-11-16 17:38:09 info: [0mGET /api/users/getAllSystemUser [32m200[0m 35.656 ms - -[0m
2022-11-16 17:38:12 info: [0mGET /api/users/getAllSystemUser [36m304[0m 18.872 ms - -[0m
2022-11-16 17:38:21 info: [0mGET /api/organizations/getOrganizations [36m304[0m 5.739 ms - -[0m
2022-11-16 17:38:21 info: [0mGET /api/organizations/getOrganizations [36m304[0m 6.555 ms - -[0m
2022-11-16 17:38:24 info: [0mGET /api/organizations/getOrganizations [32m200[0m 9.400 ms - 323[0m
2022-11-16 17:38:24 info: [0mGET /api/organizations/getOrganizations [32m200[0m 12.845 ms - 323[0m
2022-11-16 17:38:26 info: [0mGET /api/users/getUsers [36m304[0m 19.963 ms - -[0m
2022-11-16 17:38:26 info: [0mGET /api/users/getUsers [36m304[0m 24.863 ms - -[0m
2022-11-16 17:38:31 info: [0mGET /api/users/getAllSystemUser [36m304[0m 24.160 ms - -[0m
2022-11-16 17:38:47 info: [0mGET /api/users/getAllSystemUser [36m304[0m 22.205 ms - -[0m
2022-11-16 17:38:53 info: [0mGET /api/users/getAllSystemUser [36m304[0m 34.370 ms - -[0m
2022-11-16 17:38:53 info: [0mGET /api/users/getAllSystemUser [36m304[0m 33.192 ms - -[0m
2022-11-16 17:39:20 info: =================================
2022-11-16 17:39:20 info: ======= ENV: development =======
2022-11-16 17:39:20 info: 🚀 App listening on the port 5210
2022-11-16 17:39:20 info: =================================
2022-11-16 17:39:21 info: [0mGET /api/organizations/getOrganizations [32m200[0m 17.297 ms - 323[0m
2022-11-16 17:39:22 info: [0mGET /api/organizations/getOrganizations [36m304[0m 11.159 ms - -[0m
2022-11-16 17:39:23 info: [0mGET /api/users/getAllSystemUser [32m200[0m 8.264 ms - 31[0m
2022-11-16 17:39:23 info: [0mGET /api/users/getAllSystemUser [36m304[0m 9.055 ms - -[0m
2022-11-16 17:39:42 info: [0mGET /api/users/getAllSystemUser [32m200[0m 58.138 ms - 31[0m
2022-11-16 17:39:42 info: [0mGET /api/users/getAllSystemUser [32m200[0m 18.306 ms - 31[0m
2022-11-16 17:39:57 info: =================================
2022-11-16 17:39:57 info: ======= ENV: development =======
2022-11-16 17:39:57 info: 🚀 App listening on the port 5210
2022-11-16 17:39:57 info: =================================
2022-11-16 17:40:01 info: [0mGET /api/users/getAllSystemUser [32m200[0m 30.838 ms - 31[0m
2022-11-16 17:40:01 info: [0mGET /api/users/getAllSystemUser [32m200[0m 21.700 ms - 31[0m
2022-11-16 17:40:15 info: =================================
2022-11-16 17:40:15 info: ======= ENV: development =======
2022-11-16 17:40:15 info: 🚀 App listening on the port 5210
2022-11-16 17:40:15 info: =================================
2022-11-16 17:40:18 info: [0mGET /api/users/getAllSystemUser [32m200[0m 60.608 ms - -[0m
2022-11-16 17:40:18 info: [0mGET /api/users/getAllSystemUser [36m304[0m 19.512 ms - -[0m
2022-11-16 17:41:18 info: =================================
2022-11-16 17:41:18 info: ======= ENV: development =======
2022-11-16 17:41:18 info: 🚀 App listening on the port 5210
2022-11-16 17:41:18 info: =================================
2022-11-16 17:41:23 info: [0mGET /api/users/getAllSystemUser [32m200[0m 56.695 ms - -[0m
2022-11-16 17:41:23 info: [0mGET /api/users/getAllSystemUser [32m200[0m 51.726 ms - -[0m
2022-11-16 17:41:51 info: =================================
2022-11-16 17:41:51 info: ======= ENV: development =======
2022-11-16 17:41:51 info: 🚀 App listening on the port 5210
2022-11-16 17:41:51 info: =================================
2022-11-16 17:41:54 info: [0mGET /api/users/getAllSystemUser [32m200[0m 18.210 ms - 31[0m
2022-11-16 17:41:54 info: [0mGET /api/users/getAllSystemUser [36m304[0m 9.471 ms - -[0m
2022-11-16 17:42:14 info: =================================
2022-11-16 17:42:14 info: ======= ENV: development =======
2022-11-16 17:42:14 info: 🚀 App listening on the port 5210
2022-11-16 17:42:14 info: =================================
2022-11-16 17:42:17 info: [0mGET /api/users/getAllSystemUser [36m304[0m 28.204 ms - -[0m
2022-11-16 17:42:17 info: [0mGET /api/users/getAllSystemUser [36m304[0m 9.034 ms - -[0m
2022-11-16 17:43:41 info: =================================
2022-11-16 17:43:41 info: ======= ENV: development =======
2022-11-16 17:43:41 info: 🚀 App listening on the port 5210
2022-11-16 17:43:41 info: =================================
2022-11-16 17:45:57 info: =================================
2022-11-16 17:45:57 info: ======= ENV: development =======
2022-11-16 17:45:57 info: 🚀 App listening on the port 5210
2022-11-16 17:45:57 info: =================================
2022-11-16 17:46:04 info: [0mGET /api/users/getAllSystemUser [36m304[0m 22.759 ms - -[0m
2022-11-16 17:46:04 info: [0mGET /api/users/getAllSystemUser [36m304[0m 8.288 ms - -[0m
2022-11-16 17:46:22 info: =================================
2022-11-16 17:46:22 info: ======= ENV: development =======
2022-11-16 17:46:22 info: 🚀 App listening on the port 5210
2022-11-16 17:46:22 info: =================================
2022-11-16 17:46:25 info: [0mGET /api/users/getAllSystemUser [32m200[0m 58.865 ms - -[0m
2022-11-16 17:46:26 info: [0mGET /api/users/getAllSystemUser [36m304[0m 17.677 ms - -[0m
2022-11-16 17:48:19 info: =================================
2022-11-16 17:48:19 info: ======= ENV: development =======
2022-11-16 17:48:19 info: 🚀 App listening on the port 5210
2022-11-16 17:48:19 info: =================================
2022-11-16 17:48:52 info: [0mGET /api/users/getAllSystemUser [32m200[0m 31.452 ms - -[0m
2022-11-16 17:48:55 info: [0mGET /api/users/getUsers [32m200[0m 18.952 ms - -[0m
2022-11-16 17:48:58 info: [0mGET /api/users/getAllSystemUser [36m304[0m 20.843 ms - -[0m
2022-11-16 17:49:02 info: [0mGET /api/users/getUsers [36m304[0m 16.371 ms - -[0m
2022-11-16 17:50:45 info: =================================
2022-11-16 17:50:45 info: ======= ENV: development =======
2022-11-16 17:50:45 info: 🚀 App listening on the port 5210
2022-11-16 17:50:45 info: =================================
2022-11-16 17:56:07 info: =================================
2022-11-16 17:56:07 info: ======= ENV: development =======
2022-11-16 17:56:07 info: 🚀 App listening on the port 5210
2022-11-16 17:56:07 info: =================================
2022-11-16 17:56:08 info: [0mGET /api/users/getAllSystemUser [32m200[0m 53.955 ms - -[0m
2022-11-16 17:56:08 info: [0mGET /api/users/getAllSystemUser [36m304[0m 19.202 ms - -[0m
2022-11-16 17:56:10 info: [0mGET /api/users/getUsers [32m200[0m 20.043 ms - -[0m
2022-11-16 17:56:35 info: =================================
2022-11-16 17:56:35 info: ======= ENV: development =======
2022-11-16 17:56:35 info: 🚀 App listening on the port 5210
2022-11-16 17:56:35 info: =================================
2022-11-16 17:56:42 info: [0mGET /api/users/getAllSystemUser [32m200[0m 61.181 ms - -[0m
2022-11-16 17:56:42 info: [0mGET /api/users/getAllSystemUser [36m304[0m 24.808 ms - -[0m
2022-11-16 17:56:44 info: [0mGET /api/users/getUsers [32m200[0m 13.650 ms - -[0m
2022-11-16 17:56:49 info: [0mGET /api/users/getAllSystemUser [36m304[0m 21.080 ms - -[0m
2022-11-16 17:56:52 info: [0mGET /api/users/getUsers [36m304[0m 11.371 ms - -[0m
2022-11-16 17:56:54 info: [0mGET /api/users/getAllSystemUser [36m304[0m 12.939 ms - -[0m
2022-11-16 17:56:56 info: [0mGET /api/users/getUsers [36m304[0m 10.255 ms - -[0m
2022-11-16 17:56:57 info: [0mGET /api/users/getAllSystemUser [36m304[0m 15.890 ms - -[0m
2022-11-16 17:56:58 info: [0mGET /api/users/getUsers [36m304[0m 10.587 ms - -[0m
2022-11-16 17:57:02 info: [0mGET /api/users/getAllSystemUser [36m304[0m 20.357 ms - -[0m
2022-11-16 17:57:05 info: [0mGET /api/users/getUsers [36m304[0m 9.485 ms - -[0m
2022-11-16 17:57:35 info: [0mGET /api/users/getAllSystemUser [36m304[0m 16.291 ms - -[0m
2022-11-16 17:57:44 info: [0mGET /api/users/getUsers [36m304[0m 8.990 ms - -[0m
2022-11-16 17:57:56 info: [0mGET /api/users/getAllSystemUser [36m304[0m 99.004 ms - -[0m
2022-11-16 17:57:58 info: [0mGET /api/users/getUsers [36m304[0m 10.211 ms - -[0m
2022-11-16 17:57:59 info: [0mGET /api/users/getAllSystemUser [36m304[0m 28.465 ms - -[0m
2022-11-16 17:58:01 info: [0mGET /api/users/getUsers [36m304[0m 9.626 ms - -[0m
2022-11-16 17:58:58 info: =================================
2022-11-16 17:58:58 info: ======= ENV: development =======
2022-11-16 17:58:58 info: 🚀 App listening on the port 5210
2022-11-16 17:58:58 info: =================================
2022-11-16 17:59:13 info: =================================
2022-11-16 17:59:13 info: ======= ENV: development =======
2022-11-16 17:59:13 info: 🚀 App listening on the port 5210
2022-11-16 17:59:13 info: =================================
2022-11-16 17:59:13 info: [0mGET /api/users/getAllSystemUser [32m200[0m 40.532 ms - -[0m
2022-11-16 17:59:16 info: [0mGET /api/users/getUsers [36m304[0m 16.135 ms - -[0m
2022-11-16 17:59:17 info: [0mGET /api/users/getAllSystemUser [36m304[0m 19.613 ms - -[0m
2022-11-16 17:59:20 info: [0mGET /api/users/getUsers [36m304[0m 15.429 ms - -[0m
2022-11-16 17:59:21 info: [0mGET /api/users/getAllSystemUser [36m304[0m 19.555 ms - -[0m
2022-11-16 17:59:22 info: [0mGET /api/users/getUsers [36m304[0m 11.862 ms - -[0m
2022-11-16 17:59:23 info: [0mGET /api/users/getAllSystemUser [36m304[0m 15.039 ms - -[0m
2022-11-16 17:59:25 info: [0mGET /api/organizations/getOrganizations [36m304[0m 6.248 ms - -[0m
2022-11-16 17:59:25 info: [0mGET /api/organizations/getOrganizations [36m304[0m 5.866 ms - -[0m
2022-11-16 17:59:28 info: [0mPOST /api/organizations/getOrgById [32m200[0m 46.717 ms - 316[0m
2022-11-16 17:59:28 info: [0mPOST /api/organizations/getOrgById [32m200[0m 12.987 ms - 316[0m
2022-11-16 17:59:28 info: [0mPOST /api/roles/getRolesById/organization/ [32m200[0m 8.185 ms - 712[0m
2022-11-16 17:59:28 info: [0mPOST /api/roles/getRolesById/organization/ [32m200[0m 5.234 ms - 712[0m
2022-11-16 17:59:34 info: [0mPOST /api/roles/getRolesById/organization/ [32m200[0m 13.372 ms - 712[0m
2022-11-16 17:59:34 info: [0mPOST /api/roles/getRolesById/organization/ [32m200[0m 16.840 ms - 712[0m
2022-11-16 17:59:49 info: [0mGET /api/users/getUsers [36m304[0m 13.480 ms - -[0m
2022-11-16 17:59:50 info: [0mGET /api/roles/getRolesAdmin [32m200[0m 8.147 ms - 892[0m
2022-11-16 17:59:51 info: [0mGET /api/roles/getRolesAdmin [36m304[0m 10.461 ms - -[0m
2022-11-16 17:59:51 info: [0mPOST /api/users/getUserById [32m200[0m 14.579 ms - 764[0m
2022-11-16 17:59:51 info: [0mPOST /api/users/getUserById [32m200[0m 9.356 ms - 764[0m
2022-11-16 18:11:47 info: [0mGET /api/roles/getRolesAdmin [36m304[0m 6.565 ms - -[0m
2022-11-16 18:11:47 info: [0mGET /api/roles/getRolesAdmin [36m304[0m 7.347 ms - -[0m
2022-11-16 18:11:56 info: [0mGET /api/roles/getRolesAdmin [36m304[0m 8.520 ms - -[0m
2022-11-16 18:11:56 info: [0mPOST /api/users/getUserById [32m200[0m 10.300 ms - 764[0m
2022-11-16 18:11:56 info: [0mGET /api/roles/getRolesAdmin [36m304[0m 14.388 ms - -[0m
2022-11-16 18:11:57 info: [0mPOST /api/users/getUserById [32m200[0m 8.977 ms - 764[0m
2022-11-16 18:15:41 info: [0mPOST /api/users/getUserById [32m200[0m 13.995 ms - 764[0m
2022-11-16 18:15:41 info: [0mPOST /api/users/getUserById [32m200[0m 9.448 ms - 764[0m
2022-11-16 18:15:41 info: [0mPOST /api/roles/getRolesById/organization/ [32m200[0m 7.876 ms - 892[0m
2022-11-16 18:15:41 info: [0mPOST /api/roles/getRolesById/organization/ [32m200[0m 55.274 ms - 892[0m
2022-11-16 18:17:05 info: [0mPOST /api/users/getUserById [32m200[0m 9.518 ms - 764[0m
2022-11-16 18:17:05 info: [0mPOST /api/roles/getRolesById/organization/ [32m200[0m 7.091 ms - 892[0m
2022-11-16 18:17:19 info: [0mPOST /api/users/getUserById [32m200[0m 7.695 ms - 764[0m
2022-11-16 18:17:20 info: [0mPOST /api/roles/getRolesById/organization/ [32m200[0m 7.159 ms - 892[0m
2022-11-16 18:17:37 info: [0mPOST /api/users/getUserById [32m200[0m 9.391 ms - 764[0m
2022-11-16 18:17:37 info: [0mPOST /api/users/getUserById [32m200[0m 15.631 ms - 764[0m
2022-11-16 18:17:38 info: [0mPOST /api/roles/getRolesById/organization/ [32m200[0m 7.910 ms - 892[0m
2022-11-16 18:17:38 info: [0mPOST /api/roles/getRolesById/organization/ [32m200[0m 8.727 ms - 892[0m
2022-11-16 18:17:58 info: [0mPOST /api/users/getUserById [32m200[0m 13.016 ms - 764[0m
2022-11-16 18:17:58 info: [0mPOST /api/roles/getRolesById/organization/ [32m200[0m 8.130 ms - 892[0m
2022-11-16 18:18:49 info: [0mPOST /api/users/getUserById [32m200[0m 16.836 ms - 764[0m
2022-11-16 18:18:49 info: [0mPOST /api/roles/getRolesById/organization/ [32m200[0m 6.261 ms - 892[0m
2022-11-16 18:19:13 info: [0mPOST /api/users/getUserById [32m200[0m 15.560 ms - 764[0m
2022-11-16 18:19:14 info: [0mPOST /api/roles/getRolesById/organization/ [32m200[0m 7.447 ms - 892[0m
2022-11-16 18:19:19 info: [0mPOST /api/users/getUserById [32m200[0m 28.986 ms - 764[0m
2022-11-16 18:19:19 info: [0mPOST /api/users/getUserById [32m200[0m 25.654 ms - 764[0m
2022-11-16 18:19:19 info: [0mPOST /api/roles/getRolesById/organization/ [32m200[0m 11.549 ms - 892[0m
2022-11-16 18:19:20 info: [0mPOST /api/roles/getRolesById/organization/ [32m200[0m 10.126 ms - 892[0m
2022-11-16 18:21:40 info: =================================
2022-11-16 18:21:40 info: ======= ENV: development =======
2022-11-16 18:21:40 info: 🚀 App listening on the port 5210
2022-11-16 18:21:40 info: =================================
2022-11-16 18:21:42 info: [0mGET /api/users/getAllSystemUser [32m200[0m 39.880 ms - -[0m
2022-11-16 18:21:42 info: [0mGET /api/users/getAllSystemUser [36m304[0m 20.040 ms - -[0m
2022-11-16 18:21:45 info: [0mGET /api/users/getAllSystemUser [32m200[0m 39.085 ms - -[0m
2022-11-16 18:21:46 info: [0mGET /api/users/getAllSystemUser [32m200[0m 27.171 ms - -[0m
2022-11-16 18:21:47 info: [0mGET /api/users/getUsers [36m304[0m 13.043 ms - -[0m
2022-11-16 18:21:49 error: [POST] /api/users/getUserById >> StatusCode:: 404, Message:: Ususario no encontrado
2022-11-16 18:21:49 info: [0mPOST /api/users/getUserById [33m404[0m 48.908 ms - 36[0m
2022-11-16 18:21:49 error: [POST] /api/users/getUserById >> StatusCode:: 404, Message:: Ususario no encontrado
2022-11-16 18:21:49 info: [0mPOST /api/users/getUserById [33m404[0m 23.335 ms - 36[0m
2022-11-16 18:21:59 error: [POST] /api/users/getUserById >> StatusCode:: 404, Message:: Ususario no encontrado
2022-11-16 18:21:59 info: [0mPOST /api/users/getUserById [33m404[0m 19.755 ms - 36[0m
2022-11-16 18:21:59 error: [POST] /api/users/getUserById >> StatusCode:: 404, Message:: Ususario no encontrado
2022-11-16 18:21:59 info: [0mPOST /api/users/getUserById [33m404[0m 19.549 ms - 36[0m
2022-11-16 18:22:16 info: [0mGET /api/users/getAllSystemUser [32m200[0m 29.437 ms - -[0m
2022-11-16 18:22:16 info: [0mGET /api/users/getAllSystemUser [32m200[0m 23.752 ms - -[0m
2022-11-16 18:22:18 info: [0mGET /api/users/getUsers [36m304[0m 11.997 ms - -[0m
2022-11-16 18:22:20 error: [POST] /api/users/getUserById >> StatusCode:: 404, Message:: Ususario no encontrado
2022-11-16 18:22:20 info: [0mPOST /api/users/getUserById [33m404[0m 24.002 ms - 36[0m
2022-11-16 18:22:20 error: [POST] /api/users/getUserById >> StatusCode:: 404, Message:: Ususario no encontrado
2022-11-16 18:22:20 info: [0mPOST /api/users/getUserById [33m404[0m 21.096 ms - 36[0m
2022-11-16 18:22:54 error: [POST] /api/users/getUserById >> StatusCode:: 404, Message:: Ususario no encontrado
2022-11-16 18:22:54 info: [0mPOST /api/users/getUserById [33m404[0m 11.727 ms - 36[0m
2022-11-16 18:24:24 info: =================================
2022-11-16 18:24:24 info: ======= ENV: development =======
2022-11-16 18:24:24 info: 🚀 App listening on the port 5210
2022-11-16 18:24:24 info: =================================
2022-11-16 18:24:27 info: [0mPOST /api/users/getUserById [32m200[0m 49.851 ms - 1020[0m
2022-11-16 18:24:28 info: [0mPOST /api/users/getUserById [32m200[0m 14.512 ms - 1020[0m
2022-11-16 18:24:28 info: [0mPOST /api/roles/getRolesById/organization/ [32m200[0m 9.668 ms - 712[0m
2022-11-16 18:24:28 info: [0mPOST /api/roles/getRolesById/organization/ [32m200[0m 6.658 ms - 712[0m
2022-11-16 18:24:34 info: [0mGET /api/users/getAllSystemUser [32m200[0m 20.738 ms - -[0m
2022-11-16 18:24:36 info: [0mGET /api/organizations/getOrganizations [36m304[0m 6.741 ms - -[0m
2022-11-16 18:24:36 info: [0mGET /api/organizations/getOrganizations [36m304[0m 6.285 ms - -[0m
2022-11-16 18:24:39 info: [0mGET /api/organizations/getOrganizations [32m200[0m 18.918 ms - 323[0m
2022-11-16 18:24:39 info: [0mGET /api/organizations/getOrganizations [32m200[0m 17.415 ms - 323[0m
2022-11-16 18:24:43 info: [0mGET /api/organizations/getOrganizations [36m304[0m 6.520 ms - -[0m
2022-11-16 18:24:43 info: [0mGET /api/organizations/getOrganizations [36m304[0m 9.228 ms - -[0m
2022-11-16 18:24:46 info: [0mGET /api/users/getAllSystemUser [36m304[0m 23.631 ms - -[0m
2022-11-16 18:24:47 info: [0mGET /api/users/getAllSystemUser [36m304[0m 27.889 ms - -[0m
2022-11-16 18:24:52 info: [0mGET /api/users/getUsers [36m304[0m 12.865 ms - -[0m
2022-11-16 18:24:54 info: [0mPOST /api/users/getUserById [32m200[0m 13.247 ms - 1020[0m
2022-11-16 18:24:54 info: [0mPOST /api/users/getUserById [32m200[0m 133.382 ms - 1020[0m
2022-11-16 18:24:54 info: [0mPOST /api/roles/getRolesById/organization/ [32m200[0m 7.122 ms - 712[0m
2022-11-16 18:24:54 info: [0mPOST /api/roles/getRolesById/organization/ [32m200[0m 6.239 ms - 712[0m
2022-11-16 18:25:03 info: [0mPOST /api/users/getUserById [32m200[0m 17.014 ms - 1020[0m
2022-11-16 18:25:03 info: [0mPOST /api/users/getUserById [32m200[0m 21.564 ms - 1020[0m
2022-11-16 18:25:04 info: [0mPOST /api/roles/getRolesById/organization/ [32m200[0m 14.173 ms - 712[0m
2022-11-16 18:25:04 info: [0mPOST /api/roles/getRolesById/organization/ [32m200[0m 13.790 ms - 712[0m
2022-11-16 18:25:07 info: [0mPOST /api/users/getUserById [32m200[0m 18.601 ms - 1020[0m
2022-11-16 18:25:07 info: [0mPOST /api/users/getUserById [32m200[0m 16.845 ms - 1020[0m
2022-11-16 18:25:07 info: [0mPOST /api/roles/getRolesById/organization/ [32m200[0m 12.273 ms - 712[0m
2022-11-16 18:25:07 info: [0mPOST /api/roles/getRolesById/organization/ [32m200[0m 11.189 ms - 712[0m
2022-11-16 18:26:12 info: [0mGET /api/roles/getRolesAdmin [32m200[0m 6.681 ms - 892[0m
2022-11-16 18:26:12 info: [0mGET /api/roles/getRolesAdmin [36m304[0m 6.179 ms - -[0m
2022-11-16 18:26:17 info: [0mPOST /api/users/getUserById [32m200[0m 17.329 ms - 1020[0m
2022-11-16 18:26:17 info: [0mPOST /api/users/getUserById [32m200[0m 17.803 ms - 1020[0m
2022-11-16 18:26:17 info: [0mPOST /api/roles/getRolesById/organization/ [32m200[0m 7.673 ms - 712[0m
2022-11-16 18:26:17 info: [0mPOST /api/roles/getRolesById/organization/ [32m200[0m 7.389 ms - 712[0m
2022-11-16 18:26:27 info: [0mPOST /api/organizations/getOrgById [32m200[0m 17.202 ms - 316[0m
2022-11-16 18:26:27 info: [0mPOST /api/organizations/getOrgById [32m200[0m 16.938 ms - 316[0m
2022-11-16 18:26:28 info: [0mPOST /api/roles/getRolesById/organization/ [32m200[0m 9.994 ms - 712[0m
2022-11-16 18:26:28 info: [0mPOST /api/roles/getRolesById/organization/ [32m200[0m 9.689 ms - 712[0m
2022-11-16 18:26:31 info: [0mPOST /api/roles/getRolesById/organization/ [32m200[0m 7.927 ms - 712[0m
2022-11-16 18:26:31 info: [0mPOST /api/roles/getRolesById/organization/ [32m200[0m 11.402 ms - 712[0m
2022-11-16 18:26:43 info: [0mPOST /api/roles/getRolesById/organization/ [32m200[0m 12.858 ms - 712[0m
2022-11-16 18:26:43 info: [0mPOST /api/roles/getRolesById/organization/ [32m200[0m 13.132 ms - 712[0m
2022-11-16 18:27:08 info: [0mGET /api/users/getAllSystemUser [36m304[0m 18.951 ms - -[0m
2022-11-16 18:27:09 info: [0mGET /api/users/getUsers [36m304[0m 13.682 ms - -[0m
2022-11-16 18:27:22 info: [0mPOST /api/users/getUserById [32m200[0m 16.292 ms - 1020[0m
2022-11-16 18:27:22 info: [0mPOST /api/users/getUserById [32m200[0m 15.744 ms - 1020[0m
2022-11-16 18:27:22 info: [0mPOST /api/roles/getRolesById/organization/ [32m200[0m 14.708 ms - 712[0m
2022-11-16 18:27:22 info: [0mPOST /api/roles/getRolesById/organization/ [32m200[0m 10.693 ms - 712[0m
2022-11-16 18:28:38 info: [0mGET /api/users/getAllSystemUser [36m304[0m 17.578 ms - -[0m
2022-11-16 18:28:44 info: [0mGET /api/organizations/getOrganizations [32m200[0m 12.964 ms - 323[0m
2022-11-16 18:28:44 info: [0mGET /api/organizations/getOrganizations [32m200[0m 6.553 ms - 323[0m
2022-11-16 18:28:46 info: [0mGET /api/users/getAllSystemUser [36m304[0m 17.417 ms - -[0m
2022-11-16 18:28:46 info: [0mGET /api/users/getAllSystemUser [36m304[0m 24.261 ms - -[0m
2022-11-16 18:28:48 info: [0mGET /api/users/getUsers [36m304[0m 11.811 ms - -[0m
2022-11-16 18:28:52 info: [0mGET /api/users/getAllSystemUser [36m304[0m 16.808 ms - -[0m
2022-11-16 18:29:09 info: [0mGET /api/users/getAllSystemUser [36m304[0m 14.523 ms - -[0m
2022-11-16 18:29:12 info: [0mGET /api/users/getUsers [36m304[0m 10.903 ms - -[0m
2022-11-16 18:29:35 info: [0mGET /api/users/getAllSystemUser [32m200[0m 36.642 ms - -[0m
2022-11-16 18:29:35 info: [0mGET /api/users/getAllSystemUser [32m200[0m 36.666 ms - -[0m
2022-11-16 18:29:37 info: [0mGET /api/users/getUsers [36m304[0m 10.852 ms - -[0m
2022-11-16 18:29:40 info: [0mGET /api/roles/getRolesAdmin [36m304[0m 6.582 ms - -[0m
2022-11-16 18:29:40 info: [0mGET /api/roles/getRolesAdmin [36m304[0m 14.296 ms - -[0m
2022-11-16 18:29:59 info: [0mGET /api/users/getAllSystemUser [36m304[0m 23.709 ms - -[0m
2022-11-16 18:30:02 info: [0mGET /api/users/getAllSystemUser [36m304[0m 71.954 ms - -[0m
2022-11-16 18:30:04 info: [0mGET /api/users/getUsers [36m304[0m 8.825 ms - -[0m
2022-11-16 18:30:11 info: [0mGET /api/users/getAllSystemUser [36m304[0m 14.672 ms - -[0m
2022-11-16 18:30:12 info: [0mGET /api/users/getUsers [36m304[0m 9.993 ms - -[0m
2022-11-16 18:30:14 info: [0mGET /api/users/getAllSystemUser [36m304[0m 13.009 ms - -[0m
2022-11-16 18:30:19 info: [0mGET /api/users/getUsers [36m304[0m 9.508 ms - -[0m
2022-11-16 18:31:06 info: =================================
2022-11-16 18:31:06 info: ======= ENV: development =======
2022-11-16 18:31:06 info: 🚀 App listening on the port 5210
2022-11-16 18:31:06 info: =================================
2022-11-16 18:31:19 info: [0mGET /api/users/getAllSystemUser [32m200[0m 31.167 ms - -[0m
2022-11-16 18:31:23 info: [0mGET /api/users/getUsers [36m304[0m 26.078 ms - -[0m
2022-11-16 18:31:25 info: [0mGET /api/users/getAllSystemUser [36m304[0m 20.701 ms - -[0m
2022-11-16 18:31:30 info: [0mGET /api/users/getUsers [36m304[0m 13.518 ms - -[0m
2022-11-16 18:31:33 info: [0mPOST /api/users/getUserById [32m200[0m 48.830 ms - 1020[0m
2022-11-16 18:31:33 info: [0mPOST /api/users/getUserById [32m200[0m 20.022 ms - 1020[0m
2022-11-16 18:31:34 info: [0mPOST /api/roles/getRolesById/organization/ [32m200[0m 7.553 ms - 712[0m
2022-11-16 18:31:34 info: [0mPOST /api/roles/getRolesById/organization/ [32m200[0m 9.204 ms - 712[0m
2022-11-16 18:31:40 info: [0mGET /api/users/getAllSystemUser [36m304[0m 24.277 ms - -[0m
2022-11-16 18:34:16 info: =================================
2022-11-16 18:34:16 info: ======= ENV: development =======
2022-11-16 18:34:16 info: 🚀 App listening on the port 5210
2022-11-16 18:34:16 info: =================================
2022-11-16 18:35:29 info: =================================
2022-11-16 18:35:29 info: ======= ENV: development =======
2022-11-16 18:35:29 info: 🚀 App listening on the port 5210
2022-11-16 18:35:29 info: =================================
2022-11-16 18:35:35 info: [0mGET /api/users/getAllSystemUser [32m200[0m 44.739 ms - -[0m
2022-11-16 18:35:35 info: [0mGET /api/users/getAllSystemUser [36m304[0m 20.203 ms - -[0m
2022-11-16 18:35:44 info: [0mGET /api/users/getUsers [36m304[0m 11.800 ms - -[0m
2022-11-16 18:35:47 info: [0mGET /api/users/getAllSystemUser [36m304[0m 20.575 ms - -[0m
2022-11-16 18:35:52 info: [0mGET /api/organizations/getOrganizations [36m304[0m 7.298 ms - -[0m
2022-11-16 18:35:52 info: [0mGET /api/organizations/getOrganizations [36m304[0m 8.044 ms - -[0m
2022-11-16 18:35:53 info: [0mGET /api/organizations/getOrganizations [36m304[0m 7.150 ms - -[0m
2022-11-16 18:35:54 info: [0mGET /api/organizations/getOrganizations [36m304[0m 5.553 ms - -[0m
2022-11-16 18:36:48 info: [0mGET /api/users/getUsers [36m304[0m 12.183 ms - -[0m
2022-11-16 18:36:50 info: [0mGET /api/users/getAllSystemUser [36m304[0m 17.503 ms - -[0m
2022-11-16 18:36:56 info: [0mGET /api/users/getUsers [36m304[0m 9.710 ms - -[0m
2022-11-16 18:37:58 info: [0mGET /api/users/getAllSystemUser [36m304[0m 14.330 ms - -[0m
2022-11-16 18:38:00 info: [0mGET /api/users/getUsers [36m304[0m 10.674 ms - -[0m
2022-11-16 18:38:09 info: [0mPOST /api/users/getUserById [32m200[0m 42.792 ms - 1020[0m
2022-11-16 18:38:09 info: [0mPOST /api/users/getUserById [32m200[0m 22.278 ms - 1020[0m
2022-11-16 18:38:09 info: [0mPOST /api/roles/getRolesById/organization/ [32m200[0m 9.377 ms - 712[0m
2022-11-16 18:38:09 info: [0mPOST /api/roles/getRolesById/organization/ [32m200[0m 8.071 ms - 712[0m
2022-11-16 18:38:13 info: [0mGET /api/users/getAllSystemUser [36m304[0m 20.127 ms - -[0m
2022-11-16 18:38:15 info: [0mPOST /api/roles/getRolesById/organization/ [32m200[0m 11.865 ms - 712[0m
2022-11-16 18:38:15 info: [0mPOST /api/roles/getRolesById/organization/ [32m200[0m 10.981 ms - 712[0m
2022-11-16 18:38:48 info: [0mPOST /api/roles/getRolesById/organization/ [32m200[0m 7.239 ms - 712[0m
2022-11-16 18:38:48 info: [0mPOST /api/roles/getRolesById/organization/ [32m200[0m 5.037 ms - 712[0m
2022-11-16 18:40:27 info: [0mPOST /api/roles/getRolesById/organization/ [32m200[0m 6.662 ms - 712[0m
2022-11-16 18:40:27 info: [0mPOST /api/roles/getRolesById/organization/ [32m200[0m 6.020 ms - 712[0m
2022-11-16 18:40:34 info: [0mGET /api/roles/getRolesAdmin [36m304[0m 6.079 ms - -[0m
2022-11-16 18:40:35 info: [0mGET /api/roles/getRolesAdmin [36m304[0m 5.271 ms - -[0m
2022-11-16 18:40:38 info: [0mGET /api/users/getUsers [36m304[0m 10.227 ms - -[0m
2022-11-16 18:40:42 info: [0mPOST /api/users/getUserById [32m200[0m 21.852 ms - 1020[0m
2022-11-16 18:40:42 info: [0mPOST /api/users/getUserById [32m200[0m 20.902 ms - 1020[0m
2022-11-16 18:40:42 info: [0mPOST /api/roles/getRolesById/organization/ [32m200[0m 7.019 ms - 712[0m
2022-11-16 18:40:42 info: [0mPOST /api/roles/getRolesById/organization/ [32m200[0m 7.269 ms - 712[0m
2022-11-16 18:40:51 info: [0mPOST /api/roles/getRolesById/organization/ [32m200[0m 9.773 ms - 712[0m
2022-11-16 18:40:51 info: [0mPOST /api/roles/getRolesById/organization/ [32m200[0m 9.634 ms - 712[0m
2022-11-16 18:41:08 info: [0mGET /api/users/getAllSystemUser [36m304[0m 15.954 ms - -[0m
2022-11-16 18:41:09 info: [0mGET /api/users/getUsers [36m304[0m 9.107 ms - -[0m
2022-11-16 18:41:28 info: [0mGET /api/users/getAllSystemUser [36m304[0m 12.992 ms - -[0m
2022-11-16 18:41:40 info: [0mGET /api/users/getUsers [36m304[0m 8.572 ms - -[0m
2022-11-16 18:42:07 info: [0mGET /api/organizations/getOrganizations [36m304[0m 6.040 ms - -[0m
2022-11-16 18:42:07 info: [0mGET /api/organizations/getOrganizations [36m304[0m 9.404 ms - -[0m
2022-11-16 18:42:34 info: [0mGET /api/users/getAllSystemUser [36m304[0m 17.017 ms - -[0m
2022-11-16 18:42:34 info: [0mGET /api/users/getAllSystemUser [36m304[0m 16.628 ms - -[0m
2022-11-16 18:42:47 info: [0mPOST /api/roles/getRolesById/organization/ [32m200[0m 11.520 ms - 712[0m
2022-11-16 18:42:47 info: [0mPOST /api/roles/getRolesById/organization/ [32m200[0m 9.274 ms - 712[0m
2022-11-16 18:42:53 info: [0mPOST /api/roles/getRolesById/organization/ [32m200[0m 7.520 ms - 712[0m
2022-11-16 18:42:53 info: [0mPOST /api/roles/getRolesById/organization/ [32m200[0m 7.246 ms - 712[0m
2022-11-16 18:43:32 info: [0mGET /api/organizations/getOrganizations [36m304[0m 8.047 ms - -[0m
2022-11-16 18:44:05 info: [0mGET /api/organizations/getOrganizations [36m304[0m 4.842 ms - -[0m
2022-11-16 18:49:33 info: =================================
2022-11-16 18:49:33 info: ======= ENV: development =======
2022-11-16 18:49:33 info: 🚀 App listening on the port 5210
2022-11-16 18:49:33 info: =================================
2022-11-16 18:50:33 info: [0mGET /api/organizations/getOrganizations [32m200[0m 31.780 ms - 360[0m
2022-11-16 18:50:33 info: [0mGET /api/organizations/getOrganizations [32m200[0m 11.418 ms - 360[0m
2022-11-16 18:50:46 info: [0mGET /api/organizations/getOrganizations [36m304[0m 9.545 ms - -[0m
2022-11-16 18:51:02 info: [0mPOST /api/roles/getRolesById/organization/ [32m200[0m 28.697 ms - 712[0m
2022-11-16 18:51:02 info: [0mPOST /api/roles/getRolesById/organization/ [32m200[0m 10.230 ms - 712[0m
2022-11-16 18:51:07 info: [0mGET /api/users/getAllSystemUser [32m200[0m 33.244 ms - -[0m
2022-11-16 18:51:07 info: [0mGET /api/users/getAllSystemUser [36m304[0m 21.952 ms - -[0m
2022-11-16 18:51:08 info: [0mGET /api/users/getUsers [32m200[0m 11.575 ms - -[0m
2022-11-16 18:51:10 info: [0mGET /api/users/getAllSystemUser [36m304[0m 19.328 ms - -[0m
2022-11-16 18:51:14 info: [0mGET /api/organizations/getOrganizations [36m304[0m 6.815 ms - -[0m
2022-11-16 18:51:14 info: [0mGET /api/organizations/getOrganizations [36m304[0m 4.999 ms - -[0m
2022-11-16 18:56:49 info: =================================
2022-11-16 18:56:49 info: ======= ENV: development =======
2022-11-16 18:56:49 info: 🚀 App listening on the port 5210
2022-11-16 18:56:49 info: =================================
2022-11-16 18:56:56 info: [0mPOST /api/roles/getRolesById/organization/ [32m200[0m 47.218 ms - 712[0m
2022-11-16 18:56:56 info: [0mPOST /api/roles/getRolesById/organization/ [32m200[0m 24.728 ms - 712[0m
2022-11-16 18:57:49 error: [POST] /api/users/createUser >> StatusCode:: 500, Message:: E11000 duplicate key error collection: kauel-alert-dev.users index: run_1 dup key: { run: "777.777-7" }
2022-11-16 18:57:49 info: [0mPOST /api/users/createUser [31m500[0m 99.421 ms - 119[0m
2022-11-16 18:57:58 info: [0mGET /api/organizations/getOrganizations [36m304[0m 12.345 ms - -[0m
2022-11-16 18:57:58 info: [0mGET /api/organizations/getOrganizations [36m304[0m 11.077 ms - -[0m
2022-11-16 18:58:07 info: [0mGET /api/users/getAllSystemUser [32m200[0m 45.371 ms - -[0m
2022-11-16 18:58:08 info: [0mGET /api/users/getAllSystemUser [36m304[0m 22.982 ms - -[0m
2022-11-16 18:58:12 info: [0mGET /api/users/getUsers [36m304[0m 14.647 ms - -[0m
2022-11-16 18:58:15 info: [0mPOST /api/roles/getRolesById/organization/ [32m200[0m 10.482 ms - 712[0m
2022-11-16 18:58:15 info: [0mPOST /api/roles/getRolesById/organization/ [32m200[0m 9.977 ms - 712[0m
2022-11-16 18:58:51 info: [0mPOST /api/users/createUser [32m201[0m 74.670 ms - 816[0m
2022-11-16 18:58:52 info: [0mGET /api/users/getAllSystemUser [36m304[0m 18.163 ms - -[0m
2022-11-16 18:58:53 info: [0mGET /api/users/getAllSystemUser [36m304[0m 20.896 ms - -[0m
2022-11-16 18:59:00 info: [0mGET /api/organizations/getOrganizations [32m200[0m 29.184 ms - 360[0m
2022-11-16 18:59:00 info: [0mGET /api/organizations/getOrganizations [36m304[0m 10.129 ms - -[0m
2022-11-16 19:02:18 info: =================================
2022-11-16 19:02:18 info: ======= ENV: development =======
2022-11-16 19:02:18 info: 🚀 App listening on the port 5210
2022-11-16 19:02:18 info: =================================
2022-11-16 19:02:54 info: [0mGET /api/users/getAllSystemUser [32m200[0m 42.073 ms - -[0m
2022-11-16 19:02:54 info: [0mGET /api/users/getAllSystemUser [36m304[0m 16.125 ms - -[0m
2022-11-16 19:02:57 info: [0mGET /api/users/getUsers [32m200[0m 13.024 ms - -[0m
2022-11-16 19:03:35 info: [0mGET /api/organizations/getOrganizations [32m200[0m 10.772 ms - 387[0m
2022-11-16 19:03:35 info: [0mGET /api/organizations/getOrganizations [36m304[0m 6.204 ms - -[0m
2022-11-16 19:03:39 info: [0mPOST /api/roles/getRolesById/organization/ [32m200[0m 51.846 ms - 712[0m
2022-11-16 19:03:39 info: [0mPOST /api/roles/getRolesById/organization/ [32m200[0m 19.391 ms - 712[0m
2022-11-16 19:04:28 error: [POST] /api/users/createUser >> StatusCode:: 500, Message:: Cannot read property 'push' of undefined
2022-11-16 19:04:28 info: [0mPOST /api/users/createUser [31m500[0m 106.266 ms - 54[0m
2022-11-16 19:05:03 info: [0mGET /api/organizations/getOrganizations [36m304[0m 6.947 ms - -[0m
2022-11-16 19:05:04 info: [0mGET /api/organizations/getOrganizations [36m304[0m 6.517 ms - -[0m
2022-11-16 19:05:05 info: [0mGET /api/users/getAllSystemUser [36m304[0m 24.938 ms - -[0m
2022-11-16 19:05:05 info: [0mGET /api/users/getAllSystemUser [36m304[0m 32.866 ms - -[0m
2022-11-16 19:05:07 info: [0mGET /api/users/getUsers [32m200[0m 10.791 ms - -[0m
2022-11-16 19:05:09 info: [0mGET /api/users/getAllSystemUser [36m304[0m 14.037 ms - -[0m
2022-11-16 19:06:02 info: =================================
2022-11-16 19:06:02 info: ======= ENV: development =======
2022-11-16 19:06:02 info: 🚀 App listening on the port 5210
2022-11-16 19:06:02 info: =================================
2022-11-16 19:06:37 info: [0mGET /api/organizations/getOrganizations [32m200[0m 16.885 ms - 414[0m
2022-11-16 19:06:37 info: [0mGET /api/organizations/getOrganizations [36m304[0m 8.395 ms - -[0m
2022-11-16 19:06:55 info: [0mPOST /api/roles/getRolesById/organization/ [32m200[0m 50.818 ms - 712[0m
2022-11-16 19:06:55 info: [0mPOST /api/roles/getRolesById/organization/ [32m200[0m 20.113 ms - 712[0m
2022-11-16 19:07:34 error: [POST] /api/users/createUser >> StatusCode:: 500, Message:: Cannot read property 'push' of undefined
2022-11-16 19:07:34 info: [0mPOST /api/users/createUser [31m500[0m 85.598 ms - 54[0m
2022-11-16 19:09:03 info: =================================
2022-11-16 19:09:03 info: ======= ENV: development =======
2022-11-16 19:09:03 info: 🚀 App listening on the port 5210
2022-11-16 19:09:03 info: =================================
2022-11-16 19:09:06 info: [0mGET /api/organizations/getOrganizations [32m200[0m 14.565 ms - 414[0m
2022-11-16 19:09:06 info: [0mGET /api/organizations/getOrganizations [36m304[0m 7.340 ms - -[0m
2022-11-16 19:09:34 info: [0mGET /api/organizations/getOrganizations [32m200[0m 9.581 ms - 441[0m
2022-11-16 19:09:34 info: [0mGET /api/organizations/getOrganizations [36m304[0m 9.537 ms - -[0m
2022-11-16 19:10:02 info: [0mPOST /api/roles/getRolesById/organization/ [32m200[0m 36.366 ms - 712[0m
2022-11-16 19:10:02 info: [0mPOST /api/roles/getRolesById/organization/ [32m200[0m 7.306 ms - 712[0m
2022-11-16 19:10:52 error: [POST] /api/users/createUser >> StatusCode:: 500, Message:: Cannot read property 'push' of undefined
2022-11-16 19:10:52 info: [0mPOST /api/users/createUser [31m500[0m 87.096 ms - 54[0m
2022-11-16 19:13:21 info: =================================
2022-11-16 19:13:21 info: ======= ENV: development =======
2022-11-16 19:13:21 info: 🚀 App listening on the port 5210
2022-11-16 19:13:21 info: =================================
2022-11-16 19:13:24 info: [0mGET /api/organizations/getOrganizations [36m304[0m 34.244 ms - -[0m
2022-11-16 19:13:24 info: [0mGET /api/organizations/getOrganizations [36m304[0m 11.011 ms - -[0m
2022-11-16 19:13:56 info: [0mGET /api/organizations/getOrganizations [32m200[0m 13.843 ms - 468[0m
2022-11-16 19:13:56 info: [0mGET /api/organizations/getOrganizations [32m200[0m 10.104 ms - 468[0m
2022-11-16 19:13:58 info: [0mPOST /api/roles/getRolesById/organization/ [32m200[0m 46.057 ms - 712[0m
2022-11-16 19:13:58 info: [0mPOST /api/roles/getRolesById/organization/ [32m200[0m 16.933 ms - 712[0m
2022-11-16 19:14:44 error: [POST] /api/users/createUser >> StatusCode:: 500, Message:: Cannot read property 'length' of undefined
2022-11-16 19:14:44 info: [0mPOST /api/users/createUser [31m500[0m 90.138 ms - 56[0m
2022-11-16 19:17:07 info: [0mGET /api/organizations/getOrganizations [32m200[0m 10.356 ms - 495[0m
2022-11-16 19:17:07 info: [0mGET /api/organizations/getOrganizations [36m304[0m 15.294 ms - -[0m
2022-11-16 19:17:16 info: [0mGET /api/users/getAllSystemUser [32m200[0m 31.839 ms - -[0m
2022-11-16 19:17:16 info: [0mGET /api/users/getAllSystemUser [36m304[0m 29.741 ms - -[0m
2022-11-16 19:17:18 info: [0mGET /api/users/getUsers [32m200[0m 18.956 ms - -[0m
2022-11-16 19:17:31 info: [0mGET /api/users/getAllSystemUser [36m304[0m 17.796 ms - -[0m
2022-11-16 19:17:34 info: [0mGET /api/users/getUsers [36m304[0m 20.322 ms - -[0m
2022-11-16 19:17:40 info: [0mPOST /api/roles/getRolesById/organization/ [32m200[0m 9.742 ms - 712[0m
2022-11-16 19:17:40 info: [0mPOST /api/roles/getRolesById/organization/ [32m200[0m 10.331 ms - 712[0m
2022-11-16 19:21:42 info: =================================
2022-11-16 19:21:42 info: ======= ENV: development =======
2022-11-16 19:21:42 info: 🚀 App listening on the port 5210
2022-11-16 19:21:42 info: =================================
2022-11-16 19:23:38 info: =================================
2022-11-16 19:23:38 info: ======= ENV: development =======
2022-11-16 19:23:38 info: 🚀 App listening on the port 5210
2022-11-16 19:23:38 info: =================================
2022-11-16 19:23:46 info: [0mPOST /api/roles/getRolesById/organization/ [32m200[0m 55.308 ms - 712[0m
2022-11-16 19:23:46 info: [0mPOST /api/roles/getRolesById/organization/ [32m200[0m 24.727 ms - 712[0m
2022-11-16 19:24:30 info: [0mPOST /api/users/createUser [32m201[0m 91.726 ms - 949[0m
2022-11-16 19:24:32 info: [0mGET /api/users/getAllSystemUser [32m200[0m 24.765 ms - -[0m
2022-11-16 19:24:32 info: [0mGET /api/users/getAllSystemUser [36m304[0m 19.980 ms - -[0m
2022-11-16 19:24:39 info: [0mGET /api/organizations/getOrganizations [32m200[0m 10.813 ms - 495[0m
2022-11-16 19:24:39 info: [0mGET /api/organizations/getOrganizations [36m304[0m 9.939 ms - -[0m
2022-11-16 19:25:55 info: =================================
2022-11-16 19:25:55 info: ======= ENV: development =======
2022-11-16 19:25:55 info: 🚀 App listening on the port 5210
2022-11-16 19:25:55 info: =================================
2022-11-16 19:26:26 info: [0mGET /api/organizations/getOrganizations [32m200[0m 19.068 ms - 522[0m
2022-11-16 19:26:27 info: [0mGET /api/organizations/getOrganizations [36m304[0m 11.936 ms - -[0m
2022-11-16 19:26:40 info: [0mPOST /api/roles/getRolesById/organization/ [32m200[0m 48.325 ms - 712[0m
2022-11-16 19:26:40 info: [0mPOST /api/roles/getRolesById/organization/ [32m200[0m 18.425 ms - 712[0m
2022-11-16 19:27:17 info: [0mPOST /api/users/createUser [32m201[0m 84.013 ms - 979[0m
2022-11-16 19:27:37 info: [0mGET /api/organizations/getOrganizations [32m200[0m 7.744 ms - 522[0m
2022-11-16 19:27:37 info: [0mGET /api/organizations/getOrganizations [36m304[0m 7.531 ms - -[0m
2022-11-16 22:57:47 info: =================================
2022-11-16 22:57:47 info: ======= ENV: development =======
2022-11-16 22:57:47 info: 🚀 App listening on the port 5210
2022-11-16 22:57:47 info: =================================
