2022-11-17 09:59:34 info: =================================
2022-11-17 09:59:34 info: ======= ENV: development =======
2022-11-17 09:59:34 info: 🚀 App listening on the port 5210
2022-11-17 09:59:34 info: =================================
2022-11-17 09:59:38 info: [0mPOST /api/login [32m200[0m 241.567 ms - -[0m
2022-11-17 09:59:38 info: [0mGET /api/organizations/getOrganizations [32m200[0m 34.603 ms - 522[0m
2022-11-17 09:59:38 info: [0mGET /api/organizations/getOrganizations [36m304[0m 9.274 ms - -[0m
2022-11-17 09:59:40 info: [0mGET /api/organizations/getOrganizations [36m304[0m 7.981 ms - -[0m
2022-11-17 09:59:40 info: [0mGET /api/organizations/getOrganizations [36m304[0m 8.994 ms - -[0m
2022-11-17 09:59:51 info: [0mGET /api/users/getAllSystemUser [32m200[0m 39.764 ms - -[0m
2022-11-17 09:59:51 info: [0mGET /api/users/getAllSystemUser [36m304[0m 23.653 ms - -[0m
2022-11-17 09:59:53 info: [0mGET /api/users/getUsers [32m200[0m 37.166 ms - -[0m
2022-11-17 10:00:06 info: [0mGET /api/users/getAllSystemUser [36m304[0m 21.727 ms - -[0m
2022-11-17 10:00:20 info: [0mGET /api/users/getUsers [36m304[0m 18.974 ms - -[0m
2022-11-17 10:00:24 info: [0mGET /api/users/getAllSystemUser [36m304[0m 16.371 ms - -[0m
2022-11-17 10:00:35 info: [0mPOST /api/users/getUserById [32m200[0m 30.698 ms - 796[0m
2022-11-17 10:00:35 info: [0mPOST /api/users/getUserById [32m200[0m 37.563 ms - 796[0m
2022-11-17 10:00:52 info: [0mPOST /api/users/getUserById [32m200[0m 14.675 ms - 806[0m
2022-11-17 10:00:52 info: [0mPOST /api/users/getUserById [32m200[0m 14.869 ms - 806[0m
2022-11-17 10:02:15 info: [0mPOST /api/users/getUserById [32m200[0m 14.219 ms - 806[0m
2022-11-17 10:02:16 info: [0mGET /api/roles/getRolesAdmin [32m200[0m 27.643 ms - 892[0m
2022-11-17 10:02:16 info: [0mPOST /api/users/getUserById [32m200[0m 42.392 ms - 806[0m
2022-11-17 10:02:16 info: [0mGET /api/roles/getRolesAdmin [36m304[0m 9.951 ms - -[0m
2022-11-17 10:02:22 info: [0mGET /api/users/getUsers [36m304[0m 28.719 ms - -[0m
2022-11-17 10:02:24 info: [0mPOST /api/users/getUserById [32m200[0m 17.791 ms - -[0m
2022-11-17 10:02:24 info: [0mPOST /api/users/getUserById [32m200[0m 19.937 ms - -[0m
2022-11-17 10:02:24 info: [0mPOST /api/roles/getRolesById/organization/ [32m200[0m 13.119 ms - 712[0m
2022-11-17 10:02:24 info: [0mPOST /api/roles/getRolesById/organization/ [32m200[0m 12.087 ms - 712[0m
2022-11-17 10:02:30 info: [0mPOST /api/users/getUserById [32m200[0m 25.528 ms - -[0m
2022-11-17 10:02:30 info: [0mPOST /api/users/getUserById [32m200[0m 25.662 ms - -[0m
2022-11-17 10:02:30 info: [0mPOST /api/roles/getRolesById/organization/ [32m200[0m 8.101 ms - 712[0m
2022-11-17 10:02:30 info: [0mPOST /api/roles/getRolesById/organization/ [32m200[0m 8.610 ms - 712[0m
2022-11-17 10:02:37 info: [0mGET /api/users/getAllSystemUser [36m304[0m 17.625 ms - -[0m
2022-11-17 10:04:29 info: [0mGET /api/users/getUsers [36m304[0m 14.370 ms - -[0m
2022-11-17 10:04:32 info: [0mGET /api/users/getAllSystemUser [36m304[0m 15.733 ms - -[0m
2022-11-17 10:04:33 info: [0mGET /api/users/getUsers [36m304[0m 12.781 ms - -[0m
2022-11-17 10:04:35 info: [0mGET /api/users/getAllSystemUser [36m304[0m 16.790 ms - -[0m
2022-11-17 10:04:41 info: [0mGET /api/users/getUsers [36m304[0m 12.525 ms - -[0m
2022-11-17 10:04:44 info: [0mGET /api/users/getAllSystemUser [36m304[0m 12.772 ms - -[0m
2022-11-17 12:42:18 info: =================================
2022-11-17 12:42:18 info: ======= ENV: development =======
2022-11-17 12:42:18 info: 🚀 App listening on the port 5210
2022-11-17 12:42:18 info: =================================
2022-11-17 12:42:28 error: [GET] /api/users/getAllSystemUser >> StatusCode:: 401, Message:: Wrong authentication token
2022-11-17 12:42:28 info: [0mGET /api/users/getAllSystemUser [33m401[0m 13.228 ms - 40[0m
2022-11-17 12:42:28 error: [GET] /api/users/getAllSystemUser >> StatusCode:: 401, Message:: Wrong authentication token
2022-11-17 12:42:28 info: [0mGET /api/users/getAllSystemUser [33m401[0m 5.938 ms - 40[0m
2022-11-17 12:42:33 error: [GET] /api/organizations/getOrganizations >> StatusCode:: 401, Message:: Wrong authentication token
2022-11-17 12:42:33 info: [0mGET /api/organizations/getOrganizations [33m401[0m 1.402 ms - 40[0m
2022-11-17 12:42:33 error: [GET] /api/organizations/getOrganizations >> StatusCode:: 401, Message:: Wrong authentication token
2022-11-17 12:42:33 info: [0mGET /api/organizations/getOrganizations [33m401[0m 1.435 ms - 40[0m
2022-11-17 12:42:47 info: [0mPOST /api/login [32m200[0m 124.992 ms - -[0m
2022-11-17 12:42:47 info: [0mGET /api/organizations/getOrganizations [32m200[0m 34.925 ms - 522[0m
2022-11-17 12:42:48 info: [0mGET /api/organizations/getOrganizations [36m304[0m 9.430 ms - -[0m
2022-11-17 12:42:50 info: [0mGET /api/organizations/getOrganizations [36m304[0m 7.928 ms - -[0m
2022-11-17 12:42:50 info: [0mGET /api/organizations/getOrganizations [36m304[0m 6.614 ms - -[0m
2022-11-17 12:42:51 info: [0mGET /api/users/getAllSystemUser [32m200[0m 48.340 ms - -[0m
2022-11-17 12:42:52 info: [0mGET /api/users/getAllSystemUser [36m304[0m 29.102 ms - -[0m
2022-11-17 12:42:53 info: [0mGET /api/users/getUsers [32m200[0m 38.198 ms - -[0m
2022-11-17 12:43:24 info: [0mGET /api/users/getAllSystemUser [36m304[0m 22.564 ms - -[0m
2022-11-17 12:43:25 info: [0mGET /api/users/getUsers [36m304[0m 24.089 ms - -[0m
2022-11-17 13:04:15 info: [0mGET /api/organizations/getOrganizations [36m304[0m 7.593 ms - -[0m
2022-11-17 13:04:15 info: [0mGET /api/organizations/getOrganizations [36m304[0m 7.987 ms - -[0m
2022-11-17 13:04:17 info: [0mGET /api/users/getAllSystemUser [36m304[0m 24.570 ms - -[0m
2022-11-17 13:04:17 info: [0mGET /api/users/getAllSystemUser [36m304[0m 22.547 ms - -[0m
2022-11-17 13:04:19 info: [0mGET /api/users/getUsers [36m304[0m 15.005 ms - -[0m
2022-11-17 13:06:39 info: [0mGET /api/users/getAllSystemUser [36m304[0m 16.906 ms - -[0m
2022-11-17 13:06:40 info: [0mGET /api/users/getUsers [36m304[0m 16.809 ms - -[0m
2022-11-17 16:43:37 info: [0mGET /api/users/getAllSystemUser [36m304[0m 114.884 ms - -[0m
2022-11-17 16:44:12 info: [0mPOST /api/login [32m200[0m 71.810 ms - -[0m
2022-11-17 16:44:12 info: [0mGET /api/organizations/getOrganizations [36m304[0m 10.336 ms - -[0m
2022-11-17 16:44:12 info: [0mGET /api/organizations/getOrganizations [36m304[0m 6.641 ms - -[0m
2022-11-17 16:44:14 info: [0mGET /api/organizations/getOrganizations [36m304[0m 9.282 ms - -[0m
2022-11-17 16:44:14 info: [0mGET /api/organizations/getOrganizations [36m304[0m 6.202 ms - -[0m
2022-11-17 16:44:17 info: [0mGET /api/users/getAllSystemUser [36m304[0m 17.110 ms - -[0m
2022-11-17 16:44:17 info: [0mGET /api/users/getAllSystemUser [36m304[0m 15.474 ms - -[0m
2022-11-17 16:44:22 info: [0mGET /api/users/getUsers [36m304[0m 21.752 ms - -[0m
2022-11-17 16:44:25 info: [0mGET /api/users/getAllSystemUser [36m304[0m 20.890 ms - -[0m
2022-11-17 16:50:31 info: =================================
2022-11-17 16:50:31 info: ======= ENV: development =======
2022-11-17 16:50:31 info: 🚀 App listening on the port 5210
2022-11-17 16:50:31 info: =================================
2022-11-17 16:52:44 info: [0mGET /api/users/getUsers [32m200[0m 55.354 ms - -[0m
2022-11-17 16:52:53 info: [0mPOST /api/roles/getRolesById/organization/ [32m200[0m 83.167 ms - 712[0m
2022-11-17 16:52:53 info: [0mPOST /api/roles/getRolesById/organization/ [32m200[0m 27.616 ms - 712[0m
2022-11-17 16:55:18 info: [0mPOST /api/users/createUser [32m201[0m 132.243 ms - 972[0m
2022-11-17 16:55:19 info: [0mGET /api/users/getAllSystemUser [32m200[0m 33.096 ms - -[0m
2022-11-17 16:55:20 info: [0mGET /api/users/getAllSystemUser [36m304[0m 34.462 ms - -[0m
2022-11-17 16:55:25 info: [0mGET /api/organizations/getOrganizations [32m200[0m 8.242 ms - 549[0m
2022-11-17 16:55:26 info: [0mGET /api/organizations/getOrganizations [36m304[0m 14.069 ms - -[0m
2022-11-17 17:01:55 info: =================================
2022-11-17 17:01:55 info: ======= ENV: development =======
2022-11-17 17:01:55 info: 🚀 App listening on the port 5210
2022-11-17 17:01:55 info: =================================
2022-11-17 17:03:47 info: =================================
2022-11-17 17:03:47 info: ======= ENV: development =======
2022-11-17 17:03:47 info: 🚀 App listening on the port 5210
2022-11-17 17:03:47 info: =================================
2022-11-17 17:05:08 info: [0mGET /api/organizations/getOrganizations [36m304[0m 89.990 ms - -[0m
2022-11-17 17:05:08 info: [0mGET /api/organizations/getOrganizations [36m304[0m 15.192 ms - -[0m
2022-11-17 17:05:12 info: [0mGET /api/users/getAllSystemUser [32m200[0m 34.026 ms - -[0m
2022-11-17 17:05:12 info: [0mGET /api/users/getAllSystemUser [36m304[0m 15.588 ms - -[0m
2022-11-17 17:05:15 info: [0mGET /api/users/getUsers [32m200[0m 18.047 ms - -[0m
2022-11-17 17:05:34 info: [0mGET /api/users/getAllSystemUser [36m304[0m 20.592 ms - -[0m
2022-11-17 17:05:35 info: [0mGET /api/users/getUsers [36m304[0m 18.695 ms - -[0m
2022-11-17 17:06:03 info: [0mPOST /api/organizations/getOrgById [32m200[0m 46.515 ms - 542[0m
2022-11-17 17:06:03 info: [0mPOST /api/organizations/getOrgById [32m200[0m 17.416 ms - 542[0m
2022-11-17 17:06:03 info: [0mPOST /api/roles/getRolesById/organization/ [32m200[0m 10.522 ms - 712[0m
2022-11-17 17:06:04 info: [0mPOST /api/roles/getRolesById/organization/ [32m200[0m 8.057 ms - 712[0m
2022-11-17 17:06:26 info: [0mGET /api/users/getAllSystemUser [36m304[0m 20.348 ms - -[0m
2022-11-17 17:06:33 info: [0mGET /api/users/getUsers [36m304[0m 19.582 ms - -[0m
2022-11-17 17:06:38 info: [0mGET /api/users/getAllSystemUser [36m304[0m 15.885 ms - -[0m
2022-11-17 17:06:39 info: [0mGET /api/roles/getRolesAdmin [32m200[0m 19.326 ms - 892[0m
2022-11-17 17:06:39 info: [0mGET /api/roles/getRolesAdmin [36m304[0m 6.463 ms - -[0m
2022-11-17 17:17:26 info: [0mGET /api/users/getUsers [36m304[0m 21.120 ms - -[0m
2022-11-17 17:17:28 info: [0mGET /api/users/getAllSystemUser [36m304[0m 18.730 ms - -[0m
2022-11-17 17:17:29 info: [0mGET /api/users/getUsers [36m304[0m 15.496 ms - -[0m
2022-11-17 17:17:38 info: [0mGET /api/users/getAllSystemUser [36m304[0m 15.351 ms - -[0m
2022-11-17 17:17:41 info: [0mGET /api/users/getUsers [36m304[0m 54.071 ms - -[0m
2022-11-17 17:18:54 info: [0mPOST /api/organizations/createOrg [32m201[0m 44.923 ms - 322[0m
2022-11-17 17:19:03 info: [0mGET /api/organizations/getOrganizations [32m200[0m 6.743 ms - 843[0m
2022-11-17 17:19:03 info: [0mGET /api/organizations/getOrganizations [36m304[0m 5.286 ms - -[0m
2022-11-17 17:19:10 info: [0mPOST /api/organizations/getOrgById [32m200[0m 11.495 ms - 327[0m
2022-11-17 17:19:10 info: [0mPOST /api/organizations/getOrgById [32m200[0m 11.409 ms - 327[0m
2022-11-17 17:19:10 info: [0mPOST /api/roles/getRolesById/organization/ [32m200[0m 9.352 ms - 712[0m
2022-11-17 17:19:10 info: [0mPOST /api/roles/getRolesById/organization/ [32m200[0m 6.151 ms - 712[0m
2022-11-17 17:28:09 info: [0mPOST /api/roles/getRolesById/organization/ [32m200[0m 17.660 ms - 712[0m
2022-11-17 17:28:09 info: [0mPOST /api/roles/getRolesById/organization/ [32m200[0m 9.599 ms - 712[0m
2022-11-17 17:28:39 info: [0mPOST /api/roles/getRolesById/organization/ [32m200[0m 11.707 ms - 712[0m
2022-11-17 17:28:39 info: [0mPOST /api/roles/getRolesById/organization/ [32m200[0m 5.898 ms - 712[0m
2022-11-17 17:29:30 info: [0mPOST /api/users/createUser [32m201[0m 131.007 ms - 787[0m
2022-11-17 17:29:38 info: [0mGET /api/organizations/getOrganizations [32m200[0m 11.911 ms - 869[0m
2022-11-17 17:29:38 info: [0mGET /api/organizations/getOrganizations [36m304[0m 6.194 ms - -[0m
2022-11-17 17:32:01 info: =================================
2022-11-17 17:32:01 info: ======= ENV: development =======
2022-11-17 17:32:01 info: 🚀 App listening on the port 5210
2022-11-17 17:32:01 info: =================================
2022-11-17 17:32:07 info: [0mGET /api/organizations/getOrganizations [32m200[0m 42.997 ms - -[0m
2022-11-17 17:32:07 info: [0mGET /api/organizations/getOrganizations [36m304[0m 32.505 ms - -[0m
2022-11-17 17:40:47 info: =================================
2022-11-17 17:40:47 info: ======= ENV: development =======
2022-11-17 17:40:47 info: 🚀 App listening on the port 5210
2022-11-17 17:40:47 info: =================================
