2023-08-28 08:59:22 info: [0mGET /api/survey/getSurveys [32m200[0m 74.266 ms - -[0m
2023-08-28 08:59:51 info: =================================
2023-08-28 08:59:51 info: ======= ENV: development =======
2023-08-28 08:59:51 info: 🚀 App listening on the port 6000
2023-08-28 08:59:51 info: =================================
2023-08-28 09:42:28 info: [0mGET /api/survey/getSurveys [32m200[0m 157.167 ms - -[0m
2023-08-28 09:43:51 info: [0mPOST /api/login [32m200[0m 273.908 ms - -[0m
2023-08-28 09:43:51 info: [0mGET /api/survey/getSurveys [36m304[0m 38.079 ms - -[0m
2023-08-28 09:43:51 info: [0mGET /api/organizations/getOrganizations [32m200[0m 7.765 ms - 801[0m
2023-08-28 09:43:51 info: [0mGET /api/users/getUsers [32m200[0m 19.650 ms - -[0m
2023-08-28 09:51:44 info: [0mPOST /api/organizations/getOrgById [32m200[0m 9.685 ms - 450[0m
2023-08-28 09:51:44 info: [0mPOST /api/organizations/getOrgById [32m200[0m 8.772 ms - 450[0m
2023-08-28 09:51:44 info: [0mPOST /api/roles/getRolesById/organization/ [32m200[0m 8.497 ms - 712[0m
2023-08-28 09:51:44 info: [0mPOST /api/roles/getRolesById/organization/ [32m200[0m 3.731 ms - 712[0m
2023-08-28 09:58:51 info: [0mPOST /api/login [32m200[0m 74.440 ms - -[0m
2023-08-28 09:58:52 info: [0mGET /api/organizations/getOrganizations [32m200[0m 17.688 ms - 801[0m
2023-08-28 09:58:52 info: [0mGET /api/survey/getSurveys [36m304[0m 37.290 ms - -[0m
2023-08-28 09:58:52 info: [0mGET /api/users/getUsers [32m200[0m 39.422 ms - -[0m
2023-08-28 09:59:11 info: [0mPOST /api/users/getUserById [32m200[0m 27.184 ms - -[0m
2023-08-28 09:59:12 info: [0mPOST /api/users/getUserById [32m200[0m 8.423 ms - -[0m
2023-08-28 09:59:12 info: [0mPOST /api/roles/getRolesById/organization/ [32m200[0m 5.536 ms - 712[0m
2023-08-28 09:59:12 info: [0mPOST /api/roles/getRolesById/organization/ [32m200[0m 6.432 ms - 712[0m
2023-08-28 09:59:25 info: [0mPOST /api/login [32m200[0m 76.096 ms - -[0m
2023-08-28 09:59:25 info: [0mPOST /api/survey/getSurveyByOrganizationId [32m200[0m 18.234 ms - -[0m
2023-08-28 11:12:35 info: [0mPOST /api/survey/getSurveyByOrganizationId [32m200[0m 23.639 ms - -[0m
2023-08-28 11:14:15 info: [0mPOST /api/survey/getSurveyById [32m200[0m 44.012 ms - -[0m
2023-08-28 11:14:15 info: [0mPOST /api/survey/getSurveyById [32m200[0m 45.549 ms - -[0m
2023-08-28 11:14:48 info: [0mPOST /api/survey/getSurveyById [32m200[0m 24.741 ms - -[0m
2023-08-28 11:14:48 info: [0mPOST /api/survey/getSurveyById [32m200[0m 12.232 ms - -[0m
2023-08-28 11:15:07 info: [0mPOST /api/survey-response/saveSurveyResponse [32m201[0m 76.299 ms - 282[0m
2023-08-28 11:15:12 info: [0mPOST /api/survey/getSurveyById [32m200[0m 22.159 ms - -[0m
2023-08-28 11:15:13 info: [0mPOST /api/survey/getSurveyById [32m200[0m 12.564 ms - -[0m
2023-08-28 11:15:43 info: [0mPOST /api/login [32m200[0m 73.686 ms - -[0m
2023-08-28 11:15:43 info: [0mPOST /api/survey/getSurveyByOrganizationId [32m200[0m 13.917 ms - -[0m
2023-08-28 11:42:04 info: [0mPOST /api/login [32m200[0m 75.475 ms - -[0m
2023-08-28 11:42:04 info: [0mGET /api/organizations/getOrganizations [36m304[0m 14.603 ms - -[0m
2023-08-28 11:42:04 info: [0mGET /api/survey/getSurveys [36m304[0m 31.619 ms - -[0m
2023-08-28 11:42:04 info: [0mGET /api/users/getUsers [36m304[0m 32.834 ms - -[0m
2023-08-28 11:42:21 info: [0mPOST /api/organizations/getOrgById [32m200[0m 7.449 ms - 450[0m
2023-08-28 11:42:21 info: [0mPOST /api/organizations/getOrgById [32m200[0m 7.026 ms - 450[0m
2023-08-28 11:42:21 info: [0mPOST /api/roles/getRolesById/organization/ [32m200[0m 6.546 ms - 712[0m
2023-08-28 11:42:21 info: [0mPOST /api/roles/getRolesById/organization/ [32m200[0m 6.147 ms - 712[0m
2023-08-28 11:43:59 info: [0mPOST /api/login [32m200[0m 126.288 ms - -[0m
2023-08-28 11:43:59 info: [0mPOST /api/survey/getSurveyByOrganizationId [32m200[0m 7.508 ms - -[0m
2023-08-28 11:45:57 info: [0mPOST /api/survey/getSurveyById [32m200[0m 22.967 ms - -[0m
2023-08-28 11:45:57 info: [0mPOST /api/survey/getSurveyById [32m200[0m 23.235 ms - -[0m
2023-08-28 11:45:58 info: [0mPOST /api/survey-response/getSurveyDataBySurveyId [32m201[0m 6.954 ms - 362[0m
2023-08-28 11:45:58 info: [0mPOST /api/survey-response/getSurveyDataBySurveyId [32m201[0m 5.636 ms - 362[0m
2023-08-28 11:46:24 info: [0mPOST /api/survey/getSurveyById [32m200[0m 12.063 ms - -[0m
2023-08-28 11:46:24 info: [0mPOST /api/survey/getSurveyById [32m200[0m 8.905 ms - -[0m
2023-08-28 12:03:56 info: [0mPOST /api/survey/getSurveyByOrganizationId [32m200[0m 12.817 ms - -[0m
2023-08-28 12:03:56 info: [0mGET /api/survey/getSurveys [36m304[0m 20.913 ms - -[0m
2023-08-28 12:03:56 info: [0mPOST /api/survey-response/getSurveyResponseBySurveyId [32m201[0m 8.224 ms - 45[0m
2023-08-28 12:03:56 info: [0mPOST /api/survey-response/getSurveyResponseBySurveyId [32m201[0m 5.008 ms - 45[0m
2023-08-28 12:03:56 info: [0mPOST /api/survey-response/getSurveyResponseBySurveyId [32m201[0m 7.049 ms - 45[0m
2023-08-28 12:03:56 info: [0mPOST /api/survey-response/getSurveyResponseBySurveyId [32m201[0m 5.637 ms - 280[0m
2023-08-28 12:04:55 info: =================================
2023-08-28 12:04:55 info: ======= ENV: development =======
2023-08-28 12:04:55 info: 🚀 App listening on the port 6000
2023-08-28 12:04:55 info: =================================
2023-08-28 12:05:00 info: [0mPOST /api/login [32m200[0m 242.018 ms - -[0m
2023-08-28 12:05:00 info: [0mGET /api/organizations/getOrganizations [32m200[0m 29.397 ms - 801[0m
2023-08-28 12:05:00 info: [0mGET /api/users/getUsers [32m200[0m 30.887 ms - -[0m
2023-08-28 12:05:00 info: [0mGET /api/survey/getSurveys [32m200[0m 51.625 ms - -[0m
2023-08-28 12:05:32 info: [0mPOST /api/login [32m200[0m 78.088 ms - -[0m
2023-08-28 12:05:32 info: [0mPOST /api/survey/getSurveyByOrganizationId [32m200[0m 13.010 ms - -[0m
2023-08-28 12:05:32 info: [0mPOST /api/survey-response/getSurveyResponseBySurveyId [32m201[0m 5.123 ms - 45[0m
2023-08-28 12:05:32 info: [0mPOST /api/survey-response/getSurveyResponseBySurveyId [32m201[0m 6.129 ms - 45[0m
2023-08-28 12:05:32 info: [0mPOST /api/survey-response/getSurveyResponseBySurveyId [32m201[0m 7.149 ms - 45[0m
2023-08-28 12:05:32 info: [0mPOST /api/survey-response/getSurveyResponseBySurveyId [32m201[0m 7.187 ms - 280[0m
2023-08-28 12:05:59 info: [0mPOST /api/survey/getSurveyById [32m200[0m 19.279 ms - -[0m
2023-08-28 12:05:59 info: [0mPOST /api/survey/getSurveyById [32m200[0m 20.743 ms - -[0m
2023-08-28 12:05:59 info: [0mPOST /api/survey-response/getSurveyDataBySurveyId [32m201[0m 5.483 ms - 362[0m
2023-08-28 12:05:59 info: [0mPOST /api/survey-response/getSurveyDataBySurveyId [32m201[0m 4.970 ms - 362[0m
2023-08-28 12:06:06 info: [0mPOST /api/survey/getSurveyById [32m200[0m 16.341 ms - -[0m
2023-08-28 12:06:06 info: [0mPOST /api/survey/getSurveyById [32m200[0m 16.803 ms - -[0m
2023-08-28 12:06:06 info: [0mPOST /api/survey-response/getSurveyDataBySurveyId [32m201[0m 5.793 ms - 398[0m
2023-08-28 12:06:06 info: [0mPOST /api/survey-response/getSurveyDataBySurveyId [32m201[0m 5.250 ms - 398[0m
2023-08-28 12:06:14 info: [0mPOST /api/survey/getSurveyById [32m200[0m 11.147 ms - -[0m
2023-08-28 12:06:14 info: [0mPOST /api/survey-response/getSurveyDataBySurveyId [32m201[0m 5.432 ms - 42[0m
2023-08-28 12:06:14 info: [0mPOST /api/survey/getSurveyById [32m200[0m 14.134 ms - -[0m
2023-08-28 12:06:14 info: [0mPOST /api/survey-response/getSurveyDataBySurveyId [32m201[0m 3.049 ms - 42[0m
2023-08-28 12:06:18 info: [0mPOST /api/survey/getSurveyById [32m200[0m 14.665 ms - -[0m
2023-08-28 12:06:19 info: [0mPOST /api/survey/getSurveyById [32m200[0m 11.109 ms - -[0m
2023-08-28 12:06:19 info: [0mPOST /api/survey-response/getSurveyDataBySurveyId [32m201[0m 3.813 ms - 326[0m
2023-08-28 12:06:19 info: [0mPOST /api/survey-response/getSurveyDataBySurveyId [32m201[0m 3.480 ms - 326[0m
2023-08-28 12:06:22 info: [0mPOST /api/survey/getSurveyById [32m200[0m 15.839 ms - -[0m
2023-08-28 12:06:22 info: [0mPOST /api/survey/getSurveyById [32m200[0m 16.368 ms - -[0m
2023-08-28 12:06:22 info: [0mPOST /api/survey-response/getSurveyDataBySurveyId [32m201[0m 6.196 ms - 567[0m
2023-08-28 12:06:22 info: [0mPOST /api/survey-response/getSurveyDataBySurveyId [32m201[0m 4.978 ms - 567[0m
2023-08-28 12:10:05 info: =================================
2023-08-28 12:10:05 info: ======= ENV: development =======
2023-08-28 12:10:05 info: 🚀 App listening on the port 6000
2023-08-28 12:10:05 info: =================================
2023-08-28 12:13:04 info: [0mGET /api/users/getUsers [36m304[0m 71.973 ms - -[0m
2023-08-28 12:13:04 info: [0mGET /api/organizations/getOrganizations [36m304[0m 74.987 ms - -[0m
2023-08-28 12:13:04 info: [0mGET /api/survey/getSurveys [36m304[0m 123.371 ms - -[0m
2023-08-28 12:13:04 info: [0mGET /api/users/getUsers [36m304[0m 24.182 ms - -[0m
2023-08-28 12:13:04 info: [0mGET /api/organizations/getOrganizations [36m304[0m 9.747 ms - -[0m
2023-08-28 12:13:04 info: [0mGET /api/survey/getSurveys [36m304[0m 31.261 ms - -[0m
2023-08-28 12:13:39 info: [0mGET /api/organizations/getOrganizations [36m304[0m 20.010 ms - -[0m
2023-08-28 12:13:39 info: [0mGET /api/survey/getSurveys [36m304[0m 40.304 ms - -[0m
2023-08-28 12:13:39 info: [0mGET /api/users/getUsers [36m304[0m 44.156 ms - -[0m
2023-08-28 12:13:39 info: [0mGET /api/organizations/getOrganizations [36m304[0m 5.742 ms - -[0m
2023-08-28 12:13:39 info: [0mGET /api/survey/getSurveys [36m304[0m 23.919 ms - -[0m
2023-08-28 12:13:39 info: [0mGET /api/users/getUsers [36m304[0m 21.537 ms - -[0m
2023-08-28 12:17:07 info: [0mGET /api/survey/getSurveys [36m304[0m 37.377 ms - -[0m
2023-08-28 12:17:07 info: [0mGET /api/users/getUsers [36m304[0m 44.247 ms - -[0m
2023-08-28 12:17:07 info: [0mGET /api/organizations/getOrganizations [36m304[0m 4.708 ms - -[0m
2023-08-28 12:17:08 info: [0mGET /api/survey/getSurveys [36m304[0m 18.791 ms - -[0m
2023-08-28 12:17:08 info: [0mGET /api/users/getUsers [36m304[0m 14.314 ms - -[0m
2023-08-28 12:17:08 info: [0mGET /api/organizations/getOrganizations [36m304[0m 3.928 ms - -[0m
2023-08-28 12:17:08 info: [0mGET /api/survey/getSurveys [36m304[0m 21.829 ms - -[0m
2023-08-28 12:17:08 info: [0mGET /api/users/getUsers [36m304[0m 12.057 ms - -[0m
2023-08-28 12:17:08 info: [0mGET /api/organizations/getOrganizations [36m304[0m 3.802 ms - -[0m
2023-08-28 12:17:08 info: [0mGET /api/survey/getSurveys [36m304[0m 16.180 ms - -[0m
2023-08-28 12:17:08 info: [0mGET /api/users/getUsers [36m304[0m 10.493 ms - -[0m
2023-08-28 12:17:08 info: [0mGET /api/organizations/getOrganizations [36m304[0m 3.655 ms - -[0m
2023-08-28 12:17:24 info: [0mGET /main.fdf84ed234406347b3cf.hot-update.json [32m200[0m 17.117 ms - 890[0m
2023-08-28 12:17:58 info: [0mPOST /api/login [32m200[0m 95.079 ms - -[0m
2023-08-28 12:17:58 info: [0mGET /api/organizations/getOrganizations [32m200[0m 7.387 ms - 801[0m
2023-08-28 12:17:58 info: [0mGET /api/survey/getSurveys [32m200[0m 23.447 ms - -[0m
2023-08-28 12:17:58 info: [0mGET /api/users/getUsers [32m200[0m 26.401 ms - -[0m
2023-08-28 12:18:22 info: [0mPOST /api/survey/removeSurveyById [32m200[0m 5.716 ms - 701[0m
2023-08-28 12:19:15 info: [0mPOST /api/login [32m200[0m 72.183 ms - -[0m
2023-08-28 12:19:15 info: [0mGET /api/users/getUsers [36m304[0m 31.296 ms - -[0m
2023-08-28 12:19:15 info: [0mGET /api/survey/getSurveys [32m200[0m 28.849 ms - -[0m
2023-08-28 12:19:15 info: [0mGET /api/organizations/getOrganizations [36m304[0m 3.174 ms - -[0m
