2023-09-01 17:38:14 info: =================================
2023-09-01 17:38:14 info: ======= ENV: development =======
2023-09-01 17:38:14 info: 🚀 App listening on the port 7000
2023-09-01 17:38:14 info: =================================
2023-09-01 17:38:34 info: [0mGET /api/organizations/getOrganizations [32m200[0m 104.961 ms - 743[0m
2023-09-01 17:38:34 info: [0mGET /api/users/getUsers [32m200[0m 208.846 ms - -[0m
2023-09-01 17:38:34 info: [0mGET /api/survey/getSurveys [32m200[0m 228.721 ms - -[0m
2023-09-01 17:41:28 info: [0mGET /api/organizations/getOrganizations [36m304[0m 90.544 ms - -[0m
2023-09-01 17:41:29 info: [0mGET /api/organizations/getOrganizations [36m304[0m 92.502 ms - -[0m
2023-09-01 18:04:19 info: [0mGET /api/organizations/getOrganizations [32m200[0m 81.451 ms - 743[0m
2023-09-01 18:04:19 info: [0mGET /api/organizations/getOrganizations [36m304[0m 75.820 ms - -[0m
2023-09-01 18:04:47 info: [0mGET /api/organizations/getOrganizations [36m304[0m 77.270 ms - -[0m
2023-09-01 18:04:47 info: [0mGET /api/organizations/getOrganizations [36m304[0m 83.837 ms - -[0m
2023-09-01 18:04:58 info: [0mGET /api/organizations/getOrganizations [36m304[0m 82.319 ms - -[0m
2023-09-01 18:04:59 info: [0mGET /api/organizations/getOrganizations [36m304[0m 78.176 ms - -[0m
2023-09-01 18:06:15 info: [0mGET /api/organizations/getOrganizations [36m304[0m 121.592 ms - -[0m
2023-09-01 18:06:15 info: [0mGET /api/organizations/getOrganizations [36m304[0m 82.212 ms - -[0m
2023-09-01 18:06:49 info: =================================
2023-09-01 18:06:49 info: ======= ENV: development =======
2023-09-01 18:06:49 info: 🚀 App listening on the port 7000
2023-09-01 18:06:49 info: =================================
2023-09-01 18:06:55 info: [0mGET /api/organizations/getOrganizations [36m304[0m 94.159 ms - -[0m
2023-09-01 18:06:55 info: [0mGET /api/organizations/getOrganizations [36m304[0m 73.525 ms - -[0m
2023-09-01 18:09:15 info: [0mGET /api/organizations/getOrganizations [36m304[0m 86.004 ms - -[0m
2023-09-01 18:10:12 info: [0mGET /api/organizations/getOrganizations [36m304[0m 82.841 ms - -[0m
2023-09-01 18:11:06 info: [0mGET /api/organizations/getOrganizations [36m304[0m 93.612 ms - -[0m
2023-09-01 18:22:58 info: [0mGET /api/organizations/getOrganizations [36m304[0m 84.377 ms - -[0m
2023-09-01 18:22:58 info: [0mGET /api/organizations/getOrganizations [36m304[0m 73.299 ms - -[0m
2023-09-01 18:25:11 info: [0mGET /api/organizations/getOrganizations [36m304[0m 77.373 ms - -[0m
2023-09-01 18:26:33 info: [0mGET /api/organizations/getOrganizations [36m304[0m 78.852 ms - -[0m
2023-09-01 18:28:40 info: [0mGET /api/organizations/getOrganizations [36m304[0m 94.510 ms - -[0m
2023-09-01 18:34:49 info: [0mGET /api/organizations/getOrganizations [36m304[0m 120.302 ms - -[0m
2023-09-01 18:34:50 info: [0mGET /api/organizations/getOrganizations [36m304[0m 81.271 ms - -[0m
2023-09-01 18:35:27 info: [0mGET /api/organizations/getOrganizations [36m304[0m 80.072 ms - -[0m
2023-09-01 18:35:41 info: [0mGET /api/organizations/getOrganizations [36m304[0m 82.581 ms - -[0m
2023-09-01 18:36:59 info: [0mGET /api/organizations/getOrganizations [36m304[0m 85.708 ms - -[0m
2023-09-01 18:37:47 info: [0mGET /api/organizations/getOrganizations [36m304[0m 81.148 ms - -[0m
2023-09-01 18:39:10 info: [0mGET /api/organizations/getOrganizations [36m304[0m 85.728 ms - -[0m
2023-09-01 18:39:31 info: [0mGET /api/organizations/getOrganizations [36m304[0m 77.053 ms - -[0m
2023-09-01 18:43:53 info: [0mGET /api/organizations/getOrganizations [36m304[0m 84.828 ms - -[0m
2023-09-01 18:44:08 info: [0mGET /api/organizations/getOrganizations [36m304[0m 96.815 ms - -[0m
2023-09-01 18:44:29 info: [0mGET /api/organizations/getOrganizations [36m304[0m 77.568 ms - -[0m
2023-09-01 18:45:59 info: [0mGET /api/organizations/getOrganizations [36m304[0m 90.741 ms - -[0m
2023-09-01 18:46:35 info: [0mGET /api/organizations/getOrganizations [36m304[0m 86.635 ms - -[0m
2023-09-01 18:47:09 info: [0mGET /api/organizations/getOrganizations [36m304[0m 77.337 ms - -[0m
2023-09-01 18:48:27 info: [0mGET /api/organizations/getOrganizations [36m304[0m 127.388 ms - -[0m
2023-09-01 18:48:28 info: [0mGET /api/organizations/getOrganizations [36m304[0m 395.970 ms - -[0m
2023-09-01 18:50:19 info: [0mGET /api/organizations/getOrganizations [36m304[0m 92.780 ms - -[0m
2023-09-01 18:50:19 info: [0mGET /api/organizations/getOrganizations [36m304[0m 71.886 ms - -[0m
2023-09-01 18:50:42 info: [0mGET /api/organizations/getOrganizations [32m200[0m 78.678 ms - 743[0m
2023-09-01 18:50:42 info: [0mGET /api/organizations/getOrganizations [36m304[0m 76.699 ms - -[0m
2023-09-01 18:51:43 info: [0mGET /api/organizations/getOrganizations [36m304[0m 75.483 ms - -[0m
2023-09-01 18:51:43 info: [0mGET /api/organizations/getOrganizations [36m304[0m 97.435 ms - -[0m
2023-09-01 18:51:56 info: [0mGET /api/organizations/getOrganizations [36m304[0m 88.299 ms - -[0m
2023-09-01 18:51:57 info: [0mGET /api/organizations/getOrganizations [36m304[0m 78.525 ms - -[0m
2023-09-01 18:53:35 info: [0mGET /api/organizations/getOrganizations [36m304[0m 79.645 ms - -[0m
2023-09-01 18:53:35 info: [0mGET /api/organizations/getOrganizations [36m304[0m 72.344 ms - -[0m
