2023-08-30 17:27:57 info: =================================
2023-08-30 17:27:57 info: ======= ENV: development =======
2023-08-30 17:27:57 info: 🚀 App listening on the port 6000
2023-08-30 17:27:57 info: =================================
2023-08-30 17:28:23 error: [POST] /api/login >> StatusCode:: 409, Message:: Email gonzalo.orellana@tesso.cl no encontrado
2023-08-30 17:28:23 info: [0mPOST /api/login [33m409[0m 270.120 ms - 59[0m
2023-08-30 17:28:32 error: [POST] /api/login >> StatusCode:: 409, Message:: Contraseña incorrecta
2023-08-30 17:28:32 info: [0mPOST /api/login [33m409[0m 210.234 ms - 36[0m
2023-08-30 17:28:37 info: [0mPOST /api/login [32m200[0m 223.610 ms - -[0m
2023-08-30 17:28:38 info: [0mGET /api/organizations/getOrganizations [32m200[0m 85.131 ms - 717[0m
2023-08-30 17:28:38 info: [0mGET /api/users/getUsers [32m200[0m 174.346 ms - 872[0m
2023-08-30 17:28:38 info: [0mGET /api/survey/getSurveys [32m200[0m 188.019 ms - -[0m
2023-08-30 18:07:02 info: [0mGET /api/roles/getRolesAdmin [32m200[0m 107.438 ms - 892[0m
2023-08-30 18:07:02 info: [0mGET /api/roles/getRolesAdmin [36m304[0m 75.424 ms - -[0m
2023-08-30 18:07:55 info: [0mPOST /api/login [32m200[0m 215.886 ms - -[0m
2023-08-30 18:07:56 info: [0mGET /api/roles/getRolesAdmin [36m304[0m 74.695 ms - -[0m
2023-08-30 18:07:56 info: [0mGET /api/organizations/getOrganizations [36m304[0m 78.562 ms - -[0m
2023-08-30 18:07:56 info: [0mGET /api/survey/getSurveys [36m304[0m 157.583 ms - -[0m
2023-08-30 18:07:56 info: [0mGET /api/users/getUsers [36m304[0m 156.209 ms - -[0m
2023-08-30 18:11:37 info: [0mPOST /api/login [32m200[0m 202.126 ms - -[0m
2023-08-30 18:11:37 info: [0mGET /api/roles/getRolesAdmin [36m304[0m 71.522 ms - -[0m
2023-08-30 18:11:37 info: [0mGET /api/organizations/getOrganizations [36m304[0m 78.790 ms - -[0m
2023-08-30 18:11:37 info: [0mGET /api/survey/getSurveys [36m304[0m 153.301 ms - -[0m
2023-08-30 18:11:37 info: [0mGET /api/users/getUsers [36m304[0m 156.540 ms - -[0m
2023-08-30 18:16:43 info: [0mPOST /api/users/createUser [32m201[0m 402.981 ms - 508[0m
2023-08-30 21:00:56 info: [0mGET /api/roles/getRolesAdmin [36m304[0m 81.260 ms - -[0m
2023-08-30 21:00:56 info: [0mGET /api/organizations/getOrganizations [32m200[0m 98.096 ms - 743[0m
2023-08-30 21:00:56 info: [0mGET /api/survey/getSurveys [36m304[0m 177.268 ms - -[0m
2023-08-30 21:00:56 info: [0mGET /api/users/getUsers [32m200[0m 195.819 ms - -[0m
2023-08-30 21:00:56 info: [0mGET /api/roles/getRolesAdmin [36m304[0m 68.093 ms - -[0m
2023-08-30 21:00:56 info: [0mGET /api/survey/getSurveys [36m304[0m 145.678 ms - -[0m
2023-08-30 21:00:56 info: [0mGET /api/users/getUsers [36m304[0m 145.140 ms - -[0m
2023-08-30 21:01:13 info: [0mGET /api/organizations/getOrganizations [36m304[0m 75.620 ms - -[0m
2023-08-30 21:01:45 info: [0mGET /api/roles/getRolesAdmin [36m304[0m 73.811 ms - -[0m
2023-08-30 21:01:45 info: [0mGET /api/roles/getRolesAdmin [36m304[0m 77.242 ms - -[0m
2023-08-30 21:01:45 info: [0mGET /api/users/getUsers [36m304[0m 167.555 ms - -[0m
2023-08-30 21:01:45 info: [0mGET /api/survey/getSurveys [36m304[0m 174.036 ms - -[0m
2023-08-30 21:01:45 info: [0mGET /api/survey/getSurveys [36m304[0m 146.433 ms - -[0m
2023-08-30 21:05:25 info: [0mPOST /api/users/getUserById [32m200[0m 159.157 ms - -[0m
2023-08-30 21:05:25 info: [0mPOST /api/users/getUserById [32m200[0m 153.666 ms - -[0m
2023-08-30 21:06:04 info: [0mGET /api/roles/getRolesAdmin [36m304[0m 72.377 ms - -[0m
2023-08-30 21:06:04 info: [0mGET /api/survey/getSurveys [36m304[0m 159.085 ms - -[0m
2023-08-30 21:06:04 info: [0mGET /api/roles/getRolesAdmin [36m304[0m 73.457 ms - -[0m
2023-08-30 21:10:14 info: =================================
2023-08-30 21:10:14 info: ======= ENV: development =======
2023-08-30 21:10:14 info: 🚀 App listening on the port 6000
2023-08-30 21:10:14 info: =================================
2023-08-30 21:26:58 info: [0mGET /api/roles/getRolesAdmin [32m200[0m 88.355 ms - 892[0m
2023-08-30 21:27:00 info: [0mPOST /api/organizations/getOrgById [32m200[0m 256.135 ms - 422[0m
2023-08-30 21:27:00 info: [0mPOST /api/organizations/getOrgById [32m200[0m 81.828 ms - 422[0m
2023-08-30 21:27:00 info: [0mPOST /api/roles/getRolesById/organization/ [32m200[0m 74.352 ms - 712[0m
2023-08-30 21:27:01 info: [0mPOST /api/roles/getRolesById/organization/ [32m200[0m 71.150 ms - 712[0m
2023-08-30 21:27:15 info: [0mPOST /api/roles/getRolesById/organization/ [32m200[0m 75.716 ms - 712[0m
2023-08-30 21:27:15 info: [0mPOST /api/roles/getRolesById/organization/ [32m200[0m 73.741 ms - 712[0m
2023-08-30 23:20:21 info: [0mPOST /api/roles/getRolesById/organization/ [32m200[0m 100.589 ms - 712[0m
2023-08-30 23:20:21 info: [0mPOST /api/roles/getRolesById/organization/ [32m200[0m 73.726 ms - 712[0m
2023-08-30 23:23:49 info: [0mPOST /api/roles/getRolesById/organization/ [32m200[0m 73.975 ms - 712[0m
2023-08-30 23:23:49 info: [0mPOST /api/roles/getRolesById/organization/ [32m200[0m 84.476 ms - 712[0m
2023-08-30 23:24:28 info: [0mPOST /api/roles/getRolesById/organization/ [32m200[0m 80.303 ms - 712[0m
2023-08-30 23:24:28 info: [0mPOST /api/roles/getRolesById/organization/ [32m200[0m 77.604 ms - 712[0m
2023-08-30 23:24:35 info: [0mPOST /api/organizations/getOrgById [32m200[0m 92.059 ms - 347[0m
2023-08-30 23:24:35 info: [0mPOST /api/organizations/getOrgById [32m200[0m 72.895 ms - 347[0m
2023-08-30 23:24:35 info: [0mPOST /api/roles/getRolesById/organization/ [32m200[0m 70.944 ms - 712[0m
2023-08-30 23:24:35 info: [0mPOST /api/roles/getRolesById/organization/ [32m200[0m 74.985 ms - 712[0m
2023-08-30 23:28:29 info: [0mPOST /api/users/getUserById [32m200[0m 230.142 ms - -[0m
2023-08-30 23:28:30 info: [0mPOST /api/users/getUserById [32m200[0m 150.274 ms - -[0m
2023-08-30 23:28:30 info: [0mPOST /api/roles/getRolesById/organization/ [32m200[0m 72.985 ms - 712[0m
2023-08-30 23:28:30 info: [0mPOST /api/roles/getRolesById/organization/ [32m200[0m 74.892 ms - 712[0m
2023-08-30 23:29:04 info: [0mPOST /api/users/getUserById [32m200[0m 154.842 ms - -[0m
2023-08-30 23:29:04 info: [0mPOST /api/roles/getRolesById/organization/ [32m200[0m 75.933 ms - 712[0m
2023-08-30 23:29:34 info: [0mPOST /api/users/getUserById [32m200[0m 162.273 ms - -[0m
2023-08-30 23:29:35 info: [0mPOST /api/roles/getRolesById/organization/ [32m200[0m 73.653 ms - 712[0m
2023-08-30 23:30:23 info: [0mPOST /api/users/getUserById [32m200[0m 169.588 ms - -[0m
2023-08-30 23:30:23 info: [0mPOST /api/roles/getRolesById/organization/ [32m200[0m 71.982 ms - 712[0m
2023-08-30 23:30:29 info: [0mPOST /api/users/getUserById [32m200[0m 168.556 ms - -[0m
2023-08-30 23:30:29 info: [0mPOST /api/users/getUserById [32m200[0m 169.178 ms - -[0m
2023-08-30 23:30:29 info: [0mPOST /api/roles/getRolesById/organization/ [32m200[0m 72.948 ms - 712[0m
2023-08-30 23:30:30 info: [0mPOST /api/roles/getRolesById/organization/ [32m200[0m 68.755 ms - 712[0m
2023-08-30 23:31:33 info: [0mPOST /api/users/getUserById [32m200[0m 170.736 ms - -[0m
2023-08-30 23:31:33 info: [0mPOST /api/roles/getRolesById/organization/ [32m200[0m 71.976 ms - 712[0m
2023-08-30 23:32:16 info: [0mPOST /api/users/getUserById [32m200[0m 171.522 ms - -[0m
2023-08-30 23:32:16 info: [0mPOST /api/roles/getRolesById/organization/ [32m200[0m 72.617 ms - 712[0m
2023-08-30 23:33:40 info: [0mPOST /api/users/getUserById [32m200[0m 163.767 ms - -[0m
2023-08-30 23:33:40 info: [0mPOST /api/users/getUserById [32m200[0m 156.043 ms - -[0m
2023-08-30 23:35:34 info: [0mPOST /api/users/getUserById [32m200[0m 161.884 ms - -[0m
2023-08-30 23:35:34 info: [0mPOST /api/users/getUserById [32m200[0m 145.860 ms - -[0m
2023-08-30 23:37:08 info: [0mPOST /api/users/getUserById [32m200[0m 150.590 ms - -[0m
2023-08-30 23:37:08 info: [0mPOST /api/users/getUserById [32m200[0m 150.016 ms - -[0m
2023-08-30 23:37:08 info: [0mPOST /api/roles/getRolesById/organization/ [32m200[0m 70.519 ms - 712[0m
2023-08-30 23:37:08 info: [0mPOST /api/roles/getRolesById/organization/ [32m200[0m 67.848 ms - 712[0m
2023-08-30 23:37:18 info: [0mPOST /api/users/editUser [32m200[0m 105.189 ms - 506[0m
2023-08-30 23:37:28 info: [0mGET /api/organizations/getOrganizations [36m304[0m 83.872 ms - -[0m
2023-08-30 23:37:28 info: [0mGET /api/survey/getSurveys [32m200[0m 187.192 ms - -[0m
2023-08-30 23:37:28 info: [0mGET /api/users/getUsers [32m200[0m 166.201 ms - -[0m
2023-08-30 23:37:31 info: [0mPOST /api/users/getUserById [32m200[0m 163.249 ms - -[0m
2023-08-30 23:37:31 info: [0mPOST /api/users/getUserById [32m200[0m 187.565 ms - -[0m
2023-08-30 23:37:31 info: [0mPOST /api/roles/getRolesById/organization/ [32m200[0m 71.135 ms - 712[0m
2023-08-30 23:37:31 info: [0mPOST /api/roles/getRolesById/organization/ [32m200[0m 78.691 ms - 712[0m
2023-08-30 23:38:04 info: [0mGET /api/organizations/getOrganizations [36m304[0m 77.685 ms - -[0m
2023-08-30 23:38:04 info: [0mGET /api/survey/getSurveys [36m304[0m 162.285 ms - -[0m
2023-08-30 23:38:04 info: [0mGET /api/users/getUsers [36m304[0m 169.772 ms - -[0m
2023-08-30 23:38:46 info: [0mPOST /api/roles/getRolesById/organization/ [32m200[0m 72.027 ms - 712[0m
2023-08-30 23:38:46 info: [0mPOST /api/roles/getRolesById/organization/ [32m200[0m 71.935 ms - 712[0m
2023-08-30 23:38:53 info: [0mPOST /api/roles/getRolesById/organization/ [32m200[0m 72.193 ms - 712[0m
2023-08-30 23:38:53 info: [0mPOST /api/roles/getRolesById/organization/ [32m200[0m 73.962 ms - 712[0m
