2023-08-21 09:20:41 info: [0mGET /api/users/getUsers [36m304[0m 18.962 ms - -[0m
2023-08-21 09:21:14 info: =================================
2023-08-21 09:21:14 info: ======= ENV: development =======
2023-08-21 09:21:14 info: 🚀 App listening on the port 6000
2023-08-21 09:21:14 info: =================================
2023-08-21 09:58:56 info: [0mPOST /api/login [32m200[0m 279.210 ms - -[0m
2023-08-21 09:58:56 info: [0mGET /api/organizations/getOrganizations [36m304[0m 13.808 ms - -[0m
2023-08-21 09:58:56 info: [0mGET /api/users/getUsers [36m304[0m 28.742 ms - -[0m
2023-08-21 09:59:43 info: [0mPOST /api/login [32m200[0m 71.994 ms - -[0m
2023-08-21 09:59:43 info: [0mGET /api/organizations/getOrganizations [36m304[0m 11.505 ms - -[0m
2023-08-21 09:59:44 info: [0mGET /api/users/getUsers [36m304[0m 23.176 ms - -[0m
2023-08-21 10:03:08 info: [0mPOST /api/login [32m200[0m 62.378 ms - -[0m
2023-08-21 10:03:09 info: [0mGET /api/organizations/getOrganizations [36m304[0m 13.375 ms - -[0m
2023-08-21 10:03:09 info: [0mGET /api/users/getUsers [36m304[0m 26.555 ms - -[0m
2023-08-21 10:05:18 info: [0mGET /api/users/getUsers [36m304[0m 27.761 ms - -[0m
2023-08-21 10:05:19 info: [0mGET /api/users/getUsers [36m304[0m 12.796 ms - -[0m
2023-08-21 10:05:27 info: [0mPOST /api/users/getUserById [32m200[0m 21.252 ms - -[0m
2023-08-21 10:05:27 info: [0mPOST /api/users/getUserById [32m200[0m 19.043 ms - -[0m
2023-08-21 10:05:27 info: [0mPOST /api/roles/getRolesById/organization/ [32m200[0m 7.218 ms - 712[0m
2023-08-21 10:05:27 info: [0mPOST /api/roles/getRolesById/organization/ [32m200[0m 7.017 ms - 712[0m
2023-08-21 10:05:33 info: [0mPOST /api/users/getUserById [32m200[0m 16.017 ms - -[0m
2023-08-21 10:05:33 info: [0mPOST /api/users/getUserById [32m200[0m 14.900 ms - -[0m
2023-08-21 10:05:33 info: [0mPOST /api/roles/getRolesById/organization/ [32m200[0m 5.947 ms - 712[0m
2023-08-21 10:05:33 info: [0mPOST /api/roles/getRolesById/organization/ [32m200[0m 5.021 ms - 712[0m
2023-08-21 10:11:51 info: [0mPOST /api/login [32m200[0m 60.983 ms - -[0m
2023-08-21 10:11:51 info: [0mGET /api/organizations/getOrganizations [36m304[0m 6.986 ms - -[0m
2023-08-21 10:11:51 info: [0mGET /api/users/getUsers [36m304[0m 14.554 ms - -[0m
2023-08-21 10:12:02 info: [0mPOST /api/roles/getRolesById/organization/ [32m200[0m 7.212 ms - 712[0m
2023-08-21 10:12:02 info: [0mPOST /api/roles/getRolesById/organization/ [32m200[0m 6.845 ms - 712[0m
2023-08-21 10:12:13 info: [0mPOST /api/users/getUserById [32m200[0m 13.763 ms - -[0m
2023-08-21 10:12:14 info: [0mPOST /api/users/getUserById [32m200[0m 8.436 ms - -[0m
2023-08-21 10:12:14 info: [0mPOST /api/roles/getRolesById/organization/ [32m200[0m 4.882 ms - 712[0m
2023-08-21 10:12:14 info: [0mPOST /api/roles/getRolesById/organization/ [32m200[0m 3.235 ms - 712[0m
2023-08-21 10:25:26 info: [0mPOST /api/login [32m200[0m 62.800 ms - -[0m
2023-08-21 10:25:26 info: [0mGET /api/organizations/getOrganizations [36m304[0m 13.360 ms - -[0m
2023-08-21 10:25:26 info: [0mGET /api/survey/getSurveys [36m304[0m 38.825 ms - -[0m
2023-08-21 10:25:26 info: [0mGET /api/users/getUsers [36m304[0m 42.972 ms - -[0m
2023-08-21 10:27:19 info: [0mPOST /api/login [32m200[0m 65.086 ms - -[0m
2023-08-21 10:27:20 info: [0mGET /api/survey/getSurveys [36m304[0m 25.773 ms - -[0m
2023-08-21 10:27:20 info: [0mGET /api/users/getUsers [36m304[0m 30.138 ms - -[0m
2023-08-21 10:27:20 info: [0mGET /api/organizations/getOrganizations [36m304[0m 4.279 ms - -[0m
2023-08-21 10:27:39 info: [0mGET /api/survey/getSurveys [36m304[0m 16.276 ms - -[0m
2023-08-21 10:30:29 info: [0mPOST /api/login [32m200[0m 65.169 ms - -[0m
2023-08-21 10:30:29 info: [0mGET /api/organizations/getOrganizations [36m304[0m 11.166 ms - -[0m
2023-08-21 10:30:29 info: [0mGET /api/survey/getSurveys [36m304[0m 24.775 ms - -[0m
2023-08-21 10:30:29 info: [0mGET /api/users/getUsers [36m304[0m 28.141 ms - -[0m
2023-08-21 10:31:16 info: [0mPOST /api/login [32m200[0m 62.159 ms - -[0m
2023-08-21 10:31:17 info: [0mGET /api/survey/getSurveys [36m304[0m 26.755 ms - -[0m
2023-08-21 10:31:17 info: [0mGET /api/users/getUsers [36m304[0m 28.969 ms - -[0m
2023-08-21 10:31:17 info: [0mGET /api/organizations/getOrganizations [36m304[0m 3.691 ms - -[0m
2023-08-21 10:32:36 info: [0mGET /api/survey/getSurveys [36m304[0m 13.399 ms - -[0m
2023-08-21 10:32:36 info: [0mGET /api/survey/getSurveys [36m304[0m 18.442 ms - -[0m
2023-08-21 10:59:24 info: [0mPOST /api/survey/getSurveyById [32m200[0m 9.626 ms - -[0m
2023-08-21 10:59:24 info: [0mPOST /api/survey/getSurveyById [32m200[0m 9.080 ms - -[0m
2023-08-21 10:59:25 info: [0mPOST /api/survey-response/getSurveyDataBySurveyId [32m201[0m 5.586 ms - 326[0m
2023-08-21 10:59:25 info: [0mPOST /api/survey-response/getSurveyDataBySurveyId [32m201[0m 3.670 ms - 326[0m
2023-08-21 10:59:32 info: [0mPOST /api/survey/getSurveyById [32m200[0m 9.945 ms - -[0m
2023-08-21 10:59:33 info: [0mPOST /api/survey/getSurveyById [32m200[0m 7.647 ms - -[0m
2023-08-21 10:59:33 info: [0mPOST /api/survey-response/getSurveyDataBySurveyId [32m201[0m 3.051 ms - 326[0m
2023-08-21 10:59:33 info: [0mPOST /api/survey-response/getSurveyDataBySurveyId [32m201[0m 2.928 ms - 326[0m
2023-08-21 10:59:40 info: [0mPOST /api/survey/getSurveyById [32m200[0m 8.670 ms - -[0m
2023-08-21 10:59:40 info: [0mPOST /api/survey/getSurveyById [32m200[0m 8.054 ms - -[0m
2023-08-21 10:59:41 info: [0mPOST /api/survey-response/getSurveyDataBySurveyId [32m201[0m 5.327 ms - 398[0m
2023-08-21 10:59:41 info: [0mPOST /api/survey-response/getSurveyDataBySurveyId [32m201[0m 4.074 ms - 398[0m
2023-08-21 10:59:50 info: [0mPOST /api/survey/getSurveyById [32m200[0m 8.616 ms - -[0m
2023-08-21 10:59:51 info: [0mPOST /api/survey/getSurveyById [32m200[0m 8.869 ms - -[0m
2023-08-21 10:59:51 info: [0mPOST /api/survey-response/getSurveyDataBySurveyId [32m201[0m 3.544 ms - 362[0m
2023-08-21 10:59:51 info: [0mPOST /api/survey-response/getSurveyDataBySurveyId [32m201[0m 3.571 ms - 362[0m
2023-08-21 11:00:07 info: [0mPOST /api/survey/getSurveyById [32m200[0m 9.182 ms - -[0m
2023-08-21 11:00:08 info: [0mPOST /api/survey/getSurveyById [32m200[0m 8.105 ms - -[0m
2023-08-21 11:00:08 info: [0mPOST /api/survey-response/getSurveyDataBySurveyId [32m201[0m 2.624 ms - 326[0m
2023-08-21 11:00:08 info: [0mPOST /api/survey-response/getSurveyDataBySurveyId [32m201[0m 3.042 ms - 326[0m
2023-08-21 11:04:54 info: =================================
2023-08-21 11:04:54 info: ======= ENV: development =======
2023-08-21 11:04:54 info: 🚀 App listening on the port 6000
2023-08-21 11:04:54 info: =================================
2023-08-21 11:05:46 info: [0mPOST /api/survey/getSurveyById [32m200[0m 239.314 ms - -[0m
2023-08-21 11:06:04 info: [0mPOST /api/login [32m200[0m 76.050 ms - -[0m
2023-08-21 11:06:05 info: [0mGET /api/users/getUsers [36m304[0m 32.522 ms - -[0m
2023-08-21 11:06:05 info: [0mGET /api/organizations/getOrganizations [36m304[0m 32.102 ms - -[0m
2023-08-21 11:06:05 info: [0mGET /api/survey/getSurveys [36m304[0m 57.523 ms - -[0m
2023-08-21 11:06:12 info: [0mPOST /api/survey/getSurveyById [32m200[0m 17.960 ms - -[0m
2023-08-21 11:06:12 info: [0mPOST /api/survey/getSurveyById [32m200[0m 20.485 ms - -[0m
2023-08-21 11:06:12 info: [0mPOST /api/survey-response/getSurveyDataBySurveyId [32m201[0m 6.180 ms - 362[0m
2023-08-21 11:06:12 info: [0mPOST /api/survey-response/getSurveyDataBySurveyId [32m201[0m 5.429 ms - 362[0m
2023-08-21 11:06:21 info: [0mPOST /api/survey/getSurveyById [32m200[0m 17.690 ms - -[0m
2023-08-21 11:06:21 info: [0mPOST /api/survey/getSurveyById [32m200[0m 17.853 ms - -[0m
2023-08-21 11:06:21 info: [0mPOST /api/survey-response/getSurveyDataBySurveyId [32m201[0m 5.155 ms - 42[0m
2023-08-21 11:06:21 info: [0mPOST /api/survey-response/getSurveyDataBySurveyId [32m201[0m 4.005 ms - 42[0m
2023-08-21 11:22:12 info: [0mPOST /api/login [32m200[0m 62.454 ms - -[0m
2023-08-21 11:22:13 info: [0mGET /api/organizations/getOrganizations [36m304[0m 12.049 ms - -[0m
2023-08-21 11:22:13 info: [0mGET /api/survey/getSurveys [36m304[0m 24.877 ms - -[0m
2023-08-21 11:22:13 info: [0mGET /api/users/getUsers [36m304[0m 29.600 ms - -[0m
